Tue Feb  5 22:19:15 EET 2019

setting things for Taito!
----------------------------------------------------------------------------
  Setting up new environment, removing all currently loaded modules
----------------------------------------------------------------------------
  Loading new modules:
    python-env/intelpython3.6-2018.3    cuda/9.0
    gcc/5.4.0                           cudnn/7.1-cuda9
Loading application Intel Distribution for Python 2018 update 3 
IntelDistributionpython3andConda nil environment loaded
 
To list available conda environments, please run command:
    conda env list
 
To activate a specific conda environment, please run command:
    source activate environment-name
 
To deactivate qiime environment, run command: 
    source deactivate
RNN Language MODEL: Loading gigaword corpus
| epoch 1.000000 | 200.000000/12797.171429 batches | lr 20.00 | 27.92 ms/batch | loss  5.98 |   394.27 ppl
| epoch 1.000000 | 400.000000/12797.171429 batches | lr 20.00 | 25.84 ms/batch | loss  2.67 |    14.40 ppl
| epoch 1.000000 | 600.000000/12797.171429 batches | lr 20.00 | 25.81 ms/batch | loss  1.83 |     6.25 ppl
| epoch 1.000000 | 800.000000/12797.171429 batches | lr 20.00 | 25.83 ms/batch | loss  1.51 |     4.54 ppl
| epoch 1.000000 | 1000.000000/12797.171429 batches | lr 20.00 | 25.84 ms/batch | loss  1.28 |     3.61 ppl
| epoch 1.000000 | 1200.000000/12797.171429 batches | lr 20.00 | 25.87 ms/batch | loss  1.16 |     3.19 ppl
| epoch 1.000000 | 1400.000000/12797.171429 batches | lr 20.00 | 25.86 ms/batch | loss  1.09 |     2.98 ppl
| epoch 1.000000 | 1600.000000/12797.171429 batches | lr 20.00 | 25.83 ms/batch | loss  0.99 |     2.69 ppl
| epoch 1.000000 | 1800.000000/12797.171429 batches | lr 20.00 | 25.87 ms/batch | loss  0.94 |     2.56 ppl
| epoch 1.000000 | 2000.000000/12797.171429 batches | lr 20.00 | 25.82 ms/batch | loss  0.87 |     2.39 ppl
| epoch 1.000000 | 2200.000000/12797.171429 batches | lr 20.00 | 25.74 ms/batch | loss  0.84 |     2.32 ppl
| epoch 1.000000 | 2400.000000/12797.171429 batches | lr 20.00 | 25.84 ms/batch | loss  0.81 |     2.24 ppl
| epoch 1.000000 | 2600.000000/12797.171429 batches | lr 20.00 | 25.83 ms/batch | loss  0.79 |     2.21 ppl
| epoch 1.000000 | 2800.000000/12797.171429 batches | lr 20.00 | 25.81 ms/batch | loss  0.78 |     2.18 ppl
| epoch 1.000000 | 3000.000000/12797.171429 batches | lr 20.00 | 25.76 ms/batch | loss  0.74 |     2.09 ppl
| epoch 1.000000 | 3200.000000/12797.171429 batches | lr 20.00 | 25.74 ms/batch | loss  0.73 |     2.07 ppl
| epoch 1.000000 | 3400.000000/12797.171429 batches | lr 20.00 | 25.68 ms/batch | loss  0.72 |     2.06 ppl
| epoch 1.000000 | 3600.000000/12797.171429 batches | lr 20.00 | 25.69 ms/batch | loss  0.70 |     2.01 ppl
| epoch 1.000000 | 3800.000000/12797.171429 batches | lr 20.00 | 25.65 ms/batch | loss  0.68 |     1.97 ppl
| epoch 1.000000 | 4000.000000/12797.171429 batches | lr 20.00 | 25.71 ms/batch | loss  0.67 |     1.95 ppl
| epoch 1.000000 | 4200.000000/12797.171429 batches | lr 20.00 | 25.74 ms/batch | loss  0.66 |     1.93 ppl
| epoch 1.000000 | 4400.000000/12797.171429 batches | lr 20.00 | 25.66 ms/batch | loss  0.65 |     1.92 ppl
| epoch 1.000000 | 4600.000000/12797.171429 batches | lr 20.00 | 25.68 ms/batch | loss  0.65 |     1.91 ppl
| epoch 1.000000 | 4800.000000/12797.171429 batches | lr 20.00 | 25.69 ms/batch | loss  0.63 |     1.88 ppl
| epoch 1.000000 | 5000.000000/12797.171429 batches | lr 20.00 | 25.72 ms/batch | loss  0.63 |     1.89 ppl
| epoch 1.000000 | 5200.000000/12797.171429 batches | lr 20.00 | 25.67 ms/batch | loss  0.63 |     1.88 ppl
| epoch 1.000000 | 5400.000000/12797.171429 batches | lr 20.00 | 25.68 ms/batch | loss  0.62 |     1.86 ppl
| epoch 1.000000 | 5600.000000/12797.171429 batches | lr 20.00 | 25.75 ms/batch | loss  0.60 |     1.82 ppl
| epoch 1.000000 | 5800.000000/12797.171429 batches | lr 20.00 | 25.65 ms/batch | loss  0.60 |     1.82 ppl
| epoch 1.000000 | 6000.000000/12797.171429 batches | lr 20.00 | 25.66 ms/batch | loss  0.60 |     1.82 ppl
| epoch 1.000000 | 6200.000000/12797.171429 batches | lr 20.00 | 25.66 ms/batch | loss  0.59 |     1.80 ppl
| epoch 1.000000 | 6400.000000/12797.171429 batches | lr 20.00 | 25.71 ms/batch | loss  0.59 |     1.80 ppl
| epoch 1.000000 | 6600.000000/12797.171429 batches | lr 20.00 | 25.68 ms/batch | loss  0.59 |     1.80 ppl
| epoch 1.000000 | 6800.000000/12797.171429 batches | lr 20.00 | 25.71 ms/batch | loss  0.58 |     1.79 ppl
| epoch 1.000000 | 7000.000000/12797.171429 batches | lr 20.00 | 25.68 ms/batch | loss  0.58 |     1.78 ppl
| epoch 1.000000 | 7200.000000/12797.171429 batches | lr 20.00 | 25.66 ms/batch | loss  0.59 |     1.80 ppl
| epoch 1.000000 | 7400.000000/12797.171429 batches | lr 20.00 | 25.71 ms/batch | loss  0.58 |     1.79 ppl
| epoch 1.000000 | 7600.000000/12797.171429 batches | lr 20.00 | 25.69 ms/batch | loss  0.58 |     1.78 ppl
| epoch 1.000000 | 7800.000000/12797.171429 batches | lr 20.00 | 25.71 ms/batch | loss  0.57 |     1.78 ppl
| epoch 1.000000 | 8000.000000/12797.171429 batches | lr 20.00 | 25.71 ms/batch | loss  0.57 |     1.76 ppl
| epoch 1.000000 | 8200.000000/12797.171429 batches | lr 20.00 | 25.68 ms/batch | loss  0.56 |     1.75 ppl
| epoch 1.000000 | 8400.000000/12797.171429 batches | lr 20.00 | 25.71 ms/batch | loss  0.56 |     1.75 ppl
| epoch 1.000000 | 8600.000000/12797.171429 batches | lr 20.00 | 25.74 ms/batch | loss  0.56 |     1.75 ppl
| epoch 1.000000 | 8800.000000/12797.171429 batches | lr 20.00 | 25.76 ms/batch | loss  0.56 |     1.75 ppl
| epoch 1.000000 | 9000.000000/12797.171429 batches | lr 20.00 | 25.80 ms/batch | loss  0.55 |     1.74 ppl
| epoch 1.000000 | 9200.000000/12797.171429 batches | lr 20.00 | 25.77 ms/batch | loss  0.55 |     1.74 ppl
| epoch 1.000000 | 9400.000000/12797.171429 batches | lr 20.00 | 25.73 ms/batch | loss  0.54 |     1.71 ppl
| epoch 1.000000 | 9600.000000/12797.171429 batches | lr 20.00 | 25.71 ms/batch | loss  0.54 |     1.72 ppl
| epoch 1.000000 | 9800.000000/12797.171429 batches | lr 20.00 | 25.74 ms/batch | loss  0.54 |     1.72 ppl
| epoch 1.000000 | 10000.000000/12797.171429 batches | lr 20.00 | 25.75 ms/batch | loss  0.54 |     1.72 ppl
| epoch 1.000000 | 10200.000000/12797.171429 batches | lr 20.00 | 25.77 ms/batch | loss  0.53 |     1.70 ppl
| epoch 1.000000 | 10400.000000/12797.171429 batches | lr 20.00 | 25.73 ms/batch | loss  0.52 |     1.69 ppl
| epoch 1.000000 | 10600.000000/12797.171429 batches | lr 20.00 | 25.74 ms/batch | loss  0.54 |     1.71 ppl
| epoch 1.000000 | 10800.000000/12797.171429 batches | lr 20.00 | 25.79 ms/batch | loss  0.53 |     1.70 ppl
| epoch 1.000000 | 11000.000000/12797.171429 batches | lr 20.00 | 25.81 ms/batch | loss  0.53 |     1.71 ppl
| epoch 1.000000 | 11200.000000/12797.171429 batches | lr 20.00 | 25.79 ms/batch | loss  0.53 |     1.70 ppl
| epoch 1.000000 | 11400.000000/12797.171429 batches | lr 20.00 | 25.79 ms/batch | loss  0.54 |     1.72 ppl
| epoch 1.000000 | 11600.000000/12797.171429 batches | lr 20.00 | 25.78 ms/batch | loss  0.53 |     1.70 ppl
| epoch 1.000000 | 11800.000000/12797.171429 batches | lr 20.00 | 25.74 ms/batch | loss  0.54 |     1.72 ppl
| epoch 1.000000 | 12000.000000/12797.171429 batches | lr 20.00 | 25.79 ms/batch | loss  0.53 |     1.70 ppl
| epoch 1.000000 | 12200.000000/12797.171429 batches | lr 20.00 | 25.76 ms/batch | loss  0.53 |     1.70 ppl
| epoch 1.000000 | 12400.000000/12797.171429 batches | lr 20.00 | 25.79 ms/batch | loss  0.53 |     1.70 ppl
| epoch 1.000000 | 12600.000000/12797.171429 batches | lr 20.00 | 25.79 ms/batch | loss  0.51 |     1.66 ppl
-----------------------------------------------------------------------------------------
| end of epoch   1 | time: 334.19s | valid loss  0.50 | valid ppl     1.65
-----------------------------------------------------------------------------------------

| epoch 2.000000 | 200.000000/12797.171429 batches | lr 20.00 | 25.93 ms/batch | loss  0.51 |     1.66 ppl
| epoch 2.000000 | 400.000000/12797.171429 batches | lr 20.00 | 25.83 ms/batch | loss  0.51 |     1.66 ppl
| epoch 2.000000 | 600.000000/12797.171429 batches | lr 20.00 | 25.88 ms/batch | loss  0.49 |     1.64 ppl
| epoch 2.000000 | 800.000000/12797.171429 batches | lr 20.00 | 25.79 ms/batch | loss  0.50 |     1.65 ppl
| epoch 2.000000 | 1000.000000/12797.171429 batches | lr 20.00 | 25.78 ms/batch | loss  0.49 |     1.63 ppl
| epoch 2.000000 | 1200.000000/12797.171429 batches | lr 20.00 | 25.80 ms/batch | loss  0.50 |     1.64 ppl
| epoch 2.000000 | 1400.000000/12797.171429 batches | lr 20.00 | 25.82 ms/batch | loss  0.50 |     1.64 ppl
| epoch 2.000000 | 1600.000000/12797.171429 batches | lr 20.00 | 25.86 ms/batch | loss  0.49 |     1.63 ppl
| epoch 2.000000 | 1800.000000/12797.171429 batches | lr 20.00 | 25.84 ms/batch | loss  0.49 |     1.64 ppl
| epoch 2.000000 | 2000.000000/12797.171429 batches | lr 20.00 | 25.83 ms/batch | loss  0.48 |     1.62 ppl
| epoch 2.000000 | 2200.000000/12797.171429 batches | lr 20.00 | 25.84 ms/batch | loss  0.49 |     1.62 ppl
| epoch 2.000000 | 2400.000000/12797.171429 batches | lr 20.00 | 25.84 ms/batch | loss  0.48 |     1.62 ppl
| epoch 2.000000 | 2600.000000/12797.171429 batches | lr 20.00 | 25.82 ms/batch | loss  0.48 |     1.62 ppl
| epoch 2.000000 | 2800.000000/12797.171429 batches | lr 20.00 | 25.84 ms/batch | loss  0.48 |     1.62 ppl
| epoch 2.000000 | 3000.000000/12797.171429 batches | lr 20.00 | 25.86 ms/batch | loss  0.47 |     1.60 ppl
| epoch 2.000000 | 3200.000000/12797.171429 batches | lr 20.00 | 25.83 ms/batch | loss  0.48 |     1.62 ppl
| epoch 2.000000 | 3400.000000/12797.171429 batches | lr 20.00 | 25.86 ms/batch | loss  0.49 |     1.63 ppl
| epoch 2.000000 | 3600.000000/12797.171429 batches | lr 20.00 | 25.83 ms/batch | loss  0.49 |     1.64 ppl
| epoch 2.000000 | 3800.000000/12797.171429 batches | lr 20.00 | 25.82 ms/batch | loss  0.50 |     1.65 ppl
| epoch 2.000000 | 4000.000000/12797.171429 batches | lr 20.00 | 25.86 ms/batch | loss  0.52 |     1.68 ppl
| epoch 2.000000 | 4200.000000/12797.171429 batches | lr 20.00 | 25.80 ms/batch | loss  0.55 |     1.74 ppl
| epoch 2.000000 | 4400.000000/12797.171429 batches | lr 20.00 | 25.84 ms/batch | loss  0.53 |     1.69 ppl
| epoch 2.000000 | 4600.000000/12797.171429 batches | lr 20.00 | 25.86 ms/batch | loss  0.56 |     1.75 ppl
| epoch 2.000000 | 4800.000000/12797.171429 batches | lr 20.00 | 25.80 ms/batch | loss  0.56 |     1.74 ppl
| epoch 2.000000 | 5000.000000/12797.171429 batches | lr 20.00 | 25.82 ms/batch | loss  0.51 |     1.67 ppl
| epoch 2.000000 | 5200.000000/12797.171429 batches | lr 20.00 | 25.85 ms/batch | loss  0.52 |     1.69 ppl
| epoch 2.000000 | 5400.000000/12797.171429 batches | lr 20.00 | 25.87 ms/batch | loss  0.57 |     1.76 ppl
| epoch 2.000000 | 5600.000000/12797.171429 batches | lr 20.00 | 25.83 ms/batch | loss  0.62 |     1.85 ppl
| epoch 2.000000 | 5800.000000/12797.171429 batches | lr 20.00 | 25.83 ms/batch | loss  0.55 |     1.73 ppl
| epoch 2.000000 | 6000.000000/12797.171429 batches | lr 20.00 | 25.81 ms/batch | loss  0.53 |     1.70 ppl
| epoch 2.000000 | 6200.000000/12797.171429 batches | lr 20.00 | 25.84 ms/batch | loss  0.49 |     1.63 ppl
| epoch 2.000000 | 6400.000000/12797.171429 batches | lr 20.00 | 25.83 ms/batch | loss  0.51 |     1.66 ppl
| epoch 2.000000 | 6600.000000/12797.171429 batches | lr 20.00 | 25.84 ms/batch | loss  0.56 |     1.75 ppl
| epoch 2.000000 | 6800.000000/12797.171429 batches | lr 20.00 | 25.83 ms/batch | loss  0.54 |     1.71 ppl
| epoch 2.000000 | 7000.000000/12797.171429 batches | lr 20.00 | 25.85 ms/batch | loss  0.52 |     1.68 ppl
| epoch 2.000000 | 7200.000000/12797.171429 batches | lr 20.00 | 25.79 ms/batch | loss  0.55 |     1.73 ppl
| epoch 2.000000 | 7400.000000/12797.171429 batches | lr 20.00 | 25.88 ms/batch | loss  0.60 |     1.83 ppl
| epoch 2.000000 | 7600.000000/12797.171429 batches | lr 20.00 | 25.85 ms/batch | loss  0.57 |     1.77 ppl
| epoch 2.000000 | 7800.000000/12797.171429 batches | lr 20.00 | 25.90 ms/batch | loss  0.59 |     1.81 ppl
| epoch 2.000000 | 8000.000000/12797.171429 batches | lr 20.00 | 25.83 ms/batch | loss  0.57 |     1.78 ppl
| epoch 2.000000 | 8200.000000/12797.171429 batches | lr 20.00 | 25.85 ms/batch | loss  0.53 |     1.70 ppl
| epoch 2.000000 | 8400.000000/12797.171429 batches | lr 20.00 | 25.80 ms/batch | loss  0.52 |     1.68 ppl
| epoch 2.000000 | 8600.000000/12797.171429 batches | lr 20.00 | 25.83 ms/batch | loss  0.51 |     1.66 ppl
| epoch 2.000000 | 8800.000000/12797.171429 batches | lr 20.00 | 25.81 ms/batch | loss  0.53 |     1.70 ppl
| epoch 2.000000 | 9000.000000/12797.171429 batches | lr 20.00 | 25.84 ms/batch | loss  0.57 |     1.76 ppl
| epoch 2.000000 | 9200.000000/12797.171429 batches | lr 20.00 | 25.82 ms/batch | loss  0.57 |     1.77 ppl
| epoch 2.000000 | 9400.000000/12797.171429 batches | lr 20.00 | 25.86 ms/batch | loss  0.50 |     1.65 ppl
| epoch 2.000000 | 9600.000000/12797.171429 batches | lr 20.00 | 25.83 ms/batch | loss  0.50 |     1.65 ppl
| epoch 2.000000 | 9800.000000/12797.171429 batches | lr 20.00 | 25.85 ms/batch | loss  0.50 |     1.66 ppl
| epoch 2.000000 | 10000.000000/12797.171429 batches | lr 20.00 | 25.86 ms/batch | loss  0.56 |     1.74 ppl
| epoch 2.000000 | 10200.000000/12797.171429 batches | lr 20.00 | 25.85 ms/batch | loss  0.52 |     1.68 ppl
| epoch 2.000000 | 10400.000000/12797.171429 batches | lr 20.00 | 25.80 ms/batch | loss  0.49 |     1.64 ppl
| epoch 2.000000 | 10600.000000/12797.171429 batches | lr 20.00 | 25.86 ms/batch | loss  0.50 |     1.65 ppl
| epoch 2.000000 | 10800.000000/12797.171429 batches | lr 20.00 | 25.82 ms/batch | loss  0.51 |     1.66 ppl
| epoch 2.000000 | 11000.000000/12797.171429 batches | lr 20.00 | 25.85 ms/batch | loss  0.50 |     1.65 ppl
| epoch 2.000000 | 11200.000000/12797.171429 batches | lr 20.00 | 25.82 ms/batch | loss  0.50 |     1.66 ppl
| epoch 2.000000 | 11400.000000/12797.171429 batches | lr 20.00 | 25.86 ms/batch | loss  0.57 |     1.77 ppl
| epoch 2.000000 | 11600.000000/12797.171429 batches | lr 20.00 | 25.83 ms/batch | loss  0.52 |     1.68 ppl
| epoch 2.000000 | 11800.000000/12797.171429 batches | lr 20.00 | 25.86 ms/batch | loss  0.56 |     1.76 ppl
| epoch 2.000000 | 12000.000000/12797.171429 batches | lr 20.00 | 25.88 ms/batch | loss  0.58 |     1.78 ppl
| epoch 2.000000 | 12200.000000/12797.171429 batches | lr 20.00 | 25.86 ms/batch | loss  0.53 |     1.70 ppl
| epoch 2.000000 | 12400.000000/12797.171429 batches | lr 20.00 | 25.87 ms/batch | loss  0.54 |     1.72 ppl
| epoch 2.000000 | 12600.000000/12797.171429 batches | lr 20.00 | 25.89 ms/batch | loss  0.53 |     1.70 ppl
-----------------------------------------------------------------------------------------
| end of epoch   2 | time: 334.94s | valid loss  0.64 | valid ppl     1.90
-----------------------------------------------------------------------------------------

| epoch 3.000000 | 200.000000/12797.171429 batches | lr 5.00 | 25.96 ms/batch | loss  0.48 |     1.62 ppl
| epoch 3.000000 | 400.000000/12797.171429 batches | lr 5.00 | 25.88 ms/batch | loss  0.46 |     1.58 ppl
| epoch 3.000000 | 600.000000/12797.171429 batches | lr 5.00 | 25.84 ms/batch | loss  0.44 |     1.55 ppl
| epoch 3.000000 | 800.000000/12797.171429 batches | lr 5.00 | 25.82 ms/batch | loss  0.44 |     1.55 ppl
| epoch 3.000000 | 1000.000000/12797.171429 batches | lr 5.00 | 25.85 ms/batch | loss  0.43 |     1.53 ppl
| epoch 3.000000 | 1200.000000/12797.171429 batches | lr 5.00 | 25.83 ms/batch | loss  0.43 |     1.53 ppl
| epoch 3.000000 | 1400.000000/12797.171429 batches | lr 5.00 | 25.83 ms/batch | loss  0.43 |     1.53 ppl
| epoch 3.000000 | 1600.000000/12797.171429 batches | lr 5.00 | 25.87 ms/batch | loss  0.41 |     1.51 ppl
| epoch 3.000000 | 1800.000000/12797.171429 batches | lr 5.00 | 25.87 ms/batch | loss  0.41 |     1.51 ppl
| epoch 3.000000 | 2000.000000/12797.171429 batches | lr 5.00 | 25.88 ms/batch | loss  0.40 |     1.50 ppl
| epoch 3.000000 | 2200.000000/12797.171429 batches | lr 5.00 | 25.83 ms/batch | loss  0.40 |     1.50 ppl
| epoch 3.000000 | 2400.000000/12797.171429 batches | lr 5.00 | 25.87 ms/batch | loss  0.40 |     1.49 ppl
| epoch 3.000000 | 2600.000000/12797.171429 batches | lr 5.00 | 25.92 ms/batch | loss  0.40 |     1.50 ppl
| epoch 3.000000 | 2800.000000/12797.171429 batches | lr 5.00 | 25.96 ms/batch | loss  0.41 |     1.51 ppl
| epoch 3.000000 | 3000.000000/12797.171429 batches | lr 5.00 | 25.93 ms/batch | loss  0.41 |     1.50 ppl
| epoch 3.000000 | 3200.000000/12797.171429 batches | lr 5.00 | 25.91 ms/batch | loss  0.42 |     1.52 ppl
| epoch 3.000000 | 3400.000000/12797.171429 batches | lr 5.00 | 25.91 ms/batch | loss  0.44 |     1.55 ppl
| epoch 3.000000 | 3600.000000/12797.171429 batches | lr 5.00 | 25.92 ms/batch | loss  0.43 |     1.54 ppl
| epoch 3.000000 | 3800.000000/12797.171429 batches | lr 5.00 | 25.88 ms/batch | loss  0.41 |     1.51 ppl
| epoch 3.000000 | 4000.000000/12797.171429 batches | lr 5.00 | 25.86 ms/batch | loss  0.42 |     1.52 ppl
| epoch 3.000000 | 4200.000000/12797.171429 batches | lr 5.00 | 25.87 ms/batch | loss  0.41 |     1.51 ppl
| epoch 3.000000 | 4400.000000/12797.171429 batches | lr 5.00 | 25.84 ms/batch | loss  0.42 |     1.52 ppl
| epoch 3.000000 | 4600.000000/12797.171429 batches | lr 5.00 | 25.99 ms/batch | loss  0.40 |     1.50 ppl
| epoch 3.000000 | 4800.000000/12797.171429 batches | lr 5.00 | 25.97 ms/batch | loss  0.40 |     1.49 ppl
| epoch 3.000000 | 5000.000000/12797.171429 batches | lr 5.00 | 25.95 ms/batch | loss  0.42 |     1.52 ppl
| epoch 3.000000 | 5200.000000/12797.171429 batches | lr 5.00 | 25.86 ms/batch | loss  0.43 |     1.53 ppl
| epoch 3.000000 | 5400.000000/12797.171429 batches | lr 5.00 | 25.98 ms/batch | loss  0.41 |     1.50 ppl
| epoch 3.000000 | 5600.000000/12797.171429 batches | lr 5.00 | 25.93 ms/batch | loss  0.38 |     1.47 ppl
| epoch 3.000000 | 5800.000000/12797.171429 batches | lr 5.00 | 25.90 ms/batch | loss  0.39 |     1.48 ppl
| epoch 3.000000 | 6000.000000/12797.171429 batches | lr 5.00 | 25.90 ms/batch | loss  0.40 |     1.49 ppl
| epoch 3.000000 | 6200.000000/12797.171429 batches | lr 5.00 | 25.83 ms/batch | loss  0.41 |     1.50 ppl
| epoch 3.000000 | 6400.000000/12797.171429 batches | lr 5.00 | 25.85 ms/batch | loss  0.40 |     1.50 ppl
| epoch 3.000000 | 6600.000000/12797.171429 batches | lr 5.00 | 25.81 ms/batch | loss  0.39 |     1.48 ppl
| epoch 3.000000 | 6800.000000/12797.171429 batches | lr 5.00 | 25.83 ms/batch | loss  0.40 |     1.49 ppl
| epoch 3.000000 | 7000.000000/12797.171429 batches | lr 5.00 | 25.89 ms/batch | loss  0.41 |     1.51 ppl
| epoch 3.000000 | 7200.000000/12797.171429 batches | lr 5.00 | 25.86 ms/batch | loss  0.41 |     1.51 ppl
| epoch 3.000000 | 7400.000000/12797.171429 batches | lr 5.00 | 25.88 ms/batch | loss  0.38 |     1.47 ppl
| epoch 3.000000 | 7600.000000/12797.171429 batches | lr 5.00 | 25.84 ms/batch | loss  0.38 |     1.46 ppl
| epoch 3.000000 | 7800.000000/12797.171429 batches | lr 5.00 | 25.82 ms/batch | loss  0.38 |     1.46 ppl
| epoch 3.000000 | 8000.000000/12797.171429 batches | lr 5.00 | 25.89 ms/batch | loss  0.38 |     1.46 ppl
| epoch 3.000000 | 8200.000000/12797.171429 batches | lr 5.00 | 25.85 ms/batch | loss  0.38 |     1.47 ppl
| epoch 3.000000 | 8400.000000/12797.171429 batches | lr 5.00 | 25.83 ms/batch | loss  0.39 |     1.47 ppl
| epoch 3.000000 | 8600.000000/12797.171429 batches | lr 5.00 | 25.81 ms/batch | loss  0.40 |     1.50 ppl
| epoch 3.000000 | 8800.000000/12797.171429 batches | lr 5.00 | 25.86 ms/batch | loss  0.40 |     1.48 ppl
| epoch 3.000000 | 9000.000000/12797.171429 batches | lr 5.00 | 25.87 ms/batch | loss  0.38 |     1.47 ppl
| epoch 3.000000 | 9200.000000/12797.171429 batches | lr 5.00 | 25.82 ms/batch | loss  0.38 |     1.46 ppl
| epoch 3.000000 | 9400.000000/12797.171429 batches | lr 5.00 | 25.88 ms/batch | loss  0.39 |     1.47 ppl
| epoch 3.000000 | 9600.000000/12797.171429 batches | lr 5.00 | 25.83 ms/batch | loss  0.40 |     1.50 ppl
| epoch 3.000000 | 9800.000000/12797.171429 batches | lr 5.00 | 25.84 ms/batch | loss  0.40 |     1.49 ppl
| epoch 3.000000 | 10000.000000/12797.171429 batches | lr 5.00 | 25.83 ms/batch | loss  0.38 |     1.46 ppl
| epoch 3.000000 | 10200.000000/12797.171429 batches | lr 5.00 | 25.82 ms/batch | loss  0.38 |     1.46 ppl
| epoch 3.000000 | 10400.000000/12797.171429 batches | lr 5.00 | 25.83 ms/batch | loss  0.38 |     1.46 ppl
| epoch 3.000000 | 10600.000000/12797.171429 batches | lr 5.00 | 25.82 ms/batch | loss  0.39 |     1.47 ppl
| epoch 3.000000 | 10800.000000/12797.171429 batches | lr 5.00 | 25.84 ms/batch | loss  0.39 |     1.47 ppl
| epoch 3.000000 | 11000.000000/12797.171429 batches | lr 5.00 | 25.80 ms/batch | loss  0.39 |     1.47 ppl
| epoch 3.000000 | 11200.000000/12797.171429 batches | lr 5.00 | 25.84 ms/batch | loss  0.38 |     1.46 ppl
| epoch 3.000000 | 11400.000000/12797.171429 batches | lr 5.00 | 25.83 ms/batch | loss  0.37 |     1.45 ppl
| epoch 3.000000 | 11600.000000/12797.171429 batches | lr 5.00 | 25.84 ms/batch | loss  0.38 |     1.46 ppl
| epoch 3.000000 | 11800.000000/12797.171429 batches | lr 5.00 | 25.84 ms/batch | loss  0.37 |     1.45 ppl
| epoch 3.000000 | 12000.000000/12797.171429 batches | lr 5.00 | 25.82 ms/batch | loss  0.36 |     1.44 ppl
| epoch 3.000000 | 12200.000000/12797.171429 batches | lr 5.00 | 25.86 ms/batch | loss  0.36 |     1.44 ppl
| epoch 3.000000 | 12400.000000/12797.171429 batches | lr 5.00 | 25.82 ms/batch | loss  0.36 |     1.44 ppl
| epoch 3.000000 | 12600.000000/12797.171429 batches | lr 5.00 | 25.82 ms/batch | loss  0.36 |     1.43 ppl
-----------------------------------------------------------------------------------------
| end of epoch   3 | time: 335.27s | valid loss  0.43 | valid ppl     1.54
-----------------------------------------------------------------------------------------

| epoch 4.000000 | 200.000000/12797.171429 batches | lr 5.00 | 25.98 ms/batch | loss  0.37 |     1.45 ppl
| epoch 4.000000 | 400.000000/12797.171429 batches | lr 5.00 | 25.83 ms/batch | loss  0.37 |     1.44 ppl
| epoch 4.000000 | 600.000000/12797.171429 batches | lr 5.00 | 25.88 ms/batch | loss  0.36 |     1.43 ppl
| epoch 4.000000 | 800.000000/12797.171429 batches | lr 5.00 | 25.82 ms/batch | loss  0.36 |     1.44 ppl
| epoch 4.000000 | 1000.000000/12797.171429 batches | lr 5.00 | 25.85 ms/batch | loss  0.35 |     1.43 ppl
| epoch 4.000000 | 1200.000000/12797.171429 batches | lr 5.00 | 25.89 ms/batch | loss  0.36 |     1.43 ppl
| epoch 4.000000 | 1400.000000/12797.171429 batches | lr 5.00 | 25.87 ms/batch | loss  0.36 |     1.43 ppl
| epoch 4.000000 | 1600.000000/12797.171429 batches | lr 5.00 | 25.88 ms/batch | loss  0.35 |     1.42 ppl
| epoch 4.000000 | 1800.000000/12797.171429 batches | lr 5.00 | 25.85 ms/batch | loss  0.36 |     1.43 ppl
| epoch 4.000000 | 2000.000000/12797.171429 batches | lr 5.00 | 25.83 ms/batch | loss  0.35 |     1.42 ppl
| epoch 4.000000 | 2200.000000/12797.171429 batches | lr 5.00 | 25.87 ms/batch | loss  0.36 |     1.43 ppl
| epoch 4.000000 | 2400.000000/12797.171429 batches | lr 5.00 | 25.84 ms/batch | loss  0.35 |     1.42 ppl
| epoch 4.000000 | 2600.000000/12797.171429 batches | lr 5.00 | 25.84 ms/batch | loss  0.36 |     1.43 ppl
| epoch 4.000000 | 2800.000000/12797.171429 batches | lr 5.00 | 25.86 ms/batch | loss  0.36 |     1.43 ppl
| epoch 4.000000 | 3000.000000/12797.171429 batches | lr 5.00 | 25.86 ms/batch | loss  0.36 |     1.44 ppl
| epoch 4.000000 | 3200.000000/12797.171429 batches | lr 5.00 | 25.85 ms/batch | loss  0.37 |     1.45 ppl
| epoch 4.000000 | 3400.000000/12797.171429 batches | lr 5.00 | 25.87 ms/batch | loss  0.38 |     1.47 ppl
| epoch 4.000000 | 3600.000000/12797.171429 batches | lr 5.00 | 25.91 ms/batch | loss  0.38 |     1.46 ppl
| epoch 4.000000 | 3800.000000/12797.171429 batches | lr 5.00 | 25.87 ms/batch | loss  0.37 |     1.44 ppl
| epoch 4.000000 | 4000.000000/12797.171429 batches | lr 5.00 | 25.86 ms/batch | loss  0.36 |     1.44 ppl
| epoch 4.000000 | 4200.000000/12797.171429 batches | lr 5.00 | 25.88 ms/batch | loss  0.36 |     1.43 ppl
| epoch 4.000000 | 4400.000000/12797.171429 batches | lr 5.00 | 25.84 ms/batch | loss  0.37 |     1.44 ppl
| epoch 4.000000 | 4600.000000/12797.171429 batches | lr 5.00 | 25.81 ms/batch | loss  0.36 |     1.43 ppl
| epoch 4.000000 | 4800.000000/12797.171429 batches | lr 5.00 | 25.85 ms/batch | loss  0.36 |     1.43 ppl
| epoch 4.000000 | 5000.000000/12797.171429 batches | lr 5.00 | 25.86 ms/batch | loss  0.37 |     1.45 ppl
| epoch 4.000000 | 5200.000000/12797.171429 batches | lr 5.00 | 25.87 ms/batch | loss  0.38 |     1.46 ppl
| epoch 4.000000 | 5400.000000/12797.171429 batches | lr 5.00 | 25.84 ms/batch | loss  0.37 |     1.44 ppl
| epoch 4.000000 | 5600.000000/12797.171429 batches | lr 5.00 | 25.89 ms/batch | loss  0.35 |     1.42 ppl
| epoch 4.000000 | 5800.000000/12797.171429 batches | lr 5.00 | 25.86 ms/batch | loss  0.35 |     1.42 ppl
| epoch 4.000000 | 6000.000000/12797.171429 batches | lr 5.00 | 25.86 ms/batch | loss  0.36 |     1.43 ppl
| epoch 4.000000 | 6200.000000/12797.171429 batches | lr 5.00 | 25.92 ms/batch | loss  0.36 |     1.44 ppl
| epoch 4.000000 | 6400.000000/12797.171429 batches | lr 5.00 | 25.90 ms/batch | loss  0.37 |     1.44 ppl
| epoch 4.000000 | 6600.000000/12797.171429 batches | lr 5.00 | 25.86 ms/batch | loss  0.36 |     1.43 ppl
| epoch 4.000000 | 6800.000000/12797.171429 batches | lr 5.00 | 25.86 ms/batch | loss  0.36 |     1.44 ppl
| epoch 4.000000 | 7000.000000/12797.171429 batches | lr 5.00 | 25.92 ms/batch | loss  0.37 |     1.45 ppl
| epoch 4.000000 | 7200.000000/12797.171429 batches | lr 5.00 | 25.85 ms/batch | loss  0.37 |     1.45 ppl
| epoch 4.000000 | 7400.000000/12797.171429 batches | lr 5.00 | 25.84 ms/batch | loss  0.36 |     1.43 ppl
| epoch 4.000000 | 7600.000000/12797.171429 batches | lr 5.00 | 25.83 ms/batch | loss  0.36 |     1.43 ppl
| epoch 4.000000 | 7800.000000/12797.171429 batches | lr 5.00 | 25.82 ms/batch | loss  0.35 |     1.43 ppl
| epoch 4.000000 | 8000.000000/12797.171429 batches | lr 5.00 | 25.83 ms/batch | loss  0.35 |     1.42 ppl
| epoch 4.000000 | 8200.000000/12797.171429 batches | lr 5.00 | 25.87 ms/batch | loss  0.35 |     1.42 ppl
| epoch 4.000000 | 8400.000000/12797.171429 batches | lr 5.00 | 25.92 ms/batch | loss  0.35 |     1.43 ppl
| epoch 4.000000 | 8600.000000/12797.171429 batches | lr 5.00 | 25.82 ms/batch | loss  0.37 |     1.44 ppl
| epoch 4.000000 | 8800.000000/12797.171429 batches | lr 5.00 | 25.83 ms/batch | loss  0.36 |     1.43 ppl
| epoch 4.000000 | 9000.000000/12797.171429 batches | lr 5.00 | 25.85 ms/batch | loss  0.35 |     1.42 ppl
| epoch 4.000000 | 9200.000000/12797.171429 batches | lr 5.00 | 25.86 ms/batch | loss  0.35 |     1.41 ppl
| epoch 4.000000 | 9400.000000/12797.171429 batches | lr 5.00 | 25.91 ms/batch | loss  0.35 |     1.42 ppl
| epoch 4.000000 | 9600.000000/12797.171429 batches | lr 5.00 | 25.84 ms/batch | loss  0.36 |     1.43 ppl
| epoch 4.000000 | 9800.000000/12797.171429 batches | lr 5.00 | 25.86 ms/batch | loss  0.35 |     1.42 ppl
| epoch 4.000000 | 10000.000000/12797.171429 batches | lr 5.00 | 25.87 ms/batch | loss  0.34 |     1.41 ppl
| epoch 4.000000 | 10200.000000/12797.171429 batches | lr 5.00 | 25.87 ms/batch | loss  0.34 |     1.40 ppl
| epoch 4.000000 | 10400.000000/12797.171429 batches | lr 5.00 | 25.84 ms/batch | loss  0.34 |     1.41 ppl
| epoch 4.000000 | 10600.000000/12797.171429 batches | lr 5.00 | 25.88 ms/batch | loss  0.35 |     1.42 ppl
| epoch 4.000000 | 10800.000000/12797.171429 batches | lr 5.00 | 25.87 ms/batch | loss  0.35 |     1.42 ppl
| epoch 4.000000 | 11000.000000/12797.171429 batches | lr 5.00 | 25.90 ms/batch | loss  0.35 |     1.42 ppl
| epoch 4.000000 | 11200.000000/12797.171429 batches | lr 5.00 | 25.93 ms/batch | loss  0.35 |     1.41 ppl
| epoch 4.000000 | 11400.000000/12797.171429 batches | lr 5.00 | 25.85 ms/batch | loss  0.34 |     1.41 ppl
| epoch 4.000000 | 11600.000000/12797.171429 batches | lr 5.00 | 25.88 ms/batch | loss  0.35 |     1.41 ppl
| epoch 4.000000 | 11800.000000/12797.171429 batches | lr 5.00 | 25.82 ms/batch | loss  0.34 |     1.40 ppl
| epoch 4.000000 | 12000.000000/12797.171429 batches | lr 5.00 | 25.84 ms/batch | loss  0.34 |     1.40 ppl
| epoch 4.000000 | 12200.000000/12797.171429 batches | lr 5.00 | 25.86 ms/batch | loss  0.34 |     1.41 ppl
| epoch 4.000000 | 12400.000000/12797.171429 batches | lr 5.00 | 25.89 ms/batch | loss  0.34 |     1.40 ppl
| epoch 4.000000 | 12600.000000/12797.171429 batches | lr 5.00 | 25.84 ms/batch | loss  0.33 |     1.39 ppl
-----------------------------------------------------------------------------------------
| end of epoch   4 | time: 335.26s | valid loss  0.40 | valid ppl     1.50
-----------------------------------------------------------------------------------------

| epoch 5.000000 | 200.000000/12797.171429 batches | lr 5.00 | 25.98 ms/batch | loss  0.34 |     1.40 ppl
| epoch 5.000000 | 400.000000/12797.171429 batches | lr 5.00 | 25.85 ms/batch | loss  0.33 |     1.40 ppl
| epoch 5.000000 | 600.000000/12797.171429 batches | lr 5.00 | 25.83 ms/batch | loss  0.33 |     1.39 ppl
| epoch 5.000000 | 800.000000/12797.171429 batches | lr 5.00 | 25.86 ms/batch | loss  0.33 |     1.39 ppl
| epoch 5.000000 | 1000.000000/12797.171429 batches | lr 5.00 | 25.90 ms/batch | loss  0.32 |     1.38 ppl
| epoch 5.000000 | 1200.000000/12797.171429 batches | lr 5.00 | 25.85 ms/batch | loss  0.33 |     1.39 ppl
| epoch 5.000000 | 1400.000000/12797.171429 batches | lr 5.00 | 25.88 ms/batch | loss  0.33 |     1.39 ppl
| epoch 5.000000 | 1600.000000/12797.171429 batches | lr 5.00 | 25.88 ms/batch | loss  0.32 |     1.38 ppl
| epoch 5.000000 | 1800.000000/12797.171429 batches | lr 5.00 | 25.84 ms/batch | loss  0.33 |     1.39 ppl
| epoch 5.000000 | 2000.000000/12797.171429 batches | lr 5.00 | 25.84 ms/batch | loss  0.32 |     1.38 ppl
| epoch 5.000000 | 2200.000000/12797.171429 batches | lr 5.00 | 25.86 ms/batch | loss  0.33 |     1.39 ppl
| epoch 5.000000 | 2400.000000/12797.171429 batches | lr 5.00 | 25.88 ms/batch | loss  0.33 |     1.39 ppl
| epoch 5.000000 | 2600.000000/12797.171429 batches | lr 5.00 | 25.88 ms/batch | loss  0.33 |     1.39 ppl
| epoch 5.000000 | 2800.000000/12797.171429 batches | lr 5.00 | 25.85 ms/batch | loss  0.33 |     1.39 ppl
| epoch 5.000000 | 3000.000000/12797.171429 batches | lr 5.00 | 25.86 ms/batch | loss  0.33 |     1.39 ppl
| epoch 5.000000 | 3200.000000/12797.171429 batches | lr 5.00 | 25.88 ms/batch | loss  0.34 |     1.41 ppl
| epoch 5.000000 | 3400.000000/12797.171429 batches | lr 5.00 | 25.90 ms/batch | loss  0.36 |     1.43 ppl
| epoch 5.000000 | 3600.000000/12797.171429 batches | lr 5.00 | 25.86 ms/batch | loss  0.35 |     1.41 ppl
| epoch 5.000000 | 3800.000000/12797.171429 batches | lr 5.00 | 25.88 ms/batch | loss  0.33 |     1.40 ppl
| epoch 5.000000 | 4000.000000/12797.171429 batches | lr 5.00 | 25.89 ms/batch | loss  0.34 |     1.40 ppl
| epoch 5.000000 | 4200.000000/12797.171429 batches | lr 5.00 | 25.83 ms/batch | loss  0.34 |     1.40 ppl
| epoch 5.000000 | 4400.000000/12797.171429 batches | lr 5.00 | 25.82 ms/batch | loss  0.34 |     1.41 ppl
| epoch 5.000000 | 4600.000000/12797.171429 batches | lr 5.00 | 25.86 ms/batch | loss  0.33 |     1.39 ppl
| epoch 5.000000 | 4800.000000/12797.171429 batches | lr 5.00 | 25.87 ms/batch | loss  0.33 |     1.39 ppl
| epoch 5.000000 | 5000.000000/12797.171429 batches | lr 5.00 | 25.83 ms/batch | loss  0.34 |     1.41 ppl
| epoch 5.000000 | 5200.000000/12797.171429 batches | lr 5.00 | 25.85 ms/batch | loss  0.35 |     1.42 ppl
| epoch 5.000000 | 5400.000000/12797.171429 batches | lr 5.00 | 25.82 ms/batch | loss  0.34 |     1.40 ppl
| epoch 5.000000 | 5600.000000/12797.171429 batches | lr 5.00 | 25.80 ms/batch | loss  0.32 |     1.38 ppl
| epoch 5.000000 | 5800.000000/12797.171429 batches | lr 5.00 | 25.85 ms/batch | loss  0.33 |     1.39 ppl
| epoch 5.000000 | 6000.000000/12797.171429 batches | lr 5.00 | 25.86 ms/batch | loss  0.33 |     1.40 ppl
| epoch 5.000000 | 6200.000000/12797.171429 batches | lr 5.00 | 25.88 ms/batch | loss  0.34 |     1.40 ppl
| epoch 5.000000 | 6400.000000/12797.171429 batches | lr 5.00 | 25.89 ms/batch | loss  0.34 |     1.40 ppl
| epoch 5.000000 | 6600.000000/12797.171429 batches | lr 5.00 | 25.84 ms/batch | loss  0.33 |     1.39 ppl
| epoch 5.000000 | 6800.000000/12797.171429 batches | lr 5.00 | 25.95 ms/batch | loss  0.33 |     1.40 ppl
| epoch 5.000000 | 7000.000000/12797.171429 batches | lr 5.00 | 25.93 ms/batch | loss  0.34 |     1.41 ppl
| epoch 5.000000 | 7200.000000/12797.171429 batches | lr 5.00 | 25.86 ms/batch | loss  0.34 |     1.41 ppl
| epoch 5.000000 | 7400.000000/12797.171429 batches | lr 5.00 | 25.90 ms/batch | loss  0.33 |     1.39 ppl
| epoch 5.000000 | 7600.000000/12797.171429 batches | lr 5.00 | 25.81 ms/batch | loss  0.33 |     1.39 ppl
| epoch 5.000000 | 7800.000000/12797.171429 batches | lr 5.00 | 25.83 ms/batch | loss  0.33 |     1.38 ppl
| epoch 5.000000 | 8000.000000/12797.171429 batches | lr 5.00 | 25.83 ms/batch | loss  0.32 |     1.38 ppl
| epoch 5.000000 | 8200.000000/12797.171429 batches | lr 5.00 | 25.86 ms/batch | loss  0.32 |     1.38 ppl
| epoch 5.000000 | 8400.000000/12797.171429 batches | lr 5.00 | 25.87 ms/batch | loss  0.32 |     1.38 ppl
| epoch 5.000000 | 8600.000000/12797.171429 batches | lr 5.00 | 25.84 ms/batch | loss  0.34 |     1.40 ppl
| epoch 5.000000 | 8800.000000/12797.171429 batches | lr 5.00 | 25.87 ms/batch | loss  0.33 |     1.39 ppl
| epoch 5.000000 | 9000.000000/12797.171429 batches | lr 5.00 | 25.85 ms/batch | loss  0.32 |     1.38 ppl
| epoch 5.000000 | 9200.000000/12797.171429 batches | lr 5.00 | 25.86 ms/batch | loss  0.32 |     1.38 ppl
| epoch 5.000000 | 9400.000000/12797.171429 batches | lr 5.00 | 25.91 ms/batch | loss  0.32 |     1.38 ppl
| epoch 5.000000 | 9600.000000/12797.171429 batches | lr 5.00 | 25.83 ms/batch | loss  0.33 |     1.39 ppl
| epoch 5.000000 | 9800.000000/12797.171429 batches | lr 5.00 | 25.83 ms/batch | loss  0.33 |     1.39 ppl
| epoch 5.000000 | 10000.000000/12797.171429 batches | lr 5.00 | 25.87 ms/batch | loss  0.32 |     1.38 ppl
| epoch 5.000000 | 10200.000000/12797.171429 batches | lr 5.00 | 25.84 ms/batch | loss  0.32 |     1.38 ppl
| epoch 5.000000 | 10400.000000/12797.171429 batches | lr 5.00 | 25.85 ms/batch | loss  0.32 |     1.38 ppl
| epoch 5.000000 | 10600.000000/12797.171429 batches | lr 5.00 | 25.84 ms/batch | loss  0.33 |     1.39 ppl
| epoch 5.000000 | 10800.000000/12797.171429 batches | lr 5.00 | 25.86 ms/batch | loss  0.33 |     1.39 ppl
| epoch 5.000000 | 11000.000000/12797.171429 batches | lr 5.00 | 25.86 ms/batch | loss  0.33 |     1.39 ppl
| epoch 5.000000 | 11200.000000/12797.171429 batches | lr 5.00 | 25.90 ms/batch | loss  0.32 |     1.38 ppl
| epoch 5.000000 | 11400.000000/12797.171429 batches | lr 5.00 | 25.86 ms/batch | loss  0.33 |     1.39 ppl
| epoch 5.000000 | 11600.000000/12797.171429 batches | lr 5.00 | 25.85 ms/batch | loss  0.33 |     1.39 ppl
| epoch 5.000000 | 11800.000000/12797.171429 batches | lr 5.00 | 25.84 ms/batch | loss  0.32 |     1.38 ppl
| epoch 5.000000 | 12000.000000/12797.171429 batches | lr 5.00 | 25.84 ms/batch | loss  0.32 |     1.38 ppl
| epoch 5.000000 | 12200.000000/12797.171429 batches | lr 5.00 | 25.82 ms/batch | loss  0.32 |     1.38 ppl
| epoch 5.000000 | 12400.000000/12797.171429 batches | lr 5.00 | 25.87 ms/batch | loss  0.32 |     1.38 ppl
| epoch 5.000000 | 12600.000000/12797.171429 batches | lr 5.00 | 25.84 ms/batch | loss  0.32 |     1.37 ppl
-----------------------------------------------------------------------------------------
| end of epoch   5 | time: 335.20s | valid loss  0.39 | valid ppl     1.48
-----------------------------------------------------------------------------------------

| epoch 6.000000 | 200.000000/12797.171429 batches | lr 5.00 | 25.98 ms/batch | loss  0.32 |     1.38 ppl
| epoch 6.000000 | 400.000000/12797.171429 batches | lr 5.00 | 25.86 ms/batch | loss  0.32 |     1.38 ppl
| epoch 6.000000 | 600.000000/12797.171429 batches | lr 5.00 | 25.84 ms/batch | loss  0.31 |     1.36 ppl
| epoch 6.000000 | 800.000000/12797.171429 batches | lr 5.00 | 25.84 ms/batch | loss  0.31 |     1.37 ppl
| epoch 6.000000 | 1000.000000/12797.171429 batches | lr 5.00 | 25.82 ms/batch | loss  0.31 |     1.36 ppl
| epoch 6.000000 | 1200.000000/12797.171429 batches | lr 5.00 | 25.84 ms/batch | loss  0.31 |     1.36 ppl
| epoch 6.000000 | 1400.000000/12797.171429 batches | lr 5.00 | 25.87 ms/batch | loss  0.31 |     1.36 ppl
| epoch 6.000000 | 1600.000000/12797.171429 batches | lr 5.00 | 25.84 ms/batch | loss  0.31 |     1.36 ppl
| epoch 6.000000 | 1800.000000/12797.171429 batches | lr 5.00 | 25.83 ms/batch | loss  0.30 |     1.35 ppl
| epoch 6.000000 | 2000.000000/12797.171429 batches | lr 5.00 | 25.90 ms/batch | loss  0.30 |     1.35 ppl
| epoch 6.000000 | 2200.000000/12797.171429 batches | lr 5.00 | 25.87 ms/batch | loss  0.30 |     1.35 ppl
| epoch 6.000000 | 2400.000000/12797.171429 batches | lr 5.00 | 25.88 ms/batch | loss  0.30 |     1.35 ppl
| epoch 6.000000 | 2600.000000/12797.171429 batches | lr 5.00 | 25.83 ms/batch | loss  0.30 |     1.35 ppl
| epoch 6.000000 | 2800.000000/12797.171429 batches | lr 5.00 | 25.85 ms/batch | loss  0.31 |     1.36 ppl
| epoch 6.000000 | 3000.000000/12797.171429 batches | lr 5.00 | 25.87 ms/batch | loss  0.31 |     1.36 ppl
| epoch 6.000000 | 3200.000000/12797.171429 batches | lr 5.00 | 25.88 ms/batch | loss  0.32 |     1.37 ppl
| epoch 6.000000 | 3400.000000/12797.171429 batches | lr 5.00 | 25.84 ms/batch | loss  0.33 |     1.39 ppl
| epoch 6.000000 | 3600.000000/12797.171429 batches | lr 5.00 | 25.86 ms/batch | loss  0.32 |     1.38 ppl
| epoch 6.000000 | 3800.000000/12797.171429 batches | lr 5.00 | 25.87 ms/batch | loss  0.31 |     1.36 ppl
| epoch 6.000000 | 4000.000000/12797.171429 batches | lr 5.00 | 25.85 ms/batch | loss  0.31 |     1.37 ppl
| epoch 6.000000 | 4200.000000/12797.171429 batches | lr 5.00 | 25.84 ms/batch | loss  0.31 |     1.36 ppl
| epoch 6.000000 | 4400.000000/12797.171429 batches | lr 5.00 | 25.86 ms/batch | loss  0.31 |     1.37 ppl
| epoch 6.000000 | 4600.000000/12797.171429 batches | lr 5.00 | 25.84 ms/batch | loss  0.30 |     1.36 ppl
| epoch 6.000000 | 4800.000000/12797.171429 batches | lr 5.00 | 25.78 ms/batch | loss  0.30 |     1.36 ppl
| epoch 6.000000 | 5000.000000/12797.171429 batches | lr 5.00 | 25.80 ms/batch | loss  0.32 |     1.37 ppl
| epoch 6.000000 | 5200.000000/12797.171429 batches | lr 5.00 | 25.87 ms/batch | loss  0.32 |     1.38 ppl
| epoch 6.000000 | 5400.000000/12797.171429 batches | lr 5.00 | 25.87 ms/batch | loss  0.31 |     1.37 ppl
| epoch 6.000000 | 5600.000000/12797.171429 batches | lr 5.00 | 25.82 ms/batch | loss  0.30 |     1.35 ppl
| epoch 6.000000 | 5800.000000/12797.171429 batches | lr 5.00 | 25.81 ms/batch | loss  0.30 |     1.35 ppl
| epoch 6.000000 | 6000.000000/12797.171429 batches | lr 5.00 | 25.89 ms/batch | loss  0.31 |     1.36 ppl
| epoch 6.000000 | 6200.000000/12797.171429 batches | lr 5.00 | 25.88 ms/batch | loss  0.31 |     1.36 ppl
| epoch 6.000000 | 6400.000000/12797.171429 batches | lr 5.00 | 25.87 ms/batch | loss  0.31 |     1.36 ppl
| epoch 6.000000 | 6600.000000/12797.171429 batches | lr 5.00 | 25.88 ms/batch | loss  0.31 |     1.36 ppl
| epoch 6.000000 | 6800.000000/12797.171429 batches | lr 5.00 | 25.82 ms/batch | loss  0.31 |     1.37 ppl
| epoch 6.000000 | 7000.000000/12797.171429 batches | lr 5.00 | 25.85 ms/batch | loss  0.32 |     1.38 ppl
| epoch 6.000000 | 7200.000000/12797.171429 batches | lr 5.00 | 25.81 ms/batch | loss  0.32 |     1.37 ppl
| epoch 6.000000 | 7400.000000/12797.171429 batches | lr 5.00 | 25.86 ms/batch | loss  0.31 |     1.36 ppl
| epoch 6.000000 | 7600.000000/12797.171429 batches | lr 5.00 | 25.88 ms/batch | loss  0.31 |     1.36 ppl
| epoch 6.000000 | 7800.000000/12797.171429 batches | lr 5.00 | 25.83 ms/batch | loss  0.31 |     1.36 ppl
| epoch 6.000000 | 8000.000000/12797.171429 batches | lr 5.00 | 25.85 ms/batch | loss  0.30 |     1.36 ppl
| epoch 6.000000 | 8200.000000/12797.171429 batches | lr 5.00 | 25.81 ms/batch | loss  0.31 |     1.36 ppl
| epoch 6.000000 | 8400.000000/12797.171429 batches | lr 5.00 | 25.83 ms/batch | loss  0.31 |     1.36 ppl
| epoch 6.000000 | 8600.000000/12797.171429 batches | lr 5.00 | 25.86 ms/batch | loss  0.32 |     1.37 ppl
| epoch 6.000000 | 8800.000000/12797.171429 batches | lr 5.00 | 25.85 ms/batch | loss  0.31 |     1.36 ppl
| epoch 6.000000 | 9000.000000/12797.171429 batches | lr 5.00 | 25.85 ms/batch | loss  0.30 |     1.35 ppl
| epoch 6.000000 | 9200.000000/12797.171429 batches | lr 5.00 | 25.86 ms/batch | loss  0.30 |     1.35 ppl
| epoch 6.000000 | 9400.000000/12797.171429 batches | lr 5.00 | 25.83 ms/batch | loss  0.30 |     1.35 ppl
| epoch 6.000000 | 9600.000000/12797.171429 batches | lr 5.00 | 25.83 ms/batch | loss  0.31 |     1.37 ppl
| epoch 6.000000 | 9800.000000/12797.171429 batches | lr 5.00 | 25.88 ms/batch | loss  0.30 |     1.36 ppl
| epoch 6.000000 | 10000.000000/12797.171429 batches | lr 5.00 | 25.89 ms/batch | loss  0.30 |     1.35 ppl
| epoch 6.000000 | 10200.000000/12797.171429 batches | lr 5.00 | 25.83 ms/batch | loss  0.30 |     1.34 ppl
| epoch 6.000000 | 10400.000000/12797.171429 batches | lr 5.00 | 25.83 ms/batch | loss  0.30 |     1.34 ppl
| epoch 6.000000 | 10600.000000/12797.171429 batches | lr 5.00 | 25.83 ms/batch | loss  0.30 |     1.35 ppl
| epoch 6.000000 | 10800.000000/12797.171429 batches | lr 5.00 | 25.83 ms/batch | loss  0.30 |     1.35 ppl
| epoch 6.000000 | 11000.000000/12797.171429 batches | lr 5.00 | 25.90 ms/batch | loss  0.30 |     1.35 ppl
| epoch 6.000000 | 11200.000000/12797.171429 batches | lr 5.00 | 25.85 ms/batch | loss  0.30 |     1.35 ppl
| epoch 6.000000 | 11400.000000/12797.171429 batches | lr 5.00 | 25.86 ms/batch | loss  0.30 |     1.35 ppl
| epoch 6.000000 | 11600.000000/12797.171429 batches | lr 5.00 | 25.90 ms/batch | loss  0.30 |     1.35 ppl
| epoch 6.000000 | 11800.000000/12797.171429 batches | lr 5.00 | 25.82 ms/batch | loss  0.30 |     1.34 ppl
| epoch 6.000000 | 12000.000000/12797.171429 batches | lr 5.00 | 25.83 ms/batch | loss  0.29 |     1.34 ppl
| epoch 6.000000 | 12200.000000/12797.171429 batches | lr 5.00 | 25.85 ms/batch | loss  0.30 |     1.34 ppl
| epoch 6.000000 | 12400.000000/12797.171429 batches | lr 5.00 | 25.93 ms/batch | loss  0.29 |     1.34 ppl
| epoch 6.000000 | 12600.000000/12797.171429 batches | lr 5.00 | 25.89 ms/batch | loss  0.29 |     1.34 ppl
-----------------------------------------------------------------------------------------
| end of epoch   6 | time: 335.12s | valid loss  0.39 | valid ppl     1.47
-----------------------------------------------------------------------------------------

| epoch 7.000000 | 200.000000/12797.171429 batches | lr 5.00 | 25.95 ms/batch | loss  0.30 |     1.35 ppl
| epoch 7.000000 | 400.000000/12797.171429 batches | lr 5.00 | 25.83 ms/batch | loss  0.30 |     1.35 ppl
| epoch 7.000000 | 600.000000/12797.171429 batches | lr 5.00 | 25.85 ms/batch | loss  0.30 |     1.35 ppl
| epoch 7.000000 | 800.000000/12797.171429 batches | lr 5.00 | 25.84 ms/batch | loss  0.30 |     1.34 ppl
| epoch 7.000000 | 1000.000000/12797.171429 batches | lr 5.00 | 25.85 ms/batch | loss  0.29 |     1.34 ppl
| epoch 7.000000 | 1200.000000/12797.171429 batches | lr 5.00 | 25.86 ms/batch | loss  0.29 |     1.34 ppl
| epoch 7.000000 | 1400.000000/12797.171429 batches | lr 5.00 | 25.87 ms/batch | loss  0.29 |     1.34 ppl
| epoch 7.000000 | 1600.000000/12797.171429 batches | lr 5.00 | 25.90 ms/batch | loss  0.29 |     1.34 ppl
| epoch 7.000000 | 1800.000000/12797.171429 batches | lr 5.00 | 25.85 ms/batch | loss  0.29 |     1.33 ppl
| epoch 7.000000 | 2000.000000/12797.171429 batches | lr 5.00 | 25.87 ms/batch | loss  0.29 |     1.33 ppl
| epoch 7.000000 | 2200.000000/12797.171429 batches | lr 5.00 | 25.86 ms/batch | loss  0.29 |     1.34 ppl
| epoch 7.000000 | 2400.000000/12797.171429 batches | lr 5.00 | 25.86 ms/batch | loss  0.29 |     1.33 ppl
| epoch 7.000000 | 2600.000000/12797.171429 batches | lr 5.00 | 25.85 ms/batch | loss  0.29 |     1.34 ppl
| epoch 7.000000 | 2800.000000/12797.171429 batches | lr 5.00 | 25.84 ms/batch | loss  0.30 |     1.35 ppl
| epoch 7.000000 | 3000.000000/12797.171429 batches | lr 5.00 | 25.88 ms/batch | loss  0.30 |     1.35 ppl
| epoch 7.000000 | 3200.000000/12797.171429 batches | lr 5.00 | 25.85 ms/batch | loss  0.31 |     1.36 ppl
| epoch 7.000000 | 3400.000000/12797.171429 batches | lr 5.00 | 25.87 ms/batch | loss  0.32 |     1.37 ppl
| epoch 7.000000 | 3600.000000/12797.171429 batches | lr 5.00 | 25.90 ms/batch | loss  0.32 |     1.37 ppl
| epoch 7.000000 | 3800.000000/12797.171429 batches | lr 5.00 | 25.87 ms/batch | loss  0.30 |     1.35 ppl
| epoch 7.000000 | 4000.000000/12797.171429 batches | lr 5.00 | 25.89 ms/batch | loss  0.31 |     1.36 ppl
| epoch 7.000000 | 4200.000000/12797.171429 batches | lr 5.00 | 25.88 ms/batch | loss  0.30 |     1.36 ppl
| epoch 7.000000 | 4400.000000/12797.171429 batches | lr 5.00 | 25.84 ms/batch | loss  0.31 |     1.36 ppl
| epoch 7.000000 | 4600.000000/12797.171429 batches | lr 5.00 | 25.85 ms/batch | loss  0.30 |     1.35 ppl
| epoch 7.000000 | 4800.000000/12797.171429 batches | lr 5.00 | 25.84 ms/batch | loss  0.30 |     1.35 ppl
| epoch 7.000000 | 5000.000000/12797.171429 batches | lr 5.00 | 25.85 ms/batch | loss  0.31 |     1.37 ppl
| epoch 7.000000 | 5200.000000/12797.171429 batches | lr 5.00 | 25.85 ms/batch | loss  0.32 |     1.38 ppl
| epoch 7.000000 | 5400.000000/12797.171429 batches | lr 5.00 | 25.82 ms/batch | loss  0.32 |     1.37 ppl
| epoch 7.000000 | 5600.000000/12797.171429 batches | lr 5.00 | 25.84 ms/batch | loss  0.30 |     1.35 ppl
| epoch 7.000000 | 5800.000000/12797.171429 batches | lr 5.00 | 25.87 ms/batch | loss  0.31 |     1.36 ppl
| epoch 7.000000 | 6000.000000/12797.171429 batches | lr 5.00 | 25.84 ms/batch | loss  0.31 |     1.37 ppl
| epoch 7.000000 | 6200.000000/12797.171429 batches | lr 5.00 | 25.82 ms/batch | loss  0.31 |     1.37 ppl
| epoch 7.000000 | 6400.000000/12797.171429 batches | lr 5.00 | 25.86 ms/batch | loss  0.32 |     1.37 ppl
| epoch 7.000000 | 6600.000000/12797.171429 batches | lr 5.00 | 25.85 ms/batch | loss  0.31 |     1.37 ppl
| epoch 7.000000 | 6800.000000/12797.171429 batches | lr 5.00 | 25.87 ms/batch | loss  0.32 |     1.38 ppl
| epoch 7.000000 | 7000.000000/12797.171429 batches | lr 5.00 | 25.82 ms/batch | loss  0.32 |     1.38 ppl
| epoch 7.000000 | 7200.000000/12797.171429 batches | lr 5.00 | 25.88 ms/batch | loss  0.32 |     1.38 ppl
| epoch 7.000000 | 7400.000000/12797.171429 batches | lr 5.00 | 25.88 ms/batch | loss  0.31 |     1.37 ppl
| epoch 7.000000 | 7600.000000/12797.171429 batches | lr 5.00 | 25.84 ms/batch | loss  0.31 |     1.37 ppl
| epoch 7.000000 | 7800.000000/12797.171429 batches | lr 5.00 | 25.85 ms/batch | loss  0.31 |     1.37 ppl
| epoch 7.000000 | 8000.000000/12797.171429 batches | lr 5.00 | 25.83 ms/batch | loss  0.31 |     1.37 ppl
| epoch 7.000000 | 8200.000000/12797.171429 batches | lr 5.00 | 25.88 ms/batch | loss  0.31 |     1.37 ppl
| epoch 7.000000 | 8400.000000/12797.171429 batches | lr 5.00 | 25.84 ms/batch | loss  0.31 |     1.37 ppl
| epoch 7.000000 | 8600.000000/12797.171429 batches | lr 5.00 | 25.86 ms/batch | loss  0.33 |     1.38 ppl
| epoch 7.000000 | 8800.000000/12797.171429 batches | lr 5.00 | 25.87 ms/batch | loss  0.32 |     1.37 ppl
| epoch 7.000000 | 9000.000000/12797.171429 batches | lr 5.00 | 25.84 ms/batch | loss  0.31 |     1.36 ppl
| epoch 7.000000 | 9200.000000/12797.171429 batches | lr 5.00 | 25.85 ms/batch | loss  0.31 |     1.36 ppl
| epoch 7.000000 | 9400.000000/12797.171429 batches | lr 5.00 | 25.82 ms/batch | loss  0.31 |     1.36 ppl
| epoch 7.000000 | 9600.000000/12797.171429 batches | lr 5.00 | 25.86 ms/batch | loss  0.32 |     1.38 ppl
| epoch 7.000000 | 9800.000000/12797.171429 batches | lr 5.00 | 25.87 ms/batch | loss  0.31 |     1.37 ppl
| epoch 7.000000 | 10000.000000/12797.171429 batches | lr 5.00 | 25.87 ms/batch | loss  0.30 |     1.36 ppl
| epoch 7.000000 | 10200.000000/12797.171429 batches | lr 5.00 | 25.81 ms/batch | loss  0.30 |     1.35 ppl
| epoch 7.000000 | 10400.000000/12797.171429 batches | lr 5.00 | 25.84 ms/batch | loss  0.30 |     1.35 ppl
| epoch 7.000000 | 10600.000000/12797.171429 batches | lr 5.00 | 25.80 ms/batch | loss  0.31 |     1.36 ppl
| epoch 7.000000 | 10800.000000/12797.171429 batches | lr 5.00 | 25.83 ms/batch | loss  0.31 |     1.36 ppl
| epoch 7.000000 | 11000.000000/12797.171429 batches | lr 5.00 | 25.92 ms/batch | loss  0.32 |     1.37 ppl
| epoch 7.000000 | 11200.000000/12797.171429 batches | lr 5.00 | 25.87 ms/batch | loss  0.31 |     1.37 ppl
| epoch 7.000000 | 11400.000000/12797.171429 batches | lr 5.00 | 25.87 ms/batch | loss  0.31 |     1.36 ppl
| epoch 7.000000 | 11600.000000/12797.171429 batches | lr 5.00 | 25.84 ms/batch | loss  0.31 |     1.37 ppl
| epoch 7.000000 | 11800.000000/12797.171429 batches | lr 5.00 | 25.83 ms/batch | loss  0.31 |     1.36 ppl
| epoch 7.000000 | 12000.000000/12797.171429 batches | lr 5.00 | 25.85 ms/batch | loss  0.30 |     1.35 ppl
| epoch 7.000000 | 12200.000000/12797.171429 batches | lr 5.00 | 25.86 ms/batch | loss  0.31 |     1.36 ppl
| epoch 7.000000 | 12400.000000/12797.171429 batches | lr 5.00 | 25.87 ms/batch | loss  0.31 |     1.36 ppl
| epoch 7.000000 | 12600.000000/12797.171429 batches | lr 5.00 | 25.84 ms/batch | loss  0.30 |     1.35 ppl
-----------------------------------------------------------------------------------------
| end of epoch   7 | time: 335.14s | valid loss  0.39 | valid ppl     1.48
-----------------------------------------------------------------------------------------

| epoch 8.000000 | 200.000000/12797.171429 batches | lr 1.25 | 26.02 ms/batch | loss  0.32 |     1.37 ppl
| epoch 8.000000 | 400.000000/12797.171429 batches | lr 1.25 | 25.85 ms/batch | loss  0.31 |     1.37 ppl
| epoch 8.000000 | 600.000000/12797.171429 batches | lr 1.25 | 25.87 ms/batch | loss  0.31 |     1.36 ppl
| epoch 8.000000 | 800.000000/12797.171429 batches | lr 1.25 | 25.90 ms/batch | loss  0.31 |     1.36 ppl
| epoch 8.000000 | 1000.000000/12797.171429 batches | lr 1.25 | 25.86 ms/batch | loss  0.30 |     1.35 ppl
| epoch 8.000000 | 1200.000000/12797.171429 batches | lr 1.25 | 25.85 ms/batch | loss  0.30 |     1.35 ppl
| epoch 8.000000 | 1400.000000/12797.171429 batches | lr 1.25 | 25.81 ms/batch | loss  0.30 |     1.36 ppl
| epoch 8.000000 | 1600.000000/12797.171429 batches | lr 1.25 | 25.82 ms/batch | loss  0.30 |     1.35 ppl
| epoch 8.000000 | 1800.000000/12797.171429 batches | lr 1.25 | 25.84 ms/batch | loss  0.30 |     1.35 ppl
| epoch 8.000000 | 2000.000000/12797.171429 batches | lr 1.25 | 25.85 ms/batch | loss  0.30 |     1.35 ppl
| epoch 8.000000 | 2200.000000/12797.171429 batches | lr 1.25 | 25.85 ms/batch | loss  0.31 |     1.36 ppl
| epoch 8.000000 | 2400.000000/12797.171429 batches | lr 1.25 | 25.81 ms/batch | loss  0.30 |     1.35 ppl
| epoch 8.000000 | 2600.000000/12797.171429 batches | lr 1.25 | 25.86 ms/batch | loss  0.31 |     1.36 ppl
| epoch 8.000000 | 2800.000000/12797.171429 batches | lr 1.25 | 25.90 ms/batch | loss  0.31 |     1.37 ppl
| epoch 8.000000 | 3000.000000/12797.171429 batches | lr 1.25 | 25.90 ms/batch | loss  0.31 |     1.37 ppl
| epoch 8.000000 | 3200.000000/12797.171429 batches | lr 1.25 | 25.87 ms/batch | loss  0.32 |     1.38 ppl
| epoch 8.000000 | 3400.000000/12797.171429 batches | lr 1.25 | 25.87 ms/batch | loss  0.33 |     1.38 ppl
| epoch 8.000000 | 3600.000000/12797.171429 batches | lr 1.25 | 25.87 ms/batch | loss  0.33 |     1.39 ppl
| epoch 8.000000 | 3800.000000/12797.171429 batches | lr 1.25 | 25.83 ms/batch | loss  0.31 |     1.37 ppl
| epoch 8.000000 | 4000.000000/12797.171429 batches | lr 1.25 | 25.86 ms/batch | loss  0.32 |     1.38 ppl
| epoch 8.000000 | 4200.000000/12797.171429 batches | lr 1.25 | 25.83 ms/batch | loss  0.32 |     1.37 ppl
| epoch 8.000000 | 4400.000000/12797.171429 batches | lr 1.25 | 25.93 ms/batch | loss  0.32 |     1.37 ppl
| epoch 8.000000 | 4600.000000/12797.171429 batches | lr 1.25 | 25.85 ms/batch | loss  0.31 |     1.37 ppl
| epoch 8.000000 | 4800.000000/12797.171429 batches | lr 1.25 | 25.86 ms/batch | loss  0.31 |     1.36 ppl
| epoch 8.000000 | 5000.000000/12797.171429 batches | lr 1.25 | 25.85 ms/batch | loss  0.32 |     1.38 ppl
| epoch 8.000000 | 5200.000000/12797.171429 batches | lr 1.25 | 25.87 ms/batch | loss  0.33 |     1.39 ppl
| epoch 8.000000 | 5400.000000/12797.171429 batches | lr 1.25 | 25.85 ms/batch | loss  0.32 |     1.38 ppl
| epoch 8.000000 | 5600.000000/12797.171429 batches | lr 1.25 | 25.90 ms/batch | loss  0.31 |     1.36 ppl
| epoch 8.000000 | 5800.000000/12797.171429 batches | lr 1.25 | 25.85 ms/batch | loss  0.31 |     1.37 ppl
| epoch 8.000000 | 6000.000000/12797.171429 batches | lr 1.25 | 25.86 ms/batch | loss  0.32 |     1.38 ppl
| epoch 8.000000 | 6200.000000/12797.171429 batches | lr 1.25 | 25.83 ms/batch | loss  0.32 |     1.37 ppl
| epoch 8.000000 | 6400.000000/12797.171429 batches | lr 1.25 | 25.86 ms/batch | loss  0.32 |     1.38 ppl
| epoch 8.000000 | 6600.000000/12797.171429 batches | lr 1.25 | 25.87 ms/batch | loss  0.32 |     1.38 ppl
| epoch 8.000000 | 6800.000000/12797.171429 batches | lr 1.25 | 25.88 ms/batch | loss  0.32 |     1.38 ppl
| epoch 8.000000 | 7000.000000/12797.171429 batches | lr 1.25 | 25.83 ms/batch | loss  0.33 |     1.39 ppl
| epoch 8.000000 | 7200.000000/12797.171429 batches | lr 1.25 | 25.84 ms/batch | loss  0.33 |     1.39 ppl
| epoch 8.000000 | 7400.000000/12797.171429 batches | lr 1.25 | 25.85 ms/batch | loss  0.32 |     1.37 ppl
| epoch 8.000000 | 7600.000000/12797.171429 batches | lr 1.25 | 25.90 ms/batch | loss  0.32 |     1.37 ppl
| epoch 8.000000 | 7800.000000/12797.171429 batches | lr 1.25 | 25.83 ms/batch | loss  0.32 |     1.37 ppl
| epoch 8.000000 | 8000.000000/12797.171429 batches | lr 1.25 | 25.86 ms/batch | loss  0.32 |     1.37 ppl
| epoch 8.000000 | 8200.000000/12797.171429 batches | lr 1.25 | 25.84 ms/batch | loss  0.31 |     1.37 ppl
| epoch 8.000000 | 8400.000000/12797.171429 batches | lr 1.25 | 25.85 ms/batch | loss  0.32 |     1.38 ppl
| epoch 8.000000 | 8600.000000/12797.171429 batches | lr 1.25 | 25.90 ms/batch | loss  0.33 |     1.38 ppl
| epoch 8.000000 | 8800.000000/12797.171429 batches | lr 1.25 | 25.86 ms/batch | loss  0.32 |     1.37 ppl
| epoch 8.000000 | 9000.000000/12797.171429 batches | lr 1.25 | 25.86 ms/batch | loss  0.31 |     1.36 ppl
| epoch 8.000000 | 9200.000000/12797.171429 batches | lr 1.25 | 25.83 ms/batch | loss  0.31 |     1.36 ppl
| epoch 8.000000 | 9400.000000/12797.171429 batches | lr 1.25 | 25.84 ms/batch | loss  0.31 |     1.36 ppl
| epoch 8.000000 | 9600.000000/12797.171429 batches | lr 1.25 | 25.83 ms/batch | loss  0.32 |     1.38 ppl
| epoch 8.000000 | 9800.000000/12797.171429 batches | lr 1.25 | 25.82 ms/batch | loss  0.31 |     1.37 ppl
| epoch 8.000000 | 10000.000000/12797.171429 batches | lr 1.25 | 25.88 ms/batch | loss  0.30 |     1.35 ppl
| epoch 8.000000 | 10200.000000/12797.171429 batches | lr 1.25 | 25.86 ms/batch | loss  0.30 |     1.35 ppl
| epoch 8.000000 | 10400.000000/12797.171429 batches | lr 1.25 | 25.88 ms/batch | loss  0.30 |     1.35 ppl
| epoch 8.000000 | 10600.000000/12797.171429 batches | lr 1.25 | 25.81 ms/batch | loss  0.31 |     1.36 ppl
| epoch 8.000000 | 10800.000000/12797.171429 batches | lr 1.25 | 25.86 ms/batch | loss  0.31 |     1.36 ppl
| epoch 8.000000 | 11000.000000/12797.171429 batches | lr 1.25 | 25.85 ms/batch | loss  0.31 |     1.37 ppl
| epoch 8.000000 | 11200.000000/12797.171429 batches | lr 1.25 | 25.86 ms/batch | loss  0.31 |     1.36 ppl
| epoch 8.000000 | 11400.000000/12797.171429 batches | lr 1.25 | 25.84 ms/batch | loss  0.31 |     1.36 ppl
| epoch 8.000000 | 11600.000000/12797.171429 batches | lr 1.25 | 25.86 ms/batch | loss  0.31 |     1.36 ppl
| epoch 8.000000 | 11800.000000/12797.171429 batches | lr 1.25 | 25.84 ms/batch | loss  0.30 |     1.36 ppl
| epoch 8.000000 | 12000.000000/12797.171429 batches | lr 1.25 | 25.86 ms/batch | loss  0.30 |     1.35 ppl
| epoch 8.000000 | 12200.000000/12797.171429 batches | lr 1.25 | 25.85 ms/batch | loss  0.30 |     1.35 ppl
| epoch 8.000000 | 12400.000000/12797.171429 batches | lr 1.25 | 25.86 ms/batch | loss  0.30 |     1.35 ppl
| epoch 8.000000 | 12600.000000/12797.171429 batches | lr 1.25 | 25.85 ms/batch | loss  0.30 |     1.35 ppl
-----------------------------------------------------------------------------------------
| end of epoch   8 | time: 335.18s | valid loss  0.39 | valid ppl     1.48
-----------------------------------------------------------------------------------------

| epoch 9.000000 | 200.000000/12797.171429 batches | lr 0.31 | 26.02 ms/batch | loss  0.31 |     1.36 ppl
| epoch 9.000000 | 400.000000/12797.171429 batches | lr 0.31 | 25.87 ms/batch | loss  0.31 |     1.36 ppl
| epoch 9.000000 | 600.000000/12797.171429 batches | lr 0.31 | 25.85 ms/batch | loss  0.31 |     1.36 ppl
| epoch 9.000000 | 800.000000/12797.171429 batches | lr 0.31 | 25.83 ms/batch | loss  0.30 |     1.36 ppl
| epoch 9.000000 | 1000.000000/12797.171429 batches | lr 0.31 | 25.87 ms/batch | loss  0.30 |     1.35 ppl
| epoch 9.000000 | 1200.000000/12797.171429 batches | lr 0.31 | 25.85 ms/batch | loss  0.30 |     1.35 ppl
| epoch 9.000000 | 1400.000000/12797.171429 batches | lr 0.31 | 25.88 ms/batch | loss  0.30 |     1.35 ppl
| epoch 9.000000 | 1600.000000/12797.171429 batches | lr 0.31 | 25.85 ms/batch | loss  0.30 |     1.35 ppl
| epoch 9.000000 | 1800.000000/12797.171429 batches | lr 0.31 | 25.87 ms/batch | loss  0.30 |     1.35 ppl
| epoch 9.000000 | 2000.000000/12797.171429 batches | lr 0.31 | 25.85 ms/batch | loss  0.30 |     1.34 ppl
| epoch 9.000000 | 2200.000000/12797.171429 batches | lr 0.31 | 25.87 ms/batch | loss  0.30 |     1.35 ppl
| epoch 9.000000 | 2400.000000/12797.171429 batches | lr 0.31 | 25.84 ms/batch | loss  0.30 |     1.35 ppl
| epoch 9.000000 | 2600.000000/12797.171429 batches | lr 0.31 | 25.86 ms/batch | loss  0.30 |     1.35 ppl
| epoch 9.000000 | 2800.000000/12797.171429 batches | lr 0.31 | 25.84 ms/batch | loss  0.31 |     1.37 ppl
| epoch 9.000000 | 3000.000000/12797.171429 batches | lr 0.31 | 25.84 ms/batch | loss  0.31 |     1.36 ppl
| epoch 9.000000 | 3200.000000/12797.171429 batches | lr 0.31 | 25.90 ms/batch | loss  0.32 |     1.37 ppl
| epoch 9.000000 | 3400.000000/12797.171429 batches | lr 0.31 | 25.84 ms/batch | loss  0.33 |     1.38 ppl
| epoch 9.000000 | 3600.000000/12797.171429 batches | lr 0.31 | 25.85 ms/batch | loss  0.32 |     1.38 ppl
| epoch 9.000000 | 3800.000000/12797.171429 batches | lr 0.31 | 25.84 ms/batch | loss  0.31 |     1.36 ppl
| epoch 9.000000 | 4000.000000/12797.171429 batches | lr 0.31 | 25.87 ms/batch | loss  0.31 |     1.37 ppl
| epoch 9.000000 | 4200.000000/12797.171429 batches | lr 0.31 | 25.84 ms/batch | loss  0.31 |     1.37 ppl
| epoch 9.000000 | 4400.000000/12797.171429 batches | lr 0.31 | 25.84 ms/batch | loss  0.31 |     1.37 ppl
| epoch 9.000000 | 4600.000000/12797.171429 batches | lr 0.31 | 25.85 ms/batch | loss  0.31 |     1.36 ppl
| epoch 9.000000 | 4800.000000/12797.171429 batches | lr 0.31 | 25.85 ms/batch | loss  0.31 |     1.36 ppl
| epoch 9.000000 | 5000.000000/12797.171429 batches | lr 0.31 | 25.86 ms/batch | loss  0.32 |     1.37 ppl
| epoch 9.000000 | 5200.000000/12797.171429 batches | lr 0.31 | 25.83 ms/batch | loss  0.32 |     1.38 ppl
| epoch 9.000000 | 5400.000000/12797.171429 batches | lr 0.31 | 25.86 ms/batch | loss  0.31 |     1.37 ppl
| epoch 9.000000 | 5600.000000/12797.171429 batches | lr 0.31 | 25.82 ms/batch | loss  0.31 |     1.36 ppl
| epoch 9.000000 | 5800.000000/12797.171429 batches | lr 0.31 | 25.85 ms/batch | loss  0.31 |     1.36 ppl
| epoch 9.000000 | 6000.000000/12797.171429 batches | lr 0.31 | 25.88 ms/batch | loss  0.32 |     1.37 ppl
| epoch 9.000000 | 6200.000000/12797.171429 batches | lr 0.31 | 25.86 ms/batch | loss  0.31 |     1.37 ppl
| epoch 9.000000 | 6400.000000/12797.171429 batches | lr 0.31 | 25.86 ms/batch | loss  0.32 |     1.37 ppl
| epoch 9.000000 | 6600.000000/12797.171429 batches | lr 0.31 | 25.83 ms/batch | loss  0.31 |     1.37 ppl
| epoch 9.000000 | 6800.000000/12797.171429 batches | lr 0.31 | 25.85 ms/batch | loss  0.32 |     1.38 ppl
| epoch 9.000000 | 7000.000000/12797.171429 batches | lr 0.31 | 25.86 ms/batch | loss  0.33 |     1.39 ppl
| epoch 9.000000 | 7200.000000/12797.171429 batches | lr 0.31 | 25.85 ms/batch | loss  0.32 |     1.38 ppl
| epoch 9.000000 | 7400.000000/12797.171429 batches | lr 0.31 | 25.84 ms/batch | loss  0.31 |     1.37 ppl
| epoch 9.000000 | 7600.000000/12797.171429 batches | lr 0.31 | 25.91 ms/batch | loss  0.31 |     1.36 ppl
| epoch 9.000000 | 7800.000000/12797.171429 batches | lr 0.31 | 25.86 ms/batch | loss  0.31 |     1.37 ppl
| epoch 9.000000 | 8000.000000/12797.171429 batches | lr 0.31 | 25.84 ms/batch | loss  0.31 |     1.37 ppl
| epoch 9.000000 | 8200.000000/12797.171429 batches | lr 0.31 | 25.86 ms/batch | loss  0.31 |     1.37 ppl
| epoch 9.000000 | 8400.000000/12797.171429 batches | lr 0.31 | 25.81 ms/batch | loss  0.31 |     1.37 ppl
| epoch 9.000000 | 8600.000000/12797.171429 batches | lr 0.31 | 25.84 ms/batch | loss  0.32 |     1.38 ppl
| epoch 9.000000 | 8800.000000/12797.171429 batches | lr 0.31 | 25.86 ms/batch | loss  0.31 |     1.37 ppl
| epoch 9.000000 | 9000.000000/12797.171429 batches | lr 0.31 | 25.83 ms/batch | loss  0.30 |     1.36 ppl
| epoch 9.000000 | 9200.000000/12797.171429 batches | lr 0.31 | 25.88 ms/batch | loss  0.30 |     1.36 ppl
| epoch 9.000000 | 9400.000000/12797.171429 batches | lr 0.31 | 25.87 ms/batch | loss  0.31 |     1.36 ppl
| epoch 9.000000 | 9600.000000/12797.171429 batches | lr 0.31 | 25.89 ms/batch | loss  0.32 |     1.37 ppl
| epoch 9.000000 | 9800.000000/12797.171429 batches | lr 0.31 | 25.83 ms/batch | loss  0.31 |     1.36 ppl
| epoch 9.000000 | 10000.000000/12797.171429 batches | lr 0.31 | 25.86 ms/batch | loss  0.30 |     1.35 ppl
| epoch 9.000000 | 10200.000000/12797.171429 batches | lr 0.31 | 25.89 ms/batch | loss  0.30 |     1.35 ppl
| epoch 9.000000 | 10400.000000/12797.171429 batches | lr 0.31 | 25.88 ms/batch | loss  0.30 |     1.35 ppl
| epoch 9.000000 | 10600.000000/12797.171429 batches | lr 0.31 | 25.85 ms/batch | loss  0.30 |     1.35 ppl
| epoch 9.000000 | 10800.000000/12797.171429 batches | lr 0.31 | 25.79 ms/batch | loss  0.30 |     1.36 ppl
| epoch 9.000000 | 11000.000000/12797.171429 batches | lr 0.31 | 25.83 ms/batch | loss  0.31 |     1.36 ppl
| epoch 9.000000 | 11200.000000/12797.171429 batches | lr 0.31 | 25.90 ms/batch | loss  0.31 |     1.36 ppl
| epoch 9.000000 | 11400.000000/12797.171429 batches | lr 0.31 | 25.85 ms/batch | loss  0.30 |     1.35 ppl
| epoch 9.000000 | 11600.000000/12797.171429 batches | lr 0.31 | 25.86 ms/batch | loss  0.31 |     1.36 ppl
| epoch 9.000000 | 11800.000000/12797.171429 batches | lr 0.31 | 25.87 ms/batch | loss  0.30 |     1.35 ppl
| epoch 9.000000 | 12000.000000/12797.171429 batches | lr 0.31 | 25.84 ms/batch | loss  0.30 |     1.35 ppl
| epoch 9.000000 | 12200.000000/12797.171429 batches | lr 0.31 | 25.82 ms/batch | loss  0.30 |     1.35 ppl
| epoch 9.000000 | 12400.000000/12797.171429 batches | lr 0.31 | 25.89 ms/batch | loss  0.30 |     1.35 ppl
| epoch 9.000000 | 12600.000000/12797.171429 batches | lr 0.31 | 25.86 ms/batch | loss  0.29 |     1.34 ppl
-----------------------------------------------------------------------------------------
| end of epoch   9 | time: 335.18s | valid loss  0.39 | valid ppl     1.47
-----------------------------------------------------------------------------------------

| epoch 10.000000 | 200.000000/12797.171429 batches | lr 0.08 | 25.96 ms/batch | loss  0.31 |     1.36 ppl
| epoch 10.000000 | 400.000000/12797.171429 batches | lr 0.08 | 25.86 ms/batch | loss  0.31 |     1.36 ppl
| epoch 10.000000 | 600.000000/12797.171429 batches | lr 0.08 | 25.87 ms/batch | loss  0.30 |     1.35 ppl
| epoch 10.000000 | 800.000000/12797.171429 batches | lr 0.08 | 25.89 ms/batch | loss  0.30 |     1.35 ppl
| epoch 10.000000 | 1000.000000/12797.171429 batches | lr 0.08 | 25.89 ms/batch | loss  0.30 |     1.35 ppl
| epoch 10.000000 | 1200.000000/12797.171429 batches | lr 0.08 | 25.85 ms/batch | loss  0.30 |     1.35 ppl
| epoch 10.000000 | 1400.000000/12797.171429 batches | lr 0.08 | 25.88 ms/batch | loss  0.30 |     1.35 ppl
| epoch 10.000000 | 1600.000000/12797.171429 batches | lr 0.08 | 25.85 ms/batch | loss  0.30 |     1.34 ppl
| epoch 10.000000 | 1800.000000/12797.171429 batches | lr 0.08 | 25.85 ms/batch | loss  0.29 |     1.34 ppl
| epoch 10.000000 | 2000.000000/12797.171429 batches | lr 0.08 | 25.87 ms/batch | loss  0.29 |     1.34 ppl
| epoch 10.000000 | 2200.000000/12797.171429 batches | lr 0.08 | 25.82 ms/batch | loss  0.30 |     1.35 ppl
| epoch 10.000000 | 2400.000000/12797.171429 batches | lr 0.08 | 25.87 ms/batch | loss  0.30 |     1.34 ppl
| epoch 10.000000 | 2600.000000/12797.171429 batches | lr 0.08 | 25.87 ms/batch | loss  0.30 |     1.35 ppl
| epoch 10.000000 | 2800.000000/12797.171429 batches | lr 0.08 | 25.90 ms/batch | loss  0.31 |     1.36 ppl
| epoch 10.000000 | 3000.000000/12797.171429 batches | lr 0.08 | 25.85 ms/batch | loss  0.31 |     1.36 ppl
| epoch 10.000000 | 3200.000000/12797.171429 batches | lr 0.08 | 25.83 ms/batch | loss  0.31 |     1.37 ppl
| epoch 10.000000 | 3400.000000/12797.171429 batches | lr 0.08 | 25.84 ms/batch | loss  0.32 |     1.38 ppl
| epoch 10.000000 | 3600.000000/12797.171429 batches | lr 0.08 | 25.85 ms/batch | loss  0.32 |     1.38 ppl
| epoch 10.000000 | 3800.000000/12797.171429 batches | lr 0.08 | 25.89 ms/batch | loss  0.31 |     1.36 ppl
| epoch 10.000000 | 4000.000000/12797.171429 batches | lr 0.08 | 25.88 ms/batch | loss  0.31 |     1.37 ppl
| epoch 10.000000 | 4200.000000/12797.171429 batches | lr 0.08 | 25.87 ms/batch | loss  0.31 |     1.36 ppl
| epoch 10.000000 | 4400.000000/12797.171429 batches | lr 0.08 | 25.83 ms/batch | loss  0.31 |     1.37 ppl
| epoch 10.000000 | 4600.000000/12797.171429 batches | lr 0.08 | 25.88 ms/batch | loss  0.31 |     1.36 ppl
| epoch 10.000000 | 4800.000000/12797.171429 batches | lr 0.08 | 25.84 ms/batch | loss  0.31 |     1.36 ppl
| epoch 10.000000 | 5000.000000/12797.171429 batches | lr 0.08 | 25.84 ms/batch | loss  0.32 |     1.37 ppl
srun: Job step aborted: Waiting up to 32 seconds for job step to finish.
slurmstepd: error: *** STEP 37848694.0 ON g110 CANCELLED AT 2019-02-05T23:19:35 DUE TO TIME LIMIT ***
slurmstepd: error: *** JOB 37848694 ON g110 CANCELLED AT 2019-02-05T23:19:35 DUE TO TIME LIMIT ***
