Sun Feb  3 22:10:24 EET 2019

setting things for Taito!
----------------------------------------------------------------------------
  Setting up new environment, removing all currently loaded modules
----------------------------------------------------------------------------
  Loading new modules:
    python-env/intelpython3.6-2018.3    cuda/9.0
    gcc/5.4.0                           cudnn/7.1-cuda9
Loading application Intel Distribution for Python 2018 update 3 
IntelDistributionpython3andConda nil environment loaded
 
To list available conda environments, please run command:
    conda env list
 
To activate a specific conda environment, please run command:
    source activate environment-name
 
To deactivate qiime environment, run command: 
    source deactivate
RNN Language MODEL: Loading gigaword corpus
| epoch 1.000000 | 200.000000/12797.171429 batches | lr 20.00 | 15.65 ms/batch | loss  9.06 |  8621.03 ppl
| epoch 1.000000 | 400.000000/12797.171429 batches | lr 20.00 | 13.76 ms/batch | loss  7.89 |  2661.92 ppl
| epoch 1.000000 | 600.000000/12797.171429 batches | lr 20.00 | 13.77 ms/batch | loss  7.51 |  1831.10 ppl
| epoch 1.000000 | 800.000000/12797.171429 batches | lr 20.00 | 13.72 ms/batch | loss  7.28 |  1448.14 ppl
| epoch 1.000000 | 1000.000000/12797.171429 batches | lr 20.00 | 13.80 ms/batch | loss  7.06 |  1161.28 ppl
| epoch 1.000000 | 1200.000000/12797.171429 batches | lr 20.00 | 13.77 ms/batch | loss  6.92 |  1013.07 ppl
| epoch 1.000000 | 1400.000000/12797.171429 batches | lr 20.00 | 13.73 ms/batch | loss  6.82 |   918.64 ppl
| epoch 1.000000 | 1600.000000/12797.171429 batches | lr 20.00 | 13.73 ms/batch | loss  6.65 |   775.11 ppl
| epoch 1.000000 | 1800.000000/12797.171429 batches | lr 20.00 | 13.74 ms/batch | loss  6.59 |   724.72 ppl
| epoch 1.000000 | 2000.000000/12797.171429 batches | lr 20.00 | 13.82 ms/batch | loss  6.54 |   694.44 ppl
| epoch 1.000000 | 2200.000000/12797.171429 batches | lr 20.00 | 13.78 ms/batch | loss  6.44 |   627.04 ppl
| epoch 1.000000 | 2400.000000/12797.171429 batches | lr 20.00 | 13.77 ms/batch | loss  6.37 |   585.70 ppl
| epoch 1.000000 | 2600.000000/12797.171429 batches | lr 20.00 | 13.71 ms/batch | loss  6.43 |   622.49 ppl
| epoch 1.000000 | 2800.000000/12797.171429 batches | lr 20.00 | 13.80 ms/batch | loss  6.46 |   637.74 ppl
| epoch 1.000000 | 3000.000000/12797.171429 batches | lr 20.00 | 13.76 ms/batch | loss  6.30 |   547.12 ppl
| epoch 1.000000 | 3200.000000/12797.171429 batches | lr 20.00 | 13.77 ms/batch | loss  6.30 |   544.41 ppl
| epoch 1.000000 | 3400.000000/12797.171429 batches | lr 20.00 | 13.83 ms/batch | loss  6.32 |   555.40 ppl
| epoch 1.000000 | 3600.000000/12797.171429 batches | lr 20.00 | 13.76 ms/batch | loss  6.30 |   542.72 ppl
| epoch 1.000000 | 3800.000000/12797.171429 batches | lr 20.00 | 13.77 ms/batch | loss  6.28 |   533.55 ppl
| epoch 1.000000 | 4000.000000/12797.171429 batches | lr 20.00 | 13.73 ms/batch | loss  6.25 |   520.53 ppl
| epoch 1.000000 | 4200.000000/12797.171429 batches | lr 20.00 | 13.75 ms/batch | loss  6.28 |   534.47 ppl
| epoch 1.000000 | 4400.000000/12797.171429 batches | lr 20.00 | 13.77 ms/batch | loss  6.27 |   527.19 ppl
| epoch 1.000000 | 4600.000000/12797.171429 batches | lr 20.00 | 13.73 ms/batch | loss  6.24 |   510.51 ppl
| epoch 1.000000 | 4800.000000/12797.171429 batches | lr 20.00 | 13.78 ms/batch | loss  6.20 |   492.19 ppl
| epoch 1.000000 | 5000.000000/12797.171429 batches | lr 20.00 | 13.73 ms/batch | loss  6.27 |   529.98 ppl
| epoch 1.000000 | 5200.000000/12797.171429 batches | lr 20.00 | 13.77 ms/batch | loss  6.28 |   531.81 ppl
| epoch 1.000000 | 5400.000000/12797.171429 batches | lr 20.00 | 13.75 ms/batch | loss  6.29 |   537.77 ppl
| epoch 1.000000 | 5600.000000/12797.171429 batches | lr 20.00 | 13.79 ms/batch | loss  6.20 |   494.51 ppl
| epoch 1.000000 | 5800.000000/12797.171429 batches | lr 20.00 | 13.73 ms/batch | loss  6.20 |   491.26 ppl
| epoch 1.000000 | 6000.000000/12797.171429 batches | lr 20.00 | 13.80 ms/batch | loss  6.16 |   473.08 ppl
| epoch 1.000000 | 6200.000000/12797.171429 batches | lr 20.00 | 13.81 ms/batch | loss  6.14 |   465.83 ppl
| epoch 1.000000 | 6400.000000/12797.171429 batches | lr 20.00 | 13.76 ms/batch | loss  6.11 |   450.94 ppl
| epoch 1.000000 | 6600.000000/12797.171429 batches | lr 20.00 | 13.79 ms/batch | loss  6.15 |   466.74 ppl
| epoch 1.000000 | 6800.000000/12797.171429 batches | lr 20.00 | 13.79 ms/batch | loss  6.12 |   455.70 ppl
| epoch 1.000000 | 7000.000000/12797.171429 batches | lr 20.00 | 13.72 ms/batch | loss  6.16 |   475.26 ppl
| epoch 1.000000 | 7200.000000/12797.171429 batches | lr 20.00 | 13.78 ms/batch | loss  6.16 |   473.17 ppl
| epoch 1.000000 | 7400.000000/12797.171429 batches | lr 20.00 | 13.74 ms/batch | loss  6.17 |   479.16 ppl
| epoch 1.000000 | 7600.000000/12797.171429 batches | lr 20.00 | 13.77 ms/batch | loss  6.20 |   494.28 ppl
| epoch 1.000000 | 7800.000000/12797.171429 batches | lr 20.00 | 13.73 ms/batch | loss  6.15 |   468.69 ppl
| epoch 1.000000 | 8000.000000/12797.171429 batches | lr 20.00 | 13.76 ms/batch | loss  6.14 |   466.03 ppl
| epoch 1.000000 | 8200.000000/12797.171429 batches | lr 20.00 | 13.75 ms/batch | loss  6.08 |   437.88 ppl
| epoch 1.000000 | 8400.000000/12797.171429 batches | lr 20.00 | 13.77 ms/batch | loss  6.09 |   443.15 ppl
| epoch 1.000000 | 8600.000000/12797.171429 batches | lr 20.00 | 13.72 ms/batch | loss  6.13 |   459.09 ppl
| epoch 1.000000 | 8800.000000/12797.171429 batches | lr 20.00 | 13.75 ms/batch | loss  6.14 |   463.43 ppl
| epoch 1.000000 | 9000.000000/12797.171429 batches | lr 20.00 | 13.73 ms/batch | loss  6.11 |   449.40 ppl
| epoch 1.000000 | 9200.000000/12797.171429 batches | lr 20.00 | 13.75 ms/batch | loss  6.09 |   442.75 ppl
| epoch 1.000000 | 9400.000000/12797.171429 batches | lr 20.00 | 13.72 ms/batch | loss  6.10 |   445.37 ppl
| epoch 1.000000 | 9600.000000/12797.171429 batches | lr 20.00 | 13.79 ms/batch | loss  6.08 |   438.65 ppl
| epoch 1.000000 | 9800.000000/12797.171429 batches | lr 20.00 | 13.77 ms/batch | loss  6.10 |   447.67 ppl
| epoch 1.000000 | 10000.000000/12797.171429 batches | lr 20.00 | 13.79 ms/batch | loss  6.10 |   446.86 ppl
| epoch 1.000000 | 10200.000000/12797.171429 batches | lr 20.00 | 13.75 ms/batch | loss  6.03 |   415.34 ppl
| epoch 1.000000 | 10400.000000/12797.171429 batches | lr 20.00 | 13.72 ms/batch | loss  6.03 |   414.62 ppl
| epoch 1.000000 | 10600.000000/12797.171429 batches | lr 20.00 | 13.76 ms/batch | loss  6.02 |   410.35 ppl
| epoch 1.000000 | 10800.000000/12797.171429 batches | lr 20.00 | 13.77 ms/batch | loss  6.05 |   425.50 ppl
| epoch 1.000000 | 11000.000000/12797.171429 batches | lr 20.00 | 13.75 ms/batch | loss  6.10 |   447.56 ppl
| epoch 1.000000 | 11200.000000/12797.171429 batches | lr 20.00 | 13.86 ms/batch | loss  6.04 |   419.68 ppl
| epoch 1.000000 | 11400.000000/12797.171429 batches | lr 20.00 | 13.82 ms/batch | loss  6.05 |   424.80 ppl
| epoch 1.000000 | 11600.000000/12797.171429 batches | lr 20.00 | 13.77 ms/batch | loss  6.00 |   404.89 ppl
| epoch 1.000000 | 11800.000000/12797.171429 batches | lr 20.00 | 13.80 ms/batch | loss  6.01 |   408.95 ppl
| epoch 1.000000 | 12000.000000/12797.171429 batches | lr 20.00 | 13.75 ms/batch | loss  5.99 |   399.07 ppl
| epoch 1.000000 | 12200.000000/12797.171429 batches | lr 20.00 | 13.73 ms/batch | loss  6.01 |   406.21 ppl
| epoch 1.000000 | 12400.000000/12797.171429 batches | lr 20.00 | 13.77 ms/batch | loss  6.12 |   453.12 ppl
| epoch 1.000000 | 12600.000000/12797.171429 batches | lr 20.00 | 13.77 ms/batch | loss  5.99 |   399.83 ppl
-----------------------------------------------------------------------------------------
| end of epoch   1 | time: 178.85s | valid loss  6.10 | valid ppl   445.08
-----------------------------------------------------------------------------------------

| epoch 2.000000 | 200.000000/12797.171429 batches | lr 20.00 | 13.84 ms/batch | loss  6.01 |   405.51 ppl
| epoch 2.000000 | 400.000000/12797.171429 batches | lr 20.00 | 13.79 ms/batch | loss  5.99 |   399.23 ppl
| epoch 2.000000 | 600.000000/12797.171429 batches | lr 20.00 | 13.74 ms/batch | loss  5.96 |   386.29 ppl
| epoch 2.000000 | 800.000000/12797.171429 batches | lr 20.00 | 13.78 ms/batch | loss  6.06 |   429.53 ppl
| epoch 2.000000 | 1000.000000/12797.171429 batches | lr 20.00 | 13.75 ms/batch | loss  6.04 |   418.91 ppl
| epoch 2.000000 | 1200.000000/12797.171429 batches | lr 20.00 | 13.76 ms/batch | loss  6.03 |   413.68 ppl
| epoch 2.000000 | 1400.000000/12797.171429 batches | lr 20.00 | 13.78 ms/batch | loss  6.04 |   418.25 ppl
| epoch 2.000000 | 1600.000000/12797.171429 batches | lr 20.00 | 13.79 ms/batch | loss  5.98 |   394.38 ppl
| epoch 2.000000 | 1800.000000/12797.171429 batches | lr 20.00 | 13.76 ms/batch | loss  5.99 |   397.56 ppl
| epoch 2.000000 | 2000.000000/12797.171429 batches | lr 20.00 | 13.79 ms/batch | loss  5.93 |   377.65 ppl
| epoch 2.000000 | 2200.000000/12797.171429 batches | lr 20.00 | 13.76 ms/batch | loss  5.96 |   388.20 ppl
| epoch 2.000000 | 2400.000000/12797.171429 batches | lr 20.00 | 13.81 ms/batch | loss  5.99 |   397.51 ppl
| epoch 2.000000 | 2600.000000/12797.171429 batches | lr 20.00 | 13.81 ms/batch | loss  5.99 |   399.24 ppl
| epoch 2.000000 | 2800.000000/12797.171429 batches | lr 20.00 | 13.78 ms/batch | loss  5.99 |   397.43 ppl
| epoch 2.000000 | 3000.000000/12797.171429 batches | lr 20.00 | 13.78 ms/batch | loss  5.94 |   378.74 ppl
| epoch 2.000000 | 3200.000000/12797.171429 batches | lr 20.00 | 13.75 ms/batch | loss  5.95 |   382.17 ppl
| epoch 2.000000 | 3400.000000/12797.171429 batches | lr 20.00 | 13.78 ms/batch | loss  6.00 |   402.09 ppl
| epoch 2.000000 | 3600.000000/12797.171429 batches | lr 20.00 | 13.76 ms/batch | loss  5.96 |   386.35 ppl
| epoch 2.000000 | 3800.000000/12797.171429 batches | lr 20.00 | 13.79 ms/batch | loss  5.94 |   378.67 ppl
| epoch 2.000000 | 4000.000000/12797.171429 batches | lr 20.00 | 13.78 ms/batch | loss  5.99 |   401.26 ppl
| epoch 2.000000 | 4200.000000/12797.171429 batches | lr 20.00 | 13.77 ms/batch | loss  5.95 |   382.53 ppl
| epoch 2.000000 | 4400.000000/12797.171429 batches | lr 20.00 | 13.76 ms/batch | loss  5.97 |   391.93 ppl
| epoch 2.000000 | 4600.000000/12797.171429 batches | lr 20.00 | 13.76 ms/batch | loss  5.96 |   388.36 ppl
| epoch 2.000000 | 4800.000000/12797.171429 batches | lr 20.00 | 13.75 ms/batch | loss  5.92 |   372.63 ppl
| epoch 2.000000 | 5000.000000/12797.171429 batches | lr 20.00 | 13.75 ms/batch | loss  5.93 |   376.63 ppl
| epoch 2.000000 | 5200.000000/12797.171429 batches | lr 20.00 | 13.77 ms/batch | loss  5.97 |   390.56 ppl
| epoch 2.000000 | 5400.000000/12797.171429 batches | lr 20.00 | 13.78 ms/batch | loss  5.93 |   376.77 ppl
| epoch 2.000000 | 5600.000000/12797.171429 batches | lr 20.00 | 13.81 ms/batch | loss  5.89 |   360.81 ppl
| epoch 2.000000 | 5800.000000/12797.171429 batches | lr 20.00 | 13.78 ms/batch | loss  5.92 |   371.06 ppl
| epoch 2.000000 | 6000.000000/12797.171429 batches | lr 20.00 | 13.77 ms/batch | loss  5.88 |   356.34 ppl
| epoch 2.000000 | 6200.000000/12797.171429 batches | lr 20.00 | 13.78 ms/batch | loss  5.89 |   360.78 ppl
| epoch 2.000000 | 6400.000000/12797.171429 batches | lr 20.00 | 13.77 ms/batch | loss  5.93 |   377.91 ppl
| epoch 2.000000 | 6600.000000/12797.171429 batches | lr 20.00 | 13.78 ms/batch | loss  5.93 |   374.68 ppl
| epoch 2.000000 | 6800.000000/12797.171429 batches | lr 20.00 | 13.75 ms/batch | loss  5.96 |   387.38 ppl
| epoch 2.000000 | 7000.000000/12797.171429 batches | lr 20.00 | 13.82 ms/batch | loss  5.95 |   383.93 ppl
| epoch 2.000000 | 7200.000000/12797.171429 batches | lr 20.00 | 13.78 ms/batch | loss  6.02 |   411.21 ppl
| epoch 2.000000 | 7400.000000/12797.171429 batches | lr 20.00 | 13.81 ms/batch | loss  5.99 |   398.13 ppl
| epoch 2.000000 | 7600.000000/12797.171429 batches | lr 20.00 | 13.81 ms/batch | loss  6.01 |   408.62 ppl
| epoch 2.000000 | 7800.000000/12797.171429 batches | lr 20.00 | 13.79 ms/batch | loss  5.96 |   385.93 ppl
| epoch 2.000000 | 8000.000000/12797.171429 batches | lr 20.00 | 13.78 ms/batch | loss  5.98 |   394.59 ppl
| epoch 2.000000 | 8200.000000/12797.171429 batches | lr 20.00 | 13.77 ms/batch | loss  5.96 |   388.40 ppl
| epoch 2.000000 | 8400.000000/12797.171429 batches | lr 20.00 | 13.76 ms/batch | loss  5.95 |   384.89 ppl
| epoch 2.000000 | 8600.000000/12797.171429 batches | lr 20.00 | 13.81 ms/batch | loss  5.94 |   380.91 ppl
| epoch 2.000000 | 8800.000000/12797.171429 batches | lr 20.00 | 13.82 ms/batch | loss  5.97 |   393.17 ppl
| epoch 2.000000 | 9000.000000/12797.171429 batches | lr 20.00 | 13.77 ms/batch | loss  5.94 |   379.03 ppl
| epoch 2.000000 | 9200.000000/12797.171429 batches | lr 20.00 | 13.76 ms/batch | loss  5.91 |   368.80 ppl
| epoch 2.000000 | 9400.000000/12797.171429 batches | lr 20.00 | 13.77 ms/batch | loss  5.93 |   375.20 ppl
| epoch 2.000000 | 9600.000000/12797.171429 batches | lr 20.00 | 13.78 ms/batch | loss  5.92 |   370.78 ppl
| epoch 2.000000 | 9800.000000/12797.171429 batches | lr 20.00 | 13.77 ms/batch | loss  5.94 |   380.96 ppl
| epoch 2.000000 | 10000.000000/12797.171429 batches | lr 20.00 | 13.77 ms/batch | loss  5.97 |   390.67 ppl
| epoch 2.000000 | 10200.000000/12797.171429 batches | lr 20.00 | 13.78 ms/batch | loss  5.89 |   360.95 ppl
| epoch 2.000000 | 10400.000000/12797.171429 batches | lr 20.00 | 13.80 ms/batch | loss  5.91 |   367.35 ppl
| epoch 2.000000 | 10600.000000/12797.171429 batches | lr 20.00 | 13.82 ms/batch | loss  5.90 |   364.61 ppl
| epoch 2.000000 | 10800.000000/12797.171429 batches | lr 20.00 | 13.78 ms/batch | loss  5.92 |   370.74 ppl
| epoch 2.000000 | 11000.000000/12797.171429 batches | lr 20.00 | 13.80 ms/batch | loss  5.91 |   369.73 ppl
| epoch 2.000000 | 11200.000000/12797.171429 batches | lr 20.00 | 13.76 ms/batch | loss  5.88 |   358.89 ppl
| epoch 2.000000 | 11400.000000/12797.171429 batches | lr 20.00 | 13.85 ms/batch | loss  5.96 |   387.09 ppl
| epoch 2.000000 | 11600.000000/12797.171429 batches | lr 20.00 | 13.77 ms/batch | loss  5.91 |   370.06 ppl
| epoch 2.000000 | 11800.000000/12797.171429 batches | lr 20.00 | 13.80 ms/batch | loss  5.93 |   376.84 ppl
| epoch 2.000000 | 12000.000000/12797.171429 batches | lr 20.00 | 13.76 ms/batch | loss  5.90 |   363.97 ppl
| epoch 2.000000 | 12200.000000/12797.171429 batches | lr 20.00 | 13.81 ms/batch | loss  5.88 |   357.74 ppl
| epoch 2.000000 | 12400.000000/12797.171429 batches | lr 20.00 | 13.80 ms/batch | loss  5.93 |   377.72 ppl
| epoch 2.000000 | 12600.000000/12797.171429 batches | lr 20.00 | 13.81 ms/batch | loss  5.87 |   354.71 ppl
-----------------------------------------------------------------------------------------
| end of epoch   2 | time: 178.70s | valid loss  6.08 | valid ppl   437.77
-----------------------------------------------------------------------------------------

| epoch 3.000000 | 200.000000/12797.171429 batches | lr 20.00 | 13.86 ms/batch | loss  5.93 |   376.92 ppl
| epoch 3.000000 | 400.000000/12797.171429 batches | lr 20.00 | 13.77 ms/batch | loss  5.94 |   378.90 ppl
| epoch 3.000000 | 600.000000/12797.171429 batches | lr 20.00 | 13.76 ms/batch | loss  5.89 |   360.31 ppl
| epoch 3.000000 | 800.000000/12797.171429 batches | lr 20.00 | 13.78 ms/batch | loss  5.96 |   386.82 ppl
| epoch 3.000000 | 1000.000000/12797.171429 batches | lr 20.00 | 13.79 ms/batch | loss  5.90 |   364.22 ppl
| epoch 3.000000 | 1200.000000/12797.171429 batches | lr 20.00 | 13.79 ms/batch | loss  5.88 |   357.06 ppl
| epoch 3.000000 | 1400.000000/12797.171429 batches | lr 20.00 | 13.79 ms/batch | loss  5.95 |   385.62 ppl
| epoch 3.000000 | 1600.000000/12797.171429 batches | lr 20.00 | 13.82 ms/batch | loss  5.90 |   364.41 ppl
| epoch 3.000000 | 1800.000000/12797.171429 batches | lr 20.00 | 13.77 ms/batch | loss  5.90 |   363.51 ppl
| epoch 3.000000 | 2000.000000/12797.171429 batches | lr 20.00 | 13.77 ms/batch | loss  5.86 |   351.32 ppl
| epoch 3.000000 | 2200.000000/12797.171429 batches | lr 20.00 | 13.74 ms/batch | loss  5.86 |   352.10 ppl
| epoch 3.000000 | 2400.000000/12797.171429 batches | lr 20.00 | 13.77 ms/batch | loss  5.88 |   358.37 ppl
| epoch 3.000000 | 2600.000000/12797.171429 batches | lr 20.00 | 13.78 ms/batch | loss  5.85 |   348.89 ppl
| epoch 3.000000 | 2800.000000/12797.171429 batches | lr 20.00 | 13.83 ms/batch | loss  5.87 |   355.23 ppl
| epoch 3.000000 | 3000.000000/12797.171429 batches | lr 20.00 | 13.80 ms/batch | loss  5.85 |   348.58 ppl
| epoch 3.000000 | 3200.000000/12797.171429 batches | lr 20.00 | 13.75 ms/batch | loss  5.92 |   371.67 ppl
| epoch 3.000000 | 3400.000000/12797.171429 batches | lr 20.00 | 13.77 ms/batch | loss  5.88 |   356.90 ppl
| epoch 3.000000 | 3600.000000/12797.171429 batches | lr 20.00 | 13.79 ms/batch | loss  5.87 |   354.21 ppl
| epoch 3.000000 | 3800.000000/12797.171429 batches | lr 20.00 | 13.81 ms/batch | loss  5.83 |   341.42 ppl
| epoch 3.000000 | 4000.000000/12797.171429 batches | lr 20.00 | 13.76 ms/batch | loss  5.86 |   352.04 ppl
| epoch 3.000000 | 4200.000000/12797.171429 batches | lr 20.00 | 13.78 ms/batch | loss  5.85 |   345.83 ppl
| epoch 3.000000 | 4400.000000/12797.171429 batches | lr 20.00 | 13.77 ms/batch | loss  5.89 |   362.46 ppl
| epoch 3.000000 | 4600.000000/12797.171429 batches | lr 20.00 | 13.79 ms/batch | loss  5.89 |   360.52 ppl
| epoch 3.000000 | 4800.000000/12797.171429 batches | lr 20.00 | 13.77 ms/batch | loss  5.83 |   340.49 ppl
| epoch 3.000000 | 5000.000000/12797.171429 batches | lr 20.00 | 13.74 ms/batch | loss  5.86 |   349.29 ppl
| epoch 3.000000 | 5200.000000/12797.171429 batches | lr 20.00 | 13.74 ms/batch | loss  5.87 |   354.93 ppl
| epoch 3.000000 | 5400.000000/12797.171429 batches | lr 20.00 | 13.79 ms/batch | loss  5.87 |   354.36 ppl
| epoch 3.000000 | 5600.000000/12797.171429 batches | lr 20.00 | 13.77 ms/batch | loss  5.82 |   336.19 ppl
| epoch 3.000000 | 5800.000000/12797.171429 batches | lr 20.00 | 13.78 ms/batch | loss  5.86 |   351.82 ppl
| epoch 3.000000 | 6000.000000/12797.171429 batches | lr 20.00 | 13.76 ms/batch | loss  5.83 |   341.40 ppl
| epoch 3.000000 | 6200.000000/12797.171429 batches | lr 20.00 | 13.79 ms/batch | loss  5.82 |   338.65 ppl
| epoch 3.000000 | 6400.000000/12797.171429 batches | lr 20.00 | 13.77 ms/batch | loss  5.85 |   345.71 ppl
| epoch 3.000000 | 6600.000000/12797.171429 batches | lr 20.00 | 13.79 ms/batch | loss  5.83 |   339.32 ppl
| epoch 3.000000 | 6800.000000/12797.171429 batches | lr 20.00 | 13.79 ms/batch | loss  5.83 |   340.00 ppl
| epoch 3.000000 | 7000.000000/12797.171429 batches | lr 20.00 | 13.77 ms/batch | loss  5.83 |   339.51 ppl
| epoch 3.000000 | 7200.000000/12797.171429 batches | lr 20.00 | 13.83 ms/batch | loss  5.89 |   360.94 ppl
| epoch 3.000000 | 7400.000000/12797.171429 batches | lr 20.00 | 13.76 ms/batch | loss  5.87 |   356.01 ppl
| epoch 3.000000 | 7600.000000/12797.171429 batches | lr 20.00 | 13.78 ms/batch | loss  5.91 |   367.14 ppl
| epoch 3.000000 | 7800.000000/12797.171429 batches | lr 20.00 | 13.80 ms/batch | loss  5.85 |   348.62 ppl
| epoch 3.000000 | 8000.000000/12797.171429 batches | lr 20.00 | 13.76 ms/batch | loss  5.91 |   368.06 ppl
| epoch 3.000000 | 8200.000000/12797.171429 batches | lr 20.00 | 13.81 ms/batch | loss  5.88 |   359.43 ppl
| epoch 3.000000 | 8400.000000/12797.171429 batches | lr 20.00 | 13.78 ms/batch | loss  5.85 |   348.02 ppl
| epoch 3.000000 | 8600.000000/12797.171429 batches | lr 20.00 | 13.76 ms/batch | loss  5.84 |   343.06 ppl
| epoch 3.000000 | 8800.000000/12797.171429 batches | lr 20.00 | 13.80 ms/batch | loss  5.84 |   345.34 ppl
| epoch 3.000000 | 9000.000000/12797.171429 batches | lr 20.00 | 13.78 ms/batch | loss  5.84 |   344.92 ppl
| epoch 3.000000 | 9200.000000/12797.171429 batches | lr 20.00 | 13.74 ms/batch | loss  5.86 |   349.47 ppl
| epoch 3.000000 | 9400.000000/12797.171429 batches | lr 20.00 | 13.79 ms/batch | loss  5.84 |   343.65 ppl
| epoch 3.000000 | 9600.000000/12797.171429 batches | lr 20.00 | 13.80 ms/batch | loss  5.90 |   364.51 ppl
| epoch 3.000000 | 9800.000000/12797.171429 batches | lr 20.00 | 13.77 ms/batch | loss  5.88 |   356.37 ppl
| epoch 3.000000 | 10000.000000/12797.171429 batches | lr 20.00 | 13.78 ms/batch | loss  5.87 |   353.97 ppl
| epoch 3.000000 | 10200.000000/12797.171429 batches | lr 20.00 | 13.78 ms/batch | loss  5.83 |   341.44 ppl
| epoch 3.000000 | 10400.000000/12797.171429 batches | lr 20.00 | 13.75 ms/batch | loss  5.86 |   350.27 ppl
| epoch 3.000000 | 10600.000000/12797.171429 batches | lr 20.00 | 13.79 ms/batch | loss  5.83 |   338.83 ppl
| epoch 3.000000 | 10800.000000/12797.171429 batches | lr 20.00 | 13.75 ms/batch | loss  5.81 |   332.31 ppl
| epoch 3.000000 | 11000.000000/12797.171429 batches | lr 20.00 | 13.75 ms/batch | loss  5.85 |   347.17 ppl
| epoch 3.000000 | 11200.000000/12797.171429 batches | lr 20.00 | 13.77 ms/batch | loss  5.83 |   340.22 ppl
| epoch 3.000000 | 11400.000000/12797.171429 batches | lr 20.00 | 13.80 ms/batch | loss  5.88 |   356.79 ppl
| epoch 3.000000 | 11600.000000/12797.171429 batches | lr 20.00 | 13.79 ms/batch | loss  5.87 |   354.92 ppl
| epoch 3.000000 | 11800.000000/12797.171429 batches | lr 20.00 | 13.77 ms/batch | loss  5.85 |   348.82 ppl
| epoch 3.000000 | 12000.000000/12797.171429 batches | lr 20.00 | 13.74 ms/batch | loss  5.86 |   349.50 ppl
| epoch 3.000000 | 12200.000000/12797.171429 batches | lr 20.00 | 13.77 ms/batch | loss  5.81 |   332.33 ppl
| epoch 3.000000 | 12400.000000/12797.171429 batches | lr 20.00 | 13.76 ms/batch | loss  5.83 |   342.03 ppl
| epoch 3.000000 | 12600.000000/12797.171429 batches | lr 20.00 | 13.74 ms/batch | loss  5.78 |   323.64 ppl
-----------------------------------------------------------------------------------------
| end of epoch   3 | time: 178.66s | valid loss  6.04 | valid ppl   418.01
-----------------------------------------------------------------------------------------

| epoch 4.000000 | 200.000000/12797.171429 batches | lr 20.00 | 13.80 ms/batch | loss  5.83 |   341.31 ppl
| epoch 4.000000 | 400.000000/12797.171429 batches | lr 20.00 | 13.76 ms/batch | loss  5.84 |   344.29 ppl
| epoch 4.000000 | 600.000000/12797.171429 batches | lr 20.00 | 13.79 ms/batch | loss  5.77 |   319.86 ppl
| epoch 4.000000 | 800.000000/12797.171429 batches | lr 20.00 | 13.74 ms/batch | loss  5.86 |   349.24 ppl
| epoch 4.000000 | 1000.000000/12797.171429 batches | lr 20.00 | 13.81 ms/batch | loss  5.82 |   337.53 ppl
| epoch 4.000000 | 1200.000000/12797.171429 batches | lr 20.00 | 13.79 ms/batch | loss  5.87 |   355.31 ppl
| epoch 4.000000 | 1400.000000/12797.171429 batches | lr 20.00 | 13.76 ms/batch | loss  5.88 |   358.78 ppl
| epoch 4.000000 | 1600.000000/12797.171429 batches | lr 20.00 | 13.82 ms/batch | loss  5.82 |   337.54 ppl
| epoch 4.000000 | 1800.000000/12797.171429 batches | lr 20.00 | 13.79 ms/batch | loss  5.84 |   343.37 ppl
| epoch 4.000000 | 2000.000000/12797.171429 batches | lr 20.00 | 13.79 ms/batch | loss  5.83 |   339.26 ppl
| epoch 4.000000 | 2200.000000/12797.171429 batches | lr 20.00 | 13.79 ms/batch | loss  5.82 |   338.01 ppl
| epoch 4.000000 | 2400.000000/12797.171429 batches | lr 20.00 | 13.78 ms/batch | loss  5.81 |   333.14 ppl
| epoch 4.000000 | 2600.000000/12797.171429 batches | lr 20.00 | 13.78 ms/batch | loss  5.83 |   339.33 ppl
| epoch 4.000000 | 2800.000000/12797.171429 batches | lr 20.00 | 13.78 ms/batch | loss  5.85 |   348.13 ppl
| epoch 4.000000 | 3000.000000/12797.171429 batches | lr 20.00 | 13.79 ms/batch | loss  5.79 |   325.99 ppl
| epoch 4.000000 | 3200.000000/12797.171429 batches | lr 20.00 | 13.81 ms/batch | loss  5.82 |   335.34 ppl
| epoch 4.000000 | 3400.000000/12797.171429 batches | lr 20.00 | 13.82 ms/batch | loss  5.84 |   343.15 ppl
| epoch 4.000000 | 3600.000000/12797.171429 batches | lr 20.00 | 13.74 ms/batch | loss  5.83 |   340.62 ppl
| epoch 4.000000 | 3800.000000/12797.171429 batches | lr 20.00 | 13.78 ms/batch | loss  5.80 |   331.95 ppl
| epoch 4.000000 | 4000.000000/12797.171429 batches | lr 20.00 | 13.79 ms/batch | loss  5.79 |   328.46 ppl
| epoch 4.000000 | 4200.000000/12797.171429 batches | lr 20.00 | 13.79 ms/batch | loss  5.80 |   330.92 ppl
| epoch 4.000000 | 4400.000000/12797.171429 batches | lr 20.00 | 13.81 ms/batch | loss  5.81 |   334.33 ppl
| epoch 4.000000 | 4600.000000/12797.171429 batches | lr 20.00 | 13.74 ms/batch | loss  5.77 |   321.88 ppl
| epoch 4.000000 | 4800.000000/12797.171429 batches | lr 20.00 | 13.75 ms/batch | loss  5.78 |   325.03 ppl
| epoch 4.000000 | 5000.000000/12797.171429 batches | lr 20.00 | 13.78 ms/batch | loss  5.79 |   328.50 ppl
| epoch 4.000000 | 5200.000000/12797.171429 batches | lr 20.00 | 13.78 ms/batch | loss  5.79 |   328.33 ppl
| epoch 4.000000 | 5400.000000/12797.171429 batches | lr 20.00 | 13.78 ms/batch | loss  5.79 |   328.33 ppl
| epoch 4.000000 | 5600.000000/12797.171429 batches | lr 20.00 | 13.76 ms/batch | loss  5.76 |   316.18 ppl
| epoch 4.000000 | 5800.000000/12797.171429 batches | lr 20.00 | 13.74 ms/batch | loss  5.79 |   326.38 ppl
| epoch 4.000000 | 6000.000000/12797.171429 batches | lr 20.00 | 13.79 ms/batch | loss  5.76 |   316.96 ppl
| epoch 4.000000 | 6200.000000/12797.171429 batches | lr 20.00 | 13.77 ms/batch | loss  5.76 |   317.01 ppl
| epoch 4.000000 | 6400.000000/12797.171429 batches | lr 20.00 | 13.77 ms/batch | loss  5.77 |   322.05 ppl
| epoch 4.000000 | 6600.000000/12797.171429 batches | lr 20.00 | 13.74 ms/batch | loss  5.77 |   321.14 ppl
| epoch 4.000000 | 6800.000000/12797.171429 batches | lr 20.00 | 13.81 ms/batch | loss  5.79 |   328.55 ppl
| epoch 4.000000 | 7000.000000/12797.171429 batches | lr 20.00 | 13.73 ms/batch | loss  5.80 |   331.74 ppl
| epoch 4.000000 | 7200.000000/12797.171429 batches | lr 20.00 | 13.78 ms/batch | loss  5.85 |   348.72 ppl
| epoch 4.000000 | 7400.000000/12797.171429 batches | lr 20.00 | 13.75 ms/batch | loss  5.82 |   337.43 ppl
| epoch 4.000000 | 7600.000000/12797.171429 batches | lr 20.00 | 13.84 ms/batch | loss  5.83 |   342.00 ppl
| epoch 4.000000 | 7800.000000/12797.171429 batches | lr 20.00 | 13.79 ms/batch | loss  5.78 |   325.25 ppl
| epoch 4.000000 | 8000.000000/12797.171429 batches | lr 20.00 | 13.75 ms/batch | loss  5.81 |   333.30 ppl
| epoch 4.000000 | 8200.000000/12797.171429 batches | lr 20.00 | 13.76 ms/batch | loss  5.82 |   335.78 ppl
| epoch 4.000000 | 8400.000000/12797.171429 batches | lr 20.00 | 13.81 ms/batch | loss  5.77 |   320.69 ppl
| epoch 4.000000 | 8600.000000/12797.171429 batches | lr 20.00 | 13.82 ms/batch | loss  5.81 |   333.68 ppl
| epoch 4.000000 | 8800.000000/12797.171429 batches | lr 20.00 | 13.78 ms/batch | loss  5.78 |   324.78 ppl
| epoch 4.000000 | 9000.000000/12797.171429 batches | lr 20.00 | 13.79 ms/batch | loss  5.78 |   322.55 ppl
| epoch 4.000000 | 9200.000000/12797.171429 batches | lr 20.00 | 13.79 ms/batch | loss  5.78 |   323.40 ppl
| epoch 4.000000 | 9400.000000/12797.171429 batches | lr 20.00 | 13.77 ms/batch | loss  5.77 |   319.94 ppl
| epoch 4.000000 | 9600.000000/12797.171429 batches | lr 20.00 | 13.79 ms/batch | loss  5.80 |   328.78 ppl
| epoch 4.000000 | 9800.000000/12797.171429 batches | lr 20.00 | 13.79 ms/batch | loss  5.81 |   332.98 ppl
| epoch 4.000000 | 10000.000000/12797.171429 batches | lr 20.00 | 13.77 ms/batch | loss  5.80 |   331.68 ppl
| epoch 4.000000 | 10200.000000/12797.171429 batches | lr 20.00 | 13.78 ms/batch | loss  5.73 |   307.35 ppl
| epoch 4.000000 | 10400.000000/12797.171429 batches | lr 20.00 | 13.77 ms/batch | loss  5.74 |   310.79 ppl
| epoch 4.000000 | 10600.000000/12797.171429 batches | lr 20.00 | 13.81 ms/batch | loss  5.75 |   313.32 ppl
| epoch 4.000000 | 10800.000000/12797.171429 batches | lr 20.00 | 13.77 ms/batch | loss  5.84 |   342.31 ppl
| epoch 4.000000 | 11000.000000/12797.171429 batches | lr 20.00 | 13.78 ms/batch | loss  5.78 |   322.36 ppl
| epoch 4.000000 | 11200.000000/12797.171429 batches | lr 20.00 | 13.77 ms/batch | loss  5.73 |   308.72 ppl
| epoch 4.000000 | 11400.000000/12797.171429 batches | lr 20.00 | 13.81 ms/batch | loss  5.80 |   329.00 ppl
| epoch 4.000000 | 11600.000000/12797.171429 batches | lr 20.00 | 13.74 ms/batch | loss  5.79 |   328.12 ppl
| epoch 4.000000 | 11800.000000/12797.171429 batches | lr 20.00 | 13.77 ms/batch | loss  5.83 |   339.23 ppl
| epoch 4.000000 | 12000.000000/12797.171429 batches | lr 20.00 | 13.83 ms/batch | loss  5.79 |   326.70 ppl
| epoch 4.000000 | 12200.000000/12797.171429 batches | lr 20.00 | 13.76 ms/batch | loss  5.76 |   318.09 ppl
| epoch 4.000000 | 12400.000000/12797.171429 batches | lr 20.00 | 13.79 ms/batch | loss  5.79 |   328.31 ppl
| epoch 4.000000 | 12600.000000/12797.171429 batches | lr 20.00 | 13.77 ms/batch | loss  5.72 |   305.90 ppl
-----------------------------------------------------------------------------------------
| end of epoch   4 | time: 178.70s | valid loss  5.94 | valid ppl   380.77
-----------------------------------------------------------------------------------------

| epoch 5.000000 | 200.000000/12797.171429 batches | lr 20.00 | 13.82 ms/batch | loss  5.79 |   325.46 ppl
| epoch 5.000000 | 400.000000/12797.171429 batches | lr 20.00 | 13.77 ms/batch | loss  5.79 |   325.69 ppl
| epoch 5.000000 | 600.000000/12797.171429 batches | lr 20.00 | 13.80 ms/batch | loss  5.71 |   302.01 ppl
| epoch 5.000000 | 800.000000/12797.171429 batches | lr 20.00 | 13.79 ms/batch | loss  5.80 |   331.22 ppl
| epoch 5.000000 | 1000.000000/12797.171429 batches | lr 20.00 | 13.80 ms/batch | loss  5.75 |   313.79 ppl
| epoch 5.000000 | 1200.000000/12797.171429 batches | lr 20.00 | 13.79 ms/batch | loss  5.79 |   326.40 ppl
| epoch 5.000000 | 1400.000000/12797.171429 batches | lr 20.00 | 13.75 ms/batch | loss  5.80 |   331.46 ppl
| epoch 5.000000 | 1600.000000/12797.171429 batches | lr 20.00 | 13.78 ms/batch | loss  5.74 |   309.87 ppl
| epoch 5.000000 | 1800.000000/12797.171429 batches | lr 20.00 | 13.76 ms/batch | loss  5.76 |   316.67 ppl
| epoch 5.000000 | 2000.000000/12797.171429 batches | lr 20.00 | 13.72 ms/batch | loss  5.75 |   312.69 ppl
| epoch 5.000000 | 2200.000000/12797.171429 batches | lr 20.00 | 13.74 ms/batch | loss  5.76 |   316.03 ppl
| epoch 5.000000 | 2400.000000/12797.171429 batches | lr 20.00 | 13.79 ms/batch | loss  5.73 |   307.13 ppl
| epoch 5.000000 | 2600.000000/12797.171429 batches | lr 20.00 | 13.78 ms/batch | loss  5.76 |   316.59 ppl
| epoch 5.000000 | 2800.000000/12797.171429 batches | lr 20.00 | 13.77 ms/batch | loss  5.79 |   328.44 ppl
| epoch 5.000000 | 3000.000000/12797.171429 batches | lr 20.00 | 13.77 ms/batch | loss  5.73 |   308.66 ppl
| epoch 5.000000 | 3200.000000/12797.171429 batches | lr 20.00 | 13.79 ms/batch | loss  5.76 |   318.32 ppl
| epoch 5.000000 | 3400.000000/12797.171429 batches | lr 20.00 | 13.80 ms/batch | loss  5.76 |   315.91 ppl
| epoch 5.000000 | 3600.000000/12797.171429 batches | lr 20.00 | 13.77 ms/batch | loss  5.74 |   311.89 ppl
| epoch 5.000000 | 3800.000000/12797.171429 batches | lr 20.00 | 13.75 ms/batch | loss  5.73 |   307.67 ppl
| epoch 5.000000 | 4000.000000/12797.171429 batches | lr 20.00 | 13.79 ms/batch | loss  5.74 |   310.91 ppl
| epoch 5.000000 | 4200.000000/12797.171429 batches | lr 20.00 | 13.81 ms/batch | loss  5.73 |   309.15 ppl
| epoch 5.000000 | 4400.000000/12797.171429 batches | lr 20.00 | 13.76 ms/batch | loss  5.79 |   327.58 ppl
| epoch 5.000000 | 4600.000000/12797.171429 batches | lr 20.00 | 13.80 ms/batch | loss  5.82 |   336.11 ppl
| epoch 5.000000 | 4800.000000/12797.171429 batches | lr 20.00 | 13.77 ms/batch | loss  5.81 |   333.68 ppl
| epoch 5.000000 | 5000.000000/12797.171429 batches | lr 20.00 | 13.75 ms/batch | loss  5.79 |   327.05 ppl
| epoch 5.000000 | 5200.000000/12797.171429 batches | lr 20.00 | 13.77 ms/batch | loss  5.79 |   325.47 ppl
| epoch 5.000000 | 5400.000000/12797.171429 batches | lr 20.00 | 13.80 ms/batch | loss  5.76 |   318.84 ppl
| epoch 5.000000 | 5600.000000/12797.171429 batches | lr 20.00 | 13.75 ms/batch | loss  5.73 |   307.51 ppl
| epoch 5.000000 | 5800.000000/12797.171429 batches | lr 20.00 | 13.81 ms/batch | loss  5.76 |   316.93 ppl
| epoch 5.000000 | 6000.000000/12797.171429 batches | lr 20.00 | 13.77 ms/batch | loss  5.77 |   319.76 ppl
| epoch 5.000000 | 6200.000000/12797.171429 batches | lr 20.00 | 13.74 ms/batch | loss  5.76 |   318.71 ppl
| epoch 5.000000 | 6400.000000/12797.171429 batches | lr 20.00 | 13.80 ms/batch | loss  5.78 |   323.45 ppl
| epoch 5.000000 | 6600.000000/12797.171429 batches | lr 20.00 | 13.79 ms/batch | loss  5.75 |   314.43 ppl
| epoch 5.000000 | 6800.000000/12797.171429 batches | lr 20.00 | 13.78 ms/batch | loss  5.76 |   317.49 ppl
| epoch 5.000000 | 7000.000000/12797.171429 batches | lr 20.00 | 13.80 ms/batch | loss  5.77 |   320.03 ppl
| epoch 5.000000 | 7200.000000/12797.171429 batches | lr 20.00 | 13.78 ms/batch | loss  5.79 |   326.68 ppl
| epoch 5.000000 | 7400.000000/12797.171429 batches | lr 20.00 | 13.77 ms/batch | loss  5.77 |   321.68 ppl
| epoch 5.000000 | 7600.000000/12797.171429 batches | lr 20.00 | 13.78 ms/batch | loss  5.81 |   332.53 ppl
| epoch 5.000000 | 7800.000000/12797.171429 batches | lr 20.00 | 13.84 ms/batch | loss  5.76 |   316.56 ppl
| epoch 5.000000 | 8000.000000/12797.171429 batches | lr 20.00 | 13.79 ms/batch | loss  5.80 |   331.89 ppl
| epoch 5.000000 | 8200.000000/12797.171429 batches | lr 20.00 | 13.80 ms/batch | loss  5.77 |   321.58 ppl
| epoch 5.000000 | 8400.000000/12797.171429 batches | lr 20.00 | 13.77 ms/batch | loss  5.73 |   306.69 ppl
| epoch 5.000000 | 8600.000000/12797.171429 batches | lr 20.00 | 13.77 ms/batch | loss  5.76 |   317.98 ppl
| epoch 5.000000 | 8800.000000/12797.171429 batches | lr 20.00 | 13.79 ms/batch | loss  5.75 |   313.10 ppl
| epoch 5.000000 | 9000.000000/12797.171429 batches | lr 20.00 | 13.81 ms/batch | loss  5.78 |   324.72 ppl
| epoch 5.000000 | 9200.000000/12797.171429 batches | lr 20.00 | 13.81 ms/batch | loss  5.76 |   316.19 ppl
| epoch 5.000000 | 9400.000000/12797.171429 batches | lr 20.00 | 13.79 ms/batch | loss  5.73 |   308.20 ppl
| epoch 5.000000 | 9600.000000/12797.171429 batches | lr 20.00 | 13.77 ms/batch | loss  5.75 |   315.39 ppl
| epoch 5.000000 | 9800.000000/12797.171429 batches | lr 20.00 | 13.76 ms/batch | loss  5.74 |   310.91 ppl
| epoch 5.000000 | 10000.000000/12797.171429 batches | lr 20.00 | 13.79 ms/batch | loss  5.78 |   323.31 ppl
| epoch 5.000000 | 10200.000000/12797.171429 batches | lr 20.00 | 13.78 ms/batch | loss  5.73 |   307.19 ppl
| epoch 5.000000 | 10400.000000/12797.171429 batches | lr 20.00 | 13.80 ms/batch | loss  5.72 |   304.88 ppl
| epoch 5.000000 | 10600.000000/12797.171429 batches | lr 20.00 | 13.80 ms/batch | loss  5.72 |   303.79 ppl
| epoch 5.000000 | 10800.000000/12797.171429 batches | lr 20.00 | 13.75 ms/batch | loss  5.73 |   308.59 ppl
| epoch 5.000000 | 11000.000000/12797.171429 batches | lr 20.00 | 13.76 ms/batch | loss  5.75 |   315.02 ppl
| epoch 5.000000 | 11200.000000/12797.171429 batches | lr 20.00 | 13.76 ms/batch | loss  5.70 |   300.05 ppl
| epoch 5.000000 | 11400.000000/12797.171429 batches | lr 20.00 | 13.72 ms/batch | loss  5.77 |   319.84 ppl
| epoch 5.000000 | 11600.000000/12797.171429 batches | lr 20.00 | 13.81 ms/batch | loss  5.74 |   311.21 ppl
| epoch 5.000000 | 11800.000000/12797.171429 batches | lr 20.00 | 13.77 ms/batch | loss  5.78 |   323.14 ppl
| epoch 5.000000 | 12000.000000/12797.171429 batches | lr 20.00 | 13.80 ms/batch | loss  5.75 |   313.24 ppl
| epoch 5.000000 | 12200.000000/12797.171429 batches | lr 20.00 | 13.83 ms/batch | loss  5.72 |   303.89 ppl
| epoch 5.000000 | 12400.000000/12797.171429 batches | lr 20.00 | 13.78 ms/batch | loss  5.74 |   312.18 ppl
| epoch 5.000000 | 12600.000000/12797.171429 batches | lr 20.00 | 13.80 ms/batch | loss  5.70 |   298.71 ppl
-----------------------------------------------------------------------------------------
| end of epoch   5 | time: 178.71s | valid loss  5.88 | valid ppl   357.53
-----------------------------------------------------------------------------------------

| epoch 6.000000 | 200.000000/12797.171429 batches | lr 20.00 | 13.86 ms/batch | loss  5.74 |   310.51 ppl
| epoch 6.000000 | 400.000000/12797.171429 batches | lr 20.00 | 13.77 ms/batch | loss  5.78 |   323.62 ppl
| epoch 6.000000 | 600.000000/12797.171429 batches | lr 20.00 | 13.79 ms/batch | loss  5.70 |   298.62 ppl
| epoch 6.000000 | 800.000000/12797.171429 batches | lr 20.00 | 13.78 ms/batch | loss  5.75 |   313.85 ppl
| epoch 6.000000 | 1000.000000/12797.171429 batches | lr 20.00 | 13.77 ms/batch | loss  5.74 |   310.08 ppl
| epoch 6.000000 | 1200.000000/12797.171429 batches | lr 20.00 | 13.77 ms/batch | loss  5.75 |   315.37 ppl
| epoch 6.000000 | 1400.000000/12797.171429 batches | lr 20.00 | 13.79 ms/batch | loss  5.81 |   334.03 ppl
| epoch 6.000000 | 1600.000000/12797.171429 batches | lr 20.00 | 13.80 ms/batch | loss  5.73 |   309.06 ppl
| epoch 6.000000 | 1800.000000/12797.171429 batches | lr 20.00 | 13.76 ms/batch | loss  5.75 |   315.36 ppl
| epoch 6.000000 | 2000.000000/12797.171429 batches | lr 20.00 | 13.77 ms/batch | loss  5.70 |   297.84 ppl
| epoch 6.000000 | 2200.000000/12797.171429 batches | lr 20.00 | 13.78 ms/batch | loss  5.72 |   304.35 ppl
| epoch 6.000000 | 2400.000000/12797.171429 batches | lr 20.00 | 13.75 ms/batch | loss  5.71 |   302.96 ppl
| epoch 6.000000 | 2600.000000/12797.171429 batches | lr 20.00 | 13.81 ms/batch | loss  5.72 |   304.61 ppl
| epoch 6.000000 | 2800.000000/12797.171429 batches | lr 20.00 | 13.76 ms/batch | loss  5.74 |   312.62 ppl
| epoch 6.000000 | 3000.000000/12797.171429 batches | lr 20.00 | 13.82 ms/batch | loss  5.68 |   293.48 ppl
| epoch 6.000000 | 3200.000000/12797.171429 batches | lr 20.00 | 13.78 ms/batch | loss  5.73 |   308.65 ppl
| epoch 6.000000 | 3400.000000/12797.171429 batches | lr 20.00 | 13.78 ms/batch | loss  5.72 |   306.24 ppl
| epoch 6.000000 | 3600.000000/12797.171429 batches | lr 20.00 | 13.84 ms/batch | loss  5.71 |   302.05 ppl
| epoch 6.000000 | 3800.000000/12797.171429 batches | lr 20.00 | 13.78 ms/batch | loss  5.71 |   302.80 ppl
| epoch 6.000000 | 4000.000000/12797.171429 batches | lr 20.00 | 13.76 ms/batch | loss  5.73 |   308.42 ppl
| epoch 6.000000 | 4200.000000/12797.171429 batches | lr 20.00 | 13.76 ms/batch | loss  5.73 |   307.32 ppl
| epoch 6.000000 | 4400.000000/12797.171429 batches | lr 20.00 | 13.77 ms/batch | loss  5.75 |   313.58 ppl
| epoch 6.000000 | 4600.000000/12797.171429 batches | lr 20.00 | 13.77 ms/batch | loss  5.74 |   312.27 ppl
| epoch 6.000000 | 4800.000000/12797.171429 batches | lr 20.00 | 13.80 ms/batch | loss  5.76 |   316.11 ppl
| epoch 6.000000 | 5000.000000/12797.171429 batches | lr 20.00 | 13.76 ms/batch | loss  5.78 |   323.23 ppl
| epoch 6.000000 | 5200.000000/12797.171429 batches | lr 20.00 | 13.76 ms/batch | loss  5.76 |   317.12 ppl
| epoch 6.000000 | 5400.000000/12797.171429 batches | lr 20.00 | 13.80 ms/batch | loss  5.74 |   310.41 ppl
| epoch 6.000000 | 5600.000000/12797.171429 batches | lr 20.00 | 13.76 ms/batch | loss  5.69 |   296.91 ppl
| epoch 6.000000 | 5800.000000/12797.171429 batches | lr 20.00 | 13.75 ms/batch | loss  5.71 |   301.82 ppl
| epoch 6.000000 | 6000.000000/12797.171429 batches | lr 20.00 | 13.79 ms/batch | loss  5.69 |   294.61 ppl
| epoch 6.000000 | 6200.000000/12797.171429 batches | lr 20.00 | 13.78 ms/batch | loss  5.70 |   298.99 ppl
| epoch 6.000000 | 6400.000000/12797.171429 batches | lr 20.00 | 13.76 ms/batch | loss  5.71 |   301.26 ppl
| epoch 6.000000 | 6600.000000/12797.171429 batches | lr 20.00 | 13.80 ms/batch | loss  5.70 |   297.41 ppl
| epoch 6.000000 | 6800.000000/12797.171429 batches | lr 20.00 | 13.77 ms/batch | loss  5.74 |   312.19 ppl
| epoch 6.000000 | 7000.000000/12797.171429 batches | lr 20.00 | 13.77 ms/batch | loss  5.73 |   308.33 ppl
| epoch 6.000000 | 7200.000000/12797.171429 batches | lr 20.00 | 13.79 ms/batch | loss  5.79 |   325.78 ppl
| epoch 6.000000 | 7400.000000/12797.171429 batches | lr 20.00 | 13.73 ms/batch | loss  5.77 |   320.86 ppl
| epoch 6.000000 | 7600.000000/12797.171429 batches | lr 20.00 | 13.74 ms/batch | loss  5.81 |   332.39 ppl
| epoch 6.000000 | 7800.000000/12797.171429 batches | lr 20.00 | 13.79 ms/batch | loss  5.74 |   310.70 ppl
| epoch 6.000000 | 8000.000000/12797.171429 batches | lr 20.00 | 13.79 ms/batch | loss  5.77 |   319.47 ppl
| epoch 6.000000 | 8200.000000/12797.171429 batches | lr 20.00 | 13.81 ms/batch | loss  5.76 |   318.56 ppl
| epoch 6.000000 | 8400.000000/12797.171429 batches | lr 20.00 | 13.78 ms/batch | loss  5.70 |   299.10 ppl
| epoch 6.000000 | 8600.000000/12797.171429 batches | lr 20.00 | 13.79 ms/batch | loss  5.72 |   304.34 ppl
| epoch 6.000000 | 8800.000000/12797.171429 batches | lr 20.00 | 13.76 ms/batch | loss  5.71 |   303.17 ppl
| epoch 6.000000 | 9000.000000/12797.171429 batches | lr 20.00 | 13.75 ms/batch | loss  5.70 |   299.11 ppl
| epoch 6.000000 | 9200.000000/12797.171429 batches | lr 20.00 | 13.78 ms/batch | loss  5.70 |   298.81 ppl
| epoch 6.000000 | 9400.000000/12797.171429 batches | lr 20.00 | 13.81 ms/batch | loss  5.68 |   293.96 ppl
| epoch 6.000000 | 9600.000000/12797.171429 batches | lr 20.00 | 13.76 ms/batch | loss  5.71 |   302.76 ppl
| epoch 6.000000 | 9800.000000/12797.171429 batches | lr 20.00 | 13.77 ms/batch | loss  5.74 |   311.07 ppl
| epoch 6.000000 | 10000.000000/12797.171429 batches | lr 20.00 | 13.81 ms/batch | loss  5.75 |   312.93 ppl
| epoch 6.000000 | 10200.000000/12797.171429 batches | lr 20.00 | 13.80 ms/batch | loss  5.70 |   297.80 ppl
| epoch 6.000000 | 10400.000000/12797.171429 batches | lr 20.00 | 13.73 ms/batch | loss  5.69 |   297.14 ppl
| epoch 6.000000 | 10600.000000/12797.171429 batches | lr 20.00 | 13.80 ms/batch | loss  5.68 |   294.07 ppl
| epoch 6.000000 | 10800.000000/12797.171429 batches | lr 20.00 | 13.80 ms/batch | loss  5.70 |   300.26 ppl
| epoch 6.000000 | 11000.000000/12797.171429 batches | lr 20.00 | 13.77 ms/batch | loss  5.72 |   304.40 ppl
| epoch 6.000000 | 11200.000000/12797.171429 batches | lr 20.00 | 13.80 ms/batch | loss  5.68 |   293.82 ppl
| epoch 6.000000 | 11400.000000/12797.171429 batches | lr 20.00 | 13.78 ms/batch | loss  5.73 |   308.49 ppl
| epoch 6.000000 | 11600.000000/12797.171429 batches | lr 20.00 | 13.80 ms/batch | loss  5.73 |   307.36 ppl
| epoch 6.000000 | 11800.000000/12797.171429 batches | lr 20.00 | 13.79 ms/batch | loss  5.74 |   309.87 ppl
| epoch 6.000000 | 12000.000000/12797.171429 batches | lr 20.00 | 13.79 ms/batch | loss  5.71 |   301.61 ppl
| epoch 6.000000 | 12200.000000/12797.171429 batches | lr 20.00 | 13.76 ms/batch | loss  5.69 |   296.40 ppl
| epoch 6.000000 | 12400.000000/12797.171429 batches | lr 20.00 | 13.83 ms/batch | loss  5.74 |   310.00 ppl
| epoch 6.000000 | 12600.000000/12797.171429 batches | lr 20.00 | 13.76 ms/batch | loss  5.67 |   290.38 ppl
-----------------------------------------------------------------------------------------
| end of epoch   6 | time: 178.71s | valid loss  5.92 | valid ppl   373.57
-----------------------------------------------------------------------------------------

| epoch 7.000000 | 200.000000/12797.171429 batches | lr 5.00 | 13.83 ms/batch | loss  5.32 |   204.95 ppl
| epoch 7.000000 | 400.000000/12797.171429 batches | lr 5.00 | 13.79 ms/batch | loss  5.28 |   197.04 ppl
| epoch 7.000000 | 600.000000/12797.171429 batches | lr 5.00 | 13.78 ms/batch | loss  5.21 |   183.99 ppl
| epoch 7.000000 | 800.000000/12797.171429 batches | lr 5.00 | 13.77 ms/batch | loss  5.25 |   190.42 ppl
| epoch 7.000000 | 1000.000000/12797.171429 batches | lr 5.00 | 13.79 ms/batch | loss  5.22 |   185.43 ppl
| epoch 7.000000 | 1200.000000/12797.171429 batches | lr 5.00 | 13.77 ms/batch | loss  5.24 |   188.75 ppl
| epoch 7.000000 | 1400.000000/12797.171429 batches | lr 5.00 | 13.80 ms/batch | loss  5.26 |   192.22 ppl
| epoch 7.000000 | 1600.000000/12797.171429 batches | lr 5.00 | 13.78 ms/batch | loss  5.22 |   184.54 ppl
| epoch 7.000000 | 1800.000000/12797.171429 batches | lr 5.00 | 13.75 ms/batch | loss  5.23 |   187.25 ppl
| epoch 7.000000 | 2000.000000/12797.171429 batches | lr 5.00 | 13.78 ms/batch | loss  5.20 |   181.31 ppl
| epoch 7.000000 | 2200.000000/12797.171429 batches | lr 5.00 | 13.78 ms/batch | loss  5.20 |   181.51 ppl
| epoch 7.000000 | 2400.000000/12797.171429 batches | lr 5.00 | 13.76 ms/batch | loss  5.19 |   179.81 ppl
| epoch 7.000000 | 2600.000000/12797.171429 batches | lr 5.00 | 13.78 ms/batch | loss  5.20 |   180.86 ppl
| epoch 7.000000 | 2800.000000/12797.171429 batches | lr 5.00 | 13.80 ms/batch | loss  5.23 |   187.46 ppl
| epoch 7.000000 | 3000.000000/12797.171429 batches | lr 5.00 | 13.77 ms/batch | loss  5.16 |   174.81 ppl
| epoch 7.000000 | 3200.000000/12797.171429 batches | lr 5.00 | 13.81 ms/batch | loss  5.20 |   181.89 ppl
| epoch 7.000000 | 3400.000000/12797.171429 batches | lr 5.00 | 13.82 ms/batch | loss  5.21 |   182.49 ppl
| epoch 7.000000 | 3600.000000/12797.171429 batches | lr 5.00 | 13.74 ms/batch | loss  5.18 |   178.31 ppl
| epoch 7.000000 | 3800.000000/12797.171429 batches | lr 5.00 | 13.83 ms/batch | loss  5.16 |   174.64 ppl
| epoch 7.000000 | 4000.000000/12797.171429 batches | lr 5.00 | 13.81 ms/batch | loss  5.17 |   176.06 ppl
| epoch 7.000000 | 4200.000000/12797.171429 batches | lr 5.00 | 13.76 ms/batch | loss  5.17 |   176.42 ppl
| epoch 7.000000 | 4400.000000/12797.171429 batches | lr 5.00 | 13.78 ms/batch | loss  5.19 |   180.01 ppl
| epoch 7.000000 | 4600.000000/12797.171429 batches | lr 5.00 | 13.78 ms/batch | loss  5.18 |   178.33 ppl
| epoch 7.000000 | 4800.000000/12797.171429 batches | lr 5.00 | 13.80 ms/batch | loss  5.16 |   174.55 ppl
| epoch 7.000000 | 5000.000000/12797.171429 batches | lr 5.00 | 13.78 ms/batch | loss  5.18 |   178.53 ppl
| epoch 7.000000 | 5200.000000/12797.171429 batches | lr 5.00 | 13.78 ms/batch | loss  5.20 |   180.93 ppl
| epoch 7.000000 | 5400.000000/12797.171429 batches | lr 5.00 | 13.79 ms/batch | loss  5.17 |   176.15 ppl
| epoch 7.000000 | 5600.000000/12797.171429 batches | lr 5.00 | 13.80 ms/batch | loss  5.14 |   171.40 ppl
| epoch 7.000000 | 5800.000000/12797.171429 batches | lr 5.00 | 13.76 ms/batch | loss  5.16 |   174.26 ppl
| epoch 7.000000 | 6000.000000/12797.171429 batches | lr 5.00 | 13.75 ms/batch | loss  5.14 |   170.32 ppl
| epoch 7.000000 | 6200.000000/12797.171429 batches | lr 5.00 | 13.79 ms/batch | loss  5.13 |   169.38 ppl
| epoch 7.000000 | 6400.000000/12797.171429 batches | lr 5.00 | 13.80 ms/batch | loss  5.15 |   172.98 ppl
| epoch 7.000000 | 6600.000000/12797.171429 batches | lr 5.00 | 13.77 ms/batch | loss  5.16 |   173.65 ppl
| epoch 7.000000 | 6800.000000/12797.171429 batches | lr 5.00 | 13.76 ms/batch | loss  5.15 |   172.26 ppl
| epoch 7.000000 | 7000.000000/12797.171429 batches | lr 5.00 | 13.78 ms/batch | loss  5.16 |   174.39 ppl
| epoch 7.000000 | 7200.000000/12797.171429 batches | lr 5.00 | 13.80 ms/batch | loss  5.19 |   180.20 ppl
| epoch 7.000000 | 7400.000000/12797.171429 batches | lr 5.00 | 13.80 ms/batch | loss  5.19 |   178.85 ppl
| epoch 7.000000 | 7600.000000/12797.171429 batches | lr 5.00 | 13.81 ms/batch | loss  5.20 |   181.00 ppl
| epoch 7.000000 | 7800.000000/12797.171429 batches | lr 5.00 | 13.77 ms/batch | loss  5.16 |   173.98 ppl
| epoch 7.000000 | 8000.000000/12797.171429 batches | lr 5.00 | 13.79 ms/batch | loss  5.18 |   178.04 ppl
| epoch 7.000000 | 8200.000000/12797.171429 batches | lr 5.00 | 13.79 ms/batch | loss  5.15 |   172.92 ppl
| epoch 7.000000 | 8400.000000/12797.171429 batches | lr 5.00 | 13.84 ms/batch | loss  5.13 |   168.20 ppl
| epoch 7.000000 | 8600.000000/12797.171429 batches | lr 5.00 | 13.76 ms/batch | loss  5.16 |   174.79 ppl
| epoch 7.000000 | 8800.000000/12797.171429 batches | lr 5.00 | 13.77 ms/batch | loss  5.15 |   173.18 ppl
| epoch 7.000000 | 9000.000000/12797.171429 batches | lr 5.00 | 13.79 ms/batch | loss  5.15 |   172.42 ppl
| epoch 7.000000 | 9200.000000/12797.171429 batches | lr 5.00 | 13.76 ms/batch | loss  5.15 |   171.61 ppl
| epoch 7.000000 | 9400.000000/12797.171429 batches | lr 5.00 | 13.76 ms/batch | loss  5.14 |   170.24 ppl
| epoch 7.000000 | 9600.000000/12797.171429 batches | lr 5.00 | 13.80 ms/batch | loss  5.16 |   173.88 ppl
| epoch 7.000000 | 9800.000000/12797.171429 batches | lr 5.00 | 13.79 ms/batch | loss  5.16 |   173.92 ppl
| epoch 7.000000 | 10000.000000/12797.171429 batches | lr 5.00 | 13.75 ms/batch | loss  5.17 |   175.83 ppl
| epoch 7.000000 | 10200.000000/12797.171429 batches | lr 5.00 | 13.79 ms/batch | loss  5.12 |   168.05 ppl
| epoch 7.000000 | 10400.000000/12797.171429 batches | lr 5.00 | 13.79 ms/batch | loss  5.13 |   168.53 ppl
| epoch 7.000000 | 10600.000000/12797.171429 batches | lr 5.00 | 13.81 ms/batch | loss  5.12 |   167.13 ppl
| epoch 7.000000 | 10800.000000/12797.171429 batches | lr 5.00 | 13.78 ms/batch | loss  5.12 |   167.23 ppl
| epoch 7.000000 | 11000.000000/12797.171429 batches | lr 5.00 | 13.80 ms/batch | loss  5.13 |   169.38 ppl
| epoch 7.000000 | 11200.000000/12797.171429 batches | lr 5.00 | 13.79 ms/batch | loss  5.10 |   163.76 ppl
| epoch 7.000000 | 11400.000000/12797.171429 batches | lr 5.00 | 13.80 ms/batch | loss  5.16 |   173.45 ppl
| epoch 7.000000 | 11600.000000/12797.171429 batches | lr 5.00 | 13.77 ms/batch | loss  5.12 |   168.15 ppl
| epoch 7.000000 | 11800.000000/12797.171429 batches | lr 5.00 | 13.76 ms/batch | loss  5.14 |   170.61 ppl
| epoch 7.000000 | 12000.000000/12797.171429 batches | lr 5.00 | 13.80 ms/batch | loss  5.13 |   168.68 ppl
| epoch 7.000000 | 12200.000000/12797.171429 batches | lr 5.00 | 13.81 ms/batch | loss  5.10 |   164.73 ppl
| epoch 7.000000 | 12400.000000/12797.171429 batches | lr 5.00 | 13.80 ms/batch | loss  5.14 |   170.20 ppl
| epoch 7.000000 | 12600.000000/12797.171429 batches | lr 5.00 | 13.78 ms/batch | loss  5.08 |   160.41 ppl
-----------------------------------------------------------------------------------------
| end of epoch   7 | time: 178.76s | valid loss  5.33 | valid ppl   205.95
-----------------------------------------------------------------------------------------

| epoch 8.000000 | 200.000000/12797.171429 batches | lr 5.00 | 13.89 ms/batch | loss  5.15 |   172.02 ppl
| epoch 8.000000 | 400.000000/12797.171429 batches | lr 5.00 | 13.80 ms/batch | loss  5.17 |   175.57 ppl
| epoch 8.000000 | 600.000000/12797.171429 batches | lr 5.00 | 13.76 ms/batch | loss  5.11 |   165.59 ppl
| epoch 8.000000 | 800.000000/12797.171429 batches | lr 5.00 | 13.79 ms/batch | loss  5.15 |   172.54 ppl
| epoch 8.000000 | 1000.000000/12797.171429 batches | lr 5.00 | 13.78 ms/batch | loss  5.13 |   169.05 ppl
| epoch 8.000000 | 1200.000000/12797.171429 batches | lr 5.00 | 13.81 ms/batch | loss  5.15 |   173.10 ppl
| epoch 8.000000 | 1400.000000/12797.171429 batches | lr 5.00 | 13.79 ms/batch | loss  5.18 |   177.11 ppl
| epoch 8.000000 | 1600.000000/12797.171429 batches | lr 5.00 | 13.74 ms/batch | loss  5.13 |   169.72 ppl
| epoch 8.000000 | 1800.000000/12797.171429 batches | lr 5.00 | 13.80 ms/batch | loss  5.15 |   172.89 ppl
| epoch 8.000000 | 2000.000000/12797.171429 batches | lr 5.00 | 13.79 ms/batch | loss  5.13 |   168.42 ppl
| epoch 8.000000 | 2200.000000/12797.171429 batches | lr 5.00 | 13.77 ms/batch | loss  5.13 |   169.16 ppl
| epoch 8.000000 | 2400.000000/12797.171429 batches | lr 5.00 | 13.80 ms/batch | loss  5.12 |   167.72 ppl
| epoch 8.000000 | 2600.000000/12797.171429 batches | lr 5.00 | 13.76 ms/batch | loss  5.13 |   168.41 ppl
| epoch 8.000000 | 2800.000000/12797.171429 batches | lr 5.00 | 13.79 ms/batch | loss  5.16 |   174.87 ppl
| epoch 8.000000 | 3000.000000/12797.171429 batches | lr 5.00 | 13.80 ms/batch | loss  5.10 |   164.03 ppl
| epoch 8.000000 | 3200.000000/12797.171429 batches | lr 5.00 | 13.76 ms/batch | loss  5.14 |   170.12 ppl
| epoch 8.000000 | 3400.000000/12797.171429 batches | lr 5.00 | 13.77 ms/batch | loss  5.14 |   171.21 ppl
| epoch 8.000000 | 3600.000000/12797.171429 batches | lr 5.00 | 13.77 ms/batch | loss  5.12 |   167.51 ppl
| epoch 8.000000 | 3800.000000/12797.171429 batches | lr 5.00 | 13.76 ms/batch | loss  5.10 |   164.15 ppl
| epoch 8.000000 | 4000.000000/12797.171429 batches | lr 5.00 | 13.82 ms/batch | loss  5.11 |   165.60 ppl
| epoch 8.000000 | 4200.000000/12797.171429 batches | lr 5.00 | 13.86 ms/batch | loss  5.11 |   166.24 ppl
| epoch 8.000000 | 4400.000000/12797.171429 batches | lr 5.00 | 13.78 ms/batch | loss  5.14 |   170.04 ppl
| epoch 8.000000 | 4600.000000/12797.171429 batches | lr 5.00 | 13.79 ms/batch | loss  5.12 |   167.91 ppl
| epoch 8.000000 | 4800.000000/12797.171429 batches | lr 5.00 | 13.78 ms/batch | loss  5.10 |   164.69 ppl
| epoch 8.000000 | 5000.000000/12797.171429 batches | lr 5.00 | 13.79 ms/batch | loss  5.13 |   168.87 ppl
| epoch 8.000000 | 5200.000000/12797.171429 batches | lr 5.00 | 13.78 ms/batch | loss  5.14 |   170.92 ppl
| epoch 8.000000 | 5400.000000/12797.171429 batches | lr 5.00 | 13.78 ms/batch | loss  5.12 |   166.76 ppl
| epoch 8.000000 | 5600.000000/12797.171429 batches | lr 5.00 | 13.78 ms/batch | loss  5.09 |   162.44 ppl
| epoch 8.000000 | 5800.000000/12797.171429 batches | lr 5.00 | 13.80 ms/batch | loss  5.11 |   165.58 ppl
| epoch 8.000000 | 6000.000000/12797.171429 batches | lr 5.00 | 13.82 ms/batch | loss  5.09 |   162.17 ppl
| epoch 8.000000 | 6200.000000/12797.171429 batches | lr 5.00 | 13.78 ms/batch | loss  5.08 |   160.77 ppl
| epoch 8.000000 | 6400.000000/12797.171429 batches | lr 5.00 | 13.75 ms/batch | loss  5.10 |   164.53 ppl
| epoch 8.000000 | 6600.000000/12797.171429 batches | lr 5.00 | 13.80 ms/batch | loss  5.11 |   165.62 ppl
| epoch 8.000000 | 6800.000000/12797.171429 batches | lr 5.00 | 13.78 ms/batch | loss  5.10 |   164.80 ppl
| epoch 8.000000 | 7000.000000/12797.171429 batches | lr 5.00 | 13.77 ms/batch | loss  5.11 |   166.17 ppl
| epoch 8.000000 | 7200.000000/12797.171429 batches | lr 5.00 | 13.77 ms/batch | loss  5.14 |   171.43 ppl
| epoch 8.000000 | 7400.000000/12797.171429 batches | lr 5.00 | 13.75 ms/batch | loss  5.14 |   170.77 ppl
| epoch 8.000000 | 7600.000000/12797.171429 batches | lr 5.00 | 13.80 ms/batch | loss  5.15 |   172.47 ppl
| epoch 8.000000 | 7800.000000/12797.171429 batches | lr 5.00 | 13.80 ms/batch | loss  5.11 |   166.19 ppl
| epoch 8.000000 | 8000.000000/12797.171429 batches | lr 5.00 | 13.79 ms/batch | loss  5.14 |   170.64 ppl
| epoch 8.000000 | 8200.000000/12797.171429 batches | lr 5.00 | 13.80 ms/batch | loss  5.11 |   165.71 ppl
| epoch 8.000000 | 8400.000000/12797.171429 batches | lr 5.00 | 13.80 ms/batch | loss  5.08 |   161.02 ppl
| epoch 8.000000 | 8600.000000/12797.171429 batches | lr 5.00 | 13.85 ms/batch | loss  5.12 |   167.71 ppl
| epoch 8.000000 | 8800.000000/12797.171429 batches | lr 5.00 | 13.78 ms/batch | loss  5.11 |   165.87 ppl
| epoch 8.000000 | 9000.000000/12797.171429 batches | lr 5.00 | 13.80 ms/batch | loss  5.11 |   165.41 ppl
| epoch 8.000000 | 9200.000000/12797.171429 batches | lr 5.00 | 13.77 ms/batch | loss  5.11 |   165.61 ppl
| epoch 8.000000 | 9400.000000/12797.171429 batches | lr 5.00 | 13.79 ms/batch | loss  5.10 |   163.71 ppl
| epoch 8.000000 | 9600.000000/12797.171429 batches | lr 5.00 | 13.82 ms/batch | loss  5.12 |   167.24 ppl
| epoch 8.000000 | 9800.000000/12797.171429 batches | lr 5.00 | 13.78 ms/batch | loss  5.12 |   167.07 ppl
| epoch 8.000000 | 10000.000000/12797.171429 batches | lr 5.00 | 13.79 ms/batch | loss  5.13 |   169.44 ppl
| epoch 8.000000 | 10200.000000/12797.171429 batches | lr 5.00 | 13.80 ms/batch | loss  5.09 |   161.63 ppl
| epoch 8.000000 | 10400.000000/12797.171429 batches | lr 5.00 | 13.81 ms/batch | loss  5.09 |   162.77 ppl
| epoch 8.000000 | 10600.000000/12797.171429 batches | lr 5.00 | 13.78 ms/batch | loss  5.08 |   160.96 ppl
| epoch 8.000000 | 10800.000000/12797.171429 batches | lr 5.00 | 13.79 ms/batch | loss  5.08 |   161.37 ppl
| epoch 8.000000 | 11000.000000/12797.171429 batches | lr 5.00 | 13.76 ms/batch | loss  5.10 |   163.85 ppl
| epoch 8.000000 | 11200.000000/12797.171429 batches | lr 5.00 | 13.82 ms/batch | loss  5.06 |   158.02 ppl
| epoch 8.000000 | 11400.000000/12797.171429 batches | lr 5.00 | 13.79 ms/batch | loss  5.12 |   167.51 ppl
| epoch 8.000000 | 11600.000000/12797.171429 batches | lr 5.00 | 13.77 ms/batch | loss  5.09 |   162.71 ppl
| epoch 8.000000 | 11800.000000/12797.171429 batches | lr 5.00 | 13.78 ms/batch | loss  5.11 |   165.21 ppl
| epoch 8.000000 | 12000.000000/12797.171429 batches | lr 5.00 | 13.78 ms/batch | loss  5.10 |   163.39 ppl
| epoch 8.000000 | 12200.000000/12797.171429 batches | lr 5.00 | 13.77 ms/batch | loss  5.07 |   159.64 ppl
| epoch 8.000000 | 12400.000000/12797.171429 batches | lr 5.00 | 13.79 ms/batch | loss  5.11 |   164.94 ppl
| epoch 8.000000 | 12600.000000/12797.171429 batches | lr 5.00 | 13.78 ms/batch | loss  5.05 |   155.46 ppl
-----------------------------------------------------------------------------------------
| end of epoch   8 | time: 178.82s | valid loss  5.30 | valid ppl   200.41
-----------------------------------------------------------------------------------------

| epoch 9.000000 | 200.000000/12797.171429 batches | lr 5.00 | 13.87 ms/batch | loss  5.11 |   165.86 ppl
| epoch 9.000000 | 400.000000/12797.171429 batches | lr 5.00 | 13.78 ms/batch | loss  5.13 |   169.11 ppl
| epoch 9.000000 | 600.000000/12797.171429 batches | lr 5.00 | 13.81 ms/batch | loss  5.08 |   160.30 ppl
| epoch 9.000000 | 800.000000/12797.171429 batches | lr 5.00 | 13.79 ms/batch | loss  5.11 |   166.48 ppl
| epoch 9.000000 | 1000.000000/12797.171429 batches | lr 5.00 | 13.80 ms/batch | loss  5.10 |   163.39 ppl
| epoch 9.000000 | 1200.000000/12797.171429 batches | lr 5.00 | 13.81 ms/batch | loss  5.12 |   167.25 ppl
| epoch 9.000000 | 1400.000000/12797.171429 batches | lr 5.00 | 13.82 ms/batch | loss  5.14 |   170.60 ppl
| epoch 9.000000 | 1600.000000/12797.171429 batches | lr 5.00 | 13.83 ms/batch | loss  5.10 |   164.33 ppl
| epoch 9.000000 | 1800.000000/12797.171429 batches | lr 5.00 | 13.80 ms/batch | loss  5.12 |   167.16 ppl
| epoch 9.000000 | 2000.000000/12797.171429 batches | lr 5.00 | 13.77 ms/batch | loss  5.09 |   162.45 ppl
| epoch 9.000000 | 2200.000000/12797.171429 batches | lr 5.00 | 13.78 ms/batch | loss  5.10 |   163.79 ppl
| epoch 9.000000 | 2400.000000/12797.171429 batches | lr 5.00 | 13.82 ms/batch | loss  5.09 |   162.23 ppl
| epoch 9.000000 | 2600.000000/12797.171429 batches | lr 5.00 | 13.77 ms/batch | loss  5.09 |   163.19 ppl
| epoch 9.000000 | 2800.000000/12797.171429 batches | lr 5.00 | 13.79 ms/batch | loss  5.13 |   169.09 ppl
| epoch 9.000000 | 3000.000000/12797.171429 batches | lr 5.00 | 13.84 ms/batch | loss  5.07 |   158.62 ppl
| epoch 9.000000 | 3200.000000/12797.171429 batches | lr 5.00 | 13.81 ms/batch | loss  5.10 |   164.74 ppl
| epoch 9.000000 | 3400.000000/12797.171429 batches | lr 5.00 | 13.75 ms/batch | loss  5.11 |   166.13 ppl
| epoch 9.000000 | 3600.000000/12797.171429 batches | lr 5.00 | 13.77 ms/batch | loss  5.09 |   162.04 ppl
| epoch 9.000000 | 3800.000000/12797.171429 batches | lr 5.00 | 13.82 ms/batch | loss  5.07 |   159.36 ppl
| epoch 9.000000 | 4000.000000/12797.171429 batches | lr 5.00 | 13.78 ms/batch | loss  5.08 |   160.65 ppl
| epoch 9.000000 | 4200.000000/12797.171429 batches | lr 5.00 | 13.77 ms/batch | loss  5.08 |   161.21 ppl
| epoch 9.000000 | 4400.000000/12797.171429 batches | lr 5.00 | 13.83 ms/batch | loss  5.10 |   164.83 ppl
| epoch 9.000000 | 4600.000000/12797.171429 batches | lr 5.00 | 13.78 ms/batch | loss  5.09 |   163.12 ppl
| epoch 9.000000 | 4800.000000/12797.171429 batches | lr 5.00 | 13.78 ms/batch | loss  5.08 |   160.08 ppl
| epoch 9.000000 | 5000.000000/12797.171429 batches | lr 5.00 | 13.80 ms/batch | loss  5.10 |   163.72 ppl
| epoch 9.000000 | 5200.000000/12797.171429 batches | lr 5.00 | 13.78 ms/batch | loss  5.11 |   166.08 ppl
| epoch 9.000000 | 5400.000000/12797.171429 batches | lr 5.00 | 13.77 ms/batch | loss  5.09 |   161.83 ppl
| epoch 9.000000 | 5600.000000/12797.171429 batches | lr 5.00 | 13.79 ms/batch | loss  5.06 |   157.53 ppl
| epoch 9.000000 | 5800.000000/12797.171429 batches | lr 5.00 | 13.76 ms/batch | loss  5.08 |   161.34 ppl
| epoch 9.000000 | 6000.000000/12797.171429 batches | lr 5.00 | 13.80 ms/batch | loss  5.06 |   157.54 ppl
| epoch 9.000000 | 6200.000000/12797.171429 batches | lr 5.00 | 13.81 ms/batch | loss  5.05 |   156.50 ppl
| epoch 9.000000 | 6400.000000/12797.171429 batches | lr 5.00 | 13.79 ms/batch | loss  5.07 |   159.77 ppl
| epoch 9.000000 | 6600.000000/12797.171429 batches | lr 5.00 | 13.79 ms/batch | loss  5.08 |   160.69 ppl
| epoch 9.000000 | 6800.000000/12797.171429 batches | lr 5.00 | 13.76 ms/batch | loss  5.07 |   159.86 ppl
| epoch 9.000000 | 7000.000000/12797.171429 batches | lr 5.00 | 13.80 ms/batch | loss  5.09 |   161.76 ppl
| epoch 9.000000 | 7200.000000/12797.171429 batches | lr 5.00 | 13.77 ms/batch | loss  5.12 |   166.87 ppl
| epoch 9.000000 | 7400.000000/12797.171429 batches | lr 5.00 | 13.80 ms/batch | loss  5.11 |   166.46 ppl
| epoch 9.000000 | 7600.000000/12797.171429 batches | lr 5.00 | 13.80 ms/batch | loss  5.13 |   168.30 ppl
| epoch 9.000000 | 7800.000000/12797.171429 batches | lr 5.00 | 13.79 ms/batch | loss  5.09 |   161.94 ppl
| epoch 9.000000 | 8000.000000/12797.171429 batches | lr 5.00 | 13.81 ms/batch | loss  5.11 |   166.30 ppl
| epoch 9.000000 | 8200.000000/12797.171429 batches | lr 5.00 | 13.80 ms/batch | loss  5.09 |   161.66 ppl
| epoch 9.000000 | 8400.000000/12797.171429 batches | lr 5.00 | 13.82 ms/batch | loss  5.06 |   157.13 ppl
| epoch 9.000000 | 8600.000000/12797.171429 batches | lr 5.00 | 13.78 ms/batch | loss  5.09 |   163.17 ppl
| epoch 9.000000 | 8800.000000/12797.171429 batches | lr 5.00 | 13.84 ms/batch | loss  5.08 |   161.35 ppl
| epoch 9.000000 | 9000.000000/12797.171429 batches | lr 5.00 | 13.80 ms/batch | loss  5.08 |   161.32 ppl
| epoch 9.000000 | 9200.000000/12797.171429 batches | lr 5.00 | 13.78 ms/batch | loss  5.09 |   161.83 ppl
| epoch 9.000000 | 9400.000000/12797.171429 batches | lr 5.00 | 13.77 ms/batch | loss  5.07 |   159.73 ppl
| epoch 9.000000 | 9600.000000/12797.171429 batches | lr 5.00 | 13.80 ms/batch | loss  5.09 |   163.02 ppl
| epoch 9.000000 | 9800.000000/12797.171429 batches | lr 5.00 | 13.79 ms/batch | loss  5.10 |   163.58 ppl
| epoch 9.000000 | 10000.000000/12797.171429 batches | lr 5.00 | 13.78 ms/batch | loss  5.11 |   164.97 ppl
| epoch 9.000000 | 10200.000000/12797.171429 batches | lr 5.00 | 13.82 ms/batch | loss  5.06 |   157.91 ppl
| epoch 9.000000 | 10400.000000/12797.171429 batches | lr 5.00 | 13.80 ms/batch | loss  5.07 |   158.84 ppl
| epoch 9.000000 | 10600.000000/12797.171429 batches | lr 5.00 | 13.76 ms/batch | loss  5.06 |   157.19 ppl
| epoch 9.000000 | 10800.000000/12797.171429 batches | lr 5.00 | 13.81 ms/batch | loss  5.06 |   157.76 ppl
| epoch 9.000000 | 11000.000000/12797.171429 batches | lr 5.00 | 13.78 ms/batch | loss  5.07 |   159.56 ppl
| epoch 9.000000 | 11200.000000/12797.171429 batches | lr 5.00 | 13.76 ms/batch | loss  5.04 |   154.10 ppl
| epoch 9.000000 | 11400.000000/12797.171429 batches | lr 5.00 | 13.79 ms/batch | loss  5.10 |   163.89 ppl
| epoch 9.000000 | 11600.000000/12797.171429 batches | lr 5.00 | 13.81 ms/batch | loss  5.07 |   159.20 ppl
| epoch 9.000000 | 11800.000000/12797.171429 batches | lr 5.00 | 13.80 ms/batch | loss  5.08 |   161.57 ppl
| epoch 9.000000 | 12000.000000/12797.171429 batches | lr 5.00 | 13.79 ms/batch | loss  5.07 |   159.62 ppl
| epoch 9.000000 | 12200.000000/12797.171429 batches | lr 5.00 | 13.82 ms/batch | loss  5.05 |   156.17 ppl
| epoch 9.000000 | 12400.000000/12797.171429 batches | lr 5.00 | 13.84 ms/batch | loss  5.09 |   161.72 ppl
| epoch 9.000000 | 12600.000000/12797.171429 batches | lr 5.00 | 13.82 ms/batch | loss  5.03 |   152.52 ppl
-----------------------------------------------------------------------------------------
| end of epoch   9 | time: 178.89s | valid loss  5.29 | valid ppl   198.78
-----------------------------------------------------------------------------------------

| epoch 10.000000 | 200.000000/12797.171429 batches | lr 5.00 | 13.94 ms/batch | loss  5.08 |   161.54 ppl
| epoch 10.000000 | 400.000000/12797.171429 batches | lr 5.00 | 13.81 ms/batch | loss  5.11 |   164.94 ppl
| epoch 10.000000 | 600.000000/12797.171429 batches | lr 5.00 | 13.82 ms/batch | loss  5.05 |   156.06 ppl
| epoch 10.000000 | 800.000000/12797.171429 batches | lr 5.00 | 13.78 ms/batch | loss  5.09 |   162.52 ppl
| epoch 10.000000 | 1000.000000/12797.171429 batches | lr 5.00 | 13.79 ms/batch | loss  5.07 |   159.46 ppl
| epoch 10.000000 | 1200.000000/12797.171429 batches | lr 5.00 | 13.79 ms/batch | loss  5.09 |   163.04 ppl
| epoch 10.000000 | 1400.000000/12797.171429 batches | lr 5.00 | 13.84 ms/batch | loss  5.12 |   166.65 ppl
| epoch 10.000000 | 1600.000000/12797.171429 batches | lr 5.00 | 13.82 ms/batch | loss  5.07 |   159.83 ppl
| epoch 10.000000 | 1800.000000/12797.171429 batches | lr 5.00 | 13.78 ms/batch | loss  5.10 |   163.26 ppl
| epoch 10.000000 | 2000.000000/12797.171429 batches | lr 5.00 | 13.79 ms/batch | loss  5.07 |   158.57 ppl
| epoch 10.000000 | 2200.000000/12797.171429 batches | lr 5.00 | 13.80 ms/batch | loss  5.08 |   160.09 ppl
| epoch 10.000000 | 2400.000000/12797.171429 batches | lr 5.00 | 13.81 ms/batch | loss  5.07 |   159.15 ppl
| epoch 10.000000 | 2600.000000/12797.171429 batches | lr 5.00 | 13.76 ms/batch | loss  5.07 |   159.22 ppl
| epoch 10.000000 | 2800.000000/12797.171429 batches | lr 5.00 | 13.78 ms/batch | loss  5.11 |   165.47 ppl
| epoch 10.000000 | 3000.000000/12797.171429 batches | lr 5.00 | 13.80 ms/batch | loss  5.04 |   155.02 ppl
| epoch 10.000000 | 3200.000000/12797.171429 batches | lr 5.00 | 13.80 ms/batch | loss  5.08 |   161.27 ppl
| epoch 10.000000 | 3400.000000/12797.171429 batches | lr 5.00 | 13.80 ms/batch | loss  5.09 |   162.56 ppl
| epoch 10.000000 | 3600.000000/12797.171429 batches | lr 5.00 | 13.79 ms/batch | loss  5.06 |   158.36 ppl
| epoch 10.000000 | 3800.000000/12797.171429 batches | lr 5.00 | 13.79 ms/batch | loss  5.05 |   155.64 ppl
| epoch 10.000000 | 4000.000000/12797.171429 batches | lr 5.00 | 13.81 ms/batch | loss  5.06 |   156.95 ppl
| epoch 10.000000 | 4200.000000/12797.171429 batches | lr 5.00 | 13.80 ms/batch | loss  5.06 |   158.01 ppl
| epoch 10.000000 | 4400.000000/12797.171429 batches | lr 5.00 | 13.80 ms/batch | loss  5.08 |   161.25 ppl
| epoch 10.000000 | 4600.000000/12797.171429 batches | lr 5.00 | 13.86 ms/batch | loss  5.07 |   159.82 ppl
| epoch 10.000000 | 4800.000000/12797.171429 batches | lr 5.00 | 13.78 ms/batch | loss  5.05 |   156.45 ppl
| epoch 10.000000 | 5000.000000/12797.171429 batches | lr 5.00 | 13.78 ms/batch | loss  5.08 |   160.35 ppl
| epoch 10.000000 | 5200.000000/12797.171429 batches | lr 5.00 | 13.78 ms/batch | loss  5.09 |   162.61 ppl
| epoch 10.000000 | 5400.000000/12797.171429 batches | lr 5.00 | 13.78 ms/batch | loss  5.06 |   158.26 ppl
| epoch 10.000000 | 5600.000000/12797.171429 batches | lr 5.00 | 13.79 ms/batch | loss  5.04 |   154.47 ppl
| epoch 10.000000 | 5800.000000/12797.171429 batches | lr 5.00 | 13.79 ms/batch | loss  5.06 |   157.75 ppl
| epoch 10.000000 | 6000.000000/12797.171429 batches | lr 5.00 | 13.79 ms/batch | loss  5.04 |   154.75 ppl
| epoch 10.000000 | 6200.000000/12797.171429 batches | lr 5.00 | 13.81 ms/batch | loss  5.03 |   152.96 ppl
| epoch 10.000000 | 6400.000000/12797.171429 batches | lr 5.00 | 13.84 ms/batch | loss  5.05 |   156.71 ppl
| epoch 10.000000 | 6600.000000/12797.171429 batches | lr 5.00 | 13.81 ms/batch | loss  5.06 |   157.46 ppl
| epoch 10.000000 | 6800.000000/12797.171429 batches | lr 5.00 | 13.79 ms/batch | loss  5.05 |   156.80 ppl
| epoch 10.000000 | 7000.000000/12797.171429 batches | lr 5.00 | 13.80 ms/batch | loss  5.07 |   158.40 ppl
| epoch 10.000000 | 7200.000000/12797.171429 batches | lr 5.00 | 13.82 ms/batch | loss  5.10 |   163.34 ppl
| epoch 10.000000 | 7400.000000/12797.171429 batches | lr 5.00 | 13.80 ms/batch | loss  5.10 |   163.35 ppl
| epoch 10.000000 | 7600.000000/12797.171429 batches | lr 5.00 | 13.80 ms/batch | loss  5.11 |   164.89 ppl
| epoch 10.000000 | 7800.000000/12797.171429 batches | lr 5.00 | 13.83 ms/batch | loss  5.07 |   158.44 ppl
| epoch 10.000000 | 8000.000000/12797.171429 batches | lr 5.00 | 13.79 ms/batch | loss  5.09 |   162.44 ppl
| epoch 10.000000 | 8200.000000/12797.171429 batches | lr 5.00 | 13.81 ms/batch | loss  5.06 |   158.19 ppl
| epoch 10.000000 | 8400.000000/12797.171429 batches | lr 5.00 | 13.76 ms/batch | loss  5.03 |   153.66 ppl
| epoch 10.000000 | 8600.000000/12797.171429 batches | lr 5.00 | 13.77 ms/batch | loss  5.08 |   160.08 ppl
| epoch 10.000000 | 8800.000000/12797.171429 batches | lr 5.00 | 13.81 ms/batch | loss  5.07 |   158.46 ppl
| epoch 10.000000 | 9000.000000/12797.171429 batches | lr 5.00 | 13.83 ms/batch | loss  5.06 |   157.86 ppl
| epoch 10.000000 | 9200.000000/12797.171429 batches | lr 5.00 | 13.82 ms/batch | loss  5.07 |   158.59 ppl
| epoch 10.000000 | 9400.000000/12797.171429 batches | lr 5.00 | 13.79 ms/batch | loss  5.05 |   156.33 ppl
| epoch 10.000000 | 9600.000000/12797.171429 batches | lr 5.00 | 13.79 ms/batch | loss  5.07 |   159.89 ppl
| epoch 10.000000 | 9800.000000/12797.171429 batches | lr 5.00 | 13.77 ms/batch | loss  5.08 |   160.16 ppl
| epoch 10.000000 | 10000.000000/12797.171429 batches | lr 5.00 | 13.79 ms/batch | loss  5.09 |   161.85 ppl
| epoch 10.000000 | 10200.000000/12797.171429 batches | lr 5.00 | 13.80 ms/batch | loss  5.04 |   154.31 ppl
| epoch 10.000000 | 10400.000000/12797.171429 batches | lr 5.00 | 13.81 ms/batch | loss  5.05 |   156.14 ppl
| epoch 10.000000 | 10600.000000/12797.171429 batches | lr 5.00 | 13.79 ms/batch | loss  5.04 |   154.20 ppl
| epoch 10.000000 | 10800.000000/12797.171429 batches | lr 5.00 | 13.83 ms/batch | loss  5.04 |   154.80 ppl
| epoch 10.000000 | 11000.000000/12797.171429 batches | lr 5.00 | 13.78 ms/batch | loss  5.05 |   156.75 ppl
| epoch 10.000000 | 11200.000000/12797.171429 batches | lr 5.00 | 13.80 ms/batch | loss  5.02 |   151.41 ppl
| epoch 10.000000 | 11400.000000/12797.171429 batches | lr 5.00 | 13.80 ms/batch | loss  5.08 |   160.66 ppl
| epoch 10.000000 | 11600.000000/12797.171429 batches | lr 5.00 | 13.80 ms/batch | loss  5.06 |   156.84 ppl
| epoch 10.000000 | 11800.000000/12797.171429 batches | lr 5.00 | 13.82 ms/batch | loss  5.06 |   158.38 ppl
| epoch 10.000000 | 12000.000000/12797.171429 batches | lr 5.00 | 13.79 ms/batch | loss  5.05 |   156.55 ppl
| epoch 10.000000 | 12200.000000/12797.171429 batches | lr 5.00 | 13.80 ms/batch | loss  5.03 |   152.74 ppl
| epoch 10.000000 | 12400.000000/12797.171429 batches | lr 5.00 | 13.79 ms/batch | loss  5.07 |   158.88 ppl
| epoch 10.000000 | 12600.000000/12797.171429 batches | lr 5.00 | 13.78 ms/batch | loss  5.01 |   149.46 ppl
-----------------------------------------------------------------------------------------
| end of epoch  10 | time: 178.96s | valid loss  5.28 | valid ppl   195.76
-----------------------------------------------------------------------------------------

end: training and validation complete!

Sun Feb  3 22:41:40 EET 2019
