Sun Feb  3 21:28:11 EET 2019

setting things for Taito!
----------------------------------------------------------------------------
  Setting up new environment, removing all currently loaded modules
----------------------------------------------------------------------------
  Loading new modules:
    python-env/intelpython3.6-2018.3    cuda/9.0
    gcc/5.4.0                           cudnn/7.1-cuda9
Loading application Intel Distribution for Python 2018 update 3 
IntelDistributionpython3andConda nil environment loaded
 
To list available conda environments, please run command:
    conda env list
 
To activate a specific conda environment, please run command:
    source activate environment-name
 
To deactivate qiime environment, run command: 
    source deactivate
RNN Language MODEL: Loading gigaword corpus
| epoch 1.000000 | 200.000000/12797.171429 batches | lr 20.00 | 19.92 ms/batch | loss  9.11 |  9058.01 ppl
| epoch 1.000000 | 400.000000/12797.171429 batches | lr 20.00 | 18.12 ms/batch | loss  7.90 |  2688.22 ppl
| epoch 1.000000 | 600.000000/12797.171429 batches | lr 20.00 | 18.14 ms/batch | loss  7.43 |  1681.17 ppl
| epoch 1.000000 | 800.000000/12797.171429 batches | lr 20.00 | 18.13 ms/batch | loss  7.13 |  1244.39 ppl
| epoch 1.000000 | 1000.000000/12797.171429 batches | lr 20.00 | 18.13 ms/batch | loss  6.88 |   971.91 ppl
| epoch 1.000000 | 1200.000000/12797.171429 batches | lr 20.00 | 18.12 ms/batch | loss  6.74 |   846.99 ppl
| epoch 1.000000 | 1400.000000/12797.171429 batches | lr 20.00 | 18.13 ms/batch | loss  6.74 |   846.05 ppl
| epoch 1.000000 | 1600.000000/12797.171429 batches | lr 20.00 | 18.14 ms/batch | loss  6.53 |   684.41 ppl
| epoch 1.000000 | 1800.000000/12797.171429 batches | lr 20.00 | 18.12 ms/batch | loss  6.49 |   656.57 ppl
| epoch 1.000000 | 2000.000000/12797.171429 batches | lr 20.00 | 18.11 ms/batch | loss  6.36 |   578.63 ppl
| epoch 1.000000 | 2200.000000/12797.171429 batches | lr 20.00 | 18.13 ms/batch | loss  6.32 |   554.12 ppl
| epoch 1.000000 | 2400.000000/12797.171429 batches | lr 20.00 | 18.13 ms/batch | loss  6.23 |   509.99 ppl
| epoch 1.000000 | 2600.000000/12797.171429 batches | lr 20.00 | 18.14 ms/batch | loss  6.19 |   486.89 ppl
| epoch 1.000000 | 2800.000000/12797.171429 batches | lr 20.00 | 18.13 ms/batch | loss  6.22 |   504.78 ppl
| epoch 1.000000 | 3000.000000/12797.171429 batches | lr 20.00 | 18.12 ms/batch | loss  6.12 |   456.23 ppl
| epoch 1.000000 | 3200.000000/12797.171429 batches | lr 20.00 | 18.13 ms/batch | loss  6.13 |   457.44 ppl
| epoch 1.000000 | 3400.000000/12797.171429 batches | lr 20.00 | 18.12 ms/batch | loss  6.15 |   469.83 ppl
| epoch 1.000000 | 3600.000000/12797.171429 batches | lr 20.00 | 18.14 ms/batch | loss  6.09 |   440.36 ppl
| epoch 1.000000 | 3800.000000/12797.171429 batches | lr 20.00 | 18.13 ms/batch | loss  6.05 |   424.88 ppl
| epoch 1.000000 | 4000.000000/12797.171429 batches | lr 20.00 | 18.13 ms/batch | loss  6.02 |   412.06 ppl
| epoch 1.000000 | 4200.000000/12797.171429 batches | lr 20.00 | 18.12 ms/batch | loss  6.03 |   417.05 ppl
| epoch 1.000000 | 4400.000000/12797.171429 batches | lr 20.00 | 18.14 ms/batch | loss  6.05 |   423.92 ppl
| epoch 1.000000 | 4600.000000/12797.171429 batches | lr 20.00 | 18.13 ms/batch | loss  6.02 |   413.35 ppl
| epoch 1.000000 | 4800.000000/12797.171429 batches | lr 20.00 | 18.12 ms/batch | loss  6.03 |   414.92 ppl
| epoch 1.000000 | 5000.000000/12797.171429 batches | lr 20.00 | 18.11 ms/batch | loss  6.06 |   429.77 ppl
| epoch 1.000000 | 5200.000000/12797.171429 batches | lr 20.00 | 18.13 ms/batch | loss  6.04 |   421.75 ppl
| epoch 1.000000 | 5400.000000/12797.171429 batches | lr 20.00 | 18.14 ms/batch | loss  6.06 |   427.50 ppl
| epoch 1.000000 | 5600.000000/12797.171429 batches | lr 20.00 | 18.14 ms/batch | loss  6.00 |   404.20 ppl
| epoch 1.000000 | 5800.000000/12797.171429 batches | lr 20.00 | 18.13 ms/batch | loss  5.97 |   392.38 ppl
| epoch 1.000000 | 6000.000000/12797.171429 batches | lr 20.00 | 18.11 ms/batch | loss  5.98 |   393.78 ppl
| epoch 1.000000 | 6200.000000/12797.171429 batches | lr 20.00 | 18.13 ms/batch | loss  6.03 |   416.91 ppl
| epoch 1.000000 | 6400.000000/12797.171429 batches | lr 20.00 | 18.11 ms/batch | loss  5.98 |   394.85 ppl
| epoch 1.000000 | 6600.000000/12797.171429 batches | lr 20.00 | 18.13 ms/batch | loss  6.01 |   405.78 ppl
| epoch 1.000000 | 6800.000000/12797.171429 batches | lr 20.00 | 18.13 ms/batch | loss  5.96 |   388.06 ppl
| epoch 1.000000 | 7000.000000/12797.171429 batches | lr 20.00 | 18.13 ms/batch | loss  6.02 |   412.79 ppl
| epoch 1.000000 | 7200.000000/12797.171429 batches | lr 20.00 | 18.11 ms/batch | loss  6.08 |   437.71 ppl
| epoch 1.000000 | 7400.000000/12797.171429 batches | lr 20.00 | 18.13 ms/batch | loss  5.99 |   401.07 ppl
| epoch 1.000000 | 7600.000000/12797.171429 batches | lr 20.00 | 18.11 ms/batch | loss  6.03 |   414.46 ppl
| epoch 1.000000 | 7800.000000/12797.171429 batches | lr 20.00 | 18.12 ms/batch | loss  5.98 |   395.76 ppl
| epoch 1.000000 | 8000.000000/12797.171429 batches | lr 20.00 | 18.13 ms/batch | loss  5.97 |   392.44 ppl
| epoch 1.000000 | 8200.000000/12797.171429 batches | lr 20.00 | 18.13 ms/batch | loss  5.96 |   389.25 ppl
| epoch 1.000000 | 8400.000000/12797.171429 batches | lr 20.00 | 18.13 ms/batch | loss  5.96 |   389.46 ppl
| epoch 1.000000 | 8600.000000/12797.171429 batches | lr 20.00 | 18.13 ms/batch | loss  6.02 |   409.81 ppl
| epoch 1.000000 | 8800.000000/12797.171429 batches | lr 20.00 | 18.12 ms/batch | loss  5.97 |   390.71 ppl
| epoch 1.000000 | 9000.000000/12797.171429 batches | lr 20.00 | 18.13 ms/batch | loss  5.97 |   390.21 ppl
| epoch 1.000000 | 9200.000000/12797.171429 batches | lr 20.00 | 18.13 ms/batch | loss  5.94 |   379.62 ppl
| epoch 1.000000 | 9400.000000/12797.171429 batches | lr 20.00 | 18.11 ms/batch | loss  5.91 |   370.34 ppl
| epoch 1.000000 | 9600.000000/12797.171429 batches | lr 20.00 | 18.11 ms/batch | loss  5.93 |   376.39 ppl
| epoch 1.000000 | 9800.000000/12797.171429 batches | lr 20.00 | 18.13 ms/batch | loss  5.96 |   387.76 ppl
| epoch 1.000000 | 10000.000000/12797.171429 batches | lr 20.00 | 18.13 ms/batch | loss  6.02 |   413.38 ppl
| epoch 1.000000 | 10200.000000/12797.171429 batches | lr 20.00 | 18.13 ms/batch | loss  5.97 |   390.88 ppl
| epoch 1.000000 | 10400.000000/12797.171429 batches | lr 20.00 | 18.11 ms/batch | loss  5.91 |   369.72 ppl
| epoch 1.000000 | 10600.000000/12797.171429 batches | lr 20.00 | 18.13 ms/batch | loss  5.94 |   378.58 ppl
| epoch 1.000000 | 10800.000000/12797.171429 batches | lr 20.00 | 18.13 ms/batch | loss  5.93 |   375.08 ppl
| epoch 1.000000 | 11000.000000/12797.171429 batches | lr 20.00 | 18.11 ms/batch | loss  5.94 |   381.29 ppl
| epoch 1.000000 | 11200.000000/12797.171429 batches | lr 20.00 | 18.11 ms/batch | loss  5.94 |   378.56 ppl
| epoch 1.000000 | 11400.000000/12797.171429 batches | lr 20.00 | 18.13 ms/batch | loss  5.99 |   400.48 ppl
| epoch 1.000000 | 11600.000000/12797.171429 batches | lr 20.00 | 18.14 ms/batch | loss  5.93 |   375.54 ppl
| epoch 1.000000 | 11800.000000/12797.171429 batches | lr 20.00 | 18.12 ms/batch | loss  5.94 |   380.83 ppl
| epoch 1.000000 | 12000.000000/12797.171429 batches | lr 20.00 | 18.13 ms/batch | loss  5.93 |   377.83 ppl
| epoch 1.000000 | 12200.000000/12797.171429 batches | lr 20.00 | 18.13 ms/batch | loss  5.93 |   375.77 ppl
| epoch 1.000000 | 12400.000000/12797.171429 batches | lr 20.00 | 18.11 ms/batch | loss  5.95 |   384.18 ppl
| epoch 1.000000 | 12600.000000/12797.171429 batches | lr 20.00 | 18.11 ms/batch | loss  5.88 |   356.05 ppl
-----------------------------------------------------------------------------------------
| end of epoch   1 | time: 235.05s | valid loss  5.95 | valid ppl   383.50
-----------------------------------------------------------------------------------------

| epoch 2.000000 | 200.000000/12797.171429 batches | lr 20.00 | 18.21 ms/batch | loss  5.92 |   372.01 ppl
| epoch 2.000000 | 400.000000/12797.171429 batches | lr 20.00 | 18.14 ms/batch | loss  5.92 |   373.01 ppl
| epoch 2.000000 | 600.000000/12797.171429 batches | lr 20.00 | 18.13 ms/batch | loss  5.85 |   345.97 ppl
| epoch 2.000000 | 800.000000/12797.171429 batches | lr 20.00 | 18.11 ms/batch | loss  5.91 |   369.21 ppl
| epoch 2.000000 | 1000.000000/12797.171429 batches | lr 20.00 | 18.13 ms/batch | loss  5.87 |   353.41 ppl
| epoch 2.000000 | 1200.000000/12797.171429 batches | lr 20.00 | 18.11 ms/batch | loss  5.89 |   362.23 ppl
| epoch 2.000000 | 1400.000000/12797.171429 batches | lr 20.00 | 18.13 ms/batch | loss  5.92 |   372.33 ppl
| epoch 2.000000 | 1600.000000/12797.171429 batches | lr 20.00 | 18.13 ms/batch | loss  5.90 |   364.01 ppl
| epoch 2.000000 | 1800.000000/12797.171429 batches | lr 20.00 | 18.13 ms/batch | loss  5.91 |   367.98 ppl
| epoch 2.000000 | 2000.000000/12797.171429 batches | lr 20.00 | 18.13 ms/batch | loss  5.94 |   380.13 ppl
| epoch 2.000000 | 2200.000000/12797.171429 batches | lr 20.00 | 18.11 ms/batch | loss  5.93 |   377.58 ppl
| epoch 2.000000 | 2400.000000/12797.171429 batches | lr 20.00 | 18.13 ms/batch | loss  5.88 |   358.51 ppl
| epoch 2.000000 | 2600.000000/12797.171429 batches | lr 20.00 | 18.11 ms/batch | loss  5.89 |   361.44 ppl
| epoch 2.000000 | 2800.000000/12797.171429 batches | lr 20.00 | 18.13 ms/batch | loss  5.93 |   377.89 ppl
| epoch 2.000000 | 3000.000000/12797.171429 batches | lr 20.00 | 18.12 ms/batch | loss  5.81 |   333.88 ppl
| epoch 2.000000 | 3200.000000/12797.171429 batches | lr 20.00 | 18.13 ms/batch | loss  5.84 |   345.35 ppl
| epoch 2.000000 | 3400.000000/12797.171429 batches | lr 20.00 | 18.11 ms/batch | loss  5.88 |   359.02 ppl
| epoch 2.000000 | 3600.000000/12797.171429 batches | lr 20.00 | 18.13 ms/batch | loss  5.86 |   351.35 ppl
| epoch 2.000000 | 3800.000000/12797.171429 batches | lr 20.00 | 18.13 ms/batch | loss  5.85 |   346.34 ppl
| epoch 2.000000 | 4000.000000/12797.171429 batches | lr 20.00 | 18.11 ms/batch | loss  5.85 |   347.80 ppl
| epoch 2.000000 | 4200.000000/12797.171429 batches | lr 20.00 | 18.11 ms/batch | loss  5.85 |   345.60 ppl
| epoch 2.000000 | 4400.000000/12797.171429 batches | lr 20.00 | 18.13 ms/batch | loss  5.89 |   360.80 ppl
| epoch 2.000000 | 4600.000000/12797.171429 batches | lr 20.00 | 18.13 ms/batch | loss  5.87 |   352.91 ppl
| epoch 2.000000 | 4800.000000/12797.171429 batches | lr 20.00 | 18.13 ms/batch | loss  5.82 |   335.35 ppl
| epoch 2.000000 | 5000.000000/12797.171429 batches | lr 20.00 | 18.12 ms/batch | loss  5.87 |   354.19 ppl
| epoch 2.000000 | 5200.000000/12797.171429 batches | lr 20.00 | 18.11 ms/batch | loss  5.87 |   355.40 ppl
| epoch 2.000000 | 5400.000000/12797.171429 batches | lr 20.00 | 18.13 ms/batch | loss  5.85 |   345.94 ppl
| epoch 2.000000 | 5600.000000/12797.171429 batches | lr 20.00 | 18.11 ms/batch | loss  5.81 |   333.77 ppl
| epoch 2.000000 | 5800.000000/12797.171429 batches | lr 20.00 | 18.11 ms/batch | loss  5.83 |   339.94 ppl
| epoch 2.000000 | 6000.000000/12797.171429 batches | lr 20.00 | 18.12 ms/batch | loss  5.78 |   325.19 ppl
| epoch 2.000000 | 6200.000000/12797.171429 batches | lr 20.00 | 18.12 ms/batch | loss  5.81 |   333.48 ppl
| epoch 2.000000 | 6400.000000/12797.171429 batches | lr 20.00 | 18.12 ms/batch | loss  5.83 |   338.95 ppl
| epoch 2.000000 | 6600.000000/12797.171429 batches | lr 20.00 | 18.13 ms/batch | loss  5.84 |   345.02 ppl
| epoch 2.000000 | 6800.000000/12797.171429 batches | lr 20.00 | 18.13 ms/batch | loss  5.83 |   339.63 ppl
| epoch 2.000000 | 7000.000000/12797.171429 batches | lr 20.00 | 18.13 ms/batch | loss  5.83 |   339.87 ppl
| epoch 2.000000 | 7200.000000/12797.171429 batches | lr 20.00 | 18.11 ms/batch | loss  5.88 |   358.18 ppl
| epoch 2.000000 | 7400.000000/12797.171429 batches | lr 20.00 | 18.13 ms/batch | loss  5.89 |   362.27 ppl
| epoch 2.000000 | 7600.000000/12797.171429 batches | lr 20.00 | 18.13 ms/batch | loss  5.93 |   375.64 ppl
| epoch 2.000000 | 7800.000000/12797.171429 batches | lr 20.00 | 18.13 ms/batch | loss  5.88 |   358.19 ppl
| epoch 2.000000 | 8000.000000/12797.171429 batches | lr 20.00 | 18.13 ms/batch | loss  5.87 |   355.44 ppl
| epoch 2.000000 | 8200.000000/12797.171429 batches | lr 20.00 | 18.11 ms/batch | loss  5.87 |   354.67 ppl
| epoch 2.000000 | 8400.000000/12797.171429 batches | lr 20.00 | 18.12 ms/batch | loss  5.87 |   355.82 ppl
| epoch 2.000000 | 8600.000000/12797.171429 batches | lr 20.00 | 18.11 ms/batch | loss  5.88 |   356.74 ppl
| epoch 2.000000 | 8800.000000/12797.171429 batches | lr 20.00 | 18.10 ms/batch | loss  5.90 |   364.32 ppl
| epoch 2.000000 | 9000.000000/12797.171429 batches | lr 20.00 | 18.13 ms/batch | loss  5.90 |   365.91 ppl
| epoch 2.000000 | 9200.000000/12797.171429 batches | lr 20.00 | 18.11 ms/batch | loss  5.86 |   349.96 ppl
| epoch 2.000000 | 9400.000000/12797.171429 batches | lr 20.00 | 18.13 ms/batch | loss  5.84 |   345.15 ppl
| epoch 2.000000 | 9600.000000/12797.171429 batches | lr 20.00 | 18.13 ms/batch | loss  5.85 |   346.65 ppl
| epoch 2.000000 | 9800.000000/12797.171429 batches | lr 20.00 | 18.13 ms/batch | loss  5.84 |   345.44 ppl
| epoch 2.000000 | 10000.000000/12797.171429 batches | lr 20.00 | 18.13 ms/batch | loss  5.87 |   353.90 ppl
| epoch 2.000000 | 10200.000000/12797.171429 batches | lr 20.00 | 18.10 ms/batch | loss  5.86 |   350.67 ppl
| epoch 2.000000 | 10400.000000/12797.171429 batches | lr 20.00 | 18.12 ms/batch | loss  5.83 |   341.96 ppl
| epoch 2.000000 | 10600.000000/12797.171429 batches | lr 20.00 | 18.11 ms/batch | loss  5.84 |   344.53 ppl
| epoch 2.000000 | 10800.000000/12797.171429 batches | lr 20.00 | 18.16 ms/batch | loss  5.85 |   347.21 ppl
| epoch 2.000000 | 11000.000000/12797.171429 batches | lr 20.00 | 18.13 ms/batch | loss  5.91 |   367.53 ppl
| epoch 2.000000 | 11200.000000/12797.171429 batches | lr 20.00 | 18.11 ms/batch | loss  5.84 |   342.13 ppl
| epoch 2.000000 | 11400.000000/12797.171429 batches | lr 20.00 | 18.13 ms/batch | loss  5.89 |   360.05 ppl
| epoch 2.000000 | 11600.000000/12797.171429 batches | lr 20.00 | 18.11 ms/batch | loss  5.85 |   348.84 ppl
| epoch 2.000000 | 11800.000000/12797.171429 batches | lr 20.00 | 18.12 ms/batch | loss  5.90 |   366.21 ppl
| epoch 2.000000 | 12000.000000/12797.171429 batches | lr 20.00 | 18.13 ms/batch | loss  5.84 |   342.19 ppl
| epoch 2.000000 | 12200.000000/12797.171429 batches | lr 20.00 | 18.12 ms/batch | loss  5.82 |   337.51 ppl
| epoch 2.000000 | 12400.000000/12797.171429 batches | lr 20.00 | 18.14 ms/batch | loss  5.88 |   359.42 ppl
| epoch 2.000000 | 12600.000000/12797.171429 batches | lr 20.00 | 18.13 ms/batch | loss  5.81 |   332.27 ppl
-----------------------------------------------------------------------------------------
| end of epoch   2 | time: 234.66s | valid loss  6.01 | valid ppl   408.05
-----------------------------------------------------------------------------------------

| epoch 3.000000 | 200.000000/12797.171429 batches | lr 5.00 | 18.20 ms/batch | loss  5.42 |   226.91 ppl
| epoch 3.000000 | 400.000000/12797.171429 batches | lr 5.00 | 18.11 ms/batch | loss  5.37 |   215.50 ppl
| epoch 3.000000 | 600.000000/12797.171429 batches | lr 5.00 | 18.13 ms/batch | loss  5.30 |   199.72 ppl
| epoch 3.000000 | 800.000000/12797.171429 batches | lr 5.00 | 18.13 ms/batch | loss  5.33 |   205.45 ppl
| epoch 3.000000 | 1000.000000/12797.171429 batches | lr 5.00 | 18.13 ms/batch | loss  5.30 |   199.42 ppl
| epoch 3.000000 | 1200.000000/12797.171429 batches | lr 5.00 | 18.11 ms/batch | loss  5.31 |   202.10 ppl
| epoch 3.000000 | 1400.000000/12797.171429 batches | lr 5.00 | 18.13 ms/batch | loss  5.33 |   207.04 ppl
| epoch 3.000000 | 1600.000000/12797.171429 batches | lr 5.00 | 18.13 ms/batch | loss  5.28 |   197.14 ppl
| epoch 3.000000 | 1800.000000/12797.171429 batches | lr 5.00 | 18.11 ms/batch | loss  5.30 |   199.62 ppl
| epoch 3.000000 | 2000.000000/12797.171429 batches | lr 5.00 | 18.13 ms/batch | loss  5.27 |   193.59 ppl
| epoch 3.000000 | 2200.000000/12797.171429 batches | lr 5.00 | 18.13 ms/batch | loss  5.26 |   193.25 ppl
| epoch 3.000000 | 2400.000000/12797.171429 batches | lr 5.00 | 18.13 ms/batch | loss  5.25 |   191.03 ppl
| epoch 3.000000 | 2600.000000/12797.171429 batches | lr 5.00 | 18.12 ms/batch | loss  5.26 |   191.59 ppl
| epoch 3.000000 | 2800.000000/12797.171429 batches | lr 5.00 | 18.11 ms/batch | loss  5.29 |   199.33 ppl
| epoch 3.000000 | 3000.000000/12797.171429 batches | lr 5.00 | 18.12 ms/batch | loss  5.22 |   184.25 ppl
| epoch 3.000000 | 3200.000000/12797.171429 batches | lr 5.00 | 18.10 ms/batch | loss  5.25 |   190.66 ppl
| epoch 3.000000 | 3400.000000/12797.171429 batches | lr 5.00 | 18.11 ms/batch | loss  5.26 |   193.23 ppl
| epoch 3.000000 | 3600.000000/12797.171429 batches | lr 5.00 | 18.13 ms/batch | loss  5.24 |   189.00 ppl
| epoch 3.000000 | 3800.000000/12797.171429 batches | lr 5.00 | 18.13 ms/batch | loss  5.21 |   183.67 ppl
| epoch 3.000000 | 4000.000000/12797.171429 batches | lr 5.00 | 18.11 ms/batch | loss  5.22 |   185.08 ppl
| epoch 3.000000 | 4200.000000/12797.171429 batches | lr 5.00 | 18.13 ms/batch | loss  5.22 |   184.94 ppl
| epoch 3.000000 | 4400.000000/12797.171429 batches | lr 5.00 | 18.13 ms/batch | loss  5.24 |   188.98 ppl
| epoch 3.000000 | 4600.000000/12797.171429 batches | lr 5.00 | 18.16 ms/batch | loss  5.23 |   186.17 ppl
| epoch 3.000000 | 4800.000000/12797.171429 batches | lr 5.00 | 18.11 ms/batch | loss  5.20 |   181.82 ppl
| epoch 3.000000 | 5000.000000/12797.171429 batches | lr 5.00 | 18.11 ms/batch | loss  5.24 |   187.73 ppl
| epoch 3.000000 | 5200.000000/12797.171429 batches | lr 5.00 | 18.13 ms/batch | loss  5.24 |   189.47 ppl
| epoch 3.000000 | 5400.000000/12797.171429 batches | lr 5.00 | 18.13 ms/batch | loss  5.22 |   184.91 ppl
| epoch 3.000000 | 5600.000000/12797.171429 batches | lr 5.00 | 18.13 ms/batch | loss  5.18 |   178.15 ppl
| epoch 3.000000 | 5800.000000/12797.171429 batches | lr 5.00 | 18.12 ms/batch | loss  5.20 |   181.59 ppl
| epoch 3.000000 | 6000.000000/12797.171429 batches | lr 5.00 | 18.13 ms/batch | loss  5.19 |   178.82 ppl
| epoch 3.000000 | 6200.000000/12797.171429 batches | lr 5.00 | 18.11 ms/batch | loss  5.18 |   176.99 ppl
| epoch 3.000000 | 6400.000000/12797.171429 batches | lr 5.00 | 18.11 ms/batch | loss  5.19 |   180.10 ppl
| epoch 3.000000 | 6600.000000/12797.171429 batches | lr 5.00 | 18.11 ms/batch | loss  5.20 |   181.46 ppl
| epoch 3.000000 | 6800.000000/12797.171429 batches | lr 5.00 | 18.11 ms/batch | loss  5.20 |   180.63 ppl
| epoch 3.000000 | 7000.000000/12797.171429 batches | lr 5.00 | 18.14 ms/batch | loss  5.20 |   181.01 ppl
| epoch 3.000000 | 7200.000000/12797.171429 batches | lr 5.00 | 18.13 ms/batch | loss  5.24 |   188.73 ppl
| epoch 3.000000 | 7400.000000/12797.171429 batches | lr 5.00 | 18.13 ms/batch | loss  5.23 |   187.59 ppl
| epoch 3.000000 | 7600.000000/12797.171429 batches | lr 5.00 | 18.13 ms/batch | loss  5.24 |   188.27 ppl
| epoch 3.000000 | 7800.000000/12797.171429 batches | lr 5.00 | 18.11 ms/batch | loss  5.20 |   182.03 ppl
| epoch 3.000000 | 8000.000000/12797.171429 batches | lr 5.00 | 18.12 ms/batch | loss  5.22 |   185.70 ppl
| epoch 3.000000 | 8200.000000/12797.171429 batches | lr 5.00 | 18.13 ms/batch | loss  5.20 |   181.06 ppl
| epoch 3.000000 | 8400.000000/12797.171429 batches | lr 5.00 | 18.11 ms/batch | loss  5.17 |   176.05 ppl
| epoch 3.000000 | 8600.000000/12797.171429 batches | lr 5.00 | 18.13 ms/batch | loss  5.20 |   181.93 ppl
| epoch 3.000000 | 8800.000000/12797.171429 batches | lr 5.00 | 18.13 ms/batch | loss  5.20 |   181.03 ppl
| epoch 3.000000 | 9000.000000/12797.171429 batches | lr 5.00 | 18.10 ms/batch | loss  5.19 |   179.66 ppl
| epoch 3.000000 | 9200.000000/12797.171429 batches | lr 5.00 | 18.13 ms/batch | loss  5.19 |   179.96 ppl
| epoch 3.000000 | 9400.000000/12797.171429 batches | lr 5.00 | 18.11 ms/batch | loss  5.18 |   177.49 ppl
| epoch 3.000000 | 9600.000000/12797.171429 batches | lr 5.00 | 18.12 ms/batch | loss  5.20 |   181.52 ppl
| epoch 3.000000 | 9800.000000/12797.171429 batches | lr 5.00 | 18.11 ms/batch | loss  5.20 |   182.07 ppl
| epoch 3.000000 | 10000.000000/12797.171429 batches | lr 5.00 | 18.12 ms/batch | loss  5.21 |   183.83 ppl
| epoch 3.000000 | 10200.000000/12797.171429 batches | lr 5.00 | 18.13 ms/batch | loss  5.17 |   175.70 ppl
| epoch 3.000000 | 10400.000000/12797.171429 batches | lr 5.00 | 18.12 ms/batch | loss  5.17 |   176.39 ppl
| epoch 3.000000 | 10600.000000/12797.171429 batches | lr 5.00 | 18.13 ms/batch | loss  5.16 |   174.59 ppl
| epoch 3.000000 | 10800.000000/12797.171429 batches | lr 5.00 | 18.11 ms/batch | loss  5.16 |   174.87 ppl
| epoch 3.000000 | 11000.000000/12797.171429 batches | lr 5.00 | 18.13 ms/batch | loss  5.18 |   177.63 ppl
| epoch 3.000000 | 11200.000000/12797.171429 batches | lr 5.00 | 18.10 ms/batch | loss  5.14 |   171.21 ppl
| epoch 3.000000 | 11400.000000/12797.171429 batches | lr 5.00 | 18.12 ms/batch | loss  5.20 |   182.05 ppl
| epoch 3.000000 | 11600.000000/12797.171429 batches | lr 5.00 | 18.11 ms/batch | loss  5.16 |   174.05 ppl
| epoch 3.000000 | 11800.000000/12797.171429 batches | lr 5.00 | 18.13 ms/batch | loss  5.18 |   177.83 ppl
| epoch 3.000000 | 12000.000000/12797.171429 batches | lr 5.00 | 18.13 ms/batch | loss  5.17 |   175.78 ppl
| epoch 3.000000 | 12200.000000/12797.171429 batches | lr 5.00 | 18.13 ms/batch | loss  5.15 |   171.69 ppl
| epoch 3.000000 | 12400.000000/12797.171429 batches | lr 5.00 | 18.11 ms/batch | loss  5.18 |   177.23 ppl
| epoch 3.000000 | 12600.000000/12797.171429 batches | lr 5.00 | 18.12 ms/batch | loss  5.12 |   166.77 ppl
-----------------------------------------------------------------------------------------
| end of epoch   3 | time: 234.65s | valid loss  5.32 | valid ppl   203.85
-----------------------------------------------------------------------------------------

| epoch 4.000000 | 200.000000/12797.171429 batches | lr 5.00 | 18.21 ms/batch | loss  5.18 |   177.98 ppl
| epoch 4.000000 | 400.000000/12797.171429 batches | lr 5.00 | 18.13 ms/batch | loss  5.20 |   182.17 ppl
| epoch 4.000000 | 600.000000/12797.171429 batches | lr 5.00 | 18.12 ms/batch | loss  5.15 |   172.00 ppl
| epoch 4.000000 | 800.000000/12797.171429 batches | lr 5.00 | 18.11 ms/batch | loss  5.19 |   178.90 ppl
| epoch 4.000000 | 1000.000000/12797.171429 batches | lr 5.00 | 18.11 ms/batch | loss  5.16 |   174.93 ppl
| epoch 4.000000 | 1200.000000/12797.171429 batches | lr 5.00 | 18.12 ms/batch | loss  5.18 |   178.19 ppl
| epoch 4.000000 | 1400.000000/12797.171429 batches | lr 5.00 | 18.13 ms/batch | loss  5.21 |   182.82 ppl
| epoch 4.000000 | 1600.000000/12797.171429 batches | lr 5.00 | 18.13 ms/batch | loss  5.17 |   175.86 ppl
| epoch 4.000000 | 1800.000000/12797.171429 batches | lr 5.00 | 18.12 ms/batch | loss  5.19 |   178.68 ppl
| epoch 4.000000 | 2000.000000/12797.171429 batches | lr 5.00 | 18.11 ms/batch | loss  5.16 |   173.75 ppl
| epoch 4.000000 | 2200.000000/12797.171429 batches | lr 5.00 | 18.13 ms/batch | loss  5.16 |   174.37 ppl
| epoch 4.000000 | 2400.000000/12797.171429 batches | lr 5.00 | 18.11 ms/batch | loss  5.15 |   171.85 ppl
| epoch 4.000000 | 2600.000000/12797.171429 batches | lr 5.00 | 18.13 ms/batch | loss  5.15 |   173.00 ppl
| epoch 4.000000 | 2800.000000/12797.171429 batches | lr 5.00 | 18.13 ms/batch | loss  5.20 |   180.47 ppl
| epoch 4.000000 | 3000.000000/12797.171429 batches | lr 5.00 | 18.13 ms/batch | loss  5.12 |   167.29 ppl
| epoch 4.000000 | 3200.000000/12797.171429 batches | lr 5.00 | 18.11 ms/batch | loss  5.16 |   173.41 ppl
| epoch 4.000000 | 3400.000000/12797.171429 batches | lr 5.00 | 18.11 ms/batch | loss  5.17 |   175.86 ppl
| epoch 4.000000 | 3600.000000/12797.171429 batches | lr 5.00 | 18.12 ms/batch | loss  5.15 |   172.70 ppl
| epoch 4.000000 | 3800.000000/12797.171429 batches | lr 5.00 | 18.12 ms/batch | loss  5.13 |   168.54 ppl
| epoch 4.000000 | 4000.000000/12797.171429 batches | lr 5.00 | 18.11 ms/batch | loss  5.13 |   169.78 ppl
| epoch 4.000000 | 4200.000000/12797.171429 batches | lr 5.00 | 18.13 ms/batch | loss  5.13 |   169.76 ppl
| epoch 4.000000 | 4400.000000/12797.171429 batches | lr 5.00 | 18.13 ms/batch | loss  5.16 |   173.78 ppl
| epoch 4.000000 | 4600.000000/12797.171429 batches | lr 5.00 | 18.14 ms/batch | loss  5.15 |   171.59 ppl
| epoch 4.000000 | 4800.000000/12797.171429 batches | lr 5.00 | 18.13 ms/batch | loss  5.12 |   167.50 ppl
| epoch 4.000000 | 5000.000000/12797.171429 batches | lr 5.00 | 18.11 ms/batch | loss  5.15 |   172.95 ppl
| epoch 4.000000 | 5200.000000/12797.171429 batches | lr 5.00 | 18.12 ms/batch | loss  5.16 |   175.02 ppl
| epoch 4.000000 | 5400.000000/12797.171429 batches | lr 5.00 | 18.11 ms/batch | loss  5.14 |   171.16 ppl
| epoch 4.000000 | 5600.000000/12797.171429 batches | lr 5.00 | 18.13 ms/batch | loss  5.11 |   165.14 ppl
| epoch 4.000000 | 5800.000000/12797.171429 batches | lr 5.00 | 18.13 ms/batch | loss  5.13 |   168.33 ppl
| epoch 4.000000 | 6000.000000/12797.171429 batches | lr 5.00 | 18.11 ms/batch | loss  5.11 |   165.45 ppl
| epoch 4.000000 | 6200.000000/12797.171429 batches | lr 5.00 | 18.13 ms/batch | loss  5.10 |   164.42 ppl
| epoch 4.000000 | 6400.000000/12797.171429 batches | lr 5.00 | 18.11 ms/batch | loss  5.12 |   167.93 ppl
| epoch 4.000000 | 6600.000000/12797.171429 batches | lr 5.00 | 18.13 ms/batch | loss  5.13 |   168.58 ppl
| epoch 4.000000 | 6800.000000/12797.171429 batches | lr 5.00 | 18.12 ms/batch | loss  5.12 |   168.05 ppl
| epoch 4.000000 | 7000.000000/12797.171429 batches | lr 5.00 | 18.13 ms/batch | loss  5.13 |   169.12 ppl
| epoch 4.000000 | 7200.000000/12797.171429 batches | lr 5.00 | 18.13 ms/batch | loss  5.17 |   175.99 ppl
| epoch 4.000000 | 7400.000000/12797.171429 batches | lr 5.00 | 18.13 ms/batch | loss  5.17 |   175.19 ppl
| epoch 4.000000 | 7600.000000/12797.171429 batches | lr 5.00 | 18.13 ms/batch | loss  5.17 |   175.76 ppl
| epoch 4.000000 | 7800.000000/12797.171429 batches | lr 5.00 | 18.12 ms/batch | loss  5.14 |   170.17 ppl
| epoch 4.000000 | 8000.000000/12797.171429 batches | lr 5.00 | 18.11 ms/batch | loss  5.16 |   173.99 ppl
| epoch 4.000000 | 8200.000000/12797.171429 batches | lr 5.00 | 18.12 ms/batch | loss  5.13 |   169.48 ppl
| epoch 4.000000 | 8400.000000/12797.171429 batches | lr 5.00 | 18.10 ms/batch | loss  5.10 |   164.78 ppl
| epoch 4.000000 | 8600.000000/12797.171429 batches | lr 5.00 | 18.11 ms/batch | loss  5.14 |   170.44 ppl
| epoch 4.000000 | 8800.000000/12797.171429 batches | lr 5.00 | 18.13 ms/batch | loss  5.14 |   169.87 ppl
| epoch 4.000000 | 9000.000000/12797.171429 batches | lr 5.00 | 18.12 ms/batch | loss  5.13 |   168.80 ppl
| epoch 4.000000 | 9200.000000/12797.171429 batches | lr 5.00 | 18.13 ms/batch | loss  5.13 |   169.07 ppl
| epoch 4.000000 | 9400.000000/12797.171429 batches | lr 5.00 | 18.13 ms/batch | loss  5.12 |   167.10 ppl
| epoch 4.000000 | 9600.000000/12797.171429 batches | lr 5.00 | 18.11 ms/batch | loss  5.14 |   170.90 ppl
| epoch 4.000000 | 9800.000000/12797.171429 batches | lr 5.00 | 18.13 ms/batch | loss  5.14 |   171.27 ppl
| epoch 4.000000 | 10000.000000/12797.171429 batches | lr 5.00 | 18.11 ms/batch | loss  5.15 |   172.85 ppl
| epoch 4.000000 | 10200.000000/12797.171429 batches | lr 5.00 | 18.11 ms/batch | loss  5.11 |   165.38 ppl
| epoch 4.000000 | 10400.000000/12797.171429 batches | lr 5.00 | 18.14 ms/batch | loss  5.12 |   166.61 ppl
| epoch 4.000000 | 10600.000000/12797.171429 batches | lr 5.00 | 18.11 ms/batch | loss  5.10 |   164.71 ppl
| epoch 4.000000 | 10800.000000/12797.171429 batches | lr 5.00 | 18.12 ms/batch | loss  5.11 |   165.11 ppl
| epoch 4.000000 | 11000.000000/12797.171429 batches | lr 5.00 | 18.13 ms/batch | loss  5.12 |   167.75 ppl
| epoch 4.000000 | 11200.000000/12797.171429 batches | lr 5.00 | 18.11 ms/batch | loss  5.09 |   161.71 ppl
| epoch 4.000000 | 11400.000000/12797.171429 batches | lr 5.00 | 18.13 ms/batch | loss  5.15 |   171.98 ppl
| epoch 4.000000 | 11600.000000/12797.171429 batches | lr 5.00 | 18.11 ms/batch | loss  5.11 |   165.19 ppl
| epoch 4.000000 | 11800.000000/12797.171429 batches | lr 5.00 | 18.11 ms/batch | loss  5.13 |   168.69 ppl
| epoch 4.000000 | 12000.000000/12797.171429 batches | lr 5.00 | 18.11 ms/batch | loss  5.12 |   166.53 ppl
| epoch 4.000000 | 12200.000000/12797.171429 batches | lr 5.00 | 18.11 ms/batch | loss  5.09 |   162.52 ppl
| epoch 4.000000 | 12400.000000/12797.171429 batches | lr 5.00 | 18.11 ms/batch | loss  5.13 |   168.22 ppl
| epoch 4.000000 | 12600.000000/12797.171429 batches | lr 5.00 | 18.11 ms/batch | loss  5.07 |   158.52 ppl
-----------------------------------------------------------------------------------------
| end of epoch   4 | time: 234.64s | valid loss  5.28 | valid ppl   195.73
-----------------------------------------------------------------------------------------

| epoch 5.000000 | 200.000000/12797.171429 batches | lr 5.00 | 18.20 ms/batch | loss  5.12 |   168.11 ppl
| epoch 5.000000 | 400.000000/12797.171429 batches | lr 5.00 | 18.11 ms/batch | loss  5.15 |   172.20 ppl
| epoch 5.000000 | 600.000000/12797.171429 batches | lr 5.00 | 18.11 ms/batch | loss  5.09 |   162.48 ppl
| epoch 5.000000 | 800.000000/12797.171429 batches | lr 5.00 | 18.13 ms/batch | loss  5.13 |   168.96 ppl
| epoch 5.000000 | 1000.000000/12797.171429 batches | lr 5.00 | 18.11 ms/batch | loss  5.11 |   165.63 ppl
| epoch 5.000000 | 1200.000000/12797.171429 batches | lr 5.00 | 18.18 ms/batch | loss  5.13 |   168.89 ppl
| epoch 5.000000 | 1400.000000/12797.171429 batches | lr 5.00 | 18.15 ms/batch | loss  5.15 |   173.04 ppl
| epoch 5.000000 | 1600.000000/12797.171429 batches | lr 5.00 | 18.14 ms/batch | loss  5.11 |   166.38 ppl
| epoch 5.000000 | 1800.000000/12797.171429 batches | lr 5.00 | 18.15 ms/batch | loss  5.13 |   169.41 ppl
| epoch 5.000000 | 2000.000000/12797.171429 batches | lr 5.00 | 18.12 ms/batch | loss  5.10 |   164.48 ppl
| epoch 5.000000 | 2200.000000/12797.171429 batches | lr 5.00 | 18.13 ms/batch | loss  5.11 |   165.90 ppl
| epoch 5.000000 | 2400.000000/12797.171429 batches | lr 5.00 | 18.13 ms/batch | loss  5.10 |   163.34 ppl
| epoch 5.000000 | 2600.000000/12797.171429 batches | lr 5.00 | 18.11 ms/batch | loss  5.10 |   164.72 ppl
| epoch 5.000000 | 2800.000000/12797.171429 batches | lr 5.00 | 18.13 ms/batch | loss  5.15 |   171.64 ppl
| epoch 5.000000 | 3000.000000/12797.171429 batches | lr 5.00 | 18.13 ms/batch | loss  5.07 |   159.35 ppl
| epoch 5.000000 | 3200.000000/12797.171429 batches | lr 5.00 | 18.11 ms/batch | loss  5.11 |   165.12 ppl
| epoch 5.000000 | 3400.000000/12797.171429 batches | lr 5.00 | 18.13 ms/batch | loss  5.12 |   167.21 ppl
| epoch 5.000000 | 3600.000000/12797.171429 batches | lr 5.00 | 18.11 ms/batch | loss  5.10 |   164.36 ppl
| epoch 5.000000 | 3800.000000/12797.171429 batches | lr 5.00 | 18.13 ms/batch | loss  5.08 |   160.67 ppl
| epoch 5.000000 | 4000.000000/12797.171429 batches | lr 5.00 | 18.14 ms/batch | loss  5.08 |   161.21 ppl
| epoch 5.000000 | 4200.000000/12797.171429 batches | lr 5.00 | 18.11 ms/batch | loss  5.09 |   162.18 ppl
| epoch 5.000000 | 4400.000000/12797.171429 batches | lr 5.00 | 18.13 ms/batch | loss  5.11 |   165.94 ppl
| epoch 5.000000 | 4600.000000/12797.171429 batches | lr 5.00 | 18.11 ms/batch | loss  5.10 |   163.44 ppl
| epoch 5.000000 | 4800.000000/12797.171429 batches | lr 5.00 | 18.12 ms/batch | loss  5.08 |   160.30 ppl
| epoch 5.000000 | 5000.000000/12797.171429 batches | lr 5.00 | 18.11 ms/batch | loss  5.11 |   164.96 ppl
| epoch 5.000000 | 5200.000000/12797.171429 batches | lr 5.00 | 18.12 ms/batch | loss  5.12 |   167.14 ppl
| epoch 5.000000 | 5400.000000/12797.171429 batches | lr 5.00 | 18.13 ms/batch | loss  5.10 |   163.27 ppl
| epoch 5.000000 | 5600.000000/12797.171429 batches | lr 5.00 | 18.13 ms/batch | loss  5.06 |   157.76 ppl
| epoch 5.000000 | 5800.000000/12797.171429 batches | lr 5.00 | 18.11 ms/batch | loss  5.08 |   160.81 ppl
| epoch 5.000000 | 6000.000000/12797.171429 batches | lr 5.00 | 18.12 ms/batch | loss  5.06 |   158.26 ppl
| epoch 5.000000 | 6200.000000/12797.171429 batches | lr 5.00 | 18.13 ms/batch | loss  5.06 |   157.16 ppl
| epoch 5.000000 | 6400.000000/12797.171429 batches | lr 5.00 | 18.11 ms/batch | loss  5.08 |   160.69 ppl
| epoch 5.000000 | 6600.000000/12797.171429 batches | lr 5.00 | 18.11 ms/batch | loss  5.08 |   161.28 ppl
| epoch 5.000000 | 6800.000000/12797.171429 batches | lr 5.00 | 18.12 ms/batch | loss  5.08 |   160.69 ppl
| epoch 5.000000 | 7000.000000/12797.171429 batches | lr 5.00 | 18.13 ms/batch | loss  5.09 |   161.98 ppl
| epoch 5.000000 | 7200.000000/12797.171429 batches | lr 5.00 | 18.12 ms/batch | loss  5.13 |   168.37 ppl
| epoch 5.000000 | 7400.000000/12797.171429 batches | lr 5.00 | 18.12 ms/batch | loss  5.13 |   168.18 ppl
| epoch 5.000000 | 7600.000000/12797.171429 batches | lr 5.00 | 18.11 ms/batch | loss  5.13 |   168.94 ppl
| epoch 5.000000 | 7800.000000/12797.171429 batches | lr 5.00 | 18.13 ms/batch | loss  5.09 |   163.06 ppl
| epoch 5.000000 | 8000.000000/12797.171429 batches | lr 5.00 | 18.11 ms/batch | loss  5.12 |   166.54 ppl
| epoch 5.000000 | 8200.000000/12797.171429 batches | lr 5.00 | 18.11 ms/batch | loss  5.09 |   162.47 ppl
| epoch 5.000000 | 8400.000000/12797.171429 batches | lr 5.00 | 18.12 ms/batch | loss  5.06 |   157.71 ppl
| epoch 5.000000 | 8600.000000/12797.171429 batches | lr 5.00 | 18.12 ms/batch | loss  5.10 |   163.59 ppl
| epoch 5.000000 | 8800.000000/12797.171429 batches | lr 5.00 | 18.13 ms/batch | loss  5.09 |   162.66 ppl
| epoch 5.000000 | 9000.000000/12797.171429 batches | lr 5.00 | 18.13 ms/batch | loss  5.09 |   162.08 ppl
| epoch 5.000000 | 9200.000000/12797.171429 batches | lr 5.00 | 18.12 ms/batch | loss  5.09 |   162.46 ppl
| epoch 5.000000 | 9400.000000/12797.171429 batches | lr 5.00 | 18.14 ms/batch | loss  5.08 |   160.85 ppl
| epoch 5.000000 | 9600.000000/12797.171429 batches | lr 5.00 | 18.12 ms/batch | loss  5.10 |   163.25 ppl
| epoch 5.000000 | 9800.000000/12797.171429 batches | lr 5.00 | 18.13 ms/batch | loss  5.10 |   164.72 ppl
| epoch 5.000000 | 10000.000000/12797.171429 batches | lr 5.00 | 18.13 ms/batch | loss  5.11 |   165.90 ppl
| epoch 5.000000 | 10200.000000/12797.171429 batches | lr 5.00 | 18.11 ms/batch | loss  5.07 |   159.08 ppl
| epoch 5.000000 | 10400.000000/12797.171429 batches | lr 5.00 | 18.12 ms/batch | loss  5.07 |   159.71 ppl
| epoch 5.000000 | 10600.000000/12797.171429 batches | lr 5.00 | 18.12 ms/batch | loss  5.06 |   158.13 ppl
| epoch 5.000000 | 10800.000000/12797.171429 batches | lr 5.00 | 18.12 ms/batch | loss  5.07 |   158.58 ppl
| epoch 5.000000 | 11000.000000/12797.171429 batches | lr 5.00 | 18.12 ms/batch | loss  5.08 |   160.82 ppl
| epoch 5.000000 | 11200.000000/12797.171429 batches | lr 5.00 | 18.11 ms/batch | loss  5.05 |   155.58 ppl
| epoch 5.000000 | 11400.000000/12797.171429 batches | lr 5.00 | 18.13 ms/batch | loss  5.11 |   164.90 ppl
| epoch 5.000000 | 11600.000000/12797.171429 batches | lr 5.00 | 18.13 ms/batch | loss  5.07 |   158.86 ppl
| epoch 5.000000 | 11800.000000/12797.171429 batches | lr 5.00 | 18.13 ms/batch | loss  5.09 |   162.67 ppl
| epoch 5.000000 | 12000.000000/12797.171429 batches | lr 5.00 | 18.13 ms/batch | loss  5.08 |   160.61 ppl
| epoch 5.000000 | 12200.000000/12797.171429 batches | lr 5.00 | 18.13 ms/batch | loss  5.06 |   156.94 ppl
| epoch 5.000000 | 12400.000000/12797.171429 batches | lr 5.00 | 18.11 ms/batch | loss  5.09 |   162.51 ppl
| epoch 5.000000 | 12600.000000/12797.171429 batches | lr 5.00 | 18.12 ms/batch | loss  5.03 |   152.57 ppl
-----------------------------------------------------------------------------------------
| end of epoch   5 | time: 234.68s | valid loss  5.26 | valid ppl   191.91
-----------------------------------------------------------------------------------------

| epoch 6.000000 | 200.000000/12797.171429 batches | lr 5.00 | 18.21 ms/batch | loss  5.08 |   161.48 ppl
| epoch 6.000000 | 400.000000/12797.171429 batches | lr 5.00 | 18.11 ms/batch | loss  5.11 |   165.90 ppl
| epoch 6.000000 | 600.000000/12797.171429 batches | lr 5.00 | 18.12 ms/batch | loss  5.06 |   156.92 ppl
| epoch 6.000000 | 800.000000/12797.171429 batches | lr 5.00 | 18.12 ms/batch | loss  5.09 |   162.85 ppl
| epoch 6.000000 | 1000.000000/12797.171429 batches | lr 5.00 | 18.11 ms/batch | loss  5.07 |   159.74 ppl
| epoch 6.000000 | 1200.000000/12797.171429 batches | lr 5.00 | 18.11 ms/batch | loss  5.09 |   162.94 ppl
| epoch 6.000000 | 1400.000000/12797.171429 batches | lr 5.00 | 18.12 ms/batch | loss  5.12 |   167.08 ppl
| epoch 6.000000 | 1600.000000/12797.171429 batches | lr 5.00 | 18.13 ms/batch | loss  5.08 |   160.43 ppl
| epoch 6.000000 | 1800.000000/12797.171429 batches | lr 5.00 | 18.13 ms/batch | loss  5.09 |   163.08 ppl
| epoch 6.000000 | 2000.000000/12797.171429 batches | lr 5.00 | 18.12 ms/batch | loss  5.06 |   158.29 ppl
| epoch 6.000000 | 2200.000000/12797.171429 batches | lr 5.00 | 18.11 ms/batch | loss  5.07 |   159.58 ppl
| epoch 6.000000 | 2400.000000/12797.171429 batches | lr 5.00 | 18.11 ms/batch | loss  5.06 |   157.76 ppl
| epoch 6.000000 | 2600.000000/12797.171429 batches | lr 5.00 | 18.13 ms/batch | loss  5.07 |   159.07 ppl
| epoch 6.000000 | 2800.000000/12797.171429 batches | lr 5.00 | 18.11 ms/batch | loss  5.11 |   165.41 ppl
| epoch 6.000000 | 3000.000000/12797.171429 batches | lr 5.00 | 18.13 ms/batch | loss  5.04 |   153.89 ppl
| epoch 6.000000 | 3200.000000/12797.171429 batches | lr 5.00 | 18.13 ms/batch | loss  5.07 |   159.35 ppl
| epoch 6.000000 | 3400.000000/12797.171429 batches | lr 5.00 | 18.13 ms/batch | loss  5.08 |   161.03 ppl
| epoch 6.000000 | 3600.000000/12797.171429 batches | lr 5.00 | 18.13 ms/batch | loss  5.07 |   158.52 ppl
| epoch 6.000000 | 3800.000000/12797.171429 batches | lr 5.00 | 18.12 ms/batch | loss  5.04 |   155.08 ppl
| epoch 6.000000 | 4000.000000/12797.171429 batches | lr 5.00 | 18.11 ms/batch | loss  5.05 |   156.14 ppl
| epoch 6.000000 | 4200.000000/12797.171429 batches | lr 5.00 | 18.11 ms/batch | loss  5.05 |   156.48 ppl
| epoch 6.000000 | 4400.000000/12797.171429 batches | lr 5.00 | 18.12 ms/batch | loss  5.08 |   160.52 ppl
| epoch 6.000000 | 4600.000000/12797.171429 batches | lr 5.00 | 18.13 ms/batch | loss  5.07 |   158.65 ppl
| epoch 6.000000 | 4800.000000/12797.171429 batches | lr 5.00 | 18.12 ms/batch | loss  5.04 |   155.04 ppl
| epoch 6.000000 | 5000.000000/12797.171429 batches | lr 5.00 | 18.13 ms/batch | loss  5.07 |   159.31 ppl
| epoch 6.000000 | 5200.000000/12797.171429 batches | lr 5.00 | 18.11 ms/batch | loss  5.09 |   162.07 ppl
| epoch 6.000000 | 5400.000000/12797.171429 batches | lr 5.00 | 18.13 ms/batch | loss  5.06 |   158.02 ppl
| epoch 6.000000 | 5600.000000/12797.171429 batches | lr 5.00 | 18.11 ms/batch | loss  5.03 |   152.78 ppl
| epoch 6.000000 | 5800.000000/12797.171429 batches | lr 5.00 | 18.11 ms/batch | loss  5.05 |   155.85 ppl
| epoch 6.000000 | 6000.000000/12797.171429 batches | lr 5.00 | 18.13 ms/batch | loss  5.03 |   153.35 ppl
| epoch 6.000000 | 6200.000000/12797.171429 batches | lr 5.00 | 18.13 ms/batch | loss  5.02 |   152.08 ppl
| epoch 6.000000 | 6400.000000/12797.171429 batches | lr 5.00 | 18.13 ms/batch | loss  5.05 |   155.89 ppl
| epoch 6.000000 | 6600.000000/12797.171429 batches | lr 5.00 | 18.12 ms/batch | loss  5.05 |   156.51 ppl
| epoch 6.000000 | 6800.000000/12797.171429 batches | lr 5.00 | 18.11 ms/batch | loss  5.05 |   155.69 ppl
| epoch 6.000000 | 7000.000000/12797.171429 batches | lr 5.00 | 18.12 ms/batch | loss  5.06 |   156.89 ppl
| epoch 6.000000 | 7200.000000/12797.171429 batches | lr 5.00 | 18.11 ms/batch | loss  5.10 |   163.32 ppl
| epoch 6.000000 | 7400.000000/12797.171429 batches | lr 5.00 | 18.13 ms/batch | loss  5.09 |   162.63 ppl
| epoch 6.000000 | 7600.000000/12797.171429 batches | lr 5.00 | 18.12 ms/batch | loss  5.10 |   163.35 ppl
| epoch 6.000000 | 7800.000000/12797.171429 batches | lr 5.00 | 18.11 ms/batch | loss  5.06 |   157.84 ppl
| epoch 6.000000 | 8000.000000/12797.171429 batches | lr 5.00 | 18.12 ms/batch | loss  5.09 |   162.09 ppl
| epoch 6.000000 | 8200.000000/12797.171429 batches | lr 5.00 | 18.13 ms/batch | loss  5.06 |   157.01 ppl
| epoch 6.000000 | 8400.000000/12797.171429 batches | lr 5.00 | 18.12 ms/batch | loss  5.03 |   152.97 ppl
| epoch 6.000000 | 8600.000000/12797.171429 batches | lr 5.00 | 18.10 ms/batch | loss  5.07 |   158.81 ppl
| epoch 6.000000 | 8800.000000/12797.171429 batches | lr 5.00 | 18.11 ms/batch | loss  5.06 |   157.80 ppl
| epoch 6.000000 | 9000.000000/12797.171429 batches | lr 5.00 | 18.13 ms/batch | loss  5.06 |   156.97 ppl
| epoch 6.000000 | 9200.000000/12797.171429 batches | lr 5.00 | 18.12 ms/batch | loss  5.06 |   157.59 ppl
| epoch 6.000000 | 9400.000000/12797.171429 batches | lr 5.00 | 18.13 ms/batch | loss  5.05 |   155.70 ppl
| epoch 6.000000 | 9600.000000/12797.171429 batches | lr 5.00 | 18.13 ms/batch | loss  5.07 |   158.92 ppl
| epoch 6.000000 | 9800.000000/12797.171429 batches | lr 5.00 | 18.11 ms/batch | loss  5.07 |   159.67 ppl
| epoch 6.000000 | 10000.000000/12797.171429 batches | lr 5.00 | 18.12 ms/batch | loss  5.08 |   161.08 ppl
| epoch 6.000000 | 10200.000000/12797.171429 batches | lr 5.00 | 18.11 ms/batch | loss  5.04 |   154.03 ppl
| epoch 6.000000 | 10400.000000/12797.171429 batches | lr 5.00 | 18.11 ms/batch | loss  5.05 |   155.57 ppl
| epoch 6.000000 | 10600.000000/12797.171429 batches | lr 5.00 | 18.12 ms/batch | loss  5.03 |   152.95 ppl
| epoch 6.000000 | 10800.000000/12797.171429 batches | lr 5.00 | 18.12 ms/batch | loss  5.04 |   154.01 ppl
| epoch 6.000000 | 11000.000000/12797.171429 batches | lr 5.00 | 18.13 ms/batch | loss  5.05 |   155.97 ppl
| epoch 6.000000 | 11200.000000/12797.171429 batches | lr 5.00 | 18.12 ms/batch | loss  5.02 |   150.99 ppl
| epoch 6.000000 | 11400.000000/12797.171429 batches | lr 5.00 | 18.12 ms/batch | loss  5.08 |   160.64 ppl
| epoch 6.000000 | 11600.000000/12797.171429 batches | lr 5.00 | 18.14 ms/batch | loss  5.04 |   155.08 ppl
| epoch 6.000000 | 11800.000000/12797.171429 batches | lr 5.00 | 18.11 ms/batch | loss  5.06 |   158.01 ppl
| epoch 6.000000 | 12000.000000/12797.171429 batches | lr 5.00 | 18.12 ms/batch | loss  5.05 |   155.96 ppl
| epoch 6.000000 | 12200.000000/12797.171429 batches | lr 5.00 | 18.12 ms/batch | loss  5.03 |   152.31 ppl
| epoch 6.000000 | 12400.000000/12797.171429 batches | lr 5.00 | 18.13 ms/batch | loss  5.06 |   157.84 ppl
| epoch 6.000000 | 12600.000000/12797.171429 batches | lr 5.00 | 18.12 ms/batch | loss  5.00 |   148.32 ppl
-----------------------------------------------------------------------------------------
| end of epoch   6 | time: 234.64s | valid loss  5.24 | valid ppl   189.05
-----------------------------------------------------------------------------------------

| epoch 7.000000 | 200.000000/12797.171429 batches | lr 5.00 | 18.20 ms/batch | loss  5.05 |   156.28 ppl
| epoch 7.000000 | 400.000000/12797.171429 batches | lr 5.00 | 18.10 ms/batch | loss  5.08 |   160.76 ppl
| epoch 7.000000 | 600.000000/12797.171429 batches | lr 5.00 | 18.12 ms/batch | loss  5.03 |   152.23 ppl
| epoch 7.000000 | 800.000000/12797.171429 batches | lr 5.00 | 18.11 ms/batch | loss  5.06 |   157.83 ppl
| epoch 7.000000 | 1000.000000/12797.171429 batches | lr 5.00 | 18.12 ms/batch | loss  5.04 |   154.57 ppl
| epoch 7.000000 | 1200.000000/12797.171429 batches | lr 5.00 | 18.12 ms/batch | loss  5.06 |   158.22 ppl
| epoch 7.000000 | 1400.000000/12797.171429 batches | lr 5.00 | 18.12 ms/batch | loss  5.09 |   162.04 ppl
| epoch 7.000000 | 1600.000000/12797.171429 batches | lr 5.00 | 18.12 ms/batch | loss  5.05 |   155.80 ppl
| epoch 7.000000 | 1800.000000/12797.171429 batches | lr 5.00 | 18.11 ms/batch | loss  5.07 |   158.54 ppl
| epoch 7.000000 | 2000.000000/12797.171429 batches | lr 5.00 | 18.10 ms/batch | loss  5.04 |   154.04 ppl
| epoch 7.000000 | 2200.000000/12797.171429 batches | lr 5.00 | 18.14 ms/batch | loss  5.05 |   155.61 ppl
| epoch 7.000000 | 2400.000000/12797.171429 batches | lr 5.00 | 18.12 ms/batch | loss  5.03 |   153.30 ppl
| epoch 7.000000 | 2600.000000/12797.171429 batches | lr 5.00 | 18.11 ms/batch | loss  5.04 |   154.96 ppl
| epoch 7.000000 | 2800.000000/12797.171429 batches | lr 5.00 | 18.12 ms/batch | loss  5.08 |   160.58 ppl
| epoch 7.000000 | 3000.000000/12797.171429 batches | lr 5.00 | 18.12 ms/batch | loss  5.01 |   149.70 ppl
| epoch 7.000000 | 3200.000000/12797.171429 batches | lr 5.00 | 18.11 ms/batch | loss  5.04 |   155.06 ppl
| epoch 7.000000 | 3400.000000/12797.171429 batches | lr 5.00 | 18.11 ms/batch | loss  5.05 |   156.40 ppl
| epoch 7.000000 | 3600.000000/12797.171429 batches | lr 5.00 | 18.13 ms/batch | loss  5.04 |   154.51 ppl
| epoch 7.000000 | 3800.000000/12797.171429 batches | lr 5.00 | 18.12 ms/batch | loss  5.02 |   151.33 ppl
| epoch 7.000000 | 4000.000000/12797.171429 batches | lr 5.00 | 18.12 ms/batch | loss  5.02 |   152.03 ppl
| epoch 7.000000 | 4200.000000/12797.171429 batches | lr 5.00 | 18.12 ms/batch | loss  5.03 |   152.74 ppl
| epoch 7.000000 | 4400.000000/12797.171429 batches | lr 5.00 | 18.11 ms/batch | loss  5.05 |   156.05 ppl
| epoch 7.000000 | 4600.000000/12797.171429 batches | lr 5.00 | 18.12 ms/batch | loss  5.04 |   154.63 ppl
| epoch 7.000000 | 4800.000000/12797.171429 batches | lr 5.00 | 18.10 ms/batch | loss  5.02 |   151.02 ppl
| epoch 7.000000 | 5000.000000/12797.171429 batches | lr 5.00 | 18.12 ms/batch | loss  5.04 |   155.18 ppl
| epoch 7.000000 | 5200.000000/12797.171429 batches | lr 5.00 | 18.13 ms/batch | loss  5.06 |   157.38 ppl
| epoch 7.000000 | 5400.000000/12797.171429 batches | lr 5.00 | 18.11 ms/batch | loss  5.04 |   154.04 ppl
| epoch 7.000000 | 5600.000000/12797.171429 batches | lr 5.00 | 18.12 ms/batch | loss  5.01 |   149.31 ppl
| epoch 7.000000 | 5800.000000/12797.171429 batches | lr 5.00 | 18.11 ms/batch | loss  5.02 |   152.09 ppl
| epoch 7.000000 | 6000.000000/12797.171429 batches | lr 5.00 | 18.12 ms/batch | loss  5.01 |   149.56 ppl
| epoch 7.000000 | 6200.000000/12797.171429 batches | lr 5.00 | 18.12 ms/batch | loss  5.00 |   148.32 ppl
| epoch 7.000000 | 6400.000000/12797.171429 batches | lr 5.00 | 18.11 ms/batch | loss  5.02 |   152.02 ppl
| epoch 7.000000 | 6600.000000/12797.171429 batches | lr 5.00 | 18.12 ms/batch | loss  5.02 |   152.09 ppl
| epoch 7.000000 | 6800.000000/12797.171429 batches | lr 5.00 | 18.13 ms/batch | loss  5.02 |   151.47 ppl
| epoch 7.000000 | 7000.000000/12797.171429 batches | lr 5.00 | 18.12 ms/batch | loss  5.03 |   153.00 ppl
| epoch 7.000000 | 7200.000000/12797.171429 batches | lr 5.00 | 18.12 ms/batch | loss  5.07 |   159.10 ppl
| epoch 7.000000 | 7400.000000/12797.171429 batches | lr 5.00 | 18.11 ms/batch | loss  5.06 |   158.18 ppl
| epoch 7.000000 | 7600.000000/12797.171429 batches | lr 5.00 | 18.12 ms/batch | loss  5.07 |   159.25 ppl
| epoch 7.000000 | 7800.000000/12797.171429 batches | lr 5.00 | 18.10 ms/batch | loss  5.04 |   154.14 ppl
| epoch 7.000000 | 8000.000000/12797.171429 batches | lr 5.00 | 18.12 ms/batch | loss  5.06 |   157.79 ppl
| epoch 7.000000 | 8200.000000/12797.171429 batches | lr 5.00 | 18.13 ms/batch | loss  5.04 |   153.76 ppl
| epoch 7.000000 | 8400.000000/12797.171429 batches | lr 5.00 | 18.12 ms/batch | loss  5.00 |   148.73 ppl
| epoch 7.000000 | 8600.000000/12797.171429 batches | lr 5.00 | 18.10 ms/batch | loss  5.04 |   154.55 ppl
| epoch 7.000000 | 8800.000000/12797.171429 batches | lr 5.00 | 18.12 ms/batch | loss  5.03 |   153.57 ppl
| epoch 7.000000 | 9000.000000/12797.171429 batches | lr 5.00 | 18.11 ms/batch | loss  5.03 |   152.88 ppl
| epoch 7.000000 | 9200.000000/12797.171429 batches | lr 5.00 | 18.12 ms/batch | loss  5.04 |   153.85 ppl
| epoch 7.000000 | 9400.000000/12797.171429 batches | lr 5.00 | 18.10 ms/batch | loss  5.02 |   151.86 ppl
| epoch 7.000000 | 9600.000000/12797.171429 batches | lr 5.00 | 18.12 ms/batch | loss  5.04 |   155.06 ppl
| epoch 7.000000 | 9800.000000/12797.171429 batches | lr 5.00 | 18.12 ms/batch | loss  5.05 |   155.78 ppl
| epoch 7.000000 | 10000.000000/12797.171429 batches | lr 5.00 | 18.12 ms/batch | loss  5.06 |   156.83 ppl
| epoch 7.000000 | 10200.000000/12797.171429 batches | lr 5.00 | 18.12 ms/batch | loss  5.01 |   150.19 ppl
| epoch 7.000000 | 10400.000000/12797.171429 batches | lr 5.00 | 18.11 ms/batch | loss  5.02 |   151.62 ppl
| epoch 7.000000 | 10600.000000/12797.171429 batches | lr 5.00 | 18.12 ms/batch | loss  5.01 |   149.83 ppl
| epoch 7.000000 | 10800.000000/12797.171429 batches | lr 5.00 | 18.10 ms/batch | loss  5.01 |   150.62 ppl
| epoch 7.000000 | 11000.000000/12797.171429 batches | lr 5.00 | 18.10 ms/batch | loss  5.03 |   152.71 ppl
| epoch 7.000000 | 11200.000000/12797.171429 batches | lr 5.00 | 18.12 ms/batch | loss  4.99 |   147.28 ppl
| epoch 7.000000 | 11400.000000/12797.171429 batches | lr 5.00 | 18.13 ms/batch | loss  5.05 |   156.57 ppl
| epoch 7.000000 | 11600.000000/12797.171429 batches | lr 5.00 | 18.12 ms/batch | loss  5.02 |   151.57 ppl
| epoch 7.000000 | 11800.000000/12797.171429 batches | lr 5.00 | 18.12 ms/batch | loss  5.04 |   154.52 ppl
| epoch 7.000000 | 12000.000000/12797.171429 batches | lr 5.00 | 18.10 ms/batch | loss  5.03 |   152.34 ppl
| epoch 7.000000 | 12200.000000/12797.171429 batches | lr 5.00 | 18.12 ms/batch | loss  5.00 |   148.74 ppl
| epoch 7.000000 | 12400.000000/12797.171429 batches | lr 5.00 | 18.11 ms/batch | loss  5.04 |   154.68 ppl
| epoch 7.000000 | 12600.000000/12797.171429 batches | lr 5.00 | 18.12 ms/batch | loss  4.98 |   145.00 ppl
-----------------------------------------------------------------------------------------
| end of epoch   7 | time: 234.60s | valid loss  5.23 | valid ppl   186.91
-----------------------------------------------------------------------------------------

| epoch 8.000000 | 200.000000/12797.171429 batches | lr 5.00 | 18.20 ms/batch | loss  5.03 |   152.76 ppl
| epoch 8.000000 | 400.000000/12797.171429 batches | lr 5.00 | 18.12 ms/batch | loss  5.06 |   156.87 ppl
| epoch 8.000000 | 600.000000/12797.171429 batches | lr 5.00 | 18.13 ms/batch | loss  5.00 |   148.49 ppl
| epoch 8.000000 | 800.000000/12797.171429 batches | lr 5.00 | 18.14 ms/batch | loss  5.04 |   153.91 ppl
| epoch 8.000000 | 1000.000000/12797.171429 batches | lr 5.00 | 18.11 ms/batch | loss  5.02 |   151.43 ppl
| epoch 8.000000 | 1200.000000/12797.171429 batches | lr 5.00 | 18.13 ms/batch | loss  5.04 |   154.36 ppl
| epoch 8.000000 | 1400.000000/12797.171429 batches | lr 5.00 | 18.11 ms/batch | loss  5.06 |   158.19 ppl
| epoch 8.000000 | 1600.000000/12797.171429 batches | lr 5.00 | 18.12 ms/batch | loss  5.02 |   152.13 ppl
| epoch 8.000000 | 1800.000000/12797.171429 batches | lr 5.00 | 18.13 ms/batch | loss  5.04 |   154.89 ppl
| epoch 8.000000 | 2000.000000/12797.171429 batches | lr 5.00 | 18.11 ms/batch | loss  5.01 |   150.27 ppl
| epoch 8.000000 | 2200.000000/12797.171429 batches | lr 5.00 | 18.12 ms/batch | loss  5.02 |   151.64 ppl
| epoch 8.000000 | 2400.000000/12797.171429 batches | lr 5.00 | 18.11 ms/batch | loss  5.01 |   149.96 ppl
| epoch 8.000000 | 2600.000000/12797.171429 batches | lr 5.00 | 18.11 ms/batch | loss  5.02 |   151.20 ppl
| epoch 8.000000 | 2800.000000/12797.171429 batches | lr 5.00 | 18.13 ms/batch | loss  5.06 |   157.09 ppl
| epoch 8.000000 | 3000.000000/12797.171429 batches | lr 5.00 | 18.11 ms/batch | loss  4.99 |   146.65 ppl
| epoch 8.000000 | 3200.000000/12797.171429 batches | lr 5.00 | 18.13 ms/batch | loss  5.02 |   151.33 ppl
| epoch 8.000000 | 3400.000000/12797.171429 batches | lr 5.00 | 18.12 ms/batch | loss  5.03 |   152.92 ppl
| epoch 8.000000 | 3600.000000/12797.171429 batches | lr 5.00 | 18.12 ms/batch | loss  5.02 |   150.76 ppl
| epoch 8.000000 | 3800.000000/12797.171429 batches | lr 5.00 | 18.10 ms/batch | loss  5.00 |   147.69 ppl
| epoch 8.000000 | 4000.000000/12797.171429 batches | lr 5.00 | 18.11 ms/batch | loss  5.00 |   148.88 ppl
| epoch 8.000000 | 4200.000000/12797.171429 batches | lr 5.00 | 18.12 ms/batch | loss  5.01 |   149.64 ppl
| epoch 8.000000 | 4400.000000/12797.171429 batches | lr 5.00 | 18.12 ms/batch | loss  5.03 |   152.77 ppl
| epoch 8.000000 | 4600.000000/12797.171429 batches | lr 5.00 | 18.12 ms/batch | loss  5.02 |   151.49 ppl
| epoch 8.000000 | 4800.000000/12797.171429 batches | lr 5.00 | 18.11 ms/batch | loss  5.00 |   148.06 ppl
| epoch 8.000000 | 5000.000000/12797.171429 batches | lr 5.00 | 18.10 ms/batch | loss  5.02 |   151.30 ppl
| epoch 8.000000 | 5200.000000/12797.171429 batches | lr 5.00 | 18.11 ms/batch | loss  5.04 |   153.98 ppl
| epoch 8.000000 | 5400.000000/12797.171429 batches | lr 5.00 | 18.10 ms/batch | loss  5.02 |   150.73 ppl
| epoch 8.000000 | 5600.000000/12797.171429 batches | lr 5.00 | 18.11 ms/batch | loss  4.98 |   145.89 ppl
| epoch 8.000000 | 5800.000000/12797.171429 batches | lr 5.00 | 18.11 ms/batch | loss  5.00 |   149.11 ppl
| epoch 8.000000 | 6000.000000/12797.171429 batches | lr 5.00 | 18.11 ms/batch | loss  4.98 |   146.12 ppl
| epoch 8.000000 | 6200.000000/12797.171429 batches | lr 5.00 | 18.11 ms/batch | loss  4.98 |   145.19 ppl
| epoch 8.000000 | 6400.000000/12797.171429 batches | lr 5.00 | 18.11 ms/batch | loss  5.00 |   148.81 ppl
| epoch 8.000000 | 6600.000000/12797.171429 batches | lr 5.00 | 18.10 ms/batch | loss  5.00 |   148.91 ppl
| epoch 8.000000 | 6800.000000/12797.171429 batches | lr 5.00 | 18.10 ms/batch | loss  5.00 |   148.39 ppl
| epoch 8.000000 | 7000.000000/12797.171429 batches | lr 5.00 | 18.11 ms/batch | loss  5.01 |   149.80 ppl
| epoch 8.000000 | 7200.000000/12797.171429 batches | lr 5.00 | 18.10 ms/batch | loss  5.05 |   155.89 ppl
| epoch 8.000000 | 7400.000000/12797.171429 batches | lr 5.00 | 18.11 ms/batch | loss  5.05 |   155.27 ppl
| epoch 8.000000 | 7600.000000/12797.171429 batches | lr 5.00 | 18.11 ms/batch | loss  5.05 |   156.15 ppl
| epoch 8.000000 | 7800.000000/12797.171429 batches | lr 5.00 | 18.10 ms/batch | loss  5.02 |   150.67 ppl
| epoch 8.000000 | 8000.000000/12797.171429 batches | lr 5.00 | 18.11 ms/batch | loss  5.04 |   154.34 ppl
| epoch 8.000000 | 8200.000000/12797.171429 batches | lr 5.00 | 18.11 ms/batch | loss  5.02 |   150.72 ppl
| epoch 8.000000 | 8400.000000/12797.171429 batches | lr 5.00 | 18.10 ms/batch | loss  4.98 |   145.63 ppl
| epoch 8.000000 | 8600.000000/12797.171429 batches | lr 5.00 | 18.11 ms/batch | loss  5.02 |   151.80 ppl
| epoch 8.000000 | 8800.000000/12797.171429 batches | lr 5.00 | 18.11 ms/batch | loss  5.01 |   150.57 ppl
| epoch 8.000000 | 9000.000000/12797.171429 batches | lr 5.00 | 18.11 ms/batch | loss  5.01 |   150.07 ppl
| epoch 8.000000 | 9200.000000/12797.171429 batches | lr 5.00 | 18.11 ms/batch | loss  5.01 |   150.30 ppl
| epoch 8.000000 | 9400.000000/12797.171429 batches | lr 5.00 | 18.11 ms/batch | loss  5.00 |   148.73 ppl
| epoch 8.000000 | 9600.000000/12797.171429 batches | lr 5.00 | 18.10 ms/batch | loss  5.02 |   152.06 ppl
| epoch 8.000000 | 9800.000000/12797.171429 batches | lr 5.00 | 18.11 ms/batch | loss  5.03 |   152.17 ppl
| epoch 8.000000 | 10000.000000/12797.171429 batches | lr 5.00 | 18.10 ms/batch | loss  5.04 |   153.86 ppl
| epoch 8.000000 | 10200.000000/12797.171429 batches | lr 5.00 | 18.11 ms/batch | loss  4.99 |   147.20 ppl
| epoch 8.000000 | 10400.000000/12797.171429 batches | lr 5.00 | 18.11 ms/batch | loss  5.00 |   148.45 ppl
| epoch 8.000000 | 10600.000000/12797.171429 batches | lr 5.00 | 18.11 ms/batch | loss  4.99 |   146.71 ppl
| epoch 8.000000 | 10800.000000/12797.171429 batches | lr 5.00 | 18.10 ms/batch | loss  4.99 |   147.35 ppl
| epoch 8.000000 | 11000.000000/12797.171429 batches | lr 5.00 | 18.11 ms/batch | loss  5.01 |   149.34 ppl
| epoch 8.000000 | 11200.000000/12797.171429 batches | lr 5.00 | 18.11 ms/batch | loss  4.97 |   144.35 ppl
| epoch 8.000000 | 11400.000000/12797.171429 batches | lr 5.00 | 18.11 ms/batch | loss  5.03 |   153.22 ppl
| epoch 8.000000 | 11600.000000/12797.171429 batches | lr 5.00 | 18.11 ms/batch | loss  5.00 |   148.07 ppl
| epoch 8.000000 | 11800.000000/12797.171429 batches | lr 5.00 | 18.10 ms/batch | loss  5.02 |   151.07 ppl
| epoch 8.000000 | 12000.000000/12797.171429 batches | lr 5.00 | 18.11 ms/batch | loss  5.01 |   149.25 ppl
| epoch 8.000000 | 12200.000000/12797.171429 batches | lr 5.00 | 18.10 ms/batch | loss  4.98 |   145.43 ppl
| epoch 8.000000 | 12400.000000/12797.171429 batches | lr 5.00 | 18.10 ms/batch | loss  5.02 |   151.69 ppl
| epoch 8.000000 | 12600.000000/12797.171429 batches | lr 5.00 | 18.10 ms/batch | loss  4.95 |   141.72 ppl
-----------------------------------------------------------------------------------------
| end of epoch   8 | time: 234.51s | valid loss  5.23 | valid ppl   186.21
-----------------------------------------------------------------------------------------

| epoch 9.000000 | 200.000000/12797.171429 batches | lr 5.00 | 18.20 ms/batch | loss  5.01 |   149.75 ppl
| epoch 9.000000 | 400.000000/12797.171429 batches | lr 5.00 | 18.11 ms/batch | loss  5.03 |   153.61 ppl
| epoch 9.000000 | 600.000000/12797.171429 batches | lr 5.00 | 18.11 ms/batch | loss  4.98 |   145.51 ppl
| epoch 9.000000 | 800.000000/12797.171429 batches | lr 5.00 | 18.10 ms/batch | loss  5.01 |   150.64 ppl
| epoch 9.000000 | 1000.000000/12797.171429 batches | lr 5.00 | 18.11 ms/batch | loss  5.00 |   148.38 ppl
| epoch 9.000000 | 1200.000000/12797.171429 batches | lr 5.00 | 18.11 ms/batch | loss  5.02 |   151.25 ppl
| epoch 9.000000 | 1400.000000/12797.171429 batches | lr 5.00 | 18.11 ms/batch | loss  5.04 |   154.83 ppl
| epoch 9.000000 | 1600.000000/12797.171429 batches | lr 5.00 | 18.11 ms/batch | loss  5.00 |   148.74 ppl
| epoch 9.000000 | 1800.000000/12797.171429 batches | lr 5.00 | 18.11 ms/batch | loss  5.02 |   151.91 ppl
| epoch 9.000000 | 2000.000000/12797.171429 batches | lr 5.00 | 18.10 ms/batch | loss  4.99 |   147.11 ppl
| epoch 9.000000 | 2200.000000/12797.171429 batches | lr 5.00 | 18.11 ms/batch | loss  5.00 |   148.96 ppl
| epoch 9.000000 | 2400.000000/12797.171429 batches | lr 5.00 | 18.11 ms/batch | loss  4.99 |   147.21 ppl
| epoch 9.000000 | 2600.000000/12797.171429 batches | lr 5.00 | 18.10 ms/batch | loss  5.00 |   148.73 ppl
| epoch 9.000000 | 2800.000000/12797.171429 batches | lr 5.00 | 18.11 ms/batch | loss  5.04 |   153.98 ppl
| epoch 9.000000 | 3000.000000/12797.171429 batches | lr 5.00 | 18.11 ms/batch | loss  4.97 |   143.60 ppl
| epoch 9.000000 | 3200.000000/12797.171429 batches | lr 5.00 | 18.11 ms/batch | loss  5.00 |   148.57 ppl
| epoch 9.000000 | 3400.000000/12797.171429 batches | lr 5.00 | 18.10 ms/batch | loss  5.01 |   149.93 ppl
| epoch 9.000000 | 3600.000000/12797.171429 batches | lr 5.00 | 18.11 ms/batch | loss  5.00 |   147.92 ppl
| epoch 9.000000 | 3800.000000/12797.171429 batches | lr 5.00 | 18.11 ms/batch | loss  4.98 |   144.91 ppl
| epoch 9.000000 | 4000.000000/12797.171429 batches | lr 5.00 | 18.10 ms/batch | loss  4.98 |   146.08 ppl
| epoch 9.000000 | 4200.000000/12797.171429 batches | lr 5.00 | 18.10 ms/batch | loss  4.99 |   146.88 ppl
| epoch 9.000000 | 4400.000000/12797.171429 batches | lr 5.00 | 18.11 ms/batch | loss  5.01 |   150.25 ppl
| epoch 9.000000 | 4600.000000/12797.171429 batches | lr 5.00 | 18.10 ms/batch | loss  5.00 |   148.42 ppl
| epoch 9.000000 | 4800.000000/12797.171429 batches | lr 5.00 | 18.11 ms/batch | loss  4.98 |   145.58 ppl
| epoch 9.000000 | 5000.000000/12797.171429 batches | lr 5.00 | 18.11 ms/batch | loss  5.00 |   148.69 ppl
| epoch 9.000000 | 5200.000000/12797.171429 batches | lr 5.00 | 18.10 ms/batch | loss  5.01 |   150.53 ppl
| epoch 9.000000 | 5400.000000/12797.171429 batches | lr 5.00 | 18.11 ms/batch | loss  5.00 |   147.94 ppl
| epoch 9.000000 | 5600.000000/12797.171429 batches | lr 5.00 | 18.11 ms/batch | loss  4.97 |   143.41 ppl
| epoch 9.000000 | 5800.000000/12797.171429 batches | lr 5.00 | 18.11 ms/batch | loss  4.99 |   146.43 ppl
| epoch 9.000000 | 6000.000000/12797.171429 batches | lr 5.00 | 18.11 ms/batch | loss  4.97 |   143.37 ppl
| epoch 9.000000 | 6200.000000/12797.171429 batches | lr 5.00 | 18.11 ms/batch | loss  4.96 |   142.56 ppl
| epoch 9.000000 | 6400.000000/12797.171429 batches | lr 5.00 | 18.10 ms/batch | loss  4.98 |   146.15 ppl
| epoch 9.000000 | 6600.000000/12797.171429 batches | lr 5.00 | 18.11 ms/batch | loss  4.98 |   146.09 ppl
| epoch 9.000000 | 6800.000000/12797.171429 batches | lr 5.00 | 18.11 ms/batch | loss  4.98 |   145.54 ppl
| epoch 9.000000 | 7000.000000/12797.171429 batches | lr 5.00 | 18.11 ms/batch | loss  4.99 |   147.43 ppl
| epoch 9.000000 | 7200.000000/12797.171429 batches | lr 5.00 | 18.10 ms/batch | loss  5.03 |   152.66 ppl
| epoch 9.000000 | 7400.000000/12797.171429 batches | lr 5.00 | 18.10 ms/batch | loss  5.03 |   152.56 ppl
| epoch 9.000000 | 7600.000000/12797.171429 batches | lr 5.00 | 18.11 ms/batch | loss  5.03 |   153.08 ppl
| epoch 9.000000 | 7800.000000/12797.171429 batches | lr 5.00 | 18.11 ms/batch | loss  4.99 |   147.66 ppl
| epoch 9.000000 | 8000.000000/12797.171429 batches | lr 5.00 | 18.10 ms/batch | loss  5.02 |   151.55 ppl
| epoch 9.000000 | 8200.000000/12797.171429 batches | lr 5.00 | 18.10 ms/batch | loss  4.99 |   147.59 ppl
| epoch 9.000000 | 8400.000000/12797.171429 batches | lr 5.00 | 18.10 ms/batch | loss  4.96 |   142.97 ppl
| epoch 9.000000 | 8600.000000/12797.171429 batches | lr 5.00 | 18.10 ms/batch | loss  5.00 |   148.99 ppl
| epoch 9.000000 | 8800.000000/12797.171429 batches | lr 5.00 | 18.11 ms/batch | loss  5.00 |   147.89 ppl
| epoch 9.000000 | 9000.000000/12797.171429 batches | lr 5.00 | 18.10 ms/batch | loss  4.99 |   147.55 ppl
| epoch 9.000000 | 9200.000000/12797.171429 batches | lr 5.00 | 18.11 ms/batch | loss  5.00 |   147.88 ppl
| epoch 9.000000 | 9400.000000/12797.171429 batches | lr 5.00 | 18.11 ms/batch | loss  4.98 |   145.99 ppl
| epoch 9.000000 | 9600.000000/12797.171429 batches | lr 5.00 | 18.11 ms/batch | loss  5.00 |   149.01 ppl
| epoch 9.000000 | 9800.000000/12797.171429 batches | lr 5.00 | 18.11 ms/batch | loss  5.01 |   149.68 ppl
| epoch 9.000000 | 10000.000000/12797.171429 batches | lr 5.00 | 18.11 ms/batch | loss  5.02 |   150.93 ppl
| epoch 9.000000 | 10200.000000/12797.171429 batches | lr 5.00 | 18.11 ms/batch | loss  4.97 |   144.33 ppl
| epoch 9.000000 | 10400.000000/12797.171429 batches | lr 5.00 | 18.10 ms/batch | loss  4.98 |   145.92 ppl
| epoch 9.000000 | 10600.000000/12797.171429 batches | lr 5.00 | 18.11 ms/batch | loss  4.97 |   144.12 ppl
| epoch 9.000000 | 10800.000000/12797.171429 batches | lr 5.00 | 18.11 ms/batch | loss  4.97 |   144.59 ppl
| epoch 9.000000 | 11000.000000/12797.171429 batches | lr 5.00 | 18.11 ms/batch | loss  4.99 |   146.53 ppl
| epoch 9.000000 | 11200.000000/12797.171429 batches | lr 5.00 | 18.11 ms/batch | loss  4.95 |   141.78 ppl
| epoch 9.000000 | 11400.000000/12797.171429 batches | lr 5.00 | 18.11 ms/batch | loss  5.01 |   150.50 ppl
| epoch 9.000000 | 11600.000000/12797.171429 batches | lr 5.00 | 18.10 ms/batch | loss  4.98 |   145.57 ppl
| epoch 9.000000 | 11800.000000/12797.171429 batches | lr 5.00 | 18.10 ms/batch | loss  5.00 |   148.47 ppl
| epoch 9.000000 | 12000.000000/12797.171429 batches | lr 5.00 | 18.10 ms/batch | loss  4.99 |   146.86 ppl
| epoch 9.000000 | 12200.000000/12797.171429 batches | lr 5.00 | 18.11 ms/batch | loss  4.96 |   142.92 ppl
| epoch 9.000000 | 12400.000000/12797.171429 batches | lr 5.00 | 18.11 ms/batch | loss  5.00 |   149.09 ppl
| epoch 9.000000 | 12600.000000/12797.171429 batches | lr 5.00 | 18.11 ms/batch | loss  4.94 |   139.63 ppl
-----------------------------------------------------------------------------------------
| end of epoch   9 | time: 234.46s | valid loss  5.23 | valid ppl   185.96
-----------------------------------------------------------------------------------------

| epoch 10.000000 | 200.000000/12797.171429 batches | lr 5.00 | 18.20 ms/batch | loss  4.99 |   146.98 ppl
| epoch 10.000000 | 400.000000/12797.171429 batches | lr 5.00 | 18.11 ms/batch | loss  5.02 |   150.98 ppl
| epoch 10.000000 | 600.000000/12797.171429 batches | lr 5.00 | 18.11 ms/batch | loss  4.96 |   142.76 ppl
| epoch 10.000000 | 800.000000/12797.171429 batches | lr 5.00 | 18.11 ms/batch | loss  5.00 |   147.87 ppl
| epoch 10.000000 | 1000.000000/12797.171429 batches | lr 5.00 | 18.11 ms/batch | loss  4.98 |   145.76 ppl
| epoch 10.000000 | 1200.000000/12797.171429 batches | lr 5.00 | 18.11 ms/batch | loss  5.00 |   148.59 ppl
| epoch 10.000000 | 1400.000000/12797.171429 batches | lr 5.00 | 18.11 ms/batch | loss  5.02 |   151.89 ppl
| epoch 10.000000 | 1600.000000/12797.171429 batches | lr 5.00 | 18.11 ms/batch | loss  4.99 |   146.42 ppl
| epoch 10.000000 | 1800.000000/12797.171429 batches | lr 5.00 | 18.10 ms/batch | loss  5.00 |   148.88 ppl
| epoch 10.000000 | 2000.000000/12797.171429 batches | lr 5.00 | 18.11 ms/batch | loss  4.98 |   144.75 ppl
| epoch 10.000000 | 2200.000000/12797.171429 batches | lr 5.00 | 18.10 ms/batch | loss  4.99 |   146.60 ppl
| epoch 10.000000 | 2400.000000/12797.171429 batches | lr 5.00 | 18.11 ms/batch | loss  4.97 |   144.72 ppl
| epoch 10.000000 | 2600.000000/12797.171429 batches | lr 5.00 | 18.11 ms/batch | loss  4.98 |   145.59 ppl
| epoch 10.000000 | 2800.000000/12797.171429 batches | lr 5.00 | 18.11 ms/batch | loss  5.02 |   151.37 ppl
| epoch 10.000000 | 3000.000000/12797.171429 batches | lr 5.00 | 18.11 ms/batch | loss  4.95 |   141.43 ppl
| epoch 10.000000 | 3200.000000/12797.171429 batches | lr 5.00 | 18.11 ms/batch | loss  4.98 |   146.02 ppl
| epoch 10.000000 | 3400.000000/12797.171429 batches | lr 5.00 | 18.11 ms/batch | loss  4.99 |   147.41 ppl
| epoch 10.000000 | 3600.000000/12797.171429 batches | lr 5.00 | 18.11 ms/batch | loss  4.98 |   145.13 ppl
| epoch 10.000000 | 3800.000000/12797.171429 batches | lr 5.00 | 18.11 ms/batch | loss  4.96 |   142.66 ppl
| epoch 10.000000 | 4000.000000/12797.171429 batches | lr 5.00 | 18.10 ms/batch | loss  4.97 |   143.44 ppl
| epoch 10.000000 | 4200.000000/12797.171429 batches | lr 5.00 | 18.11 ms/batch | loss  4.97 |   144.41 ppl
| epoch 10.000000 | 4400.000000/12797.171429 batches | lr 5.00 | 18.11 ms/batch | loss  4.99 |   147.29 ppl
| epoch 10.000000 | 4600.000000/12797.171429 batches | lr 5.00 | 18.11 ms/batch | loss  4.99 |   146.42 ppl
| epoch 10.000000 | 4800.000000/12797.171429 batches | lr 5.00 | 18.11 ms/batch | loss  4.96 |   142.86 ppl
| epoch 10.000000 | 5000.000000/12797.171429 batches | lr 5.00 | 18.11 ms/batch | loss  4.99 |   146.39 ppl
| epoch 10.000000 | 5200.000000/12797.171429 batches | lr 5.00 | 18.11 ms/batch | loss  5.00 |   148.44 ppl
| epoch 10.000000 | 5400.000000/12797.171429 batches | lr 5.00 | 18.14 ms/batch | loss  4.98 |   145.67 ppl
| epoch 10.000000 | 5600.000000/12797.171429 batches | lr 5.00 | 18.11 ms/batch | loss  4.95 |   141.11 ppl
| epoch 10.000000 | 5800.000000/12797.171429 batches | lr 5.00 | 18.11 ms/batch | loss  4.97 |   144.25 ppl
| epoch 10.000000 | 6000.000000/12797.171429 batches | lr 5.00 | 18.11 ms/batch | loss  4.95 |   140.83 ppl
| epoch 10.000000 | 6200.000000/12797.171429 batches | lr 5.00 | 18.11 ms/batch | loss  4.94 |   140.34 ppl
| epoch 10.000000 | 6400.000000/12797.171429 batches | lr 5.00 | 18.11 ms/batch | loss  4.97 |   143.95 ppl
| epoch 10.000000 | 6600.000000/12797.171429 batches | lr 5.00 | 18.10 ms/batch | loss  4.97 |   144.09 ppl
| epoch 10.000000 | 6800.000000/12797.171429 batches | lr 5.00 | 18.11 ms/batch | loss  4.97 |   143.70 ppl
| epoch 10.000000 | 7000.000000/12797.171429 batches | lr 5.00 | 18.10 ms/batch | loss  4.98 |   145.08 ppl
| epoch 10.000000 | 7200.000000/12797.171429 batches | lr 5.00 | 18.11 ms/batch | loss  5.01 |   150.08 ppl
| epoch 10.000000 | 7400.000000/12797.171429 batches | lr 5.00 | 18.11 ms/batch | loss  5.01 |   149.99 ppl
| epoch 10.000000 | 7600.000000/12797.171429 batches | lr 5.00 | 18.10 ms/batch | loss  5.01 |   150.48 ppl
| epoch 10.000000 | 7800.000000/12797.171429 batches | lr 5.00 | 18.11 ms/batch | loss  4.98 |   145.32 ppl
| epoch 10.000000 | 8000.000000/12797.171429 batches | lr 5.00 | 18.11 ms/batch | loss  5.01 |   149.17 ppl
| epoch 10.000000 | 8200.000000/12797.171429 batches | lr 5.00 | 18.11 ms/batch | loss  4.98 |   145.24 ppl
| epoch 10.000000 | 8400.000000/12797.171429 batches | lr 5.00 | 18.11 ms/batch | loss  4.95 |   140.61 ppl
| epoch 10.000000 | 8600.000000/12797.171429 batches | lr 5.00 | 18.11 ms/batch | loss  4.99 |   146.44 ppl
| epoch 10.000000 | 8800.000000/12797.171429 batches | lr 5.00 | 18.11 ms/batch | loss  4.98 |   145.14 ppl
| epoch 10.000000 | 9000.000000/12797.171429 batches | lr 5.00 | 18.11 ms/batch | loss  4.98 |   145.11 ppl
| epoch 10.000000 | 9200.000000/12797.171429 batches | lr 5.00 | 18.11 ms/batch | loss  4.98 |   145.37 ppl
| epoch 10.000000 | 9400.000000/12797.171429 batches | lr 5.00 | 18.11 ms/batch | loss  4.97 |   143.52 ppl
| epoch 10.000000 | 9600.000000/12797.171429 batches | lr 5.00 | 18.11 ms/batch | loss  4.99 |   146.43 ppl
| epoch 10.000000 | 9800.000000/12797.171429 batches | lr 5.00 | 18.11 ms/batch | loss  4.99 |   147.35 ppl
| epoch 10.000000 | 10000.000000/12797.171429 batches | lr 5.00 | 18.11 ms/batch | loss  5.00 |   148.70 ppl
| epoch 10.000000 | 10200.000000/12797.171429 batches | lr 5.00 | 18.11 ms/batch | loss  4.96 |   142.09 ppl
| epoch 10.000000 | 10400.000000/12797.171429 batches | lr 5.00 | 18.11 ms/batch | loss  4.97 |   143.65 ppl
| epoch 10.000000 | 10600.000000/12797.171429 batches | lr 5.00 | 18.11 ms/batch | loss  4.95 |   141.64 ppl
| epoch 10.000000 | 10800.000000/12797.171429 batches | lr 5.00 | 18.11 ms/batch | loss  4.96 |   142.72 ppl
| epoch 10.000000 | 11000.000000/12797.171429 batches | lr 5.00 | 18.11 ms/batch | loss  4.97 |   144.54 ppl
| epoch 10.000000 | 11200.000000/12797.171429 batches | lr 5.00 | 18.10 ms/batch | loss  4.94 |   139.78 ppl
| epoch 10.000000 | 11400.000000/12797.171429 batches | lr 5.00 | 18.10 ms/batch | loss  5.00 |   148.00 ppl
| epoch 10.000000 | 11600.000000/12797.171429 batches | lr 5.00 | 18.11 ms/batch | loss  4.97 |   143.60 ppl
| epoch 10.000000 | 11800.000000/12797.171429 batches | lr 5.00 | 18.11 ms/batch | loss  4.99 |   146.34 ppl
| epoch 10.000000 | 12000.000000/12797.171429 batches | lr 5.00 | 18.11 ms/batch | loss  4.97 |   144.64 ppl
| epoch 10.000000 | 12200.000000/12797.171429 batches | lr 5.00 | 18.10 ms/batch | loss  4.95 |   140.98 ppl
| epoch 10.000000 | 12400.000000/12797.171429 batches | lr 5.00 | 18.11 ms/batch | loss  4.99 |   146.77 ppl
| epoch 10.000000 | 12600.000000/12797.171429 batches | lr 5.00 | 18.10 ms/batch | loss  4.92 |   137.54 ppl
-----------------------------------------------------------------------------------------
| end of epoch  10 | time: 234.48s | valid loss  5.22 | valid ppl   184.73
-----------------------------------------------------------------------------------------

end: training and validation complete!

Sun Feb  3 22:08:43 EET 2019
