Wed Feb  6 11:55:23 EET 2019

setting things for Taito!
----------------------------------------------------------------------------
  Setting up new environment, removing all currently loaded modules
----------------------------------------------------------------------------
  Loading new modules:
    python-env/intelpython3.6-2018.3    cuda/9.0
    gcc/5.4.0                           cudnn/7.1-cuda9
Loading application Intel Distribution for Python 2018 update 3 
IntelDistributionpython3andConda nil environment loaded
 
To list available conda environments, please run command:
    conda env list
 
To activate a specific conda environment, please run command:
    source activate environment-name
 
To deactivate qiime environment, run command: 
    source deactivate
RNN Language MODEL: Loading gigaword corpus
| epoch 1.000000 | 200.000000/12797.171429 batches | lr 20.00 | 33.60 ms/batch | loss  6.00 |   404.71 ppl
| epoch 1.000000 | 400.000000/12797.171429 batches | lr 20.00 | 31.16 ms/batch | loss  2.66 |    14.25 ppl
| epoch 1.000000 | 600.000000/12797.171429 batches | lr 20.00 | 31.11 ms/batch | loss  1.82 |     6.16 ppl
| epoch 1.000000 | 800.000000/12797.171429 batches | lr 20.00 | 31.14 ms/batch | loss  1.48 |     4.39 ppl
| epoch 1.000000 | 1000.000000/12797.171429 batches | lr 20.00 | 31.14 ms/batch | loss  1.24 |     3.47 ppl
| epoch 1.000000 | 1200.000000/12797.171429 batches | lr 20.00 | 31.10 ms/batch | loss  1.13 |     3.08 ppl
| epoch 1.000000 | 1400.000000/12797.171429 batches | lr 20.00 | 31.09 ms/batch | loss  1.05 |     2.86 ppl
| epoch 1.000000 | 1600.000000/12797.171429 batches | lr 20.00 | 31.13 ms/batch | loss  0.95 |     2.60 ppl
| epoch 1.000000 | 1800.000000/12797.171429 batches | lr 20.00 | 31.11 ms/batch | loss  0.91 |     2.48 ppl
| epoch 1.000000 | 2000.000000/12797.171429 batches | lr 20.00 | 31.18 ms/batch | loss  0.84 |     2.33 ppl
| epoch 1.000000 | 2200.000000/12797.171429 batches | lr 20.00 | 31.12 ms/batch | loss  0.82 |     2.27 ppl
| epoch 1.000000 | 2400.000000/12797.171429 batches | lr 20.00 | 31.09 ms/batch | loss  0.79 |     2.21 ppl
| epoch 1.000000 | 2600.000000/12797.171429 batches | lr 20.00 | 31.11 ms/batch | loss  0.77 |     2.16 ppl
| epoch 1.000000 | 2800.000000/12797.171429 batches | lr 20.00 | 31.12 ms/batch | loss  0.76 |     2.15 ppl
| epoch 1.000000 | 3000.000000/12797.171429 batches | lr 20.00 | 31.13 ms/batch | loss  0.72 |     2.06 ppl
| epoch 1.000000 | 3200.000000/12797.171429 batches | lr 20.00 | 31.20 ms/batch | loss  0.71 |     2.04 ppl
| epoch 1.000000 | 3400.000000/12797.171429 batches | lr 20.00 | 31.11 ms/batch | loss  0.71 |     2.04 ppl
| epoch 1.000000 | 3600.000000/12797.171429 batches | lr 20.00 | 31.08 ms/batch | loss  0.69 |     1.99 ppl
| epoch 1.000000 | 3800.000000/12797.171429 batches | lr 20.00 | 31.14 ms/batch | loss  0.67 |     1.95 ppl
| epoch 1.000000 | 4000.000000/12797.171429 batches | lr 20.00 | 31.15 ms/batch | loss  0.66 |     1.94 ppl
| epoch 1.000000 | 4200.000000/12797.171429 batches | lr 20.00 | 31.11 ms/batch | loss  0.65 |     1.92 ppl
| epoch 1.000000 | 4400.000000/12797.171429 batches | lr 20.00 | 31.15 ms/batch | loss  0.65 |     1.91 ppl
| epoch 1.000000 | 4600.000000/12797.171429 batches | lr 20.00 | 31.11 ms/batch | loss  0.64 |     1.90 ppl
| epoch 1.000000 | 4800.000000/12797.171429 batches | lr 20.00 | 31.09 ms/batch | loss  0.63 |     1.87 ppl
| epoch 1.000000 | 5000.000000/12797.171429 batches | lr 20.00 | 31.12 ms/batch | loss  0.63 |     1.88 ppl
| epoch 1.000000 | 5200.000000/12797.171429 batches | lr 20.00 | 31.11 ms/batch | loss  0.63 |     1.88 ppl
| epoch 1.000000 | 5400.000000/12797.171429 batches | lr 20.00 | 31.11 ms/batch | loss  0.62 |     1.85 ppl
| epoch 1.000000 | 5600.000000/12797.171429 batches | lr 20.00 | 31.10 ms/batch | loss  0.60 |     1.83 ppl
| epoch 1.000000 | 5800.000000/12797.171429 batches | lr 20.00 | 31.14 ms/batch | loss  0.60 |     1.82 ppl
| epoch 1.000000 | 6000.000000/12797.171429 batches | lr 20.00 | 31.11 ms/batch | loss  0.60 |     1.82 ppl
| epoch 1.000000 | 6200.000000/12797.171429 batches | lr 20.00 | 31.12 ms/batch | loss  0.58 |     1.79 ppl
| epoch 1.000000 | 6400.000000/12797.171429 batches | lr 20.00 | 31.10 ms/batch | loss  0.59 |     1.80 ppl
| epoch 1.000000 | 6600.000000/12797.171429 batches | lr 20.00 | 31.11 ms/batch | loss  0.59 |     1.81 ppl
| epoch 1.000000 | 6800.000000/12797.171429 batches | lr 20.00 | 31.10 ms/batch | loss  0.58 |     1.79 ppl
| epoch 1.000000 | 7000.000000/12797.171429 batches | lr 20.00 | 31.09 ms/batch | loss  0.58 |     1.79 ppl
| epoch 1.000000 | 7200.000000/12797.171429 batches | lr 20.00 | 31.12 ms/batch | loss  0.59 |     1.80 ppl
| epoch 1.000000 | 7400.000000/12797.171429 batches | lr 20.00 | 31.10 ms/batch | loss  0.59 |     1.80 ppl
| epoch 1.000000 | 7600.000000/12797.171429 batches | lr 20.00 | 31.11 ms/batch | loss  0.58 |     1.79 ppl
| epoch 1.000000 | 7800.000000/12797.171429 batches | lr 20.00 | 31.17 ms/batch | loss  0.58 |     1.79 ppl
| epoch 1.000000 | 8000.000000/12797.171429 batches | lr 20.00 | 31.09 ms/batch | loss  0.57 |     1.77 ppl
| epoch 1.000000 | 8200.000000/12797.171429 batches | lr 20.00 | 31.09 ms/batch | loss  0.56 |     1.76 ppl
| epoch 1.000000 | 8400.000000/12797.171429 batches | lr 20.00 | 31.14 ms/batch | loss  0.56 |     1.75 ppl
| epoch 1.000000 | 8600.000000/12797.171429 batches | lr 20.00 | 31.10 ms/batch | loss  0.57 |     1.76 ppl
| epoch 1.000000 | 8800.000000/12797.171429 batches | lr 20.00 | 31.11 ms/batch | loss  0.56 |     1.76 ppl
| epoch 1.000000 | 9000.000000/12797.171429 batches | lr 20.00 | 31.10 ms/batch | loss  0.56 |     1.74 ppl
| epoch 1.000000 | 9200.000000/12797.171429 batches | lr 20.00 | 31.10 ms/batch | loss  0.56 |     1.75 ppl
| epoch 1.000000 | 9400.000000/12797.171429 batches | lr 20.00 | 31.12 ms/batch | loss  0.54 |     1.72 ppl
| epoch 1.000000 | 9600.000000/12797.171429 batches | lr 20.00 | 31.12 ms/batch | loss  0.55 |     1.74 ppl
| epoch 1.000000 | 9800.000000/12797.171429 batches | lr 20.00 | 31.18 ms/batch | loss  0.56 |     1.74 ppl
| epoch 1.000000 | 10000.000000/12797.171429 batches | lr 20.00 | 31.12 ms/batch | loss  0.55 |     1.74 ppl
| epoch 1.000000 | 10200.000000/12797.171429 batches | lr 20.00 | 31.09 ms/batch | loss  0.54 |     1.72 ppl
| epoch 1.000000 | 10400.000000/12797.171429 batches | lr 20.00 | 31.08 ms/batch | loss  0.54 |     1.72 ppl
| epoch 1.000000 | 10600.000000/12797.171429 batches | lr 20.00 | 31.14 ms/batch | loss  0.55 |     1.73 ppl
| epoch 1.000000 | 10800.000000/12797.171429 batches | lr 20.00 | 31.12 ms/batch | loss  0.54 |     1.72 ppl
| epoch 1.000000 | 11000.000000/12797.171429 batches | lr 20.00 | 31.13 ms/batch | loss  0.55 |     1.73 ppl
| epoch 1.000000 | 11200.000000/12797.171429 batches | lr 20.00 | 31.11 ms/batch | loss  0.54 |     1.72 ppl
| epoch 1.000000 | 11400.000000/12797.171429 batches | lr 20.00 | 31.09 ms/batch | loss  0.56 |     1.74 ppl
| epoch 1.000000 | 11600.000000/12797.171429 batches | lr 20.00 | 31.11 ms/batch | loss  0.55 |     1.73 ppl
| epoch 1.000000 | 11800.000000/12797.171429 batches | lr 20.00 | 31.16 ms/batch | loss  0.55 |     1.73 ppl
| epoch 1.000000 | 12000.000000/12797.171429 batches | lr 20.00 | 31.10 ms/batch | loss  0.55 |     1.73 ppl
| epoch 1.000000 | 12200.000000/12797.171429 batches | lr 20.00 | 31.12 ms/batch | loss  0.54 |     1.72 ppl
| epoch 1.000000 | 12400.000000/12797.171429 batches | lr 20.00 | 31.10 ms/batch | loss  0.54 |     1.72 ppl
| epoch 1.000000 | 12600.000000/12797.171429 batches | lr 20.00 | 31.09 ms/batch | loss  0.52 |     1.69 ppl
-----------------------------------------------------------------------------------------
| end of epoch   1 | time: 404.17s | valid loss  0.54 | valid ppl     1.72
-----------------------------------------------------------------------------------------

| epoch 2.000000 | 200.000000/12797.171429 batches | lr 20.00 | 31.26 ms/batch | loss  0.52 |     1.69 ppl
| epoch 2.000000 | 400.000000/12797.171429 batches | lr 20.00 | 31.09 ms/batch | loss  0.53 |     1.69 ppl
| epoch 2.000000 | 600.000000/12797.171429 batches | lr 20.00 | 31.14 ms/batch | loss  0.51 |     1.67 ppl
| epoch 2.000000 | 800.000000/12797.171429 batches | lr 20.00 | 31.08 ms/batch | loss  0.52 |     1.67 ppl
| epoch 2.000000 | 1000.000000/12797.171429 batches | lr 20.00 | 31.12 ms/batch | loss  0.50 |     1.65 ppl
| epoch 2.000000 | 1200.000000/12797.171429 batches | lr 20.00 | 31.11 ms/batch | loss  0.51 |     1.66 ppl
| epoch 2.000000 | 1400.000000/12797.171429 batches | lr 20.00 | 31.10 ms/batch | loss  0.51 |     1.66 ppl
| epoch 2.000000 | 1600.000000/12797.171429 batches | lr 20.00 | 31.13 ms/batch | loss  0.50 |     1.65 ppl
| epoch 2.000000 | 1800.000000/12797.171429 batches | lr 20.00 | 31.08 ms/batch | loss  0.50 |     1.65 ppl
| epoch 2.000000 | 2000.000000/12797.171429 batches | lr 20.00 | 31.08 ms/batch | loss  0.49 |     1.64 ppl
| epoch 2.000000 | 2200.000000/12797.171429 batches | lr 20.00 | 31.13 ms/batch | loss  0.50 |     1.64 ppl
| epoch 2.000000 | 2400.000000/12797.171429 batches | lr 20.00 | 31.10 ms/batch | loss  0.49 |     1.63 ppl
| epoch 2.000000 | 2600.000000/12797.171429 batches | lr 20.00 | 31.15 ms/batch | loss  0.50 |     1.64 ppl
| epoch 2.000000 | 2800.000000/12797.171429 batches | lr 20.00 | 31.09 ms/batch | loss  0.50 |     1.66 ppl
| epoch 2.000000 | 3000.000000/12797.171429 batches | lr 20.00 | 31.08 ms/batch | loss  0.49 |     1.63 ppl
| epoch 2.000000 | 3200.000000/12797.171429 batches | lr 20.00 | 31.10 ms/batch | loss  0.50 |     1.64 ppl
| epoch 2.000000 | 3400.000000/12797.171429 batches | lr 20.00 | 31.12 ms/batch | loss  0.50 |     1.64 ppl
| epoch 2.000000 | 3600.000000/12797.171429 batches | lr 20.00 | 31.09 ms/batch | loss  0.50 |     1.64 ppl
| epoch 2.000000 | 3800.000000/12797.171429 batches | lr 20.00 | 31.10 ms/batch | loss  0.48 |     1.62 ppl
| epoch 2.000000 | 4000.000000/12797.171429 batches | lr 20.00 | 31.08 ms/batch | loss  0.49 |     1.64 ppl
| epoch 2.000000 | 4200.000000/12797.171429 batches | lr 20.00 | 31.06 ms/batch | loss  0.49 |     1.64 ppl
| epoch 2.000000 | 4400.000000/12797.171429 batches | lr 20.00 | 31.13 ms/batch | loss  0.49 |     1.64 ppl
| epoch 2.000000 | 4600.000000/12797.171429 batches | lr 20.00 | 31.15 ms/batch | loss  0.49 |     1.64 ppl
| epoch 2.000000 | 4800.000000/12797.171429 batches | lr 20.00 | 31.10 ms/batch | loss  0.49 |     1.64 ppl
| epoch 2.000000 | 5000.000000/12797.171429 batches | lr 20.00 | 31.09 ms/batch | loss  0.50 |     1.65 ppl
| epoch 2.000000 | 5200.000000/12797.171429 batches | lr 20.00 | 31.08 ms/batch | loss  0.50 |     1.64 ppl
| epoch 2.000000 | 5400.000000/12797.171429 batches | lr 20.00 | 31.11 ms/batch | loss  0.49 |     1.64 ppl
| epoch 2.000000 | 5600.000000/12797.171429 batches | lr 20.00 | 31.11 ms/batch | loss  0.49 |     1.64 ppl
| epoch 2.000000 | 5800.000000/12797.171429 batches | lr 20.00 | 31.10 ms/batch | loss  0.49 |     1.63 ppl
| epoch 2.000000 | 6000.000000/12797.171429 batches | lr 20.00 | 31.11 ms/batch | loss  0.49 |     1.63 ppl
| epoch 2.000000 | 6200.000000/12797.171429 batches | lr 20.00 | 31.09 ms/batch | loss  0.47 |     1.60 ppl
| epoch 2.000000 | 6400.000000/12797.171429 batches | lr 20.00 | 31.09 ms/batch | loss  0.48 |     1.61 ppl
| epoch 2.000000 | 6600.000000/12797.171429 batches | lr 20.00 | 31.14 ms/batch | loss  0.48 |     1.61 ppl
| epoch 2.000000 | 6800.000000/12797.171429 batches | lr 20.00 | 31.12 ms/batch | loss  0.49 |     1.63 ppl
| epoch 2.000000 | 7000.000000/12797.171429 batches | lr 20.00 | 31.10 ms/batch | loss  0.52 |     1.69 ppl
| epoch 2.000000 | 7200.000000/12797.171429 batches | lr 20.00 | 31.10 ms/batch | loss  0.51 |     1.66 ppl
| epoch 2.000000 | 7400.000000/12797.171429 batches | lr 20.00 | 31.10 ms/batch | loss  0.52 |     1.68 ppl
| epoch 2.000000 | 7600.000000/12797.171429 batches | lr 20.00 | 31.09 ms/batch | loss  0.54 |     1.72 ppl
| epoch 2.000000 | 7800.000000/12797.171429 batches | lr 20.00 | 31.12 ms/batch | loss  0.50 |     1.65 ppl
| epoch 2.000000 | 8000.000000/12797.171429 batches | lr 20.00 | 31.09 ms/batch | loss  0.55 |     1.73 ppl
| epoch 2.000000 | 8200.000000/12797.171429 batches | lr 20.00 | 31.10 ms/batch | loss  0.54 |     1.71 ppl
| epoch 2.000000 | 8400.000000/12797.171429 batches | lr 20.00 | 31.13 ms/batch | loss  0.52 |     1.68 ppl
| epoch 2.000000 | 8600.000000/12797.171429 batches | lr 20.00 | 31.11 ms/batch | loss  0.56 |     1.75 ppl
| epoch 2.000000 | 8800.000000/12797.171429 batches | lr 20.00 | 31.08 ms/batch | loss  0.58 |     1.78 ppl
| epoch 2.000000 | 9000.000000/12797.171429 batches | lr 20.00 | 31.12 ms/batch | loss  0.59 |     1.81 ppl
| epoch 2.000000 | 9200.000000/12797.171429 batches | lr 20.00 | 31.12 ms/batch | loss  0.55 |     1.73 ppl
| epoch 2.000000 | 9400.000000/12797.171429 batches | lr 20.00 | 31.10 ms/batch | loss  0.56 |     1.75 ppl
| epoch 2.000000 | 9600.000000/12797.171429 batches | lr 20.00 | 31.09 ms/batch | loss  0.56 |     1.75 ppl
| epoch 2.000000 | 9800.000000/12797.171429 batches | lr 20.00 | 31.09 ms/batch | loss  0.54 |     1.72 ppl
| epoch 2.000000 | 10000.000000/12797.171429 batches | lr 20.00 | 31.10 ms/batch | loss  0.62 |     1.86 ppl
| epoch 2.000000 | 10200.000000/12797.171429 batches | lr 20.00 | 31.12 ms/batch | loss  0.56 |     1.75 ppl
| epoch 2.000000 | 10400.000000/12797.171429 batches | lr 20.00 | 31.13 ms/batch | loss  0.53 |     1.69 ppl
| epoch 2.000000 | 10600.000000/12797.171429 batches | lr 20.00 | 31.11 ms/batch | loss  0.52 |     1.69 ppl
| epoch 2.000000 | 10800.000000/12797.171429 batches | lr 20.00 | 31.08 ms/batch | loss  0.58 |     1.79 ppl
| epoch 2.000000 | 11000.000000/12797.171429 batches | lr 20.00 | 31.06 ms/batch | loss  0.52 |     1.68 ppl
| epoch 2.000000 | 11200.000000/12797.171429 batches | lr 20.00 | 31.12 ms/batch | loss  0.53 |     1.70 ppl
| epoch 2.000000 | 11400.000000/12797.171429 batches | lr 20.00 | 31.11 ms/batch | loss  0.57 |     1.77 ppl
| epoch 2.000000 | 11600.000000/12797.171429 batches | lr 20.00 | 31.11 ms/batch | loss  0.67 |     1.96 ppl
| epoch 2.000000 | 11800.000000/12797.171429 batches | lr 20.00 | 31.10 ms/batch | loss  0.63 |     1.87 ppl
| epoch 2.000000 | 12000.000000/12797.171429 batches | lr 20.00 | 31.08 ms/batch | loss  0.63 |     1.88 ppl
| epoch 2.000000 | 12200.000000/12797.171429 batches | lr 20.00 | 31.11 ms/batch | loss  0.57 |     1.77 ppl
| epoch 2.000000 | 12400.000000/12797.171429 batches | lr 20.00 | 31.16 ms/batch | loss  0.58 |     1.79 ppl
| epoch 2.000000 | 12600.000000/12797.171429 batches | lr 20.00 | 31.09 ms/batch | loss  0.64 |     1.90 ppl
-----------------------------------------------------------------------------------------
| end of epoch   2 | time: 403.54s | valid loss  0.68 | valid ppl     1.97
-----------------------------------------------------------------------------------------

| epoch 3.000000 | 200.000000/12797.171429 batches | lr 5.00 | 31.24 ms/batch | loss  0.52 |     1.68 ppl
| epoch 3.000000 | 400.000000/12797.171429 batches | lr 5.00 | 31.09 ms/batch | loss  0.49 |     1.63 ppl
| epoch 3.000000 | 600.000000/12797.171429 batches | lr 5.00 | 31.12 ms/batch | loss  0.46 |     1.59 ppl
| epoch 3.000000 | 800.000000/12797.171429 batches | lr 5.00 | 31.12 ms/batch | loss  0.46 |     1.59 ppl
| epoch 3.000000 | 1000.000000/12797.171429 batches | lr 5.00 | 31.10 ms/batch | loss  0.44 |     1.55 ppl
| epoch 3.000000 | 1200.000000/12797.171429 batches | lr 5.00 | 31.11 ms/batch | loss  0.45 |     1.56 ppl
| epoch 3.000000 | 1400.000000/12797.171429 batches | lr 5.00 | 31.10 ms/batch | loss  0.44 |     1.55 ppl
| epoch 3.000000 | 1600.000000/12797.171429 batches | lr 5.00 | 31.12 ms/batch | loss  0.43 |     1.54 ppl
| epoch 3.000000 | 1800.000000/12797.171429 batches | lr 5.00 | 31.09 ms/batch | loss  0.43 |     1.53 ppl
| epoch 3.000000 | 2000.000000/12797.171429 batches | lr 5.00 | 31.11 ms/batch | loss  0.41 |     1.51 ppl
| epoch 3.000000 | 2200.000000/12797.171429 batches | lr 5.00 | 31.11 ms/batch | loss  0.42 |     1.52 ppl
| epoch 3.000000 | 2400.000000/12797.171429 batches | lr 5.00 | 31.08 ms/batch | loss  0.41 |     1.51 ppl
| epoch 3.000000 | 2600.000000/12797.171429 batches | lr 5.00 | 31.08 ms/batch | loss  0.41 |     1.51 ppl
| epoch 3.000000 | 2800.000000/12797.171429 batches | lr 5.00 | 31.11 ms/batch | loss  0.41 |     1.51 ppl
| epoch 3.000000 | 3000.000000/12797.171429 batches | lr 5.00 | 31.11 ms/batch | loss  0.40 |     1.49 ppl
| epoch 3.000000 | 3200.000000/12797.171429 batches | lr 5.00 | 31.10 ms/batch | loss  0.40 |     1.49 ppl
| epoch 3.000000 | 3400.000000/12797.171429 batches | lr 5.00 | 31.13 ms/batch | loss  0.40 |     1.49 ppl
| epoch 3.000000 | 3600.000000/12797.171429 batches | lr 5.00 | 31.07 ms/batch | loss  0.39 |     1.48 ppl
| epoch 3.000000 | 3800.000000/12797.171429 batches | lr 5.00 | 31.10 ms/batch | loss  0.38 |     1.47 ppl
| epoch 3.000000 | 4000.000000/12797.171429 batches | lr 5.00 | 31.12 ms/batch | loss  0.39 |     1.48 ppl
| epoch 3.000000 | 4200.000000/12797.171429 batches | lr 5.00 | 31.10 ms/batch | loss  0.39 |     1.48 ppl
| epoch 3.000000 | 4400.000000/12797.171429 batches | lr 5.00 | 31.10 ms/batch | loss  0.39 |     1.48 ppl
| epoch 3.000000 | 4600.000000/12797.171429 batches | lr 5.00 | 31.12 ms/batch | loss  0.39 |     1.48 ppl
| epoch 3.000000 | 4800.000000/12797.171429 batches | lr 5.00 | 31.07 ms/batch | loss  0.39 |     1.47 ppl
| epoch 3.000000 | 5000.000000/12797.171429 batches | lr 5.00 | 31.13 ms/batch | loss  0.39 |     1.47 ppl
| epoch 3.000000 | 5200.000000/12797.171429 batches | lr 5.00 | 31.11 ms/batch | loss  0.39 |     1.47 ppl
| epoch 3.000000 | 5400.000000/12797.171429 batches | lr 5.00 | 31.14 ms/batch | loss  0.38 |     1.47 ppl
| epoch 3.000000 | 5600.000000/12797.171429 batches | lr 5.00 | 31.09 ms/batch | loss  0.37 |     1.45 ppl
| epoch 3.000000 | 5800.000000/12797.171429 batches | lr 5.00 | 31.07 ms/batch | loss  0.38 |     1.46 ppl
| epoch 3.000000 | 6000.000000/12797.171429 batches | lr 5.00 | 31.11 ms/batch | loss  0.39 |     1.47 ppl
| epoch 3.000000 | 6200.000000/12797.171429 batches | lr 5.00 | 31.10 ms/batch | loss  0.38 |     1.47 ppl
| epoch 3.000000 | 6400.000000/12797.171429 batches | lr 5.00 | 31.10 ms/batch | loss  0.40 |     1.49 ppl
| epoch 3.000000 | 6600.000000/12797.171429 batches | lr 5.00 | 31.09 ms/batch | loss  0.41 |     1.50 ppl
| epoch 3.000000 | 6800.000000/12797.171429 batches | lr 5.00 | 31.10 ms/batch | loss  0.41 |     1.50 ppl
| epoch 3.000000 | 7000.000000/12797.171429 batches | lr 5.00 | 31.09 ms/batch | loss  0.39 |     1.48 ppl
| epoch 3.000000 | 7200.000000/12797.171429 batches | lr 5.00 | 31.10 ms/batch | loss  0.41 |     1.50 ppl
| epoch 3.000000 | 7400.000000/12797.171429 batches | lr 5.00 | 31.16 ms/batch | loss  0.40 |     1.49 ppl
| epoch 3.000000 | 7600.000000/12797.171429 batches | lr 5.00 | 31.10 ms/batch | loss  0.40 |     1.49 ppl
| epoch 3.000000 | 7800.000000/12797.171429 batches | lr 5.00 | 31.11 ms/batch | loss  0.41 |     1.51 ppl
| epoch 3.000000 | 8000.000000/12797.171429 batches | lr 5.00 | 31.08 ms/batch | loss  0.40 |     1.49 ppl
| epoch 3.000000 | 8200.000000/12797.171429 batches | lr 5.00 | 31.07 ms/batch | loss  0.40 |     1.50 ppl
| epoch 3.000000 | 8400.000000/12797.171429 batches | lr 5.00 | 31.11 ms/batch | loss  0.40 |     1.49 ppl
| epoch 3.000000 | 8600.000000/12797.171429 batches | lr 5.00 | 31.09 ms/batch | loss  0.39 |     1.48 ppl
| epoch 3.000000 | 8800.000000/12797.171429 batches | lr 5.00 | 31.11 ms/batch | loss  0.38 |     1.47 ppl
| epoch 3.000000 | 9000.000000/12797.171429 batches | lr 5.00 | 31.10 ms/batch | loss  0.39 |     1.47 ppl
| epoch 3.000000 | 9200.000000/12797.171429 batches | lr 5.00 | 31.10 ms/batch | loss  0.42 |     1.52 ppl
| epoch 3.000000 | 9400.000000/12797.171429 batches | lr 5.00 | 31.09 ms/batch | loss  0.39 |     1.48 ppl
| epoch 3.000000 | 9600.000000/12797.171429 batches | lr 5.00 | 31.11 ms/batch | loss  0.40 |     1.49 ppl
| epoch 3.000000 | 9800.000000/12797.171429 batches | lr 5.00 | 31.12 ms/batch | loss  0.40 |     1.49 ppl
| epoch 3.000000 | 10000.000000/12797.171429 batches | lr 5.00 | 31.09 ms/batch | loss  0.37 |     1.45 ppl
| epoch 3.000000 | 10200.000000/12797.171429 batches | lr 5.00 | 31.09 ms/batch | loss  0.37 |     1.44 ppl
| epoch 3.000000 | 10400.000000/12797.171429 batches | lr 5.00 | 31.07 ms/batch | loss  0.38 |     1.46 ppl
| epoch 3.000000 | 10600.000000/12797.171429 batches | lr 5.00 | 31.10 ms/batch | loss  0.39 |     1.48 ppl
| epoch 3.000000 | 10800.000000/12797.171429 batches | lr 5.00 | 31.12 ms/batch | loss  0.37 |     1.44 ppl
| epoch 3.000000 | 11000.000000/12797.171429 batches | lr 5.00 | 31.09 ms/batch | loss  0.40 |     1.49 ppl
| epoch 3.000000 | 11200.000000/12797.171429 batches | lr 5.00 | 31.14 ms/batch | loss  0.39 |     1.48 ppl
| epoch 3.000000 | 11400.000000/12797.171429 batches | lr 5.00 | 31.09 ms/batch | loss  0.38 |     1.46 ppl
| epoch 3.000000 | 11600.000000/12797.171429 batches | lr 5.00 | 31.06 ms/batch | loss  0.36 |     1.43 ppl
| epoch 3.000000 | 11800.000000/12797.171429 batches | lr 5.00 | 31.13 ms/batch | loss  0.35 |     1.42 ppl
| epoch 3.000000 | 12000.000000/12797.171429 batches | lr 5.00 | 31.11 ms/batch | loss  0.35 |     1.42 ppl
| epoch 3.000000 | 12200.000000/12797.171429 batches | lr 5.00 | 31.09 ms/batch | loss  0.36 |     1.43 ppl
| epoch 3.000000 | 12400.000000/12797.171429 batches | lr 5.00 | 31.09 ms/batch | loss  0.36 |     1.44 ppl
| epoch 3.000000 | 12600.000000/12797.171429 batches | lr 5.00 | 31.09 ms/batch | loss  0.34 |     1.40 ppl
-----------------------------------------------------------------------------------------
| end of epoch   3 | time: 403.48s | valid loss  0.43 | valid ppl     1.54
-----------------------------------------------------------------------------------------

| epoch 4.000000 | 200.000000/12797.171429 batches | lr 5.00 | 31.29 ms/batch | loss  0.37 |     1.45 ppl
| epoch 4.000000 | 400.000000/12797.171429 batches | lr 5.00 | 31.10 ms/batch | loss  0.37 |     1.45 ppl
| epoch 4.000000 | 600.000000/12797.171429 batches | lr 5.00 | 31.12 ms/batch | loss  0.36 |     1.44 ppl
| epoch 4.000000 | 800.000000/12797.171429 batches | lr 5.00 | 31.07 ms/batch | loss  0.37 |     1.45 ppl
| epoch 4.000000 | 1000.000000/12797.171429 batches | lr 5.00 | 31.10 ms/batch | loss  0.36 |     1.44 ppl
| epoch 4.000000 | 1200.000000/12797.171429 batches | lr 5.00 | 31.10 ms/batch | loss  0.37 |     1.44 ppl
| epoch 4.000000 | 1400.000000/12797.171429 batches | lr 5.00 | 31.10 ms/batch | loss  0.36 |     1.44 ppl
| epoch 4.000000 | 1600.000000/12797.171429 batches | lr 5.00 | 31.11 ms/batch | loss  0.36 |     1.43 ppl
| epoch 4.000000 | 1800.000000/12797.171429 batches | lr 5.00 | 31.08 ms/batch | loss  0.35 |     1.43 ppl
| epoch 4.000000 | 2000.000000/12797.171429 batches | lr 5.00 | 31.08 ms/batch | loss  0.35 |     1.42 ppl
| epoch 4.000000 | 2200.000000/12797.171429 batches | lr 5.00 | 31.14 ms/batch | loss  0.35 |     1.42 ppl
| epoch 4.000000 | 2400.000000/12797.171429 batches | lr 5.00 | 31.09 ms/batch | loss  0.34 |     1.41 ppl
| epoch 4.000000 | 2600.000000/12797.171429 batches | lr 5.00 | 31.11 ms/batch | loss  0.34 |     1.41 ppl
| epoch 4.000000 | 2800.000000/12797.171429 batches | lr 5.00 | 31.11 ms/batch | loss  0.34 |     1.41 ppl
| epoch 4.000000 | 3000.000000/12797.171429 batches | lr 5.00 | 31.06 ms/batch | loss  0.33 |     1.40 ppl
| epoch 4.000000 | 3200.000000/12797.171429 batches | lr 5.00 | 31.08 ms/batch | loss  0.34 |     1.40 ppl
| epoch 4.000000 | 3400.000000/12797.171429 batches | lr 5.00 | 31.10 ms/batch | loss  0.34 |     1.40 ppl
| epoch 4.000000 | 3600.000000/12797.171429 batches | lr 5.00 | 31.12 ms/batch | loss  0.34 |     1.40 ppl
| epoch 4.000000 | 3800.000000/12797.171429 batches | lr 5.00 | 31.09 ms/batch | loss  0.33 |     1.39 ppl
| epoch 4.000000 | 4000.000000/12797.171429 batches | lr 5.00 | 31.10 ms/batch | loss  0.33 |     1.39 ppl
| epoch 4.000000 | 4200.000000/12797.171429 batches | lr 5.00 | 31.11 ms/batch | loss  0.33 |     1.40 ppl
| epoch 4.000000 | 4400.000000/12797.171429 batches | lr 5.00 | 31.11 ms/batch | loss  0.33 |     1.40 ppl
| epoch 4.000000 | 4600.000000/12797.171429 batches | lr 5.00 | 31.12 ms/batch | loss  0.33 |     1.39 ppl
| epoch 4.000000 | 4800.000000/12797.171429 batches | lr 5.00 | 31.10 ms/batch | loss  0.33 |     1.39 ppl
| epoch 4.000000 | 5000.000000/12797.171429 batches | lr 5.00 | 31.10 ms/batch | loss  0.33 |     1.39 ppl
| epoch 4.000000 | 5200.000000/12797.171429 batches | lr 5.00 | 31.08 ms/batch | loss  0.34 |     1.40 ppl
| epoch 4.000000 | 5400.000000/12797.171429 batches | lr 5.00 | 31.08 ms/batch | loss  0.33 |     1.40 ppl
| epoch 4.000000 | 5600.000000/12797.171429 batches | lr 5.00 | 31.12 ms/batch | loss  0.33 |     1.38 ppl
| epoch 4.000000 | 5800.000000/12797.171429 batches | lr 5.00 | 31.10 ms/batch | loss  0.33 |     1.39 ppl
| epoch 4.000000 | 6000.000000/12797.171429 batches | lr 5.00 | 31.13 ms/batch | loss  0.34 |     1.40 ppl
| epoch 4.000000 | 6200.000000/12797.171429 batches | lr 5.00 | 31.10 ms/batch | loss  0.33 |     1.39 ppl
| epoch 4.000000 | 6400.000000/12797.171429 batches | lr 5.00 | 31.09 ms/batch | loss  0.34 |     1.41 ppl
| epoch 4.000000 | 6600.000000/12797.171429 batches | lr 5.00 | 31.09 ms/batch | loss  0.35 |     1.42 ppl
| epoch 4.000000 | 6800.000000/12797.171429 batches | lr 5.00 | 31.10 ms/batch | loss  0.35 |     1.42 ppl
| epoch 4.000000 | 7000.000000/12797.171429 batches | lr 5.00 | 31.13 ms/batch | loss  0.34 |     1.41 ppl
| epoch 4.000000 | 7200.000000/12797.171429 batches | lr 5.00 | 31.10 ms/batch | loss  0.35 |     1.42 ppl
| epoch 4.000000 | 7400.000000/12797.171429 batches | lr 5.00 | 31.11 ms/batch | loss  0.34 |     1.40 ppl
| epoch 4.000000 | 7600.000000/12797.171429 batches | lr 5.00 | 31.06 ms/batch | loss  0.34 |     1.40 ppl
| epoch 4.000000 | 7800.000000/12797.171429 batches | lr 5.00 | 31.10 ms/batch | loss  0.35 |     1.42 ppl
| epoch 4.000000 | 8000.000000/12797.171429 batches | lr 5.00 | 31.13 ms/batch | loss  0.35 |     1.41 ppl
| epoch 4.000000 | 8200.000000/12797.171429 batches | lr 5.00 | 31.11 ms/batch | loss  0.34 |     1.41 ppl
| epoch 4.000000 | 8400.000000/12797.171429 batches | lr 5.00 | 31.12 ms/batch | loss  0.34 |     1.40 ppl
| epoch 4.000000 | 8600.000000/12797.171429 batches | lr 5.00 | 31.08 ms/batch | loss  0.34 |     1.40 ppl
| epoch 4.000000 | 8800.000000/12797.171429 batches | lr 5.00 | 31.08 ms/batch | loss  0.33 |     1.39 ppl
| epoch 4.000000 | 9000.000000/12797.171429 batches | lr 5.00 | 31.11 ms/batch | loss  0.33 |     1.39 ppl
| epoch 4.000000 | 9200.000000/12797.171429 batches | lr 5.00 | 31.09 ms/batch | loss  0.35 |     1.42 ppl
| epoch 4.000000 | 9400.000000/12797.171429 batches | lr 5.00 | 31.11 ms/batch | loss  0.34 |     1.40 ppl
| epoch 4.000000 | 9600.000000/12797.171429 batches | lr 5.00 | 31.11 ms/batch | loss  0.35 |     1.42 ppl
| epoch 4.000000 | 9800.000000/12797.171429 batches | lr 5.00 | 31.07 ms/batch | loss  0.35 |     1.41 ppl
| epoch 4.000000 | 10000.000000/12797.171429 batches | lr 5.00 | 31.13 ms/batch | loss  0.33 |     1.39 ppl
| epoch 4.000000 | 10200.000000/12797.171429 batches | lr 5.00 | 31.10 ms/batch | loss  0.32 |     1.38 ppl
| epoch 4.000000 | 10400.000000/12797.171429 batches | lr 5.00 | 31.12 ms/batch | loss  0.33 |     1.39 ppl
| epoch 4.000000 | 10600.000000/12797.171429 batches | lr 5.00 | 31.09 ms/batch | loss  0.34 |     1.41 ppl
| epoch 4.000000 | 10800.000000/12797.171429 batches | lr 5.00 | 31.09 ms/batch | loss  0.32 |     1.38 ppl
| epoch 4.000000 | 11000.000000/12797.171429 batches | lr 5.00 | 31.07 ms/batch | loss  0.35 |     1.42 ppl
| epoch 4.000000 | 11200.000000/12797.171429 batches | lr 5.00 | 31.12 ms/batch | loss  0.35 |     1.41 ppl
| epoch 4.000000 | 11400.000000/12797.171429 batches | lr 5.00 | 31.09 ms/batch | loss  0.34 |     1.40 ppl
| epoch 4.000000 | 11600.000000/12797.171429 batches | lr 5.00 | 31.10 ms/batch | loss  0.32 |     1.38 ppl
| epoch 4.000000 | 11800.000000/12797.171429 batches | lr 5.00 | 31.09 ms/batch | loss  0.32 |     1.38 ppl
| epoch 4.000000 | 12000.000000/12797.171429 batches | lr 5.00 | 31.12 ms/batch | loss  0.32 |     1.38 ppl
| epoch 4.000000 | 12200.000000/12797.171429 batches | lr 5.00 | 31.09 ms/batch | loss  0.32 |     1.38 ppl
| epoch 4.000000 | 12400.000000/12797.171429 batches | lr 5.00 | 31.11 ms/batch | loss  0.33 |     1.38 ppl
| epoch 4.000000 | 12600.000000/12797.171429 batches | lr 5.00 | 31.10 ms/batch | loss  0.30 |     1.36 ppl
-----------------------------------------------------------------------------------------
| end of epoch   4 | time: 403.48s | valid loss  0.41 | valid ppl     1.50
-----------------------------------------------------------------------------------------

| epoch 5.000000 | 200.000000/12797.171429 batches | lr 5.00 | 31.24 ms/batch | loss  0.33 |     1.39 ppl
| epoch 5.000000 | 400.000000/12797.171429 batches | lr 5.00 | 31.09 ms/batch | loss  0.32 |     1.38 ppl
| epoch 5.000000 | 600.000000/12797.171429 batches | lr 5.00 | 31.11 ms/batch | loss  0.32 |     1.38 ppl
| epoch 5.000000 | 800.000000/12797.171429 batches | lr 5.00 | 31.09 ms/batch | loss  0.32 |     1.38 ppl
| epoch 5.000000 | 1000.000000/12797.171429 batches | lr 5.00 | 31.14 ms/batch | loss  0.31 |     1.37 ppl
| epoch 5.000000 | 1200.000000/12797.171429 batches | lr 5.00 | 31.11 ms/batch | loss  0.32 |     1.37 ppl
| epoch 5.000000 | 1400.000000/12797.171429 batches | lr 5.00 | 31.08 ms/batch | loss  0.31 |     1.37 ppl
| epoch 5.000000 | 1600.000000/12797.171429 batches | lr 5.00 | 31.11 ms/batch | loss  0.31 |     1.36 ppl
| epoch 5.000000 | 1800.000000/12797.171429 batches | lr 5.00 | 31.10 ms/batch | loss  0.31 |     1.36 ppl
| epoch 5.000000 | 2000.000000/12797.171429 batches | lr 5.00 | 31.11 ms/batch | loss  0.31 |     1.36 ppl
| epoch 5.000000 | 2200.000000/12797.171429 batches | lr 5.00 | 31.11 ms/batch | loss  0.31 |     1.37 ppl
| epoch 5.000000 | 2400.000000/12797.171429 batches | lr 5.00 | 31.14 ms/batch | loss  0.31 |     1.36 ppl
| epoch 5.000000 | 2600.000000/12797.171429 batches | lr 5.00 | 31.08 ms/batch | loss  0.31 |     1.37 ppl
| epoch 5.000000 | 2800.000000/12797.171429 batches | lr 5.00 | 31.14 ms/batch | loss  0.32 |     1.37 ppl
| epoch 5.000000 | 3000.000000/12797.171429 batches | lr 5.00 | 31.12 ms/batch | loss  0.31 |     1.36 ppl
| epoch 5.000000 | 3200.000000/12797.171429 batches | lr 5.00 | 31.10 ms/batch | loss  0.31 |     1.36 ppl
| epoch 5.000000 | 3400.000000/12797.171429 batches | lr 5.00 | 31.12 ms/batch | loss  0.31 |     1.36 ppl
| epoch 5.000000 | 3600.000000/12797.171429 batches | lr 5.00 | 31.06 ms/batch | loss  0.30 |     1.35 ppl
| epoch 5.000000 | 3800.000000/12797.171429 batches | lr 5.00 | 31.09 ms/batch | loss  0.29 |     1.34 ppl
| epoch 5.000000 | 4000.000000/12797.171429 batches | lr 5.00 | 31.12 ms/batch | loss  0.29 |     1.34 ppl
| epoch 5.000000 | 4200.000000/12797.171429 batches | lr 5.00 | 31.11 ms/batch | loss  0.29 |     1.34 ppl
| epoch 5.000000 | 4400.000000/12797.171429 batches | lr 5.00 | 31.09 ms/batch | loss  0.29 |     1.34 ppl
| epoch 5.000000 | 4600.000000/12797.171429 batches | lr 5.00 | 31.09 ms/batch | loss  0.29 |     1.33 ppl
| epoch 5.000000 | 4800.000000/12797.171429 batches | lr 5.00 | 31.11 ms/batch | loss  0.29 |     1.33 ppl
| epoch 5.000000 | 5000.000000/12797.171429 batches | lr 5.00 | 31.13 ms/batch | loss  0.29 |     1.33 ppl
| epoch 5.000000 | 5200.000000/12797.171429 batches | lr 5.00 | 31.09 ms/batch | loss  0.29 |     1.34 ppl
| epoch 5.000000 | 5400.000000/12797.171429 batches | lr 5.00 | 31.10 ms/batch | loss  0.29 |     1.34 ppl
| epoch 5.000000 | 5600.000000/12797.171429 batches | lr 5.00 | 31.10 ms/batch | loss  0.29 |     1.34 ppl
| epoch 5.000000 | 5800.000000/12797.171429 batches | lr 5.00 | 31.08 ms/batch | loss  0.30 |     1.34 ppl
| epoch 5.000000 | 6000.000000/12797.171429 batches | lr 5.00 | 31.09 ms/batch | loss  0.30 |     1.36 ppl
| epoch 5.000000 | 6200.000000/12797.171429 batches | lr 5.00 | 31.11 ms/batch | loss  0.30 |     1.35 ppl
| epoch 5.000000 | 6400.000000/12797.171429 batches | lr 5.00 | 31.11 ms/batch | loss  0.31 |     1.37 ppl
| epoch 5.000000 | 6600.000000/12797.171429 batches | lr 5.00 | 31.09 ms/batch | loss  0.31 |     1.37 ppl
| epoch 5.000000 | 6800.000000/12797.171429 batches | lr 5.00 | 31.13 ms/batch | loss  0.32 |     1.37 ppl
| epoch 5.000000 | 7000.000000/12797.171429 batches | lr 5.00 | 31.09 ms/batch | loss  0.31 |     1.36 ppl
| epoch 5.000000 | 7200.000000/12797.171429 batches | lr 5.00 | 31.10 ms/batch | loss  0.32 |     1.38 ppl
| epoch 5.000000 | 7400.000000/12797.171429 batches | lr 5.00 | 31.10 ms/batch | loss  0.32 |     1.38 ppl
| epoch 5.000000 | 7600.000000/12797.171429 batches | lr 5.00 | 31.10 ms/batch | loss  0.32 |     1.38 ppl
| epoch 5.000000 | 7800.000000/12797.171429 batches | lr 5.00 | 31.09 ms/batch | loss  0.32 |     1.38 ppl
| epoch 5.000000 | 8000.000000/12797.171429 batches | lr 5.00 | 31.12 ms/batch | loss  0.32 |     1.38 ppl
| epoch 5.000000 | 8200.000000/12797.171429 batches | lr 5.00 | 31.06 ms/batch | loss  0.32 |     1.38 ppl
| epoch 5.000000 | 8400.000000/12797.171429 batches | lr 5.00 | 31.10 ms/batch | loss  0.32 |     1.38 ppl
| epoch 5.000000 | 8600.000000/12797.171429 batches | lr 5.00 | 31.09 ms/batch | loss  0.32 |     1.38 ppl
| epoch 5.000000 | 8800.000000/12797.171429 batches | lr 5.00 | 31.15 ms/batch | loss  0.31 |     1.37 ppl
| epoch 5.000000 | 9000.000000/12797.171429 batches | lr 5.00 | 31.09 ms/batch | loss  0.31 |     1.36 ppl
| epoch 5.000000 | 9200.000000/12797.171429 batches | lr 5.00 | 31.07 ms/batch | loss  0.32 |     1.38 ppl
| epoch 5.000000 | 9400.000000/12797.171429 batches | lr 5.00 | 31.12 ms/batch | loss  0.31 |     1.37 ppl
| epoch 5.000000 | 9600.000000/12797.171429 batches | lr 5.00 | 31.12 ms/batch | loss  0.32 |     1.37 ppl
| epoch 5.000000 | 9800.000000/12797.171429 batches | lr 5.00 | 31.10 ms/batch | loss  0.32 |     1.38 ppl
| epoch 5.000000 | 10000.000000/12797.171429 batches | lr 5.00 | 31.09 ms/batch | loss  0.31 |     1.36 ppl
| epoch 5.000000 | 10200.000000/12797.171429 batches | lr 5.00 | 31.12 ms/batch | loss  0.30 |     1.35 ppl
| epoch 5.000000 | 10400.000000/12797.171429 batches | lr 5.00 | 31.07 ms/batch | loss  0.31 |     1.36 ppl
| epoch 5.000000 | 10600.000000/12797.171429 batches | lr 5.00 | 31.09 ms/batch | loss  0.32 |     1.38 ppl
| epoch 5.000000 | 10800.000000/12797.171429 batches | lr 5.00 | 31.15 ms/batch | loss  0.31 |     1.36 ppl
| epoch 5.000000 | 11000.000000/12797.171429 batches | lr 5.00 | 31.11 ms/batch | loss  0.33 |     1.39 ppl
| epoch 5.000000 | 11200.000000/12797.171429 batches | lr 5.00 | 31.09 ms/batch | loss  0.33 |     1.39 ppl
| epoch 5.000000 | 11400.000000/12797.171429 batches | lr 5.00 | 31.09 ms/batch | loss  0.32 |     1.38 ppl
| epoch 5.000000 | 11600.000000/12797.171429 batches | lr 5.00 | 31.07 ms/batch | loss  0.31 |     1.36 ppl
| epoch 5.000000 | 11800.000000/12797.171429 batches | lr 5.00 | 31.13 ms/batch | loss  0.31 |     1.36 ppl
| epoch 5.000000 | 12000.000000/12797.171429 batches | lr 5.00 | 31.10 ms/batch | loss  0.31 |     1.36 ppl
| epoch 5.000000 | 12200.000000/12797.171429 batches | lr 5.00 | 31.09 ms/batch | loss  0.30 |     1.35 ppl
| epoch 5.000000 | 12400.000000/12797.171429 batches | lr 5.00 | 31.09 ms/batch | loss  0.31 |     1.36 ppl
| epoch 5.000000 | 12600.000000/12797.171429 batches | lr 5.00 | 31.13 ms/batch | loss  0.29 |     1.34 ppl
-----------------------------------------------------------------------------------------
| end of epoch   5 | time: 403.50s | valid loss  0.40 | valid ppl     1.48
-----------------------------------------------------------------------------------------

| epoch 6.000000 | 200.000000/12797.171429 batches | lr 5.00 | 31.26 ms/batch | loss  0.31 |     1.37 ppl
| epoch 6.000000 | 400.000000/12797.171429 batches | lr 5.00 | 31.10 ms/batch | loss  0.31 |     1.37 ppl
| epoch 6.000000 | 600.000000/12797.171429 batches | lr 5.00 | 31.11 ms/batch | loss  0.31 |     1.36 ppl
| epoch 6.000000 | 800.000000/12797.171429 batches | lr 5.00 | 31.07 ms/batch | loss  0.31 |     1.37 ppl
| epoch 6.000000 | 1000.000000/12797.171429 batches | lr 5.00 | 31.10 ms/batch | loss  0.31 |     1.36 ppl
| epoch 6.000000 | 1200.000000/12797.171429 batches | lr 5.00 | 31.09 ms/batch | loss  0.31 |     1.37 ppl
| epoch 6.000000 | 1400.000000/12797.171429 batches | lr 5.00 | 31.09 ms/batch | loss  0.31 |     1.36 ppl
| epoch 6.000000 | 1600.000000/12797.171429 batches | lr 5.00 | 31.15 ms/batch | loss  0.31 |     1.36 ppl
| epoch 6.000000 | 1800.000000/12797.171429 batches | lr 5.00 | 31.10 ms/batch | loss  0.30 |     1.35 ppl
| epoch 6.000000 | 2000.000000/12797.171429 batches | lr 5.00 | 31.06 ms/batch | loss  0.30 |     1.35 ppl
| epoch 6.000000 | 2200.000000/12797.171429 batches | lr 5.00 | 31.10 ms/batch | loss  0.30 |     1.35 ppl
| epoch 6.000000 | 2400.000000/12797.171429 batches | lr 5.00 | 31.09 ms/batch | loss  0.29 |     1.34 ppl
| epoch 6.000000 | 2600.000000/12797.171429 batches | lr 5.00 | 31.11 ms/batch | loss  0.30 |     1.35 ppl
| epoch 6.000000 | 2800.000000/12797.171429 batches | lr 5.00 | 31.09 ms/batch | loss  0.30 |     1.35 ppl
| epoch 6.000000 | 3000.000000/12797.171429 batches | lr 5.00 | 31.08 ms/batch | loss  0.29 |     1.33 ppl
| epoch 6.000000 | 3200.000000/12797.171429 batches | lr 5.00 | 31.08 ms/batch | loss  0.29 |     1.34 ppl
| epoch 6.000000 | 3400.000000/12797.171429 batches | lr 5.00 | 31.11 ms/batch | loss  0.30 |     1.35 ppl
| epoch 6.000000 | 3600.000000/12797.171429 batches | lr 5.00 | 31.15 ms/batch | loss  0.30 |     1.35 ppl
| epoch 6.000000 | 3800.000000/12797.171429 batches | lr 5.00 | 31.09 ms/batch | loss  0.29 |     1.33 ppl
| epoch 6.000000 | 4000.000000/12797.171429 batches | lr 5.00 | 31.11 ms/batch | loss  0.29 |     1.34 ppl
| epoch 6.000000 | 4200.000000/12797.171429 batches | lr 5.00 | 31.07 ms/batch | loss  0.29 |     1.34 ppl
| epoch 6.000000 | 4400.000000/12797.171429 batches | lr 5.00 | 31.08 ms/batch | loss  0.30 |     1.35 ppl
| epoch 6.000000 | 4600.000000/12797.171429 batches | lr 5.00 | 31.11 ms/batch | loss  0.30 |     1.35 ppl
| epoch 6.000000 | 4800.000000/12797.171429 batches | lr 5.00 | 31.10 ms/batch | loss  0.29 |     1.34 ppl
| epoch 6.000000 | 5000.000000/12797.171429 batches | lr 5.00 | 31.09 ms/batch | loss  0.30 |     1.35 ppl
| epoch 6.000000 | 5200.000000/12797.171429 batches | lr 5.00 | 31.09 ms/batch | loss  0.30 |     1.35 ppl
| epoch 6.000000 | 5400.000000/12797.171429 batches | lr 5.00 | 31.07 ms/batch | loss  0.30 |     1.35 ppl
| epoch 6.000000 | 5600.000000/12797.171429 batches | lr 5.00 | 31.16 ms/batch | loss  0.29 |     1.34 ppl
| epoch 6.000000 | 5800.000000/12797.171429 batches | lr 5.00 | 31.09 ms/batch | loss  0.29 |     1.34 ppl
| epoch 6.000000 | 6000.000000/12797.171429 batches | lr 5.00 | 31.09 ms/batch | loss  0.30 |     1.35 ppl
| epoch 6.000000 | 6200.000000/12797.171429 batches | lr 5.00 | 31.09 ms/batch | loss  0.30 |     1.35 ppl
| epoch 6.000000 | 6400.000000/12797.171429 batches | lr 5.00 | 31.11 ms/batch | loss  0.31 |     1.36 ppl
| epoch 6.000000 | 6600.000000/12797.171429 batches | lr 5.00 | 31.06 ms/batch | loss  0.31 |     1.36 ppl
| epoch 6.000000 | 6800.000000/12797.171429 batches | lr 5.00 | 31.11 ms/batch | loss  0.30 |     1.35 ppl
| epoch 6.000000 | 7000.000000/12797.171429 batches | lr 5.00 | 31.10 ms/batch | loss  0.29 |     1.34 ppl
| epoch 6.000000 | 7200.000000/12797.171429 batches | lr 5.00 | 31.10 ms/batch | loss  0.30 |     1.35 ppl
| epoch 6.000000 | 7400.000000/12797.171429 batches | lr 5.00 | 31.12 ms/batch | loss  0.30 |     1.35 ppl
| epoch 6.000000 | 7600.000000/12797.171429 batches | lr 5.00 | 31.09 ms/batch | loss  0.30 |     1.35 ppl
| epoch 6.000000 | 7800.000000/12797.171429 batches | lr 5.00 | 31.08 ms/batch | loss  0.30 |     1.35 ppl
| epoch 6.000000 | 8000.000000/12797.171429 batches | lr 5.00 | 31.11 ms/batch | loss  0.30 |     1.35 ppl
| epoch 6.000000 | 8200.000000/12797.171429 batches | lr 5.00 | 31.09 ms/batch | loss  0.29 |     1.34 ppl
| epoch 6.000000 | 8400.000000/12797.171429 batches | lr 5.00 | 31.11 ms/batch | loss  0.29 |     1.34 ppl
| epoch 6.000000 | 8600.000000/12797.171429 batches | lr 5.00 | 31.09 ms/batch | loss  0.29 |     1.34 ppl
| epoch 6.000000 | 8800.000000/12797.171429 batches | lr 5.00 | 31.06 ms/batch | loss  0.29 |     1.33 ppl
| epoch 6.000000 | 9000.000000/12797.171429 batches | lr 5.00 | 31.09 ms/batch | loss  0.29 |     1.33 ppl
| epoch 6.000000 | 9200.000000/12797.171429 batches | lr 5.00 | 31.09 ms/batch | loss  0.30 |     1.35 ppl
| epoch 6.000000 | 9400.000000/12797.171429 batches | lr 5.00 | 31.16 ms/batch | loss  0.29 |     1.33 ppl
| epoch 6.000000 | 9600.000000/12797.171429 batches | lr 5.00 | 31.09 ms/batch | loss  0.30 |     1.35 ppl
| epoch 6.000000 | 9800.000000/12797.171429 batches | lr 5.00 | 31.08 ms/batch | loss  0.30 |     1.35 ppl
| epoch 6.000000 | 10000.000000/12797.171429 batches | lr 5.00 | 31.06 ms/batch | loss  0.29 |     1.33 ppl
| epoch 6.000000 | 10200.000000/12797.171429 batches | lr 5.00 | 31.12 ms/batch | loss  0.29 |     1.34 ppl
| epoch 6.000000 | 10400.000000/12797.171429 batches | lr 5.00 | 31.12 ms/batch | loss  0.30 |     1.35 ppl
| epoch 6.000000 | 10600.000000/12797.171429 batches | lr 5.00 | 31.09 ms/batch | loss  0.31 |     1.36 ppl
| epoch 6.000000 | 10800.000000/12797.171429 batches | lr 5.00 | 31.10 ms/batch | loss  0.30 |     1.35 ppl
| epoch 6.000000 | 11000.000000/12797.171429 batches | lr 5.00 | 31.07 ms/batch | loss  0.32 |     1.37 ppl
| epoch 6.000000 | 11200.000000/12797.171429 batches | lr 5.00 | 31.08 ms/batch | loss  0.32 |     1.38 ppl
| epoch 6.000000 | 11400.000000/12797.171429 batches | lr 5.00 | 31.16 ms/batch | loss  0.32 |     1.38 ppl
| epoch 6.000000 | 11600.000000/12797.171429 batches | lr 5.00 | 31.14 ms/batch | loss  0.31 |     1.36 ppl
| epoch 6.000000 | 11800.000000/12797.171429 batches | lr 5.00 | 31.09 ms/batch | loss  0.31 |     1.36 ppl
| epoch 6.000000 | 12000.000000/12797.171429 batches | lr 5.00 | 31.09 ms/batch | loss  0.30 |     1.35 ppl
| epoch 6.000000 | 12200.000000/12797.171429 batches | lr 5.00 | 31.08 ms/batch | loss  0.30 |     1.35 ppl
| epoch 6.000000 | 12400.000000/12797.171429 batches | lr 5.00 | 31.11 ms/batch | loss  0.30 |     1.35 ppl
| epoch 6.000000 | 12600.000000/12797.171429 batches | lr 5.00 | 31.10 ms/batch | loss  0.28 |     1.33 ppl
-----------------------------------------------------------------------------------------
| end of epoch   6 | time: 403.45s | valid loss  0.39 | valid ppl     1.48
-----------------------------------------------------------------------------------------

| epoch 7.000000 | 200.000000/12797.171429 batches | lr 5.00 | 31.26 ms/batch | loss  0.30 |     1.35 ppl
| epoch 7.000000 | 400.000000/12797.171429 batches | lr 5.00 | 31.11 ms/batch | loss  0.30 |     1.35 ppl
| epoch 7.000000 | 600.000000/12797.171429 batches | lr 5.00 | 31.12 ms/batch | loss  0.29 |     1.34 ppl
| epoch 7.000000 | 800.000000/12797.171429 batches | lr 5.00 | 31.09 ms/batch | loss  0.30 |     1.35 ppl
| epoch 7.000000 | 1000.000000/12797.171429 batches | lr 5.00 | 31.10 ms/batch | loss  0.29 |     1.34 ppl
| epoch 7.000000 | 1200.000000/12797.171429 batches | lr 5.00 | 31.11 ms/batch | loss  0.30 |     1.35 ppl
| epoch 7.000000 | 1400.000000/12797.171429 batches | lr 5.00 | 31.08 ms/batch | loss  0.30 |     1.35 ppl
| epoch 7.000000 | 1600.000000/12797.171429 batches | lr 5.00 | 31.10 ms/batch | loss  0.29 |     1.34 ppl
| epoch 7.000000 | 1800.000000/12797.171429 batches | lr 5.00 | 31.12 ms/batch | loss  0.30 |     1.35 ppl
| epoch 7.000000 | 2000.000000/12797.171429 batches | lr 5.00 | 31.10 ms/batch | loss  0.29 |     1.33 ppl
| epoch 7.000000 | 2200.000000/12797.171429 batches | lr 5.00 | 31.11 ms/batch | loss  0.29 |     1.34 ppl
| epoch 7.000000 | 2400.000000/12797.171429 batches | lr 5.00 | 31.14 ms/batch | loss  0.28 |     1.33 ppl
| epoch 7.000000 | 2600.000000/12797.171429 batches | lr 5.00 | 31.06 ms/batch | loss  0.28 |     1.32 ppl
| epoch 7.000000 | 2800.000000/12797.171429 batches | lr 5.00 | 31.10 ms/batch | loss  0.29 |     1.33 ppl
| epoch 7.000000 | 3000.000000/12797.171429 batches | lr 5.00 | 31.08 ms/batch | loss  0.28 |     1.33 ppl
| epoch 7.000000 | 3200.000000/12797.171429 batches | lr 5.00 | 31.12 ms/batch | loss  0.29 |     1.34 ppl
| epoch 7.000000 | 3400.000000/12797.171429 batches | lr 5.00 | 31.08 ms/batch | loss  0.29 |     1.34 ppl
| epoch 7.000000 | 3600.000000/12797.171429 batches | lr 5.00 | 31.08 ms/batch | loss  0.30 |     1.35 ppl
| epoch 7.000000 | 3800.000000/12797.171429 batches | lr 5.00 | 31.07 ms/batch | loss  0.28 |     1.33 ppl
| epoch 7.000000 | 4000.000000/12797.171429 batches | lr 5.00 | 31.13 ms/batch | loss  0.29 |     1.33 ppl
| epoch 7.000000 | 4200.000000/12797.171429 batches | lr 5.00 | 31.14 ms/batch | loss  0.29 |     1.34 ppl
| epoch 7.000000 | 4400.000000/12797.171429 batches | lr 5.00 | 31.10 ms/batch | loss  0.29 |     1.33 ppl
| epoch 7.000000 | 4600.000000/12797.171429 batches | lr 5.00 | 31.10 ms/batch | loss  0.29 |     1.33 ppl
| epoch 7.000000 | 4800.000000/12797.171429 batches | lr 5.00 | 31.07 ms/batch | loss  0.29 |     1.33 ppl
| epoch 7.000000 | 5000.000000/12797.171429 batches | lr 5.00 | 31.10 ms/batch | loss  0.29 |     1.33 ppl
| epoch 7.000000 | 5200.000000/12797.171429 batches | lr 5.00 | 31.10 ms/batch | loss  0.29 |     1.34 ppl
| epoch 7.000000 | 5400.000000/12797.171429 batches | lr 5.00 | 31.11 ms/batch | loss  0.29 |     1.34 ppl
| epoch 7.000000 | 5600.000000/12797.171429 batches | lr 5.00 | 31.10 ms/batch | loss  0.29 |     1.33 ppl
| epoch 7.000000 | 5800.000000/12797.171429 batches | lr 5.00 | 31.08 ms/batch | loss  0.29 |     1.34 ppl
| epoch 7.000000 | 6000.000000/12797.171429 batches | lr 5.00 | 31.09 ms/batch | loss  0.29 |     1.34 ppl
| epoch 7.000000 | 6200.000000/12797.171429 batches | lr 5.00 | 31.16 ms/batch | loss  0.29 |     1.34 ppl
| epoch 7.000000 | 6400.000000/12797.171429 batches | lr 5.00 | 31.10 ms/batch | loss  0.30 |     1.35 ppl
| epoch 7.000000 | 6600.000000/12797.171429 batches | lr 5.00 | 31.09 ms/batch | loss  0.30 |     1.36 ppl
| epoch 7.000000 | 6800.000000/12797.171429 batches | lr 5.00 | 31.09 ms/batch | loss  0.31 |     1.36 ppl
| epoch 7.000000 | 7000.000000/12797.171429 batches | lr 5.00 | 31.12 ms/batch | loss  0.30 |     1.35 ppl
| epoch 7.000000 | 7200.000000/12797.171429 batches | lr 5.00 | 31.07 ms/batch | loss  0.31 |     1.36 ppl
| epoch 7.000000 | 7400.000000/12797.171429 batches | lr 5.00 | 31.11 ms/batch | loss  0.30 |     1.36 ppl
| epoch 7.000000 | 7600.000000/12797.171429 batches | lr 5.00 | 31.10 ms/batch | loss  0.31 |     1.36 ppl
| epoch 7.000000 | 7800.000000/12797.171429 batches | lr 5.00 | 31.11 ms/batch | loss  0.31 |     1.36 ppl
| epoch 7.000000 | 8000.000000/12797.171429 batches | lr 5.00 | 31.11 ms/batch | loss  0.31 |     1.36 ppl
| epoch 7.000000 | 8200.000000/12797.171429 batches | lr 5.00 | 31.10 ms/batch | loss  0.31 |     1.37 ppl
| epoch 7.000000 | 8400.000000/12797.171429 batches | lr 5.00 | 31.09 ms/batch | loss  0.30 |     1.36 ppl
| epoch 7.000000 | 8600.000000/12797.171429 batches | lr 5.00 | 31.10 ms/batch | loss  0.31 |     1.36 ppl
| epoch 7.000000 | 8800.000000/12797.171429 batches | lr 5.00 | 31.10 ms/batch | loss  0.30 |     1.35 ppl
| epoch 7.000000 | 9000.000000/12797.171429 batches | lr 5.00 | 31.10 ms/batch | loss  0.31 |     1.36 ppl
| epoch 7.000000 | 9200.000000/12797.171429 batches | lr 5.00 | 31.10 ms/batch | loss  0.32 |     1.37 ppl
| epoch 7.000000 | 9400.000000/12797.171429 batches | lr 5.00 | 31.07 ms/batch | loss  0.30 |     1.35 ppl
| epoch 7.000000 | 9600.000000/12797.171429 batches | lr 5.00 | 31.10 ms/batch | loss  0.31 |     1.36 ppl
| epoch 7.000000 | 9800.000000/12797.171429 batches | lr 5.00 | 31.11 ms/batch | loss  0.31 |     1.36 ppl
| epoch 7.000000 | 10000.000000/12797.171429 batches | lr 5.00 | 31.11 ms/batch | loss  0.29 |     1.34 ppl
| epoch 7.000000 | 10200.000000/12797.171429 batches | lr 5.00 | 31.14 ms/batch | loss  0.29 |     1.34 ppl
| epoch 7.000000 | 10400.000000/12797.171429 batches | lr 5.00 | 31.08 ms/batch | loss  0.29 |     1.34 ppl
| epoch 7.000000 | 10600.000000/12797.171429 batches | lr 5.00 | 31.07 ms/batch | loss  0.29 |     1.34 ppl
| epoch 7.000000 | 10800.000000/12797.171429 batches | lr 5.00 | 31.13 ms/batch | loss  0.28 |     1.33 ppl
| epoch 7.000000 | 11000.000000/12797.171429 batches | lr 5.00 | 31.09 ms/batch | loss  0.30 |     1.35 ppl
| epoch 7.000000 | 11200.000000/12797.171429 batches | lr 5.00 | 31.09 ms/batch | loss  0.30 |     1.35 ppl
| epoch 7.000000 | 11400.000000/12797.171429 batches | lr 5.00 | 31.10 ms/batch | loss  0.30 |     1.34 ppl
| epoch 7.000000 | 11600.000000/12797.171429 batches | lr 5.00 | 31.08 ms/batch | loss  0.29 |     1.33 ppl
| epoch 7.000000 | 11800.000000/12797.171429 batches | lr 5.00 | 31.10 ms/batch | loss  0.29 |     1.34 ppl
| epoch 7.000000 | 12000.000000/12797.171429 batches | lr 5.00 | 31.10 ms/batch | loss  0.28 |     1.33 ppl
| epoch 7.000000 | 12200.000000/12797.171429 batches | lr 5.00 | 31.15 ms/batch | loss  0.29 |     1.33 ppl
| epoch 7.000000 | 12400.000000/12797.171429 batches | lr 5.00 | 31.09 ms/batch | loss  0.29 |     1.34 ppl
| epoch 7.000000 | 12600.000000/12797.171429 batches | lr 5.00 | 31.08 ms/batch | loss  0.28 |     1.32 ppl
-----------------------------------------------------------------------------------------
| end of epoch   7 | time: 403.49s | valid loss  0.39 | valid ppl     1.47
-----------------------------------------------------------------------------------------

| epoch 8.000000 | 200.000000/12797.171429 batches | lr 5.00 | 31.26 ms/batch | loss  0.29 |     1.33 ppl
| epoch 8.000000 | 400.000000/12797.171429 batches | lr 5.00 | 31.10 ms/batch | loss  0.28 |     1.32 ppl
| epoch 8.000000 | 600.000000/12797.171429 batches | lr 5.00 | 31.10 ms/batch | loss  0.28 |     1.32 ppl
| epoch 8.000000 | 800.000000/12797.171429 batches | lr 5.00 | 31.14 ms/batch | loss  0.29 |     1.33 ppl
| epoch 8.000000 | 1000.000000/12797.171429 batches | lr 5.00 | 31.11 ms/batch | loss  0.28 |     1.32 ppl
| epoch 8.000000 | 1200.000000/12797.171429 batches | lr 5.00 | 31.11 ms/batch | loss  0.29 |     1.33 ppl
| epoch 8.000000 | 1400.000000/12797.171429 batches | lr 5.00 | 31.10 ms/batch | loss  0.28 |     1.33 ppl
| epoch 8.000000 | 1600.000000/12797.171429 batches | lr 5.00 | 31.11 ms/batch | loss  0.29 |     1.33 ppl
| epoch 8.000000 | 1800.000000/12797.171429 batches | lr 5.00 | 31.11 ms/batch | loss  0.28 |     1.32 ppl
| epoch 8.000000 | 2000.000000/12797.171429 batches | lr 5.00 | 31.07 ms/batch | loss  0.28 |     1.32 ppl
| epoch 8.000000 | 2200.000000/12797.171429 batches | lr 5.00 | 31.10 ms/batch | loss  0.28 |     1.33 ppl
| epoch 8.000000 | 2400.000000/12797.171429 batches | lr 5.00 | 31.10 ms/batch | loss  0.28 |     1.33 ppl
| epoch 8.000000 | 2600.000000/12797.171429 batches | lr 5.00 | 31.11 ms/batch | loss  0.28 |     1.32 ppl
| epoch 8.000000 | 2800.000000/12797.171429 batches | lr 5.00 | 31.10 ms/batch | loss  0.28 |     1.32 ppl
| epoch 8.000000 | 3000.000000/12797.171429 batches | lr 5.00 | 31.14 ms/batch | loss  0.27 |     1.31 ppl
| epoch 8.000000 | 3200.000000/12797.171429 batches | lr 5.00 | 31.07 ms/batch | loss  0.28 |     1.32 ppl
| epoch 8.000000 | 3400.000000/12797.171429 batches | lr 5.00 | 31.10 ms/batch | loss  0.28 |     1.32 ppl
| epoch 8.000000 | 3600.000000/12797.171429 batches | lr 5.00 | 31.11 ms/batch | loss  0.28 |     1.32 ppl
| epoch 8.000000 | 3800.000000/12797.171429 batches | lr 5.00 | 31.10 ms/batch | loss  0.27 |     1.31 ppl
| epoch 8.000000 | 4000.000000/12797.171429 batches | lr 5.00 | 31.09 ms/batch | loss  0.28 |     1.32 ppl
| epoch 8.000000 | 4200.000000/12797.171429 batches | lr 5.00 | 31.09 ms/batch | loss  0.27 |     1.31 ppl
| epoch 8.000000 | 4400.000000/12797.171429 batches | lr 5.00 | 31.08 ms/batch | loss  0.28 |     1.32 ppl
| epoch 8.000000 | 4600.000000/12797.171429 batches | lr 5.00 | 31.15 ms/batch | loss  0.27 |     1.31 ppl
| epoch 8.000000 | 4800.000000/12797.171429 batches | lr 5.00 | 31.10 ms/batch | loss  0.27 |     1.31 ppl
| epoch 8.000000 | 5000.000000/12797.171429 batches | lr 5.00 | 31.12 ms/batch | loss  0.27 |     1.31 ppl
| epoch 8.000000 | 5200.000000/12797.171429 batches | lr 5.00 | 31.09 ms/batch | loss  0.27 |     1.31 ppl
| epoch 8.000000 | 5400.000000/12797.171429 batches | lr 5.00 | 31.08 ms/batch | loss  0.27 |     1.31 ppl
| epoch 8.000000 | 5600.000000/12797.171429 batches | lr 5.00 | 31.09 ms/batch | loss  0.26 |     1.30 ppl
| epoch 8.000000 | 5800.000000/12797.171429 batches | lr 5.00 | 31.11 ms/batch | loss  0.27 |     1.31 ppl
| epoch 8.000000 | 6000.000000/12797.171429 batches | lr 5.00 | 31.10 ms/batch | loss  0.27 |     1.31 ppl
| epoch 8.000000 | 6200.000000/12797.171429 batches | lr 5.00 | 31.10 ms/batch | loss  0.27 |     1.31 ppl
| epoch 8.000000 | 6400.000000/12797.171429 batches | lr 5.00 | 31.09 ms/batch | loss  0.27 |     1.32 ppl
| epoch 8.000000 | 6600.000000/12797.171429 batches | lr 5.00 | 31.09 ms/batch | loss  0.28 |     1.32 ppl
| epoch 8.000000 | 6800.000000/12797.171429 batches | lr 5.00 | 31.11 ms/batch | loss  0.28 |     1.33 ppl
| epoch 8.000000 | 7000.000000/12797.171429 batches | lr 5.00 | 31.13 ms/batch | loss  0.28 |     1.32 ppl
| epoch 8.000000 | 7200.000000/12797.171429 batches | lr 5.00 | 31.10 ms/batch | loss  0.28 |     1.33 ppl
| epoch 8.000000 | 7400.000000/12797.171429 batches | lr 5.00 | 31.11 ms/batch | loss  0.28 |     1.33 ppl
| epoch 8.000000 | 7600.000000/12797.171429 batches | lr 5.00 | 31.09 ms/batch | loss  0.28 |     1.32 ppl
| epoch 8.000000 | 7800.000000/12797.171429 batches | lr 5.00 | 31.07 ms/batch | loss  0.28 |     1.33 ppl
| epoch 8.000000 | 8000.000000/12797.171429 batches | lr 5.00 | 31.11 ms/batch | loss  0.28 |     1.32 ppl
| epoch 8.000000 | 8200.000000/12797.171429 batches | lr 5.00 | 31.10 ms/batch | loss  0.28 |     1.33 ppl
| epoch 8.000000 | 8400.000000/12797.171429 batches | lr 5.00 | 31.12 ms/batch | loss  0.28 |     1.32 ppl
| epoch 8.000000 | 8600.000000/12797.171429 batches | lr 5.00 | 31.10 ms/batch | loss  0.28 |     1.32 ppl
| epoch 8.000000 | 8800.000000/12797.171429 batches | lr 5.00 | 31.07 ms/batch | loss  0.28 |     1.32 ppl
| epoch 8.000000 | 9000.000000/12797.171429 batches | lr 5.00 | 31.10 ms/batch | loss  0.27 |     1.31 ppl
| epoch 8.000000 | 9200.000000/12797.171429 batches | lr 5.00 | 31.11 ms/batch | loss  0.28 |     1.32 ppl
| epoch 8.000000 | 9400.000000/12797.171429 batches | lr 5.00 | 31.11 ms/batch | loss  0.27 |     1.31 ppl
| epoch 8.000000 | 9600.000000/12797.171429 batches | lr 5.00 | 31.09 ms/batch | loss  0.28 |     1.33 ppl
| epoch 8.000000 | 9800.000000/12797.171429 batches | lr 5.00 | 31.11 ms/batch | loss  0.28 |     1.33 ppl
| epoch 8.000000 | 10000.000000/12797.171429 batches | lr 5.00 | 31.07 ms/batch | loss  0.27 |     1.31 ppl
| epoch 8.000000 | 10200.000000/12797.171429 batches | lr 5.00 | 31.09 ms/batch | loss  0.27 |     1.31 ppl
| epoch 8.000000 | 10400.000000/12797.171429 batches | lr 5.00 | 31.11 ms/batch | loss  0.28 |     1.33 ppl
| epoch 8.000000 | 10600.000000/12797.171429 batches | lr 5.00 | 31.11 ms/batch | loss  0.29 |     1.34 ppl
| epoch 8.000000 | 10800.000000/12797.171429 batches | lr 5.00 | 31.11 ms/batch | loss  0.28 |     1.33 ppl
| epoch 8.000000 | 11000.000000/12797.171429 batches | lr 5.00 | 31.11 ms/batch | loss  0.29 |     1.34 ppl
| epoch 8.000000 | 11200.000000/12797.171429 batches | lr 5.00 | 31.07 ms/batch | loss  0.29 |     1.34 ppl
| epoch 8.000000 | 11400.000000/12797.171429 batches | lr 5.00 | 31.12 ms/batch | loss  0.29 |     1.34 ppl
| epoch 8.000000 | 11600.000000/12797.171429 batches | lr 5.00 | 31.11 ms/batch | loss  0.28 |     1.33 ppl
| epoch 8.000000 | 11800.000000/12797.171429 batches | lr 5.00 | 31.09 ms/batch | loss  0.28 |     1.32 ppl
| epoch 8.000000 | 12000.000000/12797.171429 batches | lr 5.00 | 31.10 ms/batch | loss  0.28 |     1.32 ppl
| epoch 8.000000 | 12200.000000/12797.171429 batches | lr 5.00 | 31.08 ms/batch | loss  0.28 |     1.32 ppl
| epoch 8.000000 | 12400.000000/12797.171429 batches | lr 5.00 | 31.09 ms/batch | loss  0.28 |     1.32 ppl
| epoch 8.000000 | 12600.000000/12797.171429 batches | lr 5.00 | 31.11 ms/batch | loss  0.26 |     1.30 ppl
-----------------------------------------------------------------------------------------
| end of epoch   8 | time: 403.50s | valid loss  0.39 | valid ppl     1.47
-----------------------------------------------------------------------------------------

| epoch 9.000000 | 200.000000/12797.171429 batches | lr 1.25 | 31.25 ms/batch | loss  0.28 |     1.32 ppl
| epoch 9.000000 | 400.000000/12797.171429 batches | lr 1.25 | 31.09 ms/batch | loss  0.27 |     1.31 ppl
| epoch 9.000000 | 600.000000/12797.171429 batches | lr 1.25 | 31.09 ms/batch | loss  0.26 |     1.30 ppl
| epoch 9.000000 | 800.000000/12797.171429 batches | lr 1.25 | 31.10 ms/batch | loss  0.27 |     1.31 ppl
| epoch 9.000000 | 1000.000000/12797.171429 batches | lr 1.25 | 31.10 ms/batch | loss  0.26 |     1.30 ppl
| epoch 9.000000 | 1200.000000/12797.171429 batches | lr 1.25 | 31.11 ms/batch | loss  0.27 |     1.30 ppl
| epoch 9.000000 | 1400.000000/12797.171429 batches | lr 1.25 | 31.11 ms/batch | loss  0.26 |     1.30 ppl
| epoch 9.000000 | 1600.000000/12797.171429 batches | lr 1.25 | 31.08 ms/batch | loss  0.26 |     1.29 ppl
| epoch 9.000000 | 1800.000000/12797.171429 batches | lr 1.25 | 31.12 ms/batch | loss  0.26 |     1.29 ppl
| epoch 9.000000 | 2000.000000/12797.171429 batches | lr 1.25 | 31.10 ms/batch | loss  0.26 |     1.29 ppl
| epoch 9.000000 | 2200.000000/12797.171429 batches | lr 1.25 | 31.13 ms/batch | loss  0.26 |     1.29 ppl
| epoch 9.000000 | 2400.000000/12797.171429 batches | lr 1.25 | 31.10 ms/batch | loss  0.25 |     1.29 ppl
| epoch 9.000000 | 2600.000000/12797.171429 batches | lr 1.25 | 31.09 ms/batch | loss  0.25 |     1.28 ppl
| epoch 9.000000 | 2800.000000/12797.171429 batches | lr 1.25 | 31.07 ms/batch | loss  0.25 |     1.29 ppl
slurmstepd: error: *** JOB 37886043 ON g110 CANCELLED AT 2019-02-06T12:55:39 DUE TO TIME LIMIT ***
srun: Job step aborted: Waiting up to 32 seconds for job step to finish.
slurmstepd: error: *** STEP 37886043.0 ON g110 CANCELLED AT 2019-02-06T12:55:39 DUE TO TIME LIMIT ***
