Sun Feb  3 20:27:09 EET 2019

setting things for Taito!
----------------------------------------------------------------------------
  Setting up new environment, removing all currently loaded modules
----------------------------------------------------------------------------
  Loading new modules:
    python-env/intelpython3.6-2018.3    cuda/9.0
    gcc/5.4.0                           cudnn/7.1-cuda9
Loading application Intel Distribution for Python 2018 update 3 
IntelDistributionpython3andConda nil environment loaded
 
To list available conda environments, please run command:
    conda env list
 
To activate a specific conda environment, please run command:
    source activate environment-name
 
To deactivate qiime environment, run command: 
    source deactivate
RNN Language MODEL: Loading gigaword corpus
| epoch 1.000000 | 200.000000/12797.171429 batches | lr 20.00 | 11.03 ms/batch | loss  9.05 |  8528.16 ppl
| epoch 1.000000 | 400.000000/12797.171429 batches | lr 20.00 |  8.07 ms/batch | loss  8.25 |  3846.11 ppl
| epoch 1.000000 | 600.000000/12797.171429 batches | lr 20.00 |  7.94 ms/batch | loss  8.02 |  3041.43 ppl
| epoch 1.000000 | 800.000000/12797.171429 batches | lr 20.00 |  7.93 ms/batch | loss  7.82 |  2497.47 ppl
| epoch 1.000000 | 1000.000000/12797.171429 batches | lr 20.00 |  7.93 ms/batch | loss  7.70 |  2197.50 ppl
| epoch 1.000000 | 1200.000000/12797.171429 batches | lr 20.00 |  7.93 ms/batch | loss  7.60 |  1995.45 ppl
| epoch 1.000000 | 1400.000000/12797.171429 batches | lr 20.00 |  7.94 ms/batch | loss  7.45 |  1724.95 ppl
| epoch 1.000000 | 1600.000000/12797.171429 batches | lr 20.00 |  7.94 ms/batch | loss  7.39 |  1625.37 ppl
| epoch 1.000000 | 1800.000000/12797.171429 batches | lr 20.00 |  7.94 ms/batch | loss  7.26 |  1421.86 ppl
| epoch 1.000000 | 2000.000000/12797.171429 batches | lr 20.00 |  7.93 ms/batch | loss  7.16 |  1291.92 ppl
| epoch 1.000000 | 2200.000000/12797.171429 batches | lr 20.00 |  7.94 ms/batch | loss  7.12 |  1232.95 ppl
| epoch 1.000000 | 2400.000000/12797.171429 batches | lr 20.00 |  8.02 ms/batch | loss  7.08 |  1187.05 ppl
| epoch 1.000000 | 2600.000000/12797.171429 batches | lr 20.00 |  7.95 ms/batch | loss  7.04 |  1146.89 ppl
| epoch 1.000000 | 2800.000000/12797.171429 batches | lr 20.00 |  7.93 ms/batch | loss  7.05 |  1152.27 ppl
| epoch 1.000000 | 3000.000000/12797.171429 batches | lr 20.00 |  7.94 ms/batch | loss  6.92 |  1015.38 ppl
| epoch 1.000000 | 3200.000000/12797.171429 batches | lr 20.00 |  7.94 ms/batch | loss  6.91 |  1003.72 ppl
| epoch 1.000000 | 3400.000000/12797.171429 batches | lr 20.00 |  7.94 ms/batch | loss  6.93 |  1022.88 ppl
| epoch 1.000000 | 3600.000000/12797.171429 batches | lr 20.00 |  7.93 ms/batch | loss  6.91 |   997.88 ppl
| epoch 1.000000 | 3800.000000/12797.171429 batches | lr 20.00 |  7.94 ms/batch | loss  6.85 |   945.93 ppl
| epoch 1.000000 | 4000.000000/12797.171429 batches | lr 20.00 |  7.94 ms/batch | loss  6.87 |   964.71 ppl
| epoch 1.000000 | 4200.000000/12797.171429 batches | lr 20.00 |  7.94 ms/batch | loss  6.81 |   904.34 ppl
| epoch 1.000000 | 4400.000000/12797.171429 batches | lr 20.00 |  7.93 ms/batch | loss  6.77 |   872.69 ppl
| epoch 1.000000 | 4600.000000/12797.171429 batches | lr 20.00 |  7.94 ms/batch | loss  6.75 |   856.50 ppl
| epoch 1.000000 | 4800.000000/12797.171429 batches | lr 20.00 |  7.94 ms/batch | loss  6.69 |   806.22 ppl
| epoch 1.000000 | 5000.000000/12797.171429 batches | lr 20.00 |  7.93 ms/batch | loss  6.73 |   841.16 ppl
| epoch 1.000000 | 5200.000000/12797.171429 batches | lr 20.00 |  7.92 ms/batch | loss  6.75 |   857.60 ppl
| epoch 1.000000 | 5400.000000/12797.171429 batches | lr 20.00 |  7.94 ms/batch | loss  6.69 |   802.91 ppl
| epoch 1.000000 | 5600.000000/12797.171429 batches | lr 20.00 |  8.01 ms/batch | loss  6.66 |   783.02 ppl
| epoch 1.000000 | 5800.000000/12797.171429 batches | lr 20.00 |  7.94 ms/batch | loss  6.67 |   789.34 ppl
| epoch 1.000000 | 6000.000000/12797.171429 batches | lr 20.00 |  7.93 ms/batch | loss  6.68 |   794.00 ppl
| epoch 1.000000 | 6200.000000/12797.171429 batches | lr 20.00 |  7.94 ms/batch | loss  6.61 |   743.60 ppl
| epoch 1.000000 | 6400.000000/12797.171429 batches | lr 20.00 |  7.94 ms/batch | loss  6.59 |   729.39 ppl
| epoch 1.000000 | 6600.000000/12797.171429 batches | lr 20.00 |  7.94 ms/batch | loss  6.63 |   760.88 ppl
| epoch 1.000000 | 6800.000000/12797.171429 batches | lr 20.00 |  7.92 ms/batch | loss  6.58 |   723.87 ppl
| epoch 1.000000 | 7000.000000/12797.171429 batches | lr 20.00 |  7.94 ms/batch | loss  6.58 |   720.84 ppl
| epoch 1.000000 | 7200.000000/12797.171429 batches | lr 20.00 |  7.94 ms/batch | loss  6.59 |   728.54 ppl
| epoch 1.000000 | 7400.000000/12797.171429 batches | lr 20.00 |  7.94 ms/batch | loss  6.52 |   681.03 ppl
| epoch 1.000000 | 7600.000000/12797.171429 batches | lr 20.00 |  7.93 ms/batch | loss  6.61 |   740.15 ppl
| epoch 1.000000 | 7800.000000/12797.171429 batches | lr 20.00 |  7.94 ms/batch | loss  6.53 |   687.47 ppl
| epoch 1.000000 | 8000.000000/12797.171429 batches | lr 20.00 |  7.96 ms/batch | loss  6.51 |   668.79 ppl
| epoch 1.000000 | 8200.000000/12797.171429 batches | lr 20.00 |  8.00 ms/batch | loss  6.50 |   663.42 ppl
| epoch 1.000000 | 8400.000000/12797.171429 batches | lr 20.00 |  7.92 ms/batch | loss  6.53 |   685.20 ppl
| epoch 1.000000 | 8600.000000/12797.171429 batches | lr 20.00 |  7.96 ms/batch | loss  6.53 |   682.63 ppl
| epoch 1.000000 | 8800.000000/12797.171429 batches | lr 20.00 |  7.94 ms/batch | loss  6.50 |   666.14 ppl
| epoch 1.000000 | 9000.000000/12797.171429 batches | lr 20.00 |  7.94 ms/batch | loss  6.48 |   652.75 ppl
| epoch 1.000000 | 9200.000000/12797.171429 batches | lr 20.00 |  7.93 ms/batch | loss  6.47 |   644.50 ppl
| epoch 1.000000 | 9400.000000/12797.171429 batches | lr 20.00 |  7.93 ms/batch | loss  6.40 |   603.98 ppl
| epoch 1.000000 | 9600.000000/12797.171429 batches | lr 20.00 |  7.94 ms/batch | loss  6.41 |   605.29 ppl
| epoch 1.000000 | 9800.000000/12797.171429 batches | lr 20.00 |  7.94 ms/batch | loss  6.46 |   641.24 ppl
| epoch 1.000000 | 10000.000000/12797.171429 batches | lr 20.00 |  7.93 ms/batch | loss  6.48 |   651.43 ppl
| epoch 1.000000 | 10200.000000/12797.171429 batches | lr 20.00 |  7.94 ms/batch | loss  6.42 |   613.89 ppl
| epoch 1.000000 | 10400.000000/12797.171429 batches | lr 20.00 |  8.02 ms/batch | loss  6.46 |   637.36 ppl
| epoch 1.000000 | 10600.000000/12797.171429 batches | lr 20.00 |  7.94 ms/batch | loss  6.41 |   605.44 ppl
| epoch 1.000000 | 10800.000000/12797.171429 batches | lr 20.00 |  7.93 ms/batch | loss  6.44 |   629.17 ppl
| epoch 1.000000 | 11000.000000/12797.171429 batches | lr 20.00 |  7.93 ms/batch | loss  6.43 |   621.18 ppl
| epoch 1.000000 | 11200.000000/12797.171429 batches | lr 20.00 |  7.94 ms/batch | loss  6.40 |   601.73 ppl
| epoch 1.000000 | 11400.000000/12797.171429 batches | lr 20.00 |  7.94 ms/batch | loss  6.44 |   625.96 ppl
| epoch 1.000000 | 11600.000000/12797.171429 batches | lr 20.00 |  7.94 ms/batch | loss  6.38 |   588.73 ppl
| epoch 1.000000 | 11800.000000/12797.171429 batches | lr 20.00 |  7.94 ms/batch | loss  6.44 |   623.92 ppl
| epoch 1.000000 | 12000.000000/12797.171429 batches | lr 20.00 |  7.94 ms/batch | loss  6.41 |   610.04 ppl
| epoch 1.000000 | 12200.000000/12797.171429 batches | lr 20.00 |  7.94 ms/batch | loss  6.34 |   565.84 ppl
| epoch 1.000000 | 12400.000000/12797.171429 batches | lr 20.00 |  7.93 ms/batch | loss  6.40 |   599.33 ppl
| epoch 1.000000 | 12600.000000/12797.171429 batches | lr 20.00 |  7.93 ms/batch | loss  6.36 |   576.42 ppl
-----------------------------------------------------------------------------------------
| end of epoch   1 | time: 103.74s | valid loss  6.44 | valid ppl   624.49
-----------------------------------------------------------------------------------------

| epoch 2.000000 | 200.000000/12797.171429 batches | lr 20.00 |  7.97 ms/batch | loss  6.39 |   597.06 ppl
| epoch 2.000000 | 400.000000/12797.171429 batches | lr 20.00 |  7.94 ms/batch | loss  6.40 |   601.04 ppl
| epoch 2.000000 | 600.000000/12797.171429 batches | lr 20.00 |  7.92 ms/batch | loss  6.31 |   551.72 ppl
| epoch 2.000000 | 800.000000/12797.171429 batches | lr 20.00 |  7.93 ms/batch | loss  6.40 |   598.98 ppl
| epoch 2.000000 | 1000.000000/12797.171429 batches | lr 20.00 |  7.94 ms/batch | loss  6.34 |   568.69 ppl
| epoch 2.000000 | 1200.000000/12797.171429 batches | lr 20.00 |  7.92 ms/batch | loss  6.38 |   588.30 ppl
| epoch 2.000000 | 1400.000000/12797.171429 batches | lr 20.00 |  7.95 ms/batch | loss  6.36 |   580.14 ppl
| epoch 2.000000 | 1600.000000/12797.171429 batches | lr 20.00 |  7.93 ms/batch | loss  6.34 |   566.01 ppl
| epoch 2.000000 | 1800.000000/12797.171429 batches | lr 20.00 |  7.94 ms/batch | loss  6.34 |   567.25 ppl
| epoch 2.000000 | 2000.000000/12797.171429 batches | lr 20.00 |  7.93 ms/batch | loss  6.32 |   558.15 ppl
| epoch 2.000000 | 2200.000000/12797.171429 batches | lr 20.00 |  7.92 ms/batch | loss  6.33 |   558.65 ppl
| epoch 2.000000 | 2400.000000/12797.171429 batches | lr 20.00 |  7.94 ms/batch | loss  6.34 |   564.50 ppl
| epoch 2.000000 | 2600.000000/12797.171429 batches | lr 20.00 |  7.98 ms/batch | loss  6.30 |   547.18 ppl
| epoch 2.000000 | 2800.000000/12797.171429 batches | lr 20.00 |  7.95 ms/batch | loss  6.36 |   580.52 ppl
| epoch 2.000000 | 3000.000000/12797.171429 batches | lr 20.00 |  7.93 ms/batch | loss  6.29 |   539.56 ppl
| epoch 2.000000 | 3200.000000/12797.171429 batches | lr 20.00 |  7.94 ms/batch | loss  6.36 |   576.50 ppl
| epoch 2.000000 | 3400.000000/12797.171429 batches | lr 20.00 |  7.94 ms/batch | loss  6.34 |   568.24 ppl
| epoch 2.000000 | 3600.000000/12797.171429 batches | lr 20.00 |  7.94 ms/batch | loss  6.34 |   564.92 ppl
| epoch 2.000000 | 3800.000000/12797.171429 batches | lr 20.00 |  8.02 ms/batch | loss  6.29 |   537.76 ppl
| epoch 2.000000 | 4000.000000/12797.171429 batches | lr 20.00 |  7.93 ms/batch | loss  6.32 |   553.61 ppl
| epoch 2.000000 | 4200.000000/12797.171429 batches | lr 20.00 |  7.94 ms/batch | loss  6.26 |   525.32 ppl
| epoch 2.000000 | 4400.000000/12797.171429 batches | lr 20.00 |  7.95 ms/batch | loss  6.30 |   544.48 ppl
| epoch 2.000000 | 4600.000000/12797.171429 batches | lr 20.00 |  7.93 ms/batch | loss  6.26 |   522.20 ppl
| epoch 2.000000 | 4800.000000/12797.171429 batches | lr 20.00 |  7.94 ms/batch | loss  6.22 |   504.38 ppl
| epoch 2.000000 | 5000.000000/12797.171429 batches | lr 20.00 |  7.93 ms/batch | loss  6.26 |   521.59 ppl
| epoch 2.000000 | 5200.000000/12797.171429 batches | lr 20.00 |  7.93 ms/batch | loss  6.26 |   520.82 ppl
| epoch 2.000000 | 5400.000000/12797.171429 batches | lr 20.00 |  7.92 ms/batch | loss  6.27 |   530.09 ppl
| epoch 2.000000 | 5600.000000/12797.171429 batches | lr 20.00 |  7.93 ms/batch | loss  6.24 |   510.99 ppl
| epoch 2.000000 | 5800.000000/12797.171429 batches | lr 20.00 |  7.94 ms/batch | loss  6.28 |   533.70 ppl
| epoch 2.000000 | 6000.000000/12797.171429 batches | lr 20.00 |  7.92 ms/batch | loss  6.26 |   521.02 ppl
| epoch 2.000000 | 6200.000000/12797.171429 batches | lr 20.00 |  7.93 ms/batch | loss  6.25 |   516.69 ppl
| epoch 2.000000 | 6400.000000/12797.171429 batches | lr 20.00 |  7.93 ms/batch | loss  6.26 |   522.29 ppl
| epoch 2.000000 | 6600.000000/12797.171429 batches | lr 20.00 |  7.93 ms/batch | loss  6.24 |   514.00 ppl
| epoch 2.000000 | 6800.000000/12797.171429 batches | lr 20.00 |  7.93 ms/batch | loss  6.24 |   515.24 ppl
| epoch 2.000000 | 7000.000000/12797.171429 batches | lr 20.00 |  7.92 ms/batch | loss  6.27 |   528.36 ppl
| epoch 2.000000 | 7200.000000/12797.171429 batches | lr 20.00 |  7.94 ms/batch | loss  6.30 |   547.14 ppl
| epoch 2.000000 | 7400.000000/12797.171429 batches | lr 20.00 |  7.94 ms/batch | loss  6.27 |   529.79 ppl
| epoch 2.000000 | 7600.000000/12797.171429 batches | lr 20.00 |  7.93 ms/batch | loss  6.28 |   534.42 ppl
| epoch 2.000000 | 7800.000000/12797.171429 batches | lr 20.00 |  7.93 ms/batch | loss  6.29 |   538.18 ppl
| epoch 2.000000 | 8000.000000/12797.171429 batches | lr 20.00 |  7.93 ms/batch | loss  6.24 |   513.54 ppl
| epoch 2.000000 | 8200.000000/12797.171429 batches | lr 20.00 |  7.94 ms/batch | loss  6.22 |   504.91 ppl
| epoch 2.000000 | 8400.000000/12797.171429 batches | lr 20.00 |  7.93 ms/batch | loss  6.21 |   498.32 ppl
| epoch 2.000000 | 8600.000000/12797.171429 batches | lr 20.00 |  7.92 ms/batch | loss  6.20 |   490.72 ppl
| epoch 2.000000 | 8800.000000/12797.171429 batches | lr 20.00 |  7.93 ms/batch | loss  6.20 |   494.32 ppl
| epoch 2.000000 | 9000.000000/12797.171429 batches | lr 20.00 |  7.93 ms/batch | loss  6.19 |   485.78 ppl
| epoch 2.000000 | 9200.000000/12797.171429 batches | lr 20.00 |  7.92 ms/batch | loss  6.19 |   487.91 ppl
| epoch 2.000000 | 9400.000000/12797.171429 batches | lr 20.00 |  7.93 ms/batch | loss  6.19 |   489.67 ppl
| epoch 2.000000 | 9600.000000/12797.171429 batches | lr 20.00 |  7.94 ms/batch | loss  6.19 |   488.35 ppl
| epoch 2.000000 | 9800.000000/12797.171429 batches | lr 20.00 |  7.93 ms/batch | loss  6.19 |   487.85 ppl
| epoch 2.000000 | 10000.000000/12797.171429 batches | lr 20.00 |  7.94 ms/batch | loss  6.21 |   499.69 ppl
| epoch 2.000000 | 10200.000000/12797.171429 batches | lr 20.00 |  7.93 ms/batch | loss  6.21 |   495.44 ppl
| epoch 2.000000 | 10400.000000/12797.171429 batches | lr 20.00 |  8.01 ms/batch | loss  6.21 |   495.31 ppl
| epoch 2.000000 | 10600.000000/12797.171429 batches | lr 20.00 |  7.93 ms/batch | loss  6.20 |   492.27 ppl
| epoch 2.000000 | 10800.000000/12797.171429 batches | lr 20.00 |  7.93 ms/batch | loss  6.21 |   496.42 ppl
| epoch 2.000000 | 11000.000000/12797.171429 batches | lr 20.00 |  7.93 ms/batch | loss  6.21 |   497.58 ppl
| epoch 2.000000 | 11200.000000/12797.171429 batches | lr 20.00 |  7.93 ms/batch | loss  6.17 |   477.74 ppl
| epoch 2.000000 | 11400.000000/12797.171429 batches | lr 20.00 |  7.93 ms/batch | loss  6.21 |   499.27 ppl
| epoch 2.000000 | 11600.000000/12797.171429 batches | lr 20.00 |  7.93 ms/batch | loss  6.19 |   490.07 ppl
| epoch 2.000000 | 11800.000000/12797.171429 batches | lr 20.00 |  7.92 ms/batch | loss  6.22 |   500.43 ppl
| epoch 2.000000 | 12000.000000/12797.171429 batches | lr 20.00 |  7.94 ms/batch | loss  6.20 |   490.54 ppl
| epoch 2.000000 | 12200.000000/12797.171429 batches | lr 20.00 |  7.93 ms/batch | loss  6.15 |   470.22 ppl
| epoch 2.000000 | 12400.000000/12797.171429 batches | lr 20.00 |  7.93 ms/batch | loss  6.19 |   486.80 ppl
| epoch 2.000000 | 12600.000000/12797.171429 batches | lr 20.00 |  7.94 ms/batch | loss  6.15 |   468.74 ppl
-----------------------------------------------------------------------------------------
| end of epoch   2 | time: 103.03s | valid loss  6.27 | valid ppl   526.05
-----------------------------------------------------------------------------------------

| epoch 3.000000 | 200.000000/12797.171429 batches | lr 20.00 |  7.99 ms/batch | loss  6.19 |   488.42 ppl
| epoch 3.000000 | 400.000000/12797.171429 batches | lr 20.00 |  7.93 ms/batch | loss  6.21 |   498.80 ppl
| epoch 3.000000 | 600.000000/12797.171429 batches | lr 20.00 |  7.94 ms/batch | loss  6.14 |   463.67 ppl
| epoch 3.000000 | 800.000000/12797.171429 batches | lr 20.00 |  7.93 ms/batch | loss  6.23 |   507.65 ppl
| epoch 3.000000 | 1000.000000/12797.171429 batches | lr 20.00 |  7.93 ms/batch | loss  6.16 |   474.59 ppl
| epoch 3.000000 | 1200.000000/12797.171429 batches | lr 20.00 |  7.93 ms/batch | loss  6.20 |   493.80 ppl
| epoch 3.000000 | 1400.000000/12797.171429 batches | lr 20.00 |  7.93 ms/batch | loss  6.22 |   502.95 ppl
| epoch 3.000000 | 1600.000000/12797.171429 batches | lr 20.00 |  7.93 ms/batch | loss  6.19 |   487.78 ppl
| epoch 3.000000 | 1800.000000/12797.171429 batches | lr 20.00 |  7.93 ms/batch | loss  6.22 |   502.66 ppl
| epoch 3.000000 | 2000.000000/12797.171429 batches | lr 20.00 |  7.92 ms/batch | loss  6.16 |   473.37 ppl
| epoch 3.000000 | 2200.000000/12797.171429 batches | lr 20.00 |  7.93 ms/batch | loss  6.20 |   494.82 ppl
| epoch 3.000000 | 2400.000000/12797.171429 batches | lr 20.00 |  7.94 ms/batch | loss  6.15 |   469.29 ppl
| epoch 3.000000 | 2600.000000/12797.171429 batches | lr 20.00 |  7.93 ms/batch | loss  6.17 |   479.02 ppl
| epoch 3.000000 | 2800.000000/12797.171429 batches | lr 20.00 |  7.94 ms/batch | loss  6.18 |   483.69 ppl
| epoch 3.000000 | 3000.000000/12797.171429 batches | lr 20.00 |  7.93 ms/batch | loss  6.16 |   475.14 ppl
| epoch 3.000000 | 3200.000000/12797.171429 batches | lr 20.00 |  7.96 ms/batch | loss  6.16 |   475.20 ppl
| epoch 3.000000 | 3400.000000/12797.171429 batches | lr 20.00 |  7.93 ms/batch | loss  6.20 |   493.46 ppl
| epoch 3.000000 | 3600.000000/12797.171429 batches | lr 20.00 |  7.92 ms/batch | loss  6.19 |   485.81 ppl
| epoch 3.000000 | 3800.000000/12797.171429 batches | lr 20.00 |  7.94 ms/batch | loss  6.14 |   465.60 ppl
| epoch 3.000000 | 4000.000000/12797.171429 batches | lr 20.00 |  7.93 ms/batch | loss  6.17 |   476.77 ppl
| epoch 3.000000 | 4200.000000/12797.171429 batches | lr 20.00 |  7.93 ms/batch | loss  6.14 |   464.52 ppl
| epoch 3.000000 | 4400.000000/12797.171429 batches | lr 20.00 |  7.94 ms/batch | loss  6.17 |   477.70 ppl
| epoch 3.000000 | 4600.000000/12797.171429 batches | lr 20.00 |  7.93 ms/batch | loss  6.16 |   474.52 ppl
| epoch 3.000000 | 4800.000000/12797.171429 batches | lr 20.00 |  7.94 ms/batch | loss  6.13 |   460.38 ppl
| epoch 3.000000 | 5000.000000/12797.171429 batches | lr 20.00 |  8.01 ms/batch | loss  6.18 |   485.07 ppl
| epoch 3.000000 | 5200.000000/12797.171429 batches | lr 20.00 |  7.92 ms/batch | loss  6.20 |   492.83 ppl
| epoch 3.000000 | 5400.000000/12797.171429 batches | lr 20.00 |  7.93 ms/batch | loss  6.18 |   484.00 ppl
| epoch 3.000000 | 5600.000000/12797.171429 batches | lr 20.00 |  7.93 ms/batch | loss  6.12 |   455.86 ppl
| epoch 3.000000 | 5800.000000/12797.171429 batches | lr 20.00 |  7.93 ms/batch | loss  6.14 |   462.80 ppl
| epoch 3.000000 | 6000.000000/12797.171429 batches | lr 20.00 |  7.93 ms/batch | loss  6.12 |   455.37 ppl
| epoch 3.000000 | 6200.000000/12797.171429 batches | lr 20.00 |  7.94 ms/batch | loss  6.13 |   459.04 ppl
| epoch 3.000000 | 6400.000000/12797.171429 batches | lr 20.00 |  7.93 ms/batch | loss  6.14 |   462.05 ppl
| epoch 3.000000 | 6600.000000/12797.171429 batches | lr 20.00 |  7.93 ms/batch | loss  6.13 |   459.35 ppl
| epoch 3.000000 | 6800.000000/12797.171429 batches | lr 20.00 |  7.92 ms/batch | loss  6.18 |   480.65 ppl
| epoch 3.000000 | 7000.000000/12797.171429 batches | lr 20.00 |  7.93 ms/batch | loss  6.16 |   472.98 ppl
| epoch 3.000000 | 7200.000000/12797.171429 batches | lr 20.00 |  7.93 ms/batch | loss  6.17 |   480.08 ppl
| epoch 3.000000 | 7400.000000/12797.171429 batches | lr 20.00 |  7.93 ms/batch | loss  6.18 |   482.92 ppl
| epoch 3.000000 | 7600.000000/12797.171429 batches | lr 20.00 |  7.94 ms/batch | loss  6.17 |   476.36 ppl
| epoch 3.000000 | 7800.000000/12797.171429 batches | lr 20.00 |  7.92 ms/batch | loss  6.15 |   468.64 ppl
| epoch 3.000000 | 8000.000000/12797.171429 batches | lr 20.00 |  7.94 ms/batch | loss  6.19 |   489.56 ppl
| epoch 3.000000 | 8200.000000/12797.171429 batches | lr 20.00 |  7.93 ms/batch | loss  6.12 |   455.83 ppl
| epoch 3.000000 | 8400.000000/12797.171429 batches | lr 20.00 |  7.92 ms/batch | loss  6.13 |   461.53 ppl
| epoch 3.000000 | 8600.000000/12797.171429 batches | lr 20.00 |  7.93 ms/batch | loss  6.14 |   463.96 ppl
| epoch 3.000000 | 8800.000000/12797.171429 batches | lr 20.00 |  7.93 ms/batch | loss  6.13 |   460.69 ppl
| epoch 3.000000 | 9000.000000/12797.171429 batches | lr 20.00 |  7.93 ms/batch | loss  6.13 |   461.67 ppl
| epoch 3.000000 | 9200.000000/12797.171429 batches | lr 20.00 |  7.95 ms/batch | loss  6.12 |   454.75 ppl
| epoch 3.000000 | 9400.000000/12797.171429 batches | lr 20.00 |  7.92 ms/batch | loss  6.10 |   444.91 ppl
| epoch 3.000000 | 9600.000000/12797.171429 batches | lr 20.00 |  7.93 ms/batch | loss  6.10 |   445.21 ppl
| epoch 3.000000 | 9800.000000/12797.171429 batches | lr 20.00 |  7.93 ms/batch | loss  6.14 |   464.38 ppl
| epoch 3.000000 | 10000.000000/12797.171429 batches | lr 20.00 |  7.92 ms/batch | loss  6.16 |   473.53 ppl
| epoch 3.000000 | 10200.000000/12797.171429 batches | lr 20.00 |  7.93 ms/batch | loss  6.13 |   459.80 ppl
| epoch 3.000000 | 10400.000000/12797.171429 batches | lr 20.00 |  7.93 ms/batch | loss  6.13 |   460.48 ppl
| epoch 3.000000 | 10600.000000/12797.171429 batches | lr 20.00 |  7.93 ms/batch | loss  6.08 |   438.16 ppl
| epoch 3.000000 | 10800.000000/12797.171429 batches | lr 20.00 |  7.93 ms/batch | loss  6.11 |   451.85 ppl
| epoch 3.000000 | 11000.000000/12797.171429 batches | lr 20.00 |  7.92 ms/batch | loss  6.14 |   465.49 ppl
| epoch 3.000000 | 11200.000000/12797.171429 batches | lr 20.00 |  7.93 ms/batch | loss  6.09 |   440.72 ppl
| epoch 3.000000 | 11400.000000/12797.171429 batches | lr 20.00 |  7.93 ms/batch | loss  6.20 |   492.20 ppl
| epoch 3.000000 | 11600.000000/12797.171429 batches | lr 20.00 |  7.92 ms/batch | loss  6.12 |   455.34 ppl
| epoch 3.000000 | 11800.000000/12797.171429 batches | lr 20.00 |  7.93 ms/batch | loss  6.11 |   448.13 ppl
| epoch 3.000000 | 12000.000000/12797.171429 batches | lr 20.00 |  7.94 ms/batch | loss  6.11 |   450.51 ppl
| epoch 3.000000 | 12200.000000/12797.171429 batches | lr 20.00 |  7.94 ms/batch | loss  6.09 |   441.42 ppl
| epoch 3.000000 | 12400.000000/12797.171429 batches | lr 20.00 |  7.93 ms/batch | loss  6.13 |   460.47 ppl
| epoch 3.000000 | 12600.000000/12797.171429 batches | lr 20.00 |  7.97 ms/batch | loss  6.04 |   420.73 ppl
-----------------------------------------------------------------------------------------
| end of epoch   3 | time: 103.02s | valid loss  6.22 | valid ppl   501.92
-----------------------------------------------------------------------------------------

| epoch 4.000000 | 200.000000/12797.171429 batches | lr 20.00 |  7.96 ms/batch | loss  6.12 |   453.79 ppl
| epoch 4.000000 | 400.000000/12797.171429 batches | lr 20.00 |  7.93 ms/batch | loss  6.13 |   457.68 ppl
| epoch 4.000000 | 600.000000/12797.171429 batches | lr 20.00 |  7.93 ms/batch | loss  6.05 |   424.30 ppl
| epoch 4.000000 | 800.000000/12797.171429 batches | lr 20.00 |  7.93 ms/batch | loss  6.12 |   456.42 ppl
| epoch 4.000000 | 1000.000000/12797.171429 batches | lr 20.00 |  7.94 ms/batch | loss  6.09 |   439.78 ppl
| epoch 4.000000 | 1200.000000/12797.171429 batches | lr 20.00 |  7.92 ms/batch | loss  6.10 |   447.25 ppl
| epoch 4.000000 | 1400.000000/12797.171429 batches | lr 20.00 |  7.94 ms/batch | loss  6.12 |   452.72 ppl
| epoch 4.000000 | 1600.000000/12797.171429 batches | lr 20.00 |  7.93 ms/batch | loss  6.07 |   431.74 ppl
| epoch 4.000000 | 1800.000000/12797.171429 batches | lr 20.00 |  7.92 ms/batch | loss  6.11 |   451.11 ppl
| epoch 4.000000 | 2000.000000/12797.171429 batches | lr 20.00 |  7.95 ms/batch | loss  6.08 |   436.18 ppl
| epoch 4.000000 | 2200.000000/12797.171429 batches | lr 20.00 |  7.93 ms/batch | loss  6.11 |   448.90 ppl
| epoch 4.000000 | 2400.000000/12797.171429 batches | lr 20.00 |  7.94 ms/batch | loss  6.09 |   442.19 ppl
| epoch 4.000000 | 2600.000000/12797.171429 batches | lr 20.00 |  7.93 ms/batch | loss  6.10 |   445.76 ppl
| epoch 4.000000 | 2800.000000/12797.171429 batches | lr 20.00 |  7.92 ms/batch | loss  6.12 |   454.60 ppl
| epoch 4.000000 | 3000.000000/12797.171429 batches | lr 20.00 |  7.93 ms/batch | loss  6.07 |   430.59 ppl
| epoch 4.000000 | 3200.000000/12797.171429 batches | lr 20.00 |  7.93 ms/batch | loss  6.06 |   429.29 ppl
| epoch 4.000000 | 3400.000000/12797.171429 batches | lr 20.00 |  7.92 ms/batch | loss  6.11 |   451.74 ppl
| epoch 4.000000 | 3600.000000/12797.171429 batches | lr 20.00 |  7.94 ms/batch | loss  6.09 |   442.86 ppl
| epoch 4.000000 | 3800.000000/12797.171429 batches | lr 20.00 |  7.93 ms/batch | loss  6.09 |   439.74 ppl
| epoch 4.000000 | 4000.000000/12797.171429 batches | lr 20.00 |  7.93 ms/batch | loss  6.09 |   440.55 ppl
| epoch 4.000000 | 4200.000000/12797.171429 batches | lr 20.00 |  7.93 ms/batch | loss  6.08 |   436.41 ppl
| epoch 4.000000 | 4400.000000/12797.171429 batches | lr 20.00 |  7.92 ms/batch | loss  6.10 |   445.63 ppl
| epoch 4.000000 | 4600.000000/12797.171429 batches | lr 20.00 |  7.93 ms/batch | loss  6.06 |   429.99 ppl
| epoch 4.000000 | 4800.000000/12797.171429 batches | lr 20.00 |  7.93 ms/batch | loss  6.03 |   417.03 ppl
| epoch 4.000000 | 5000.000000/12797.171429 batches | lr 20.00 |  7.94 ms/batch | loss  6.07 |   432.16 ppl
| epoch 4.000000 | 5200.000000/12797.171429 batches | lr 20.00 |  7.94 ms/batch | loss  6.10 |   446.13 ppl
| epoch 4.000000 | 5400.000000/12797.171429 batches | lr 20.00 |  7.93 ms/batch | loss  6.09 |   443.55 ppl
| epoch 4.000000 | 5600.000000/12797.171429 batches | lr 20.00 |  7.93 ms/batch | loss  6.07 |   432.82 ppl
| epoch 4.000000 | 5800.000000/12797.171429 batches | lr 20.00 |  7.93 ms/batch | loss  6.06 |   430.43 ppl
| epoch 4.000000 | 6000.000000/12797.171429 batches | lr 20.00 |  7.92 ms/batch | loss  6.06 |   430.08 ppl
| epoch 4.000000 | 6200.000000/12797.171429 batches | lr 20.00 |  7.94 ms/batch | loss  6.05 |   422.48 ppl
| epoch 4.000000 | 6400.000000/12797.171429 batches | lr 20.00 |  7.93 ms/batch | loss  6.09 |   440.15 ppl
| epoch 4.000000 | 6600.000000/12797.171429 batches | lr 20.00 |  7.92 ms/batch | loss  6.09 |   440.36 ppl
| epoch 4.000000 | 6800.000000/12797.171429 batches | lr 20.00 |  7.96 ms/batch | loss  6.10 |   445.39 ppl
| epoch 4.000000 | 7000.000000/12797.171429 batches | lr 20.00 |  7.92 ms/batch | loss  6.09 |   441.18 ppl
| epoch 4.000000 | 7200.000000/12797.171429 batches | lr 20.00 |  7.94 ms/batch | loss  6.10 |   447.55 ppl
| epoch 4.000000 | 7400.000000/12797.171429 batches | lr 20.00 |  8.00 ms/batch | loss  6.13 |   457.62 ppl
| epoch 4.000000 | 7600.000000/12797.171429 batches | lr 20.00 |  7.92 ms/batch | loss  6.11 |   451.67 ppl
| epoch 4.000000 | 7800.000000/12797.171429 batches | lr 20.00 |  7.93 ms/batch | loss  6.06 |   429.83 ppl
| epoch 4.000000 | 8000.000000/12797.171429 batches | lr 20.00 |  7.96 ms/batch | loss  6.10 |   445.99 ppl
| epoch 4.000000 | 8200.000000/12797.171429 batches | lr 20.00 |  7.92 ms/batch | loss  6.08 |   436.45 ppl
| epoch 4.000000 | 8400.000000/12797.171429 batches | lr 20.00 |  7.94 ms/batch | loss  6.04 |   421.82 ppl
| epoch 4.000000 | 8600.000000/12797.171429 batches | lr 20.00 |  7.92 ms/batch | loss  6.08 |   438.06 ppl
| epoch 4.000000 | 8800.000000/12797.171429 batches | lr 20.00 |  7.94 ms/batch | loss  6.08 |   437.93 ppl
| epoch 4.000000 | 9000.000000/12797.171429 batches | lr 20.00 |  7.92 ms/batch | loss  6.05 |   423.77 ppl
| epoch 4.000000 | 9200.000000/12797.171429 batches | lr 20.00 |  7.93 ms/batch | loss  6.09 |   440.38 ppl
| epoch 4.000000 | 9400.000000/12797.171429 batches | lr 20.00 |  7.93 ms/batch | loss  6.08 |   436.30 ppl
| epoch 4.000000 | 9600.000000/12797.171429 batches | lr 20.00 |  7.93 ms/batch | loss  6.08 |   435.95 ppl
| epoch 4.000000 | 9800.000000/12797.171429 batches | lr 20.00 |  7.93 ms/batch | loss  6.09 |   442.77 ppl
| epoch 4.000000 | 10000.000000/12797.171429 batches | lr 20.00 |  7.94 ms/batch | loss  6.12 |   453.06 ppl
| epoch 4.000000 | 10200.000000/12797.171429 batches | lr 20.00 |  7.94 ms/batch | loss  6.05 |   424.86 ppl
| epoch 4.000000 | 10400.000000/12797.171429 batches | lr 20.00 |  7.93 ms/batch | loss  6.05 |   422.81 ppl
| epoch 4.000000 | 10600.000000/12797.171429 batches | lr 20.00 |  7.92 ms/batch | loss  6.07 |   431.74 ppl
| epoch 4.000000 | 10800.000000/12797.171429 batches | lr 20.00 |  7.93 ms/batch | loss  6.07 |   432.95 ppl
| epoch 4.000000 | 11000.000000/12797.171429 batches | lr 20.00 |  7.96 ms/batch | loss  6.08 |   435.44 ppl
| epoch 4.000000 | 11200.000000/12797.171429 batches | lr 20.00 |  7.93 ms/batch | loss  6.06 |   426.65 ppl
| epoch 4.000000 | 11400.000000/12797.171429 batches | lr 20.00 |  7.92 ms/batch | loss  6.11 |   450.49 ppl
| epoch 4.000000 | 11600.000000/12797.171429 batches | lr 20.00 |  7.93 ms/batch | loss  6.07 |   433.70 ppl
| epoch 4.000000 | 11800.000000/12797.171429 batches | lr 20.00 |  7.93 ms/batch | loss  6.07 |   434.16 ppl
| epoch 4.000000 | 12000.000000/12797.171429 batches | lr 20.00 |  7.93 ms/batch | loss  6.07 |   434.26 ppl
| epoch 4.000000 | 12200.000000/12797.171429 batches | lr 20.00 |  7.92 ms/batch | loss  6.06 |   429.99 ppl
| epoch 4.000000 | 12400.000000/12797.171429 batches | lr 20.00 |  7.93 ms/batch | loss  6.07 |   431.24 ppl
| epoch 4.000000 | 12600.000000/12797.171429 batches | lr 20.00 |  7.93 ms/batch | loss  6.01 |   408.32 ppl
-----------------------------------------------------------------------------------------
| end of epoch   4 | time: 102.99s | valid loss  6.18 | valid ppl   484.54
-----------------------------------------------------------------------------------------

| epoch 5.000000 | 200.000000/12797.171429 batches | lr 20.00 |  7.97 ms/batch | loss  6.11 |   449.65 ppl
| epoch 5.000000 | 400.000000/12797.171429 batches | lr 20.00 |  7.93 ms/batch | loss  6.08 |   436.15 ppl
| epoch 5.000000 | 600.000000/12797.171429 batches | lr 20.00 |  7.93 ms/batch | loss  6.06 |   426.61 ppl
| epoch 5.000000 | 800.000000/12797.171429 batches | lr 20.00 |  7.93 ms/batch | loss  6.07 |   432.03 ppl
| epoch 5.000000 | 1000.000000/12797.171429 batches | lr 20.00 |  7.94 ms/batch | loss  6.04 |   420.37 ppl
| epoch 5.000000 | 1200.000000/12797.171429 batches | lr 20.00 |  7.93 ms/batch | loss  6.07 |   433.82 ppl
| epoch 5.000000 | 1400.000000/12797.171429 batches | lr 20.00 |  7.93 ms/batch | loss  6.09 |   443.17 ppl
| epoch 5.000000 | 1600.000000/12797.171429 batches | lr 20.00 |  7.92 ms/batch | loss  6.04 |   421.32 ppl
| epoch 5.000000 | 1800.000000/12797.171429 batches | lr 20.00 |  7.93 ms/batch | loss  6.05 |   424.36 ppl
| epoch 5.000000 | 2000.000000/12797.171429 batches | lr 20.00 |  7.95 ms/batch | loss  6.03 |   413.98 ppl
| epoch 5.000000 | 2200.000000/12797.171429 batches | lr 20.00 |  7.99 ms/batch | loss  6.08 |   438.77 ppl
| epoch 5.000000 | 2400.000000/12797.171429 batches | lr 20.00 |  7.93 ms/batch | loss  6.06 |   426.88 ppl
| epoch 5.000000 | 2600.000000/12797.171429 batches | lr 20.00 |  7.92 ms/batch | loss  6.05 |   423.48 ppl
| epoch 5.000000 | 2800.000000/12797.171429 batches | lr 20.00 |  7.94 ms/batch | loss  6.10 |   447.34 ppl
| epoch 5.000000 | 3000.000000/12797.171429 batches | lr 20.00 |  7.93 ms/batch | loss  6.01 |   407.22 ppl
| epoch 5.000000 | 3200.000000/12797.171429 batches | lr 20.00 |  7.93 ms/batch | loss  6.04 |   419.23 ppl
| epoch 5.000000 | 3400.000000/12797.171429 batches | lr 20.00 |  7.93 ms/batch | loss  6.04 |   421.19 ppl
| epoch 5.000000 | 3600.000000/12797.171429 batches | lr 20.00 |  7.94 ms/batch | loss  6.07 |   431.33 ppl
| epoch 5.000000 | 3800.000000/12797.171429 batches | lr 20.00 |  7.96 ms/batch | loss  6.01 |   408.83 ppl
| epoch 5.000000 | 4000.000000/12797.171429 batches | lr 20.00 |  7.93 ms/batch | loss  6.03 |   416.32 ppl
| epoch 5.000000 | 4200.000000/12797.171429 batches | lr 20.00 |  7.92 ms/batch | loss  6.03 |   415.79 ppl
| epoch 5.000000 | 4400.000000/12797.171429 batches | lr 20.00 |  7.94 ms/batch | loss  6.05 |   422.02 ppl
| epoch 5.000000 | 4600.000000/12797.171429 batches | lr 20.00 |  7.94 ms/batch | loss  6.06 |   430.21 ppl
| epoch 5.000000 | 4800.000000/12797.171429 batches | lr 20.00 |  7.93 ms/batch | loss  6.05 |   423.07 ppl
| epoch 5.000000 | 5000.000000/12797.171429 batches | lr 20.00 |  7.94 ms/batch | loss  6.04 |   421.99 ppl
| epoch 5.000000 | 5200.000000/12797.171429 batches | lr 20.00 |  7.93 ms/batch | loss  6.08 |   437.28 ppl
| epoch 5.000000 | 5400.000000/12797.171429 batches | lr 20.00 |  7.94 ms/batch | loss  6.05 |   423.91 ppl
| epoch 5.000000 | 5600.000000/12797.171429 batches | lr 20.00 |  7.93 ms/batch | loss  5.99 |   397.86 ppl
| epoch 5.000000 | 5800.000000/12797.171429 batches | lr 20.00 |  7.92 ms/batch | loss  6.02 |   411.07 ppl
| epoch 5.000000 | 6000.000000/12797.171429 batches | lr 20.00 |  7.93 ms/batch | loss  6.04 |   421.54 ppl
| epoch 5.000000 | 6200.000000/12797.171429 batches | lr 20.00 |  7.94 ms/batch | loss  6.01 |   407.04 ppl
| epoch 5.000000 | 6400.000000/12797.171429 batches | lr 20.00 |  7.92 ms/batch | loss  6.01 |   408.65 ppl
| epoch 5.000000 | 6600.000000/12797.171429 batches | lr 20.00 |  7.93 ms/batch | loss  6.05 |   423.28 ppl
| epoch 5.000000 | 6800.000000/12797.171429 batches | lr 20.00 |  7.95 ms/batch | loss  6.02 |   412.96 ppl
| epoch 5.000000 | 7000.000000/12797.171429 batches | lr 20.00 |  7.93 ms/batch | loss  6.03 |   416.55 ppl
| epoch 5.000000 | 7200.000000/12797.171429 batches | lr 20.00 |  7.93 ms/batch | loss  6.06 |   428.02 ppl
| epoch 5.000000 | 7400.000000/12797.171429 batches | lr 20.00 |  7.92 ms/batch | loss  6.06 |   427.48 ppl
| epoch 5.000000 | 7600.000000/12797.171429 batches | lr 20.00 |  7.93 ms/batch | loss  6.10 |   444.25 ppl
| epoch 5.000000 | 7800.000000/12797.171429 batches | lr 20.00 |  7.93 ms/batch | loss  6.06 |   426.35 ppl
| epoch 5.000000 | 8000.000000/12797.171429 batches | lr 20.00 |  7.93 ms/batch | loss  6.06 |   427.60 ppl
| epoch 5.000000 | 8200.000000/12797.171429 batches | lr 20.00 |  7.93 ms/batch | loss  6.06 |   426.79 ppl
| epoch 5.000000 | 8400.000000/12797.171429 batches | lr 20.00 |  7.94 ms/batch | loss  6.01 |   407.69 ppl
| epoch 5.000000 | 8600.000000/12797.171429 batches | lr 20.00 |  7.93 ms/batch | loss  6.05 |   422.95 ppl
| epoch 5.000000 | 8800.000000/12797.171429 batches | lr 20.00 |  7.93 ms/batch | loss  6.04 |   418.80 ppl
| epoch 5.000000 | 9000.000000/12797.171429 batches | lr 20.00 |  7.95 ms/batch | loss  6.05 |   423.82 ppl
| epoch 5.000000 | 9200.000000/12797.171429 batches | lr 20.00 |  7.94 ms/batch | loss  6.06 |   426.25 ppl
| epoch 5.000000 | 9400.000000/12797.171429 batches | lr 20.00 |  7.93 ms/batch | loss  6.04 |   421.18 ppl
| epoch 5.000000 | 9600.000000/12797.171429 batches | lr 20.00 |  7.93 ms/batch | loss  6.05 |   423.39 ppl
| epoch 5.000000 | 9800.000000/12797.171429 batches | lr 20.00 |  8.04 ms/batch | loss  6.06 |   426.31 ppl
| epoch 5.000000 | 10000.000000/12797.171429 batches | lr 20.00 |  7.93 ms/batch | loss  6.08 |   435.55 ppl
| epoch 5.000000 | 10200.000000/12797.171429 batches | lr 20.00 |  7.94 ms/batch | loss  6.04 |   418.02 ppl
| epoch 5.000000 | 10400.000000/12797.171429 batches | lr 20.00 |  7.93 ms/batch | loss  6.03 |   413.82 ppl
| epoch 5.000000 | 10600.000000/12797.171429 batches | lr 20.00 |  7.92 ms/batch | loss  6.01 |   408.73 ppl
| epoch 5.000000 | 10800.000000/12797.171429 batches | lr 20.00 |  7.93 ms/batch | loss  6.01 |   407.78 ppl
| epoch 5.000000 | 11000.000000/12797.171429 batches | lr 20.00 |  7.93 ms/batch | loss  6.05 |   425.73 ppl
| epoch 5.000000 | 11200.000000/12797.171429 batches | lr 20.00 |  7.93 ms/batch | loss  6.00 |   404.89 ppl
| epoch 5.000000 | 11400.000000/12797.171429 batches | lr 20.00 |  7.93 ms/batch | loss  6.06 |   430.28 ppl
| epoch 5.000000 | 11600.000000/12797.171429 batches | lr 20.00 |  7.94 ms/batch | loss  6.05 |   422.26 ppl
| epoch 5.000000 | 11800.000000/12797.171429 batches | lr 20.00 |  7.93 ms/batch | loss  6.05 |   425.48 ppl
| epoch 5.000000 | 12000.000000/12797.171429 batches | lr 20.00 |  7.93 ms/batch | loss  6.04 |   417.90 ppl
| epoch 5.000000 | 12200.000000/12797.171429 batches | lr 20.00 |  7.92 ms/batch | loss  6.03 |   414.88 ppl
| epoch 5.000000 | 12400.000000/12797.171429 batches | lr 20.00 |  7.93 ms/batch | loss  6.05 |   423.45 ppl
| epoch 5.000000 | 12600.000000/12797.171429 batches | lr 20.00 |  7.93 ms/batch | loss  6.02 |   410.22 ppl
-----------------------------------------------------------------------------------------
| end of epoch   5 | time: 103.02s | valid loss  6.11 | valid ppl   448.65
-----------------------------------------------------------------------------------------

| epoch 6.000000 | 200.000000/12797.171429 batches | lr 20.00 |  7.98 ms/batch | loss  6.04 |   419.26 ppl
| epoch 6.000000 | 400.000000/12797.171429 batches | lr 20.00 |  7.93 ms/batch | loss  6.05 |   423.30 ppl
| epoch 6.000000 | 600.000000/12797.171429 batches | lr 20.00 |  7.93 ms/batch | loss  6.00 |   402.44 ppl
| epoch 6.000000 | 800.000000/12797.171429 batches | lr 20.00 |  7.92 ms/batch | loss  6.04 |   417.85 ppl
| epoch 6.000000 | 1000.000000/12797.171429 batches | lr 20.00 |  7.94 ms/batch | loss  6.04 |   421.06 ppl
| epoch 6.000000 | 1200.000000/12797.171429 batches | lr 20.00 |  7.93 ms/batch | loss  6.09 |   440.18 ppl
| epoch 6.000000 | 1400.000000/12797.171429 batches | lr 20.00 |  7.93 ms/batch | loss  6.09 |   441.63 ppl
| epoch 6.000000 | 1600.000000/12797.171429 batches | lr 20.00 |  7.92 ms/batch | loss  6.02 |   410.24 ppl
| epoch 6.000000 | 1800.000000/12797.171429 batches | lr 20.00 |  7.93 ms/batch | loss  6.02 |   409.83 ppl
| epoch 6.000000 | 2000.000000/12797.171429 batches | lr 20.00 |  7.93 ms/batch | loss  6.02 |   411.20 ppl
| epoch 6.000000 | 2200.000000/12797.171429 batches | lr 20.00 |  7.93 ms/batch | loss  6.01 |   409.08 ppl
| epoch 6.000000 | 2400.000000/12797.171429 batches | lr 20.00 |  7.92 ms/batch | loss  6.01 |   406.67 ppl
| epoch 6.000000 | 2600.000000/12797.171429 batches | lr 20.00 |  7.93 ms/batch | loss  6.02 |   409.73 ppl
| epoch 6.000000 | 2800.000000/12797.171429 batches | lr 20.00 |  7.99 ms/batch | loss  6.06 |   426.47 ppl
| epoch 6.000000 | 3000.000000/12797.171429 batches | lr 20.00 |  7.93 ms/batch | loss  6.02 |   412.22 ppl
| epoch 6.000000 | 3200.000000/12797.171429 batches | lr 20.00 |  7.93 ms/batch | loss  6.05 |   424.65 ppl
| epoch 6.000000 | 3400.000000/12797.171429 batches | lr 20.00 |  7.93 ms/batch | loss  6.04 |   419.38 ppl
| epoch 6.000000 | 3600.000000/12797.171429 batches | lr 20.00 |  7.93 ms/batch | loss  6.03 |   414.64 ppl
| epoch 6.000000 | 3800.000000/12797.171429 batches | lr 20.00 |  7.93 ms/batch | loss  6.00 |   402.01 ppl
| epoch 6.000000 | 4000.000000/12797.171429 batches | lr 20.00 |  7.92 ms/batch | loss  6.04 |   417.80 ppl
| epoch 6.000000 | 4200.000000/12797.171429 batches | lr 20.00 |  7.93 ms/batch | loss  6.03 |   415.10 ppl
| epoch 6.000000 | 4400.000000/12797.171429 batches | lr 20.00 |  7.98 ms/batch | loss  6.03 |   417.58 ppl
| epoch 6.000000 | 4600.000000/12797.171429 batches | lr 20.00 |  7.96 ms/batch | loss  6.05 |   424.75 ppl
| epoch 6.000000 | 4800.000000/12797.171429 batches | lr 20.00 |  7.93 ms/batch | loss  6.01 |   405.77 ppl
| epoch 6.000000 | 5000.000000/12797.171429 batches | lr 20.00 |  7.92 ms/batch | loss  6.05 |   423.00 ppl
| epoch 6.000000 | 5200.000000/12797.171429 batches | lr 20.00 |  7.93 ms/batch | loss  6.05 |   422.01 ppl
| epoch 6.000000 | 5400.000000/12797.171429 batches | lr 20.00 |  7.93 ms/batch | loss  6.02 |   410.72 ppl
| epoch 6.000000 | 5600.000000/12797.171429 batches | lr 20.00 |  7.92 ms/batch | loss  5.99 |   398.39 ppl
| epoch 6.000000 | 5800.000000/12797.171429 batches | lr 20.00 |  7.95 ms/batch | loss  5.99 |   400.34 ppl
| epoch 6.000000 | 6000.000000/12797.171429 batches | lr 20.00 |  7.93 ms/batch | loss  6.02 |   412.32 ppl
| epoch 6.000000 | 6200.000000/12797.171429 batches | lr 20.00 |  7.93 ms/batch | loss  5.99 |   399.57 ppl
| epoch 6.000000 | 6400.000000/12797.171429 batches | lr 20.00 |  7.93 ms/batch | loss  6.02 |   412.90 ppl
| epoch 6.000000 | 6600.000000/12797.171429 batches | lr 20.00 |  7.92 ms/batch | loss  6.02 |   410.96 ppl
| epoch 6.000000 | 6800.000000/12797.171429 batches | lr 20.00 |  7.93 ms/batch | loss  6.03 |   415.47 ppl
| epoch 6.000000 | 7000.000000/12797.171429 batches | lr 20.00 |  7.93 ms/batch | loss  6.02 |   411.01 ppl
| epoch 6.000000 | 7200.000000/12797.171429 batches | lr 20.00 |  7.92 ms/batch | loss  6.06 |   430.45 ppl
| epoch 6.000000 | 7400.000000/12797.171429 batches | lr 20.00 |  7.93 ms/batch | loss  6.06 |   429.42 ppl
| epoch 6.000000 | 7600.000000/12797.171429 batches | lr 20.00 |  7.93 ms/batch | loss  6.05 |   422.36 ppl
| epoch 6.000000 | 7800.000000/12797.171429 batches | lr 20.00 |  7.93 ms/batch | loss  6.03 |   415.87 ppl
| epoch 6.000000 | 8000.000000/12797.171429 batches | lr 20.00 |  7.93 ms/batch | loss  6.02 |   412.21 ppl
| epoch 6.000000 | 8200.000000/12797.171429 batches | lr 20.00 |  7.93 ms/batch | loss  6.04 |   420.07 ppl
| epoch 6.000000 | 8400.000000/12797.171429 batches | lr 20.00 |  7.93 ms/batch | loss  6.00 |   402.55 ppl
| epoch 6.000000 | 8600.000000/12797.171429 batches | lr 20.00 |  7.94 ms/batch | loss  6.05 |   422.33 ppl
| epoch 6.000000 | 8800.000000/12797.171429 batches | lr 20.00 |  7.93 ms/batch | loss  6.06 |   426.45 ppl
| epoch 6.000000 | 9000.000000/12797.171429 batches | lr 20.00 |  7.93 ms/batch | loss  6.01 |   407.83 ppl
| epoch 6.000000 | 9200.000000/12797.171429 batches | lr 20.00 |  7.93 ms/batch | loss  6.03 |   414.13 ppl
| epoch 6.000000 | 9400.000000/12797.171429 batches | lr 20.00 |  7.93 ms/batch | loss  6.01 |   408.51 ppl
| epoch 6.000000 | 9600.000000/12797.171429 batches | lr 20.00 |  7.93 ms/batch | loss  6.03 |   416.96 ppl
| epoch 6.000000 | 9800.000000/12797.171429 batches | lr 20.00 |  7.92 ms/batch | loss  6.03 |   415.51 ppl
| epoch 6.000000 | 10000.000000/12797.171429 batches | lr 20.00 |  7.93 ms/batch | loss  6.04 |   419.99 ppl
| epoch 6.000000 | 10200.000000/12797.171429 batches | lr 20.00 |  7.93 ms/batch | loss  6.01 |   406.03 ppl
| epoch 6.000000 | 10400.000000/12797.171429 batches | lr 20.00 |  7.92 ms/batch | loss  6.00 |   404.10 ppl
| epoch 6.000000 | 10600.000000/12797.171429 batches | lr 20.00 |  7.93 ms/batch | loss  5.99 |   400.44 ppl
| epoch 6.000000 | 10800.000000/12797.171429 batches | lr 20.00 |  7.93 ms/batch | loss  6.01 |   407.74 ppl
| epoch 6.000000 | 11000.000000/12797.171429 batches | lr 20.00 |  7.93 ms/batch | loss  6.02 |   412.66 ppl
| epoch 6.000000 | 11200.000000/12797.171429 batches | lr 20.00 |  7.96 ms/batch | loss  6.00 |   401.68 ppl
| epoch 6.000000 | 11400.000000/12797.171429 batches | lr 20.00 |  7.92 ms/batch | loss  6.04 |   420.51 ppl
| epoch 6.000000 | 11600.000000/12797.171429 batches | lr 20.00 |  7.95 ms/batch | loss  6.00 |   402.62 ppl
| epoch 6.000000 | 11800.000000/12797.171429 batches | lr 20.00 |  7.93 ms/batch | loss  6.02 |   410.94 ppl
| epoch 6.000000 | 12000.000000/12797.171429 batches | lr 20.00 |  7.92 ms/batch | loss  6.02 |   409.88 ppl
| epoch 6.000000 | 12200.000000/12797.171429 batches | lr 20.00 |  8.00 ms/batch | loss  5.99 |   399.88 ppl
| epoch 6.000000 | 12400.000000/12797.171429 batches | lr 20.00 |  7.93 ms/batch | loss  6.04 |   421.82 ppl
| epoch 6.000000 | 12600.000000/12797.171429 batches | lr 20.00 |  7.93 ms/batch | loss  5.97 |   389.63 ppl
-----------------------------------------------------------------------------------------
| end of epoch   6 | time: 102.99s | valid loss  6.08 | valid ppl   437.89
-----------------------------------------------------------------------------------------

| epoch 7.000000 | 200.000000/12797.171429 batches | lr 20.00 |  7.97 ms/batch | loss  6.01 |   409.50 ppl
| epoch 7.000000 | 400.000000/12797.171429 batches | lr 20.00 |  7.93 ms/batch | loss  6.01 |   409.21 ppl
| epoch 7.000000 | 600.000000/12797.171429 batches | lr 20.00 |  7.92 ms/batch | loss  5.98 |   396.56 ppl
| epoch 7.000000 | 800.000000/12797.171429 batches | lr 20.00 |  7.93 ms/batch | loss  6.04 |   421.41 ppl
| epoch 7.000000 | 1000.000000/12797.171429 batches | lr 20.00 |  7.93 ms/batch | loss  6.00 |   404.22 ppl
| epoch 7.000000 | 1200.000000/12797.171429 batches | lr 20.00 |  7.93 ms/batch | loss  6.02 |   412.38 ppl
| epoch 7.000000 | 1400.000000/12797.171429 batches | lr 20.00 |  7.93 ms/batch | loss  6.05 |   425.23 ppl
| epoch 7.000000 | 1600.000000/12797.171429 batches | lr 20.00 |  7.94 ms/batch | loss  6.02 |   412.78 ppl
| epoch 7.000000 | 1800.000000/12797.171429 batches | lr 20.00 |  7.93 ms/batch | loss  5.98 |   397.27 ppl
| epoch 7.000000 | 2000.000000/12797.171429 batches | lr 20.00 |  7.93 ms/batch | loss  5.97 |   390.62 ppl
| epoch 7.000000 | 2200.000000/12797.171429 batches | lr 20.00 |  7.92 ms/batch | loss  5.98 |   394.38 ppl
| epoch 7.000000 | 2400.000000/12797.171429 batches | lr 20.00 |  7.93 ms/batch | loss  5.96 |   389.36 ppl
| epoch 7.000000 | 2600.000000/12797.171429 batches | lr 20.00 |  7.93 ms/batch | loss  5.97 |   391.09 ppl
| epoch 7.000000 | 2800.000000/12797.171429 batches | lr 20.00 |  7.93 ms/batch | loss  6.00 |   405.37 ppl
| epoch 7.000000 | 3000.000000/12797.171429 batches | lr 20.00 |  7.93 ms/batch | loss  5.95 |   383.94 ppl
| epoch 7.000000 | 3200.000000/12797.171429 batches | lr 20.00 |  7.92 ms/batch | loss  5.99 |   398.57 ppl
| epoch 7.000000 | 3400.000000/12797.171429 batches | lr 20.00 |  7.93 ms/batch | loss  6.03 |   416.53 ppl
| epoch 7.000000 | 3600.000000/12797.171429 batches | lr 20.00 |  7.93 ms/batch | loss  6.00 |   405.28 ppl
| epoch 7.000000 | 3800.000000/12797.171429 batches | lr 20.00 |  7.92 ms/batch | loss  5.99 |   399.47 ppl
| epoch 7.000000 | 4000.000000/12797.171429 batches | lr 20.00 |  7.93 ms/batch | loss  6.01 |   407.00 ppl
| epoch 7.000000 | 4200.000000/12797.171429 batches | lr 20.00 |  7.93 ms/batch | loss  6.00 |   404.44 ppl
| epoch 7.000000 | 4400.000000/12797.171429 batches | lr 20.00 |  7.93 ms/batch | loss  6.03 |   416.56 ppl
| epoch 7.000000 | 4600.000000/12797.171429 batches | lr 20.00 |  7.95 ms/batch | loss  6.02 |   413.17 ppl
| epoch 7.000000 | 4800.000000/12797.171429 batches | lr 20.00 |  7.92 ms/batch | loss  5.98 |   394.70 ppl
| epoch 7.000000 | 5000.000000/12797.171429 batches | lr 20.00 |  7.93 ms/batch | loss  5.98 |   397.41 ppl
| epoch 7.000000 | 5200.000000/12797.171429 batches | lr 20.00 |  7.93 ms/batch | loss  6.02 |   413.23 ppl
| epoch 7.000000 | 5400.000000/12797.171429 batches | lr 20.00 |  7.92 ms/batch | loss  6.00 |   404.15 ppl
| epoch 7.000000 | 5600.000000/12797.171429 batches | lr 20.00 |  7.93 ms/batch | loss  5.95 |   384.80 ppl
| epoch 7.000000 | 5800.000000/12797.171429 batches | lr 20.00 |  7.93 ms/batch | loss  5.99 |   399.71 ppl
| epoch 7.000000 | 6000.000000/12797.171429 batches | lr 20.00 |  7.93 ms/batch | loss  6.01 |   408.04 ppl
| epoch 7.000000 | 6200.000000/12797.171429 batches | lr 20.00 |  7.93 ms/batch | loss  5.99 |   398.91 ppl
| epoch 7.000000 | 6400.000000/12797.171429 batches | lr 20.00 |  7.92 ms/batch | loss  5.98 |   394.64 ppl
| epoch 7.000000 | 6600.000000/12797.171429 batches | lr 20.00 |  7.93 ms/batch | loss  5.96 |   388.10 ppl
| epoch 7.000000 | 6800.000000/12797.171429 batches | lr 20.00 |  8.00 ms/batch | loss  5.98 |   395.47 ppl
| epoch 7.000000 | 7000.000000/12797.171429 batches | lr 20.00 |  7.92 ms/batch | loss  5.96 |   389.39 ppl
| epoch 7.000000 | 7200.000000/12797.171429 batches | lr 20.00 |  7.93 ms/batch | loss  6.01 |   405.72 ppl
| epoch 7.000000 | 7400.000000/12797.171429 batches | lr 20.00 |  7.93 ms/batch | loss  5.98 |   397.18 ppl
| epoch 7.000000 | 7600.000000/12797.171429 batches | lr 20.00 |  7.94 ms/batch | loss  6.01 |   408.22 ppl
| epoch 7.000000 | 7800.000000/12797.171429 batches | lr 20.00 |  7.94 ms/batch | loss  5.98 |   393.66 ppl
| epoch 7.000000 | 8000.000000/12797.171429 batches | lr 20.00 |  7.92 ms/batch | loss  5.98 |   395.56 ppl
| epoch 7.000000 | 8200.000000/12797.171429 batches | lr 20.00 |  7.93 ms/batch | loss  5.97 |   391.18 ppl
| epoch 7.000000 | 8400.000000/12797.171429 batches | lr 20.00 |  7.93 ms/batch | loss  5.94 |   380.53 ppl
| epoch 7.000000 | 8600.000000/12797.171429 batches | lr 20.00 |  7.92 ms/batch | loss  5.97 |   392.59 ppl
| epoch 7.000000 | 8800.000000/12797.171429 batches | lr 20.00 |  7.93 ms/batch | loss  6.01 |   408.38 ppl
| epoch 7.000000 | 9000.000000/12797.171429 batches | lr 20.00 |  7.93 ms/batch | loss  5.97 |   390.86 ppl
| epoch 7.000000 | 9200.000000/12797.171429 batches | lr 20.00 |  7.93 ms/batch | loss  5.99 |   401.11 ppl
| epoch 7.000000 | 9400.000000/12797.171429 batches | lr 20.00 |  7.93 ms/batch | loss  5.99 |   399.24 ppl
| epoch 7.000000 | 9600.000000/12797.171429 batches | lr 20.00 |  7.92 ms/batch | loss  6.03 |   414.26 ppl
| epoch 7.000000 | 9800.000000/12797.171429 batches | lr 20.00 |  7.93 ms/batch | loss  6.03 |   416.81 ppl
| epoch 7.000000 | 10000.000000/12797.171429 batches | lr 20.00 |  7.93 ms/batch | loss  6.04 |   419.32 ppl
| epoch 7.000000 | 10200.000000/12797.171429 batches | lr 20.00 |  7.92 ms/batch | loss  5.99 |   399.28 ppl
| epoch 7.000000 | 10400.000000/12797.171429 batches | lr 20.00 |  7.93 ms/batch | loss  5.97 |   393.12 ppl
| epoch 7.000000 | 10600.000000/12797.171429 batches | lr 20.00 |  7.94 ms/batch | loss  5.96 |   389.14 ppl
| epoch 7.000000 | 10800.000000/12797.171429 batches | lr 20.00 |  7.93 ms/batch | loss  5.96 |   386.93 ppl
| epoch 7.000000 | 11000.000000/12797.171429 batches | lr 20.00 |  7.93 ms/batch | loss  5.98 |   396.65 ppl
| epoch 7.000000 | 11200.000000/12797.171429 batches | lr 20.00 |  7.92 ms/batch | loss  5.98 |   393.81 ppl
| epoch 7.000000 | 11400.000000/12797.171429 batches | lr 20.00 |  7.93 ms/batch | loss  6.04 |   419.49 ppl
| epoch 7.000000 | 11600.000000/12797.171429 batches | lr 20.00 |  7.94 ms/batch | loss  6.00 |   401.68 ppl
| epoch 7.000000 | 11800.000000/12797.171429 batches | lr 20.00 |  7.92 ms/batch | loss  5.99 |   398.82 ppl
| epoch 7.000000 | 12000.000000/12797.171429 batches | lr 20.00 |  7.93 ms/batch | loss  5.96 |   388.67 ppl
| epoch 7.000000 | 12200.000000/12797.171429 batches | lr 20.00 |  7.93 ms/batch | loss  5.95 |   385.38 ppl
| epoch 7.000000 | 12400.000000/12797.171429 batches | lr 20.00 |  7.93 ms/batch | loss  6.04 |   418.27 ppl
| epoch 7.000000 | 12600.000000/12797.171429 batches | lr 20.00 |  7.93 ms/batch | loss  5.99 |   399.22 ppl
-----------------------------------------------------------------------------------------
| end of epoch   7 | time: 102.95s | valid loss  6.08 | valid ppl   438.52
-----------------------------------------------------------------------------------------

| epoch 8.000000 | 200.000000/12797.171429 batches | lr 5.00 |  8.00 ms/batch | loss  5.50 |   245.70 ppl
| epoch 8.000000 | 400.000000/12797.171429 batches | lr 5.00 |  7.92 ms/batch | loss  5.48 |   239.14 ppl
| epoch 8.000000 | 600.000000/12797.171429 batches | lr 5.00 |  7.95 ms/batch | loss  5.40 |   222.29 ppl
| epoch 8.000000 | 800.000000/12797.171429 batches | lr 5.00 |  7.93 ms/batch | loss  5.44 |   230.18 ppl
| epoch 8.000000 | 1000.000000/12797.171429 batches | lr 5.00 |  7.93 ms/batch | loss  5.41 |   223.61 ppl
| epoch 8.000000 | 1200.000000/12797.171429 batches | lr 5.00 |  7.93 ms/batch | loss  5.42 |   226.74 ppl
| epoch 8.000000 | 1400.000000/12797.171429 batches | lr 5.00 |  7.91 ms/batch | loss  5.45 |   231.63 ppl
| epoch 8.000000 | 1600.000000/12797.171429 batches | lr 5.00 |  8.00 ms/batch | loss  5.40 |   221.70 ppl
| epoch 8.000000 | 1800.000000/12797.171429 batches | lr 5.00 |  7.93 ms/batch | loss  5.41 |   224.12 ppl
| epoch 8.000000 | 2000.000000/12797.171429 batches | lr 5.00 |  7.92 ms/batch | loss  5.38 |   216.95 ppl
| epoch 8.000000 | 2200.000000/12797.171429 batches | lr 5.00 |  7.93 ms/batch | loss  5.38 |   216.34 ppl
| epoch 8.000000 | 2400.000000/12797.171429 batches | lr 5.00 |  7.93 ms/batch | loss  5.37 |   214.65 ppl
| epoch 8.000000 | 2600.000000/12797.171429 batches | lr 5.00 |  7.93 ms/batch | loss  5.38 |   215.97 ppl
| epoch 8.000000 | 2800.000000/12797.171429 batches | lr 5.00 |  7.93 ms/batch | loss  5.41 |   223.97 ppl
| epoch 8.000000 | 3000.000000/12797.171429 batches | lr 5.00 |  7.92 ms/batch | loss  5.34 |   209.35 ppl
| epoch 8.000000 | 3200.000000/12797.171429 batches | lr 5.00 |  7.93 ms/batch | loss  5.38 |   216.65 ppl
| epoch 8.000000 | 3400.000000/12797.171429 batches | lr 5.00 |  7.94 ms/batch | loss  5.39 |   218.56 ppl
| epoch 8.000000 | 3600.000000/12797.171429 batches | lr 5.00 |  7.93 ms/batch | loss  5.37 |   215.65 ppl
| epoch 8.000000 | 3800.000000/12797.171429 batches | lr 5.00 |  7.93 ms/batch | loss  5.34 |   208.96 ppl
| epoch 8.000000 | 4000.000000/12797.171429 batches | lr 5.00 |  7.92 ms/batch | loss  5.35 |   210.83 ppl
| epoch 8.000000 | 4200.000000/12797.171429 batches | lr 5.00 |  7.93 ms/batch | loss  5.35 |   210.98 ppl
| epoch 8.000000 | 4400.000000/12797.171429 batches | lr 5.00 |  7.93 ms/batch | loss  5.37 |   214.78 ppl
| epoch 8.000000 | 4600.000000/12797.171429 batches | lr 5.00 |  7.91 ms/batch | loss  5.36 |   212.32 ppl
| epoch 8.000000 | 4800.000000/12797.171429 batches | lr 5.00 |  7.93 ms/batch | loss  5.33 |   207.15 ppl
| epoch 8.000000 | 5000.000000/12797.171429 batches | lr 5.00 |  7.93 ms/batch | loss  5.36 |   212.94 ppl
| epoch 8.000000 | 5200.000000/12797.171429 batches | lr 5.00 |  7.92 ms/batch | loss  5.37 |   215.51 ppl
| epoch 8.000000 | 5400.000000/12797.171429 batches | lr 5.00 |  7.94 ms/batch | loss  5.35 |   209.70 ppl
| epoch 8.000000 | 5600.000000/12797.171429 batches | lr 5.00 |  7.93 ms/batch | loss  5.31 |   203.23 ppl
| epoch 8.000000 | 5800.000000/12797.171429 batches | lr 5.00 |  7.93 ms/batch | loss  5.33 |   206.09 ppl
| epoch 8.000000 | 6000.000000/12797.171429 batches | lr 5.00 |  7.93 ms/batch | loss  5.32 |   204.76 ppl
| epoch 8.000000 | 6200.000000/12797.171429 batches | lr 5.00 |  7.92 ms/batch | loss  5.31 |   201.55 ppl
| epoch 8.000000 | 6400.000000/12797.171429 batches | lr 5.00 |  7.94 ms/batch | loss  5.33 |   205.64 ppl
| epoch 8.000000 | 6600.000000/12797.171429 batches | lr 5.00 |  7.93 ms/batch | loss  5.33 |   207.38 ppl
| epoch 8.000000 | 6800.000000/12797.171429 batches | lr 5.00 |  7.92 ms/batch | loss  5.33 |   206.92 ppl
| epoch 8.000000 | 7000.000000/12797.171429 batches | lr 5.00 |  7.93 ms/batch | loss  5.33 |   206.72 ppl
| epoch 8.000000 | 7200.000000/12797.171429 batches | lr 5.00 |  7.93 ms/batch | loss  5.37 |   215.03 ppl
| epoch 8.000000 | 7400.000000/12797.171429 batches | lr 5.00 |  7.92 ms/batch | loss  5.36 |   213.67 ppl
| epoch 8.000000 | 7600.000000/12797.171429 batches | lr 5.00 |  7.94 ms/batch | loss  5.37 |   214.63 ppl
| epoch 8.000000 | 7800.000000/12797.171429 batches | lr 5.00 |  7.91 ms/batch | loss  5.34 |   208.20 ppl
| epoch 8.000000 | 8000.000000/12797.171429 batches | lr 5.00 |  7.93 ms/batch | loss  5.35 |   210.09 ppl
| epoch 8.000000 | 8200.000000/12797.171429 batches | lr 5.00 |  7.93 ms/batch | loss  5.32 |   205.33 ppl
| epoch 8.000000 | 8400.000000/12797.171429 batches | lr 5.00 |  7.92 ms/batch | loss  5.31 |   201.42 ppl
| epoch 8.000000 | 8600.000000/12797.171429 batches | lr 5.00 |  7.94 ms/batch | loss  5.34 |   208.07 ppl
| epoch 8.000000 | 8800.000000/12797.171429 batches | lr 5.00 |  7.92 ms/batch | loss  5.33 |   206.90 ppl
| epoch 8.000000 | 9000.000000/12797.171429 batches | lr 5.00 |  7.91 ms/batch | loss  5.32 |   205.11 ppl
| epoch 8.000000 | 9200.000000/12797.171429 batches | lr 5.00 |  8.02 ms/batch | loss  5.32 |   205.36 ppl
| epoch 8.000000 | 9400.000000/12797.171429 batches | lr 5.00 |  7.94 ms/batch | loss  5.32 |   203.61 ppl
| epoch 8.000000 | 9600.000000/12797.171429 batches | lr 5.00 |  7.93 ms/batch | loss  5.34 |   208.13 ppl
| epoch 8.000000 | 9800.000000/12797.171429 batches | lr 5.00 |  7.93 ms/batch | loss  5.34 |   208.45 ppl
| epoch 8.000000 | 10000.000000/12797.171429 batches | lr 5.00 |  7.92 ms/batch | loss  5.35 |   210.27 ppl
| epoch 8.000000 | 10200.000000/12797.171429 batches | lr 5.00 |  7.94 ms/batch | loss  5.31 |   201.70 ppl
| epoch 8.000000 | 10400.000000/12797.171429 batches | lr 5.00 |  7.92 ms/batch | loss  5.31 |   202.72 ppl
| epoch 8.000000 | 10600.000000/12797.171429 batches | lr 5.00 |  7.91 ms/batch | loss  5.30 |   200.07 ppl
| epoch 8.000000 | 10800.000000/12797.171429 batches | lr 5.00 |  7.94 ms/batch | loss  5.31 |   201.47 ppl
| epoch 8.000000 | 11000.000000/12797.171429 batches | lr 5.00 |  7.91 ms/batch | loss  5.31 |   202.77 ppl
| epoch 8.000000 | 11200.000000/12797.171429 batches | lr 5.00 |  7.93 ms/batch | loss  5.28 |   196.55 ppl
| epoch 8.000000 | 11400.000000/12797.171429 batches | lr 5.00 |  7.93 ms/batch | loss  5.33 |   207.23 ppl
| epoch 8.000000 | 11600.000000/12797.171429 batches | lr 5.00 |  7.91 ms/batch | loss  5.30 |   200.04 ppl
| epoch 8.000000 | 11800.000000/12797.171429 batches | lr 5.00 |  7.94 ms/batch | loss  5.32 |   203.47 ppl
| epoch 8.000000 | 12000.000000/12797.171429 batches | lr 5.00 |  7.92 ms/batch | loss  5.30 |   200.80 ppl
| epoch 8.000000 | 12200.000000/12797.171429 batches | lr 5.00 |  7.91 ms/batch | loss  5.29 |   197.36 ppl
| epoch 8.000000 | 12400.000000/12797.171429 batches | lr 5.00 |  7.96 ms/batch | loss  5.31 |   203.10 ppl
| epoch 8.000000 | 12600.000000/12797.171429 batches | lr 5.00 |  7.91 ms/batch | loss  5.26 |   193.03 ppl
-----------------------------------------------------------------------------------------
| end of epoch   8 | time: 102.96s | valid loss  5.42 | valid ppl   225.47
-----------------------------------------------------------------------------------------

| epoch 9.000000 | 200.000000/12797.171429 batches | lr 5.00 |  7.97 ms/batch | loss  5.31 |   202.68 ppl
| epoch 9.000000 | 400.000000/12797.171429 batches | lr 5.00 |  7.94 ms/batch | loss  5.34 |   207.66 ppl
| epoch 9.000000 | 600.000000/12797.171429 batches | lr 5.00 |  7.92 ms/batch | loss  5.28 |   196.71 ppl
| epoch 9.000000 | 800.000000/12797.171429 batches | lr 5.00 |  7.92 ms/batch | loss  5.33 |   205.49 ppl
| epoch 9.000000 | 1000.000000/12797.171429 batches | lr 5.00 |  7.94 ms/batch | loss  5.30 |   201.09 ppl
| epoch 9.000000 | 1200.000000/12797.171429 batches | lr 5.00 |  7.92 ms/batch | loss  5.32 |   205.26 ppl
| epoch 9.000000 | 1400.000000/12797.171429 batches | lr 5.00 |  7.94 ms/batch | loss  5.35 |   210.65 ppl
| epoch 9.000000 | 1600.000000/12797.171429 batches | lr 5.00 |  7.93 ms/batch | loss  5.31 |   202.30 ppl
| epoch 9.000000 | 1800.000000/12797.171429 batches | lr 5.00 |  7.92 ms/batch | loss  5.32 |   205.30 ppl
| epoch 9.000000 | 2000.000000/12797.171429 batches | lr 5.00 |  7.94 ms/batch | loss  5.30 |   200.38 ppl
| epoch 9.000000 | 2200.000000/12797.171429 batches | lr 5.00 |  7.92 ms/batch | loss  5.30 |   199.93 ppl
| epoch 9.000000 | 2400.000000/12797.171429 batches | lr 5.00 |  7.94 ms/batch | loss  5.29 |   199.18 ppl
| epoch 9.000000 | 2600.000000/12797.171429 batches | lr 5.00 |  7.98 ms/batch | loss  5.30 |   200.39 ppl
| epoch 9.000000 | 2800.000000/12797.171429 batches | lr 5.00 |  7.92 ms/batch | loss  5.34 |   207.80 ppl
| epoch 9.000000 | 3000.000000/12797.171429 batches | lr 5.00 |  7.93 ms/batch | loss  5.27 |   194.96 ppl
| epoch 9.000000 | 3200.000000/12797.171429 batches | lr 5.00 |  7.93 ms/batch | loss  5.30 |   200.94 ppl
| epoch 9.000000 | 3400.000000/12797.171429 batches | lr 5.00 |  7.92 ms/batch | loss  5.32 |   203.79 ppl
| epoch 9.000000 | 3600.000000/12797.171429 batches | lr 5.00 |  7.94 ms/batch | loss  5.30 |   200.97 ppl
| epoch 9.000000 | 3800.000000/12797.171429 batches | lr 5.00 |  7.96 ms/batch | loss  5.27 |   194.92 ppl
| epoch 9.000000 | 4000.000000/12797.171429 batches | lr 5.00 |  7.96 ms/batch | loss  5.29 |   197.75 ppl
| epoch 9.000000 | 4200.000000/12797.171429 batches | lr 5.00 |  7.94 ms/batch | loss  5.29 |   198.07 ppl
| epoch 9.000000 | 4400.000000/12797.171429 batches | lr 5.00 |  7.92 ms/batch | loss  5.31 |   201.36 ppl
| epoch 9.000000 | 4600.000000/12797.171429 batches | lr 5.00 |  7.93 ms/batch | loss  5.30 |   199.58 ppl
| epoch 9.000000 | 4800.000000/12797.171429 batches | lr 5.00 |  7.93 ms/batch | loss  5.27 |   194.87 ppl
| epoch 9.000000 | 5000.000000/12797.171429 batches | lr 5.00 |  7.92 ms/batch | loss  5.30 |   200.99 ppl
| epoch 9.000000 | 5200.000000/12797.171429 batches | lr 5.00 |  7.96 ms/batch | loss  5.31 |   202.80 ppl
| epoch 9.000000 | 5400.000000/12797.171429 batches | lr 5.00 |  7.92 ms/batch | loss  5.29 |   198.89 ppl
| epoch 9.000000 | 5600.000000/12797.171429 batches | lr 5.00 |  7.92 ms/batch | loss  5.26 |   192.42 ppl
| epoch 9.000000 | 5800.000000/12797.171429 batches | lr 5.00 |  7.94 ms/batch | loss  5.28 |   195.51 ppl
| epoch 9.000000 | 6000.000000/12797.171429 batches | lr 5.00 |  7.92 ms/batch | loss  5.27 |   193.70 ppl
| epoch 9.000000 | 6200.000000/12797.171429 batches | lr 5.00 |  7.93 ms/batch | loss  5.25 |   191.44 ppl
| epoch 9.000000 | 6400.000000/12797.171429 batches | lr 5.00 |  7.93 ms/batch | loss  5.27 |   195.37 ppl
| epoch 9.000000 | 6600.000000/12797.171429 batches | lr 5.00 |  7.92 ms/batch | loss  5.29 |   197.40 ppl
| epoch 9.000000 | 6800.000000/12797.171429 batches | lr 5.00 |  7.95 ms/batch | loss  5.28 |   196.21 ppl
| epoch 9.000000 | 7000.000000/12797.171429 batches | lr 5.00 |  7.92 ms/batch | loss  5.28 |   197.04 ppl
| epoch 9.000000 | 7200.000000/12797.171429 batches | lr 5.00 |  7.92 ms/batch | loss  5.32 |   204.39 ppl
| epoch 9.000000 | 7400.000000/12797.171429 batches | lr 5.00 |  7.94 ms/batch | loss  5.31 |   202.97 ppl
| epoch 9.000000 | 7600.000000/12797.171429 batches | lr 5.00 |  7.92 ms/batch | loss  5.32 |   204.98 ppl
| epoch 9.000000 | 7800.000000/12797.171429 batches | lr 5.00 |  7.93 ms/batch | loss  5.29 |   197.86 ppl
| epoch 9.000000 | 8000.000000/12797.171429 batches | lr 5.00 |  7.93 ms/batch | loss  5.30 |   201.16 ppl
| epoch 9.000000 | 8200.000000/12797.171429 batches | lr 5.00 |  7.94 ms/batch | loss  5.28 |   195.91 ppl
| epoch 9.000000 | 8400.000000/12797.171429 batches | lr 5.00 |  7.94 ms/batch | loss  5.26 |   191.98 ppl
| epoch 9.000000 | 8600.000000/12797.171429 batches | lr 5.00 |  7.92 ms/batch | loss  5.29 |   198.41 ppl
| epoch 9.000000 | 8800.000000/12797.171429 batches | lr 5.00 |  7.92 ms/batch | loss  5.29 |   197.89 ppl
| epoch 9.000000 | 9000.000000/12797.171429 batches | lr 5.00 |  7.94 ms/batch | loss  5.28 |   196.75 ppl
| epoch 9.000000 | 9200.000000/12797.171429 batches | lr 5.00 |  7.92 ms/batch | loss  5.28 |   196.86 ppl
| epoch 9.000000 | 9400.000000/12797.171429 batches | lr 5.00 |  7.93 ms/batch | loss  5.27 |   195.14 ppl
| epoch 9.000000 | 9600.000000/12797.171429 batches | lr 5.00 |  7.93 ms/batch | loss  5.30 |   199.35 ppl
| epoch 9.000000 | 9800.000000/12797.171429 batches | lr 5.00 |  7.92 ms/batch | loss  5.30 |   199.83 ppl
| epoch 9.000000 | 10000.000000/12797.171429 batches | lr 5.00 |  7.95 ms/batch | loss  5.31 |   201.66 ppl
| epoch 9.000000 | 10200.000000/12797.171429 batches | lr 5.00 |  7.92 ms/batch | loss  5.27 |   194.01 ppl
| epoch 9.000000 | 10400.000000/12797.171429 batches | lr 5.00 |  7.92 ms/batch | loss  5.27 |   194.69 ppl
| epoch 9.000000 | 10600.000000/12797.171429 batches | lr 5.00 |  7.94 ms/batch | loss  5.26 |   191.89 ppl
| epoch 9.000000 | 10800.000000/12797.171429 batches | lr 5.00 |  7.92 ms/batch | loss  5.27 |   193.77 ppl
| epoch 9.000000 | 11000.000000/12797.171429 batches | lr 5.00 |  7.93 ms/batch | loss  5.27 |   194.78 ppl
| epoch 9.000000 | 11200.000000/12797.171429 batches | lr 5.00 |  7.95 ms/batch | loss  5.24 |   189.22 ppl
| epoch 9.000000 | 11400.000000/12797.171429 batches | lr 5.00 |  7.92 ms/batch | loss  5.30 |   199.70 ppl
| epoch 9.000000 | 11600.000000/12797.171429 batches | lr 5.00 |  8.02 ms/batch | loss  5.27 |   193.51 ppl
| epoch 9.000000 | 11800.000000/12797.171429 batches | lr 5.00 |  7.92 ms/batch | loss  5.28 |   196.61 ppl
| epoch 9.000000 | 12000.000000/12797.171429 batches | lr 5.00 |  7.92 ms/batch | loss  5.27 |   193.82 ppl
| epoch 9.000000 | 12200.000000/12797.171429 batches | lr 5.00 |  7.93 ms/batch | loss  5.25 |   190.01 ppl
| epoch 9.000000 | 12400.000000/12797.171429 batches | lr 5.00 |  7.92 ms/batch | loss  5.28 |   196.38 ppl
| epoch 9.000000 | 12600.000000/12797.171429 batches | lr 5.00 |  7.93 ms/batch | loss  5.23 |   186.30 ppl
-----------------------------------------------------------------------------------------
| end of epoch   9 | time: 102.98s | valid loss  5.39 | valid ppl   218.47
-----------------------------------------------------------------------------------------

| epoch 10.000000 | 200.000000/12797.171429 batches | lr 5.00 |  7.98 ms/batch | loss  5.28 |   195.54 ppl
| epoch 10.000000 | 400.000000/12797.171429 batches | lr 5.00 |  7.92 ms/batch | loss  5.30 |   200.20 ppl
| epoch 10.000000 | 600.000000/12797.171429 batches | lr 5.00 |  7.93 ms/batch | loss  5.25 |   189.76 ppl
| epoch 10.000000 | 800.000000/12797.171429 batches | lr 5.00 |  7.93 ms/batch | loss  5.29 |   198.20 ppl
| epoch 10.000000 | 1000.000000/12797.171429 batches | lr 5.00 |  7.92 ms/batch | loss  5.27 |   193.85 ppl
| epoch 10.000000 | 1200.000000/12797.171429 batches | lr 5.00 |  7.96 ms/batch | loss  5.29 |   198.07 ppl
| epoch 10.000000 | 1400.000000/12797.171429 batches | lr 5.00 |  7.92 ms/batch | loss  5.32 |   203.60 ppl
| epoch 10.000000 | 1600.000000/12797.171429 batches | lr 5.00 |  7.92 ms/batch | loss  5.28 |   195.40 ppl
| epoch 10.000000 | 1800.000000/12797.171429 batches | lr 5.00 |  7.94 ms/batch | loss  5.29 |   198.62 ppl
| epoch 10.000000 | 2000.000000/12797.171429 batches | lr 5.00 |  7.92 ms/batch | loss  5.26 |   193.39 ppl
| epoch 10.000000 | 2200.000000/12797.171429 batches | lr 5.00 |  7.93 ms/batch | loss  5.27 |   193.49 ppl
| epoch 10.000000 | 2400.000000/12797.171429 batches | lr 5.00 |  7.93 ms/batch | loss  5.26 |   192.82 ppl
| epoch 10.000000 | 2600.000000/12797.171429 batches | lr 5.00 |  7.92 ms/batch | loss  5.27 |   193.83 ppl
| epoch 10.000000 | 2800.000000/12797.171429 batches | lr 5.00 |  7.94 ms/batch | loss  5.30 |   201.27 ppl
| epoch 10.000000 | 3000.000000/12797.171429 batches | lr 5.00 |  7.93 ms/batch | loss  5.24 |   188.65 ppl
| epoch 10.000000 | 3200.000000/12797.171429 batches | lr 5.00 |  7.92 ms/batch | loss  5.27 |   194.60 ppl
| epoch 10.000000 | 3400.000000/12797.171429 batches | lr 5.00 |  7.95 ms/batch | loss  5.29 |   197.86 ppl
| epoch 10.000000 | 3600.000000/12797.171429 batches | lr 5.00 |  7.92 ms/batch | loss  5.27 |   194.76 ppl
| epoch 10.000000 | 3800.000000/12797.171429 batches | lr 5.00 |  7.93 ms/batch | loss  5.24 |   189.35 ppl
| epoch 10.000000 | 4000.000000/12797.171429 batches | lr 5.00 |  7.94 ms/batch | loss  5.26 |   191.64 ppl
| epoch 10.000000 | 4200.000000/12797.171429 batches | lr 5.00 |  7.94 ms/batch | loss  5.25 |   191.42 ppl
| epoch 10.000000 | 4400.000000/12797.171429 batches | lr 5.00 |  7.94 ms/batch | loss  5.28 |   195.90 ppl
| epoch 10.000000 | 4600.000000/12797.171429 batches | lr 5.00 |  7.92 ms/batch | loss  5.27 |   194.54 ppl
| epoch 10.000000 | 4800.000000/12797.171429 batches | lr 5.00 |  7.95 ms/batch | loss  5.25 |   190.13 ppl
| epoch 10.000000 | 5000.000000/12797.171429 batches | lr 5.00 |  7.94 ms/batch | loss  5.27 |   195.20 ppl
| epoch 10.000000 | 5200.000000/12797.171429 batches | lr 5.00 |  7.92 ms/batch | loss  5.28 |   196.75 ppl
| epoch 10.000000 | 5400.000000/12797.171429 batches | lr 5.00 |  7.93 ms/batch | loss  5.27 |   193.68 ppl
| epoch 10.000000 | 5600.000000/12797.171429 batches | lr 5.00 |  7.93 ms/batch | loss  5.23 |   186.56 ppl
| epoch 10.000000 | 5800.000000/12797.171429 batches | lr 5.00 |  7.92 ms/batch | loss  5.25 |   190.17 ppl
| epoch 10.000000 | 6000.000000/12797.171429 batches | lr 5.00 |  7.94 ms/batch | loss  5.24 |   188.37 ppl
| epoch 10.000000 | 6200.000000/12797.171429 batches | lr 5.00 |  7.99 ms/batch | loss  5.23 |   186.12 ppl
| epoch 10.000000 | 6400.000000/12797.171429 batches | lr 5.00 |  7.92 ms/batch | loss  5.25 |   190.46 ppl
| epoch 10.000000 | 6600.000000/12797.171429 batches | lr 5.00 |  7.94 ms/batch | loss  5.26 |   191.65 ppl
| epoch 10.000000 | 6800.000000/12797.171429 batches | lr 5.00 |  7.92 ms/batch | loss  5.26 |   191.54 ppl
| epoch 10.000000 | 7000.000000/12797.171429 batches | lr 5.00 |  7.94 ms/batch | loss  5.26 |   191.88 ppl
| epoch 10.000000 | 7200.000000/12797.171429 batches | lr 5.00 |  7.95 ms/batch | loss  5.30 |   199.89 ppl
| epoch 10.000000 | 7400.000000/12797.171429 batches | lr 5.00 |  7.92 ms/batch | loss  5.29 |   198.34 ppl
| epoch 10.000000 | 7600.000000/12797.171429 batches | lr 5.00 |  7.94 ms/batch | loss  5.29 |   198.77 ppl
| epoch 10.000000 | 7800.000000/12797.171429 batches | lr 5.00 |  7.92 ms/batch | loss  5.26 |   193.29 ppl
| epoch 10.000000 | 8000.000000/12797.171429 batches | lr 5.00 |  7.92 ms/batch | loss  5.28 |   196.63 ppl
| epoch 10.000000 | 8200.000000/12797.171429 batches | lr 5.00 |  7.94 ms/batch | loss  5.25 |   191.30 ppl
| epoch 10.000000 | 8400.000000/12797.171429 batches | lr 5.00 |  7.92 ms/batch | loss  5.23 |   187.28 ppl
| epoch 10.000000 | 8600.000000/12797.171429 batches | lr 5.00 |  7.92 ms/batch | loss  5.27 |   194.09 ppl
| epoch 10.000000 | 8800.000000/12797.171429 batches | lr 5.00 |  7.94 ms/batch | loss  5.26 |   193.05 ppl
| epoch 10.000000 | 9000.000000/12797.171429 batches | lr 5.00 |  7.92 ms/batch | loss  5.25 |   191.21 ppl
| epoch 10.000000 | 9200.000000/12797.171429 batches | lr 5.00 |  7.92 ms/batch | loss  5.26 |   192.44 ppl
| epoch 10.000000 | 9400.000000/12797.171429 batches | lr 5.00 |  7.94 ms/batch | loss  5.25 |   190.55 ppl
| epoch 10.000000 | 9600.000000/12797.171429 batches | lr 5.00 |  7.92 ms/batch | loss  5.27 |   194.84 ppl
| epoch 10.000000 | 9800.000000/12797.171429 batches | lr 5.00 |  7.94 ms/batch | loss  5.27 |   195.09 ppl
| epoch 10.000000 | 10000.000000/12797.171429 batches | lr 5.00 |  7.94 ms/batch | loss  5.28 |   196.92 ppl
| epoch 10.000000 | 10200.000000/12797.171429 batches | lr 5.00 |  7.93 ms/batch | loss  5.24 |   189.07 ppl
| epoch 10.000000 | 10400.000000/12797.171429 batches | lr 5.00 |  7.94 ms/batch | loss  5.25 |   190.23 ppl
| epoch 10.000000 | 10600.000000/12797.171429 batches | lr 5.00 |  7.91 ms/batch | loss  5.24 |   187.73 ppl
| epoch 10.000000 | 10800.000000/12797.171429 batches | lr 5.00 |  7.94 ms/batch | loss  5.24 |   189.38 ppl
| epoch 10.000000 | 11000.000000/12797.171429 batches | lr 5.00 |  7.92 ms/batch | loss  5.25 |   190.46 ppl
| epoch 10.000000 | 11200.000000/12797.171429 batches | lr 5.00 |  7.92 ms/batch | loss  5.22 |   184.13 ppl
| epoch 10.000000 | 11400.000000/12797.171429 batches | lr 5.00 |  7.95 ms/batch | loss  5.27 |   195.13 ppl
| epoch 10.000000 | 11600.000000/12797.171429 batches | lr 5.00 |  7.92 ms/batch | loss  5.24 |   189.05 ppl
| epoch 10.000000 | 11800.000000/12797.171429 batches | lr 5.00 |  7.93 ms/batch | loss  5.26 |   191.89 ppl
| epoch 10.000000 | 12000.000000/12797.171429 batches | lr 5.00 |  7.93 ms/batch | loss  5.25 |   189.85 ppl
| epoch 10.000000 | 12200.000000/12797.171429 batches | lr 5.00 |  7.92 ms/batch | loss  5.23 |   186.33 ppl
| epoch 10.000000 | 12400.000000/12797.171429 batches | lr 5.00 |  7.94 ms/batch | loss  5.26 |   192.64 ppl
| epoch 10.000000 | 12600.000000/12797.171429 batches | lr 5.00 |  7.92 ms/batch | loss  5.21 |   182.69 ppl
-----------------------------------------------------------------------------------------
| end of epoch  10 | time: 102.97s | valid loss  5.36 | valid ppl   213.71
-----------------------------------------------------------------------------------------

end: training and validation complete!

Sun Feb  3 20:45:54 EET 2019
