Sun Feb  3 22:40:26 EET 2019

setting things for Taito!
----------------------------------------------------------------------------
  Setting up new environment, removing all currently loaded modules
----------------------------------------------------------------------------
  Loading new modules:
    python-env/intelpython3.6-2018.3    cuda/9.0
    gcc/5.4.0                           cudnn/7.1-cuda9
Loading application Intel Distribution for Python 2018 update 3 
IntelDistributionpython3andConda nil environment loaded
 
To list available conda environments, please run command:
    conda env list
 
To activate a specific conda environment, please run command:
    source activate environment-name
 
To deactivate qiime environment, run command: 
    source deactivate
RNN Language MODEL: Loading gigaword corpus
| epoch 1.000000 | 200.000000/12797.171429 batches | lr 20.00 | 10.70 ms/batch | loss  9.00 |  8084.97 ppl
| epoch 1.000000 | 400.000000/12797.171429 batches | lr 20.00 |  8.99 ms/batch | loss  8.19 |  3598.53 ppl
| epoch 1.000000 | 600.000000/12797.171429 batches | lr 20.00 |  8.98 ms/batch | loss  8.04 |  3092.14 ppl
| epoch 1.000000 | 800.000000/12797.171429 batches | lr 20.00 |  8.98 ms/batch | loss  8.00 |  2980.48 ppl
| epoch 1.000000 | 1000.000000/12797.171429 batches | lr 20.00 |  8.98 ms/batch | loss  7.76 |  2343.15 ppl
| epoch 1.000000 | 1200.000000/12797.171429 batches | lr 20.00 |  8.98 ms/batch | loss  7.75 |  2312.50 ppl
| epoch 1.000000 | 1400.000000/12797.171429 batches | lr 20.00 |  8.98 ms/batch | loss  7.62 |  2047.91 ppl
| epoch 1.000000 | 1600.000000/12797.171429 batches | lr 20.00 |  8.98 ms/batch | loss  7.47 |  1760.42 ppl
| epoch 1.000000 | 1800.000000/12797.171429 batches | lr 20.00 |  8.98 ms/batch | loss  7.39 |  1617.65 ppl
| epoch 1.000000 | 2000.000000/12797.171429 batches | lr 20.00 |  8.98 ms/batch | loss  7.17 |  1301.36 ppl
| epoch 1.000000 | 2200.000000/12797.171429 batches | lr 20.00 |  8.98 ms/batch | loss  7.06 |  1168.99 ppl
| epoch 1.000000 | 2400.000000/12797.171429 batches | lr 20.00 |  8.98 ms/batch | loss  7.01 |  1112.66 ppl
| epoch 1.000000 | 2600.000000/12797.171429 batches | lr 20.00 |  8.99 ms/batch | loss  6.96 |  1053.23 ppl
| epoch 1.000000 | 2800.000000/12797.171429 batches | lr 20.00 |  8.98 ms/batch | loss  6.96 |  1054.01 ppl
| epoch 1.000000 | 3000.000000/12797.171429 batches | lr 20.00 |  8.99 ms/batch | loss  6.81 |   906.04 ppl
| epoch 1.000000 | 3200.000000/12797.171429 batches | lr 20.00 |  8.98 ms/batch | loss  6.85 |   945.08 ppl
| epoch 1.000000 | 3400.000000/12797.171429 batches | lr 20.00 |  8.99 ms/batch | loss  6.85 |   944.97 ppl
| epoch 1.000000 | 3600.000000/12797.171429 batches | lr 20.00 |  8.98 ms/batch | loss  6.85 |   947.83 ppl
| epoch 1.000000 | 3800.000000/12797.171429 batches | lr 20.00 |  8.99 ms/batch | loss  6.76 |   864.30 ppl
| epoch 1.000000 | 4000.000000/12797.171429 batches | lr 20.00 |  8.98 ms/batch | loss  6.71 |   820.17 ppl
| epoch 1.000000 | 4200.000000/12797.171429 batches | lr 20.00 |  8.98 ms/batch | loss  6.74 |   849.41 ppl
| epoch 1.000000 | 4400.000000/12797.171429 batches | lr 20.00 |  8.98 ms/batch | loss  6.72 |   832.93 ppl
| epoch 1.000000 | 4600.000000/12797.171429 batches | lr 20.00 |  8.98 ms/batch | loss  6.65 |   772.30 ppl
| epoch 1.000000 | 4800.000000/12797.171429 batches | lr 20.00 |  8.98 ms/batch | loss  6.62 |   751.44 ppl
| epoch 1.000000 | 5000.000000/12797.171429 batches | lr 20.00 |  8.98 ms/batch | loss  6.67 |   788.88 ppl
| epoch 1.000000 | 5200.000000/12797.171429 batches | lr 20.00 |  8.98 ms/batch | loss  6.66 |   781.71 ppl
| epoch 1.000000 | 5400.000000/12797.171429 batches | lr 20.00 |  8.98 ms/batch | loss  6.62 |   746.62 ppl
| epoch 1.000000 | 5600.000000/12797.171429 batches | lr 20.00 |  8.98 ms/batch | loss  6.62 |   746.57 ppl
| epoch 1.000000 | 5800.000000/12797.171429 batches | lr 20.00 |  8.98 ms/batch | loss  6.58 |   723.73 ppl
| epoch 1.000000 | 6000.000000/12797.171429 batches | lr 20.00 |  8.98 ms/batch | loss  6.52 |   675.87 ppl
| epoch 1.000000 | 6200.000000/12797.171429 batches | lr 20.00 |  8.98 ms/batch | loss  6.50 |   666.40 ppl
| epoch 1.000000 | 6400.000000/12797.171429 batches | lr 20.00 |  8.98 ms/batch | loss  6.49 |   659.58 ppl
| epoch 1.000000 | 6600.000000/12797.171429 batches | lr 20.00 |  8.98 ms/batch | loss  6.50 |   665.71 ppl
| epoch 1.000000 | 6800.000000/12797.171429 batches | lr 20.00 |  8.98 ms/batch | loss  6.52 |   679.01 ppl
| epoch 1.000000 | 7000.000000/12797.171429 batches | lr 20.00 |  8.98 ms/batch | loss  6.47 |   644.26 ppl
| epoch 1.000000 | 7200.000000/12797.171429 batches | lr 20.00 |  8.98 ms/batch | loss  6.52 |   680.74 ppl
| epoch 1.000000 | 7400.000000/12797.171429 batches | lr 20.00 |  8.98 ms/batch | loss  6.52 |   681.95 ppl
| epoch 1.000000 | 7600.000000/12797.171429 batches | lr 20.00 |  8.98 ms/batch | loss  6.57 |   715.31 ppl
| epoch 1.000000 | 7800.000000/12797.171429 batches | lr 20.00 |  8.97 ms/batch | loss  6.48 |   652.51 ppl
| epoch 1.000000 | 8000.000000/12797.171429 batches | lr 20.00 |  8.98 ms/batch | loss  6.49 |   660.67 ppl
| epoch 1.000000 | 8200.000000/12797.171429 batches | lr 20.00 |  8.98 ms/batch | loss  6.47 |   643.00 ppl
| epoch 1.000000 | 8400.000000/12797.171429 batches | lr 20.00 |  8.97 ms/batch | loss  6.41 |   605.00 ppl
| epoch 1.000000 | 8600.000000/12797.171429 batches | lr 20.00 |  8.97 ms/batch | loss  6.46 |   636.94 ppl
| epoch 1.000000 | 8800.000000/12797.171429 batches | lr 20.00 |  8.98 ms/batch | loss  6.46 |   641.76 ppl
| epoch 1.000000 | 9000.000000/12797.171429 batches | lr 20.00 |  8.97 ms/batch | loss  6.40 |   601.07 ppl
| epoch 1.000000 | 9200.000000/12797.171429 batches | lr 20.00 |  8.98 ms/batch | loss  6.38 |   591.06 ppl
| epoch 1.000000 | 9400.000000/12797.171429 batches | lr 20.00 |  8.98 ms/batch | loss  6.39 |   597.61 ppl
| epoch 1.000000 | 9600.000000/12797.171429 batches | lr 20.00 |  8.98 ms/batch | loss  6.41 |   609.55 ppl
| epoch 1.000000 | 9800.000000/12797.171429 batches | lr 20.00 |  8.98 ms/batch | loss  6.38 |   591.57 ppl
| epoch 1.000000 | 10000.000000/12797.171429 batches | lr 20.00 |  8.98 ms/batch | loss  6.40 |   599.84 ppl
| epoch 1.000000 | 10200.000000/12797.171429 batches | lr 20.00 |  8.98 ms/batch | loss  6.38 |   587.34 ppl
| epoch 1.000000 | 10400.000000/12797.171429 batches | lr 20.00 |  8.98 ms/batch | loss  6.36 |   578.57 ppl
| epoch 1.000000 | 10600.000000/12797.171429 batches | lr 20.00 |  8.97 ms/batch | loss  6.32 |   556.84 ppl
| epoch 1.000000 | 10800.000000/12797.171429 batches | lr 20.00 |  8.98 ms/batch | loss  6.35 |   573.31 ppl
| epoch 1.000000 | 11000.000000/12797.171429 batches | lr 20.00 |  8.98 ms/batch | loss  6.34 |   568.81 ppl
| epoch 1.000000 | 11200.000000/12797.171429 batches | lr 20.00 |  8.98 ms/batch | loss  6.30 |   543.40 ppl
| epoch 1.000000 | 11400.000000/12797.171429 batches | lr 20.00 |  8.98 ms/batch | loss  6.37 |   585.65 ppl
| epoch 1.000000 | 11600.000000/12797.171429 batches | lr 20.00 |  8.98 ms/batch | loss  6.36 |   579.85 ppl
| epoch 1.000000 | 11800.000000/12797.171429 batches | lr 20.00 |  8.98 ms/batch | loss  6.34 |   565.71 ppl
| epoch 1.000000 | 12000.000000/12797.171429 batches | lr 20.00 |  8.98 ms/batch | loss  6.32 |   557.06 ppl
| epoch 1.000000 | 12200.000000/12797.171429 batches | lr 20.00 |  8.97 ms/batch | loss  6.31 |   548.52 ppl
| epoch 1.000000 | 12400.000000/12797.171429 batches | lr 20.00 |  8.98 ms/batch | loss  6.35 |   573.87 ppl
| epoch 1.000000 | 12600.000000/12797.171429 batches | lr 20.00 |  8.97 ms/batch | loss  6.34 |   569.50 ppl
-----------------------------------------------------------------------------------------
| end of epoch   1 | time: 116.87s | valid loss  6.32 | valid ppl   553.35
-----------------------------------------------------------------------------------------

| epoch 2.000000 | 200.000000/12797.171429 batches | lr 20.00 |  9.03 ms/batch | loss  6.37 |   583.73 ppl
| epoch 2.000000 | 400.000000/12797.171429 batches | lr 20.00 |  8.98 ms/batch | loss  6.32 |   556.59 ppl
| epoch 2.000000 | 600.000000/12797.171429 batches | lr 20.00 |  8.97 ms/batch | loss  6.25 |   519.21 ppl
| epoch 2.000000 | 800.000000/12797.171429 batches | lr 20.00 |  8.98 ms/batch | loss  6.33 |   559.93 ppl
| epoch 2.000000 | 1000.000000/12797.171429 batches | lr 20.00 |  8.98 ms/batch | loss  6.30 |   543.78 ppl
| epoch 2.000000 | 1200.000000/12797.171429 batches | lr 20.00 |  8.97 ms/batch | loss  6.30 |   542.40 ppl
| epoch 2.000000 | 1400.000000/12797.171429 batches | lr 20.00 |  8.98 ms/batch | loss  6.28 |   532.36 ppl
| epoch 2.000000 | 1600.000000/12797.171429 batches | lr 20.00 |  8.98 ms/batch | loss  6.27 |   526.22 ppl
| epoch 2.000000 | 1800.000000/12797.171429 batches | lr 20.00 |  8.98 ms/batch | loss  6.29 |   539.26 ppl
| epoch 2.000000 | 2000.000000/12797.171429 batches | lr 20.00 |  8.98 ms/batch | loss  6.20 |   492.50 ppl
| epoch 2.000000 | 2200.000000/12797.171429 batches | lr 20.00 |  8.97 ms/batch | loss  6.21 |   495.88 ppl
| epoch 2.000000 | 2400.000000/12797.171429 batches | lr 20.00 |  8.99 ms/batch | loss  6.19 |   486.42 ppl
| epoch 2.000000 | 2600.000000/12797.171429 batches | lr 20.00 |  8.97 ms/batch | loss  6.22 |   503.99 ppl
| epoch 2.000000 | 2800.000000/12797.171429 batches | lr 20.00 |  8.98 ms/batch | loss  6.24 |   514.75 ppl
| epoch 2.000000 | 3000.000000/12797.171429 batches | lr 20.00 |  8.97 ms/batch | loss  6.18 |   483.48 ppl
| epoch 2.000000 | 3200.000000/12797.171429 batches | lr 20.00 |  8.98 ms/batch | loss  6.19 |   487.25 ppl
| epoch 2.000000 | 3400.000000/12797.171429 batches | lr 20.00 |  8.97 ms/batch | loss  6.21 |   497.62 ppl
| epoch 2.000000 | 3600.000000/12797.171429 batches | lr 20.00 |  8.98 ms/batch | loss  6.20 |   494.41 ppl
| epoch 2.000000 | 3800.000000/12797.171429 batches | lr 20.00 |  8.97 ms/batch | loss  6.18 |   484.29 ppl
| epoch 2.000000 | 4000.000000/12797.171429 batches | lr 20.00 |  8.97 ms/batch | loss  6.19 |   487.45 ppl
| epoch 2.000000 | 4200.000000/12797.171429 batches | lr 20.00 |  8.98 ms/batch | loss  6.19 |   486.29 ppl
| epoch 2.000000 | 4400.000000/12797.171429 batches | lr 20.00 |  8.98 ms/batch | loss  6.23 |   509.07 ppl
| epoch 2.000000 | 4600.000000/12797.171429 batches | lr 20.00 |  8.97 ms/batch | loss  6.22 |   500.74 ppl
| epoch 2.000000 | 4800.000000/12797.171429 batches | lr 20.00 |  8.98 ms/batch | loss  6.15 |   468.68 ppl
| epoch 2.000000 | 5000.000000/12797.171429 batches | lr 20.00 |  8.98 ms/batch | loss  6.18 |   482.35 ppl
| epoch 2.000000 | 5200.000000/12797.171429 batches | lr 20.00 |  8.98 ms/batch | loss  6.17 |   480.42 ppl
| epoch 2.000000 | 5400.000000/12797.171429 batches | lr 20.00 |  8.97 ms/batch | loss  6.20 |   491.45 ppl
| epoch 2.000000 | 5600.000000/12797.171429 batches | lr 20.00 |  8.97 ms/batch | loss  6.16 |   474.21 ppl
| epoch 2.000000 | 5800.000000/12797.171429 batches | lr 20.00 |  8.98 ms/batch | loss  6.18 |   481.40 ppl
| epoch 2.000000 | 6000.000000/12797.171429 batches | lr 20.00 |  8.98 ms/batch | loss  6.17 |   480.49 ppl
| epoch 2.000000 | 6200.000000/12797.171429 batches | lr 20.00 |  8.97 ms/batch | loss  6.17 |   477.70 ppl
| epoch 2.000000 | 6400.000000/12797.171429 batches | lr 20.00 |  8.97 ms/batch | loss  6.19 |   487.46 ppl
| epoch 2.000000 | 6600.000000/12797.171429 batches | lr 20.00 |  8.97 ms/batch | loss  6.16 |   471.71 ppl
| epoch 2.000000 | 6800.000000/12797.171429 batches | lr 20.00 |  8.98 ms/batch | loss  6.17 |   479.35 ppl
| epoch 2.000000 | 7000.000000/12797.171429 batches | lr 20.00 |  8.97 ms/batch | loss  6.17 |   477.91 ppl
| epoch 2.000000 | 7200.000000/12797.171429 batches | lr 20.00 |  8.97 ms/batch | loss  6.19 |   487.49 ppl
| epoch 2.000000 | 7400.000000/12797.171429 batches | lr 20.00 |  8.98 ms/batch | loss  6.18 |   480.66 ppl
| epoch 2.000000 | 7600.000000/12797.171429 batches | lr 20.00 |  8.98 ms/batch | loss  6.19 |   486.63 ppl
| epoch 2.000000 | 7800.000000/12797.171429 batches | lr 20.00 |  8.97 ms/batch | loss  6.11 |   450.72 ppl
| epoch 2.000000 | 8000.000000/12797.171429 batches | lr 20.00 |  8.98 ms/batch | loss  6.13 |   458.68 ppl
| epoch 2.000000 | 8200.000000/12797.171429 batches | lr 20.00 |  8.98 ms/batch | loss  6.09 |   442.39 ppl
| epoch 2.000000 | 8400.000000/12797.171429 batches | lr 20.00 |  8.97 ms/batch | loss  6.08 |   438.42 ppl
| epoch 2.000000 | 8600.000000/12797.171429 batches | lr 20.00 |  8.97 ms/batch | loss  6.18 |   483.73 ppl
| epoch 2.000000 | 8800.000000/12797.171429 batches | lr 20.00 |  8.98 ms/batch | loss  6.14 |   464.94 ppl
| epoch 2.000000 | 9000.000000/12797.171429 batches | lr 20.00 |  8.98 ms/batch | loss  6.15 |   467.60 ppl
| epoch 2.000000 | 9200.000000/12797.171429 batches | lr 20.00 |  8.97 ms/batch | loss  6.13 |   458.50 ppl
| epoch 2.000000 | 9400.000000/12797.171429 batches | lr 20.00 |  8.97 ms/batch | loss  6.16 |   473.35 ppl
| epoch 2.000000 | 9600.000000/12797.171429 batches | lr 20.00 |  8.97 ms/batch | loss  6.15 |   469.44 ppl
| epoch 2.000000 | 9800.000000/12797.171429 batches | lr 20.00 |  8.98 ms/batch | loss  6.15 |   469.38 ppl
| epoch 2.000000 | 10000.000000/12797.171429 batches | lr 20.00 |  8.97 ms/batch | loss  6.14 |   463.22 ppl
| epoch 2.000000 | 10200.000000/12797.171429 batches | lr 20.00 |  8.98 ms/batch | loss  6.08 |   435.73 ppl
| epoch 2.000000 | 10400.000000/12797.171429 batches | lr 20.00 |  8.98 ms/batch | loss  6.12 |   453.58 ppl
| epoch 2.000000 | 10600.000000/12797.171429 batches | lr 20.00 |  8.97 ms/batch | loss  6.10 |   443.76 ppl
| epoch 2.000000 | 10800.000000/12797.171429 batches | lr 20.00 |  8.97 ms/batch | loss  6.10 |   445.72 ppl
| epoch 2.000000 | 11000.000000/12797.171429 batches | lr 20.00 |  8.98 ms/batch | loss  6.14 |   462.65 ppl
| epoch 2.000000 | 11200.000000/12797.171429 batches | lr 20.00 |  8.98 ms/batch | loss  6.06 |   428.90 ppl
| epoch 2.000000 | 11400.000000/12797.171429 batches | lr 20.00 |  8.97 ms/batch | loss  6.11 |   448.84 ppl
| epoch 2.000000 | 11600.000000/12797.171429 batches | lr 20.00 |  8.97 ms/batch | loss  6.10 |   446.83 ppl
| epoch 2.000000 | 11800.000000/12797.171429 batches | lr 20.00 |  8.98 ms/batch | loss  6.10 |   447.98 ppl
| epoch 2.000000 | 12000.000000/12797.171429 batches | lr 20.00 |  8.98 ms/batch | loss  6.06 |   426.98 ppl
| epoch 2.000000 | 12200.000000/12797.171429 batches | lr 20.00 |  8.97 ms/batch | loss  6.04 |   420.51 ppl
| epoch 2.000000 | 12400.000000/12797.171429 batches | lr 20.00 |  8.97 ms/batch | loss  6.09 |   439.43 ppl
| epoch 2.000000 | 12600.000000/12797.171429 batches | lr 20.00 |  8.97 ms/batch | loss  6.06 |   427.69 ppl
-----------------------------------------------------------------------------------------
| end of epoch   2 | time: 116.49s | valid loss  6.17 | valid ppl   476.68
-----------------------------------------------------------------------------------------

| epoch 3.000000 | 200.000000/12797.171429 batches | lr 20.00 |  9.03 ms/batch | loss  6.11 |   448.60 ppl
| epoch 3.000000 | 400.000000/12797.171429 batches | lr 20.00 |  8.97 ms/batch | loss  6.06 |   430.21 ppl
| epoch 3.000000 | 600.000000/12797.171429 batches | lr 20.00 |  8.97 ms/batch | loss  6.04 |   421.54 ppl
| epoch 3.000000 | 800.000000/12797.171429 batches | lr 20.00 |  8.97 ms/batch | loss  6.05 |   425.28 ppl
| epoch 3.000000 | 1000.000000/12797.171429 batches | lr 20.00 |  8.98 ms/batch | loss  6.07 |   431.82 ppl
| epoch 3.000000 | 1200.000000/12797.171429 batches | lr 20.00 |  8.97 ms/batch | loss  6.10 |   446.72 ppl
| epoch 3.000000 | 1400.000000/12797.171429 batches | lr 20.00 |  8.97 ms/batch | loss  6.10 |   448.01 ppl
| epoch 3.000000 | 1600.000000/12797.171429 batches | lr 20.00 |  8.97 ms/batch | loss  6.09 |   442.24 ppl
| epoch 3.000000 | 1800.000000/12797.171429 batches | lr 20.00 |  8.98 ms/batch | loss  6.07 |   433.81 ppl
| epoch 3.000000 | 2000.000000/12797.171429 batches | lr 20.00 |  8.97 ms/batch | loss  6.06 |   428.63 ppl
| epoch 3.000000 | 2200.000000/12797.171429 batches | lr 20.00 |  8.98 ms/batch | loss  6.09 |   441.68 ppl
| epoch 3.000000 | 2400.000000/12797.171429 batches | lr 20.00 |  8.97 ms/batch | loss  6.12 |   456.76 ppl
| epoch 3.000000 | 2600.000000/12797.171429 batches | lr 20.00 |  8.97 ms/batch | loss  6.09 |   439.29 ppl
| epoch 3.000000 | 2800.000000/12797.171429 batches | lr 20.00 |  8.98 ms/batch | loss  6.10 |   444.35 ppl
| epoch 3.000000 | 3000.000000/12797.171429 batches | lr 20.00 |  8.97 ms/batch | loss  6.04 |   418.20 ppl
| epoch 3.000000 | 3200.000000/12797.171429 batches | lr 20.00 |  8.97 ms/batch | loss  6.03 |   416.26 ppl
| epoch 3.000000 | 3400.000000/12797.171429 batches | lr 20.00 |  8.97 ms/batch | loss  6.05 |   422.71 ppl
| epoch 3.000000 | 3600.000000/12797.171429 batches | lr 20.00 |  8.99 ms/batch | loss  6.05 |   424.31 ppl
| epoch 3.000000 | 3800.000000/12797.171429 batches | lr 20.00 |  8.97 ms/batch | loss  6.00 |   401.60 ppl
| epoch 3.000000 | 4000.000000/12797.171429 batches | lr 20.00 |  8.97 ms/batch | loss  6.02 |   412.46 ppl
| epoch 3.000000 | 4200.000000/12797.171429 batches | lr 20.00 |  8.98 ms/batch | loss  6.03 |   414.66 ppl
| epoch 3.000000 | 4400.000000/12797.171429 batches | lr 20.00 |  8.98 ms/batch | loss  6.06 |   427.09 ppl
| epoch 3.000000 | 4600.000000/12797.171429 batches | lr 20.00 |  8.99 ms/batch | loss  6.01 |   408.90 ppl
| epoch 3.000000 | 4800.000000/12797.171429 batches | lr 20.00 |  8.98 ms/batch | loss  6.02 |   410.42 ppl
| epoch 3.000000 | 5000.000000/12797.171429 batches | lr 20.00 |  8.97 ms/batch | loss  6.04 |   419.37 ppl
| epoch 3.000000 | 5200.000000/12797.171429 batches | lr 20.00 |  8.97 ms/batch | loss  6.04 |   418.30 ppl
| epoch 3.000000 | 5400.000000/12797.171429 batches | lr 20.00 |  8.98 ms/batch | loss  6.00 |   404.66 ppl
| epoch 3.000000 | 5600.000000/12797.171429 batches | lr 20.00 |  8.98 ms/batch | loss  5.97 |   392.88 ppl
| epoch 3.000000 | 5800.000000/12797.171429 batches | lr 20.00 |  8.97 ms/batch | loss  6.00 |   404.77 ppl
| epoch 3.000000 | 6000.000000/12797.171429 batches | lr 20.00 |  8.97 ms/batch | loss  6.01 |   409.16 ppl
| epoch 3.000000 | 6200.000000/12797.171429 batches | lr 20.00 |  8.98 ms/batch | loss  5.98 |   395.27 ppl
| epoch 3.000000 | 6400.000000/12797.171429 batches | lr 20.00 |  8.97 ms/batch | loss  6.03 |   415.56 ppl
| epoch 3.000000 | 6600.000000/12797.171429 batches | lr 20.00 |  8.97 ms/batch | loss  6.01 |   408.13 ppl
| epoch 3.000000 | 6800.000000/12797.171429 batches | lr 20.00 |  8.98 ms/batch | loss  6.04 |   417.94 ppl
| epoch 3.000000 | 7000.000000/12797.171429 batches | lr 20.00 |  8.97 ms/batch | loss  6.00 |   402.77 ppl
| epoch 3.000000 | 7200.000000/12797.171429 batches | lr 20.00 |  8.97 ms/batch | loss  6.02 |   412.73 ppl
| epoch 3.000000 | 7400.000000/12797.171429 batches | lr 20.00 |  8.97 ms/batch | loss  6.00 |   402.53 ppl
| epoch 3.000000 | 7600.000000/12797.171429 batches | lr 20.00 |  8.97 ms/batch | loss  6.02 |   413.47 ppl
| epoch 3.000000 | 7800.000000/12797.171429 batches | lr 20.00 |  8.97 ms/batch | loss  6.06 |   427.70 ppl
| epoch 3.000000 | 8000.000000/12797.171429 batches | lr 20.00 |  8.98 ms/batch | loss  6.07 |   431.07 ppl
| epoch 3.000000 | 8200.000000/12797.171429 batches | lr 20.00 |  8.97 ms/batch | loss  6.02 |   410.38 ppl
| epoch 3.000000 | 8400.000000/12797.171429 batches | lr 20.00 |  8.97 ms/batch | loss  6.01 |   407.75 ppl
| epoch 3.000000 | 8600.000000/12797.171429 batches | lr 20.00 |  8.97 ms/batch | loss  6.05 |   426.20 ppl
| epoch 3.000000 | 8800.000000/12797.171429 batches | lr 20.00 |  8.98 ms/batch | loss  6.07 |   433.97 ppl
| epoch 3.000000 | 9000.000000/12797.171429 batches | lr 20.00 |  8.97 ms/batch | loss  6.03 |   414.54 ppl
| epoch 3.000000 | 9200.000000/12797.171429 batches | lr 20.00 |  8.98 ms/batch | loss  5.99 |   399.29 ppl
| epoch 3.000000 | 9400.000000/12797.171429 batches | lr 20.00 |  8.97 ms/batch | loss  5.97 |   393.47 ppl
| epoch 3.000000 | 9600.000000/12797.171429 batches | lr 20.00 |  8.97 ms/batch | loss  6.00 |   402.38 ppl
| epoch 3.000000 | 9800.000000/12797.171429 batches | lr 20.00 |  8.97 ms/batch | loss  6.03 |   417.23 ppl
| epoch 3.000000 | 10000.000000/12797.171429 batches | lr 20.00 |  8.97 ms/batch | loss  6.04 |   419.98 ppl
| epoch 3.000000 | 10200.000000/12797.171429 batches | lr 20.00 |  8.97 ms/batch | loss  6.02 |   410.52 ppl
| epoch 3.000000 | 10400.000000/12797.171429 batches | lr 20.00 |  8.97 ms/batch | loss  6.05 |   425.54 ppl
| epoch 3.000000 | 10600.000000/12797.171429 batches | lr 20.00 |  8.97 ms/batch | loss  6.02 |   409.74 ppl
| epoch 3.000000 | 10800.000000/12797.171429 batches | lr 20.00 |  8.97 ms/batch | loss  5.98 |   397.33 ppl
| epoch 3.000000 | 11000.000000/12797.171429 batches | lr 20.00 |  8.98 ms/batch | loss  6.02 |   410.00 ppl
| epoch 3.000000 | 11200.000000/12797.171429 batches | lr 20.00 |  8.97 ms/batch | loss  5.98 |   394.22 ppl
| epoch 3.000000 | 11400.000000/12797.171429 batches | lr 20.00 |  8.97 ms/batch | loss  6.01 |   409.22 ppl
| epoch 3.000000 | 11600.000000/12797.171429 batches | lr 20.00 |  8.97 ms/batch | loss  6.02 |   410.03 ppl
| epoch 3.000000 | 11800.000000/12797.171429 batches | lr 20.00 |  8.98 ms/batch | loss  5.98 |   394.50 ppl
| epoch 3.000000 | 12000.000000/12797.171429 batches | lr 20.00 |  8.97 ms/batch | loss  6.01 |   409.31 ppl
| epoch 3.000000 | 12200.000000/12797.171429 batches | lr 20.00 |  8.97 ms/batch | loss  5.98 |   394.39 ppl
| epoch 3.000000 | 12400.000000/12797.171429 batches | lr 20.00 |  8.97 ms/batch | loss  6.00 |   405.22 ppl
| epoch 3.000000 | 12600.000000/12797.171429 batches | lr 20.00 |  8.97 ms/batch | loss  5.96 |   388.42 ppl
-----------------------------------------------------------------------------------------
| end of epoch   3 | time: 116.45s | valid loss  6.19 | valid ppl   485.53
-----------------------------------------------------------------------------------------

| epoch 4.000000 | 200.000000/12797.171429 batches | lr 5.00 |  9.02 ms/batch | loss  5.53 |   253.03 ppl
| epoch 4.000000 | 400.000000/12797.171429 batches | lr 5.00 |  8.97 ms/batch | loss  5.49 |   241.44 ppl
| epoch 4.000000 | 600.000000/12797.171429 batches | lr 5.00 |  8.97 ms/batch | loss  5.41 |   224.49 ppl
| epoch 4.000000 | 800.000000/12797.171429 batches | lr 5.00 |  8.97 ms/batch | loss  5.44 |   231.47 ppl
| epoch 4.000000 | 1000.000000/12797.171429 batches | lr 5.00 |  8.97 ms/batch | loss  5.42 |   225.02 ppl
| epoch 4.000000 | 1200.000000/12797.171429 batches | lr 5.00 |  8.97 ms/batch | loss  5.43 |   227.73 ppl
| epoch 4.000000 | 1400.000000/12797.171429 batches | lr 5.00 |  8.97 ms/batch | loss  5.45 |   233.49 ppl
| epoch 4.000000 | 1600.000000/12797.171429 batches | lr 5.00 |  8.97 ms/batch | loss  5.41 |   222.84 ppl
| epoch 4.000000 | 1800.000000/12797.171429 batches | lr 5.00 |  8.97 ms/batch | loss  5.41 |   224.39 ppl
| epoch 4.000000 | 2000.000000/12797.171429 batches | lr 5.00 |  8.97 ms/batch | loss  5.38 |   217.58 ppl
| epoch 4.000000 | 2200.000000/12797.171429 batches | lr 5.00 |  8.97 ms/batch | loss  5.38 |   216.80 ppl
| epoch 4.000000 | 2400.000000/12797.171429 batches | lr 5.00 |  8.97 ms/batch | loss  5.37 |   214.69 ppl
| epoch 4.000000 | 2600.000000/12797.171429 batches | lr 5.00 |  8.98 ms/batch | loss  5.37 |   215.93 ppl
| epoch 4.000000 | 2800.000000/12797.171429 batches | lr 5.00 |  8.96 ms/batch | loss  5.41 |   224.07 ppl
| epoch 4.000000 | 3000.000000/12797.171429 batches | lr 5.00 |  8.97 ms/batch | loss  5.34 |   208.42 ppl
| epoch 4.000000 | 3200.000000/12797.171429 batches | lr 5.00 |  8.97 ms/batch | loss  5.37 |   215.67 ppl
| epoch 4.000000 | 3400.000000/12797.171429 batches | lr 5.00 |  8.97 ms/batch | loss  5.39 |   218.72 ppl
| epoch 4.000000 | 3600.000000/12797.171429 batches | lr 5.00 |  8.98 ms/batch | loss  5.37 |   213.97 ppl
| epoch 4.000000 | 3800.000000/12797.171429 batches | lr 5.00 |  8.97 ms/batch | loss  5.33 |   207.25 ppl
| epoch 4.000000 | 4000.000000/12797.171429 batches | lr 5.00 |  8.97 ms/batch | loss  5.34 |   209.11 ppl
| epoch 4.000000 | 4200.000000/12797.171429 batches | lr 5.00 |  8.97 ms/batch | loss  5.35 |   209.67 ppl
| epoch 4.000000 | 4400.000000/12797.171429 batches | lr 5.00 |  8.97 ms/batch | loss  5.36 |   213.15 ppl
| epoch 4.000000 | 4600.000000/12797.171429 batches | lr 5.00 |  8.98 ms/batch | loss  5.35 |   210.35 ppl
| epoch 4.000000 | 4800.000000/12797.171429 batches | lr 5.00 |  8.97 ms/batch | loss  5.33 |   206.19 ppl
| epoch 4.000000 | 5000.000000/12797.171429 batches | lr 5.00 |  8.97 ms/batch | loss  5.36 |   212.20 ppl
| epoch 4.000000 | 5200.000000/12797.171429 batches | lr 5.00 |  8.97 ms/batch | loss  5.36 |   213.47 ppl
| epoch 4.000000 | 5400.000000/12797.171429 batches | lr 5.00 |  8.97 ms/batch | loss  5.34 |   208.36 ppl
| epoch 4.000000 | 5600.000000/12797.171429 batches | lr 5.00 |  8.97 ms/batch | loss  5.30 |   201.30 ppl
| epoch 4.000000 | 5800.000000/12797.171429 batches | lr 5.00 |  8.97 ms/batch | loss  5.32 |   205.15 ppl
| epoch 4.000000 | 6000.000000/12797.171429 batches | lr 5.00 |  8.97 ms/batch | loss  5.31 |   202.01 ppl
| epoch 4.000000 | 6200.000000/12797.171429 batches | lr 5.00 |  8.97 ms/batch | loss  5.30 |   200.23 ppl
| epoch 4.000000 | 6400.000000/12797.171429 batches | lr 5.00 |  8.97 ms/batch | loss  5.32 |   204.08 ppl
| epoch 4.000000 | 6600.000000/12797.171429 batches | lr 5.00 |  8.97 ms/batch | loss  5.32 |   204.94 ppl
| epoch 4.000000 | 6800.000000/12797.171429 batches | lr 5.00 |  8.97 ms/batch | loss  5.32 |   205.34 ppl
| epoch 4.000000 | 7000.000000/12797.171429 batches | lr 5.00 |  8.97 ms/batch | loss  5.32 |   204.37 ppl
| epoch 4.000000 | 7200.000000/12797.171429 batches | lr 5.00 |  8.98 ms/batch | loss  5.36 |   213.01 ppl
| epoch 4.000000 | 7400.000000/12797.171429 batches | lr 5.00 |  8.97 ms/batch | loss  5.35 |   211.19 ppl
| epoch 4.000000 | 7600.000000/12797.171429 batches | lr 5.00 |  8.97 ms/batch | loss  5.36 |   212.67 ppl
| epoch 4.000000 | 7800.000000/12797.171429 batches | lr 5.00 |  8.97 ms/batch | loss  5.33 |   206.24 ppl
| epoch 4.000000 | 8000.000000/12797.171429 batches | lr 5.00 |  8.97 ms/batch | loss  5.35 |   209.63 ppl
| epoch 4.000000 | 8200.000000/12797.171429 batches | lr 5.00 |  8.97 ms/batch | loss  5.31 |   202.35 ppl
| epoch 4.000000 | 8400.000000/12797.171429 batches | lr 5.00 |  8.97 ms/batch | loss  5.29 |   199.05 ppl
| epoch 4.000000 | 8600.000000/12797.171429 batches | lr 5.00 |  8.96 ms/batch | loss  5.33 |   205.61 ppl
| epoch 4.000000 | 8800.000000/12797.171429 batches | lr 5.00 |  8.97 ms/batch | loss  5.32 |   204.27 ppl
| epoch 4.000000 | 9000.000000/12797.171429 batches | lr 5.00 |  8.97 ms/batch | loss  5.31 |   202.60 ppl
| epoch 4.000000 | 9200.000000/12797.171429 batches | lr 5.00 |  8.96 ms/batch | loss  5.31 |   202.61 ppl
| epoch 4.000000 | 9400.000000/12797.171429 batches | lr 5.00 |  8.97 ms/batch | loss  5.30 |   200.45 ppl
| epoch 4.000000 | 9600.000000/12797.171429 batches | lr 5.00 |  8.97 ms/batch | loss  5.32 |   204.72 ppl
| epoch 4.000000 | 9800.000000/12797.171429 batches | lr 5.00 |  8.97 ms/batch | loss  5.33 |   205.98 ppl
| epoch 4.000000 | 10000.000000/12797.171429 batches | lr 5.00 |  8.97 ms/batch | loss  5.33 |   205.90 ppl
| epoch 4.000000 | 10200.000000/12797.171429 batches | lr 5.00 |  8.96 ms/batch | loss  5.29 |   197.56 ppl
| epoch 4.000000 | 10400.000000/12797.171429 batches | lr 5.00 |  8.97 ms/batch | loss  5.29 |   199.04 ppl
| epoch 4.000000 | 10600.000000/12797.171429 batches | lr 5.00 |  8.97 ms/batch | loss  5.28 |   196.42 ppl
| epoch 4.000000 | 10800.000000/12797.171429 batches | lr 5.00 |  8.96 ms/batch | loss  5.28 |   197.22 ppl
| epoch 4.000000 | 11000.000000/12797.171429 batches | lr 5.00 |  8.97 ms/batch | loss  5.29 |   198.40 ppl
| epoch 4.000000 | 11200.000000/12797.171429 batches | lr 5.00 |  8.97 ms/batch | loss  5.25 |   191.08 ppl
| epoch 4.000000 | 11400.000000/12797.171429 batches | lr 5.00 |  8.97 ms/batch | loss  5.32 |   203.48 ppl
| epoch 4.000000 | 11600.000000/12797.171429 batches | lr 5.00 |  8.97 ms/batch | loss  5.28 |   196.33 ppl
| epoch 4.000000 | 11800.000000/12797.171429 batches | lr 5.00 |  8.97 ms/batch | loss  5.30 |   200.19 ppl
| epoch 4.000000 | 12000.000000/12797.171429 batches | lr 5.00 |  8.97 ms/batch | loss  5.28 |   196.73 ppl
| epoch 4.000000 | 12200.000000/12797.171429 batches | lr 5.00 |  8.97 ms/batch | loss  5.26 |   192.49 ppl
| epoch 4.000000 | 12400.000000/12797.171429 batches | lr 5.00 |  8.97 ms/batch | loss  5.29 |   198.75 ppl
| epoch 4.000000 | 12600.000000/12797.171429 batches | lr 5.00 |  8.97 ms/batch | loss  5.24 |   188.63 ppl
-----------------------------------------------------------------------------------------
| end of epoch   4 | time: 116.40s | valid loss  5.39 | valid ppl   218.38
-----------------------------------------------------------------------------------------

| epoch 5.000000 | 200.000000/12797.171429 batches | lr 5.00 |  9.01 ms/batch | loss  5.29 |   198.52 ppl
| epoch 5.000000 | 400.000000/12797.171429 batches | lr 5.00 |  8.98 ms/batch | loss  5.31 |   202.95 ppl
| epoch 5.000000 | 600.000000/12797.171429 batches | lr 5.00 |  8.97 ms/batch | loss  5.26 |   192.04 ppl
| epoch 5.000000 | 800.000000/12797.171429 batches | lr 5.00 |  8.97 ms/batch | loss  5.30 |   200.46 ppl
| epoch 5.000000 | 1000.000000/12797.171429 batches | lr 5.00 |  8.97 ms/batch | loss  5.28 |   196.00 ppl
| epoch 5.000000 | 1200.000000/12797.171429 batches | lr 5.00 |  8.97 ms/batch | loss  5.30 |   200.31 ppl
| epoch 5.000000 | 1400.000000/12797.171429 batches | lr 5.00 |  8.97 ms/batch | loss  5.33 |   205.69 ppl
| epoch 5.000000 | 1600.000000/12797.171429 batches | lr 5.00 |  8.97 ms/batch | loss  5.29 |   197.50 ppl
| epoch 5.000000 | 1800.000000/12797.171429 batches | lr 5.00 |  8.97 ms/batch | loss  5.30 |   200.32 ppl
| epoch 5.000000 | 2000.000000/12797.171429 batches | lr 5.00 |  8.97 ms/batch | loss  5.27 |   194.72 ppl
| epoch 5.000000 | 2200.000000/12797.171429 batches | lr 5.00 |  8.97 ms/batch | loss  5.27 |   195.39 ppl
| epoch 5.000000 | 2400.000000/12797.171429 batches | lr 5.00 |  8.97 ms/batch | loss  5.27 |   193.85 ppl
| epoch 5.000000 | 2600.000000/12797.171429 batches | lr 5.00 |  8.97 ms/batch | loss  5.27 |   195.12 ppl
| epoch 5.000000 | 2800.000000/12797.171429 batches | lr 5.00 |  8.97 ms/batch | loss  5.31 |   202.76 ppl
| epoch 5.000000 | 3000.000000/12797.171429 batches | lr 5.00 |  8.97 ms/batch | loss  5.24 |   189.18 ppl
| epoch 5.000000 | 3200.000000/12797.171429 batches | lr 5.00 |  8.98 ms/batch | loss  5.28 |   195.71 ppl
| epoch 5.000000 | 3400.000000/12797.171429 batches | lr 5.00 |  8.97 ms/batch | loss  5.29 |   199.21 ppl
| epoch 5.000000 | 3600.000000/12797.171429 batches | lr 5.00 |  8.97 ms/batch | loss  5.27 |   194.41 ppl
| epoch 5.000000 | 3800.000000/12797.171429 batches | lr 5.00 |  8.97 ms/batch | loss  5.25 |   189.69 ppl
| epoch 5.000000 | 4000.000000/12797.171429 batches | lr 5.00 |  8.97 ms/batch | loss  5.25 |   191.36 ppl
| epoch 5.000000 | 4200.000000/12797.171429 batches | lr 5.00 |  8.97 ms/batch | loss  5.26 |   191.93 ppl
| epoch 5.000000 | 4400.000000/12797.171429 batches | lr 5.00 |  8.98 ms/batch | loss  5.28 |   195.67 ppl
| epoch 5.000000 | 4600.000000/12797.171429 batches | lr 5.00 |  8.97 ms/batch | loss  5.27 |   193.59 ppl
| epoch 5.000000 | 4800.000000/12797.171429 batches | lr 5.00 |  8.97 ms/batch | loss  5.24 |   189.50 ppl
| epoch 5.000000 | 5000.000000/12797.171429 batches | lr 5.00 |  8.97 ms/batch | loss  5.27 |   194.97 ppl
| epoch 5.000000 | 5200.000000/12797.171429 batches | lr 5.00 |  8.97 ms/batch | loss  5.28 |   196.49 ppl
| epoch 5.000000 | 5400.000000/12797.171429 batches | lr 5.00 |  8.98 ms/batch | loss  5.26 |   192.07 ppl
| epoch 5.000000 | 5600.000000/12797.171429 batches | lr 5.00 |  8.97 ms/batch | loss  5.23 |   186.31 ppl
| epoch 5.000000 | 5800.000000/12797.171429 batches | lr 5.00 |  8.97 ms/batch | loss  5.25 |   189.95 ppl
| epoch 5.000000 | 6000.000000/12797.171429 batches | lr 5.00 |  8.96 ms/batch | loss  5.23 |   186.68 ppl
| epoch 5.000000 | 6200.000000/12797.171429 batches | lr 5.00 |  8.97 ms/batch | loss  5.22 |   185.24 ppl
| epoch 5.000000 | 6400.000000/12797.171429 batches | lr 5.00 |  8.97 ms/batch | loss  5.24 |   189.45 ppl
| epoch 5.000000 | 6600.000000/12797.171429 batches | lr 5.00 |  8.96 ms/batch | loss  5.25 |   191.03 ppl
| epoch 5.000000 | 6800.000000/12797.171429 batches | lr 5.00 |  8.97 ms/batch | loss  5.25 |   190.08 ppl
| epoch 5.000000 | 7000.000000/12797.171429 batches | lr 5.00 |  8.97 ms/batch | loss  5.25 |   190.47 ppl
| epoch 5.000000 | 7200.000000/12797.171429 batches | lr 5.00 |  8.97 ms/batch | loss  5.29 |   198.41 ppl
| epoch 5.000000 | 7400.000000/12797.171429 batches | lr 5.00 |  8.97 ms/batch | loss  5.28 |   196.76 ppl
| epoch 5.000000 | 7600.000000/12797.171429 batches | lr 5.00 |  8.97 ms/batch | loss  5.29 |   198.12 ppl
| epoch 5.000000 | 7800.000000/12797.171429 batches | lr 5.00 |  8.96 ms/batch | loss  5.26 |   191.93 ppl
| epoch 5.000000 | 8000.000000/12797.171429 batches | lr 5.00 |  8.97 ms/batch | loss  5.28 |   195.53 ppl
| epoch 5.000000 | 8200.000000/12797.171429 batches | lr 5.00 |  8.97 ms/batch | loss  5.25 |   189.81 ppl
| epoch 5.000000 | 8400.000000/12797.171429 batches | lr 5.00 |  8.97 ms/batch | loss  5.22 |   185.86 ppl
| epoch 5.000000 | 8600.000000/12797.171429 batches | lr 5.00 |  8.97 ms/batch | loss  5.26 |   192.68 ppl
| epoch 5.000000 | 8800.000000/12797.171429 batches | lr 5.00 |  8.97 ms/batch | loss  5.26 |   191.60 ppl
| epoch 5.000000 | 9000.000000/12797.171429 batches | lr 5.00 |  8.97 ms/batch | loss  5.25 |   190.34 ppl
| epoch 5.000000 | 9200.000000/12797.171429 batches | lr 5.00 |  8.97 ms/batch | loss  5.25 |   190.38 ppl
| epoch 5.000000 | 9400.000000/12797.171429 batches | lr 5.00 |  8.97 ms/batch | loss  5.24 |   188.61 ppl
| epoch 5.000000 | 9600.000000/12797.171429 batches | lr 5.00 |  8.97 ms/batch | loss  5.26 |   192.41 ppl
| epoch 5.000000 | 9800.000000/12797.171429 batches | lr 5.00 |  8.97 ms/batch | loss  5.27 |   193.79 ppl
| epoch 5.000000 | 10000.000000/12797.171429 batches | lr 5.00 |  8.97 ms/batch | loss  5.27 |   194.69 ppl
| epoch 5.000000 | 10200.000000/12797.171429 batches | lr 5.00 |  8.97 ms/batch | loss  5.23 |   186.96 ppl
| epoch 5.000000 | 10400.000000/12797.171429 batches | lr 5.00 |  8.97 ms/batch | loss  5.23 |   187.37 ppl
| epoch 5.000000 | 10600.000000/12797.171429 batches | lr 5.00 |  8.97 ms/batch | loss  5.22 |   185.71 ppl
| epoch 5.000000 | 10800.000000/12797.171429 batches | lr 5.00 |  8.97 ms/batch | loss  5.23 |   186.29 ppl
| epoch 5.000000 | 11000.000000/12797.171429 batches | lr 5.00 |  8.97 ms/batch | loss  5.24 |   188.15 ppl
| epoch 5.000000 | 11200.000000/12797.171429 batches | lr 5.00 |  8.97 ms/batch | loss  5.20 |   181.88 ppl
| epoch 5.000000 | 11400.000000/12797.171429 batches | lr 5.00 |  8.97 ms/batch | loss  5.27 |   193.76 ppl
| epoch 5.000000 | 11600.000000/12797.171429 batches | lr 5.00 |  8.97 ms/batch | loss  5.23 |   186.74 ppl
| epoch 5.000000 | 11800.000000/12797.171429 batches | lr 5.00 |  8.97 ms/batch | loss  5.25 |   189.96 ppl
| epoch 5.000000 | 12000.000000/12797.171429 batches | lr 5.00 |  8.97 ms/batch | loss  5.23 |   187.16 ppl
| epoch 5.000000 | 12200.000000/12797.171429 batches | lr 5.00 |  8.97 ms/batch | loss  5.21 |   182.74 ppl
| epoch 5.000000 | 12400.000000/12797.171429 batches | lr 5.00 |  8.97 ms/batch | loss  5.24 |   189.55 ppl
| epoch 5.000000 | 12600.000000/12797.171429 batches | lr 5.00 |  8.96 ms/batch | loss  5.19 |   179.43 ppl
-----------------------------------------------------------------------------------------
| end of epoch   5 | time: 116.40s | valid loss  5.34 | valid ppl   208.32
-----------------------------------------------------------------------------------------

| epoch 6.000000 | 200.000000/12797.171429 batches | lr 5.00 |  9.02 ms/batch | loss  5.24 |   188.66 ppl
| epoch 6.000000 | 400.000000/12797.171429 batches | lr 5.00 |  8.97 ms/batch | loss  5.26 |   192.28 ppl
| epoch 6.000000 | 600.000000/12797.171429 batches | lr 5.00 |  8.97 ms/batch | loss  5.21 |   182.78 ppl
| epoch 6.000000 | 800.000000/12797.171429 batches | lr 5.00 |  8.97 ms/batch | loss  5.25 |   190.41 ppl
| epoch 6.000000 | 1000.000000/12797.171429 batches | lr 5.00 |  8.97 ms/batch | loss  5.23 |   186.12 ppl
| epoch 6.000000 | 1200.000000/12797.171429 batches | lr 5.00 |  8.97 ms/batch | loss  5.25 |   191.28 ppl
| epoch 6.000000 | 1400.000000/12797.171429 batches | lr 5.00 |  8.97 ms/batch | loss  5.28 |   196.22 ppl
| epoch 6.000000 | 1600.000000/12797.171429 batches | lr 5.00 |  8.97 ms/batch | loss  5.24 |   188.18 ppl
| epoch 6.000000 | 1800.000000/12797.171429 batches | lr 5.00 |  8.97 ms/batch | loss  5.25 |   190.53 ppl
| epoch 6.000000 | 2000.000000/12797.171429 batches | lr 5.00 |  8.97 ms/batch | loss  5.22 |   185.85 ppl
| epoch 6.000000 | 2200.000000/12797.171429 batches | lr 5.00 |  8.97 ms/batch | loss  5.23 |   186.25 ppl
| epoch 6.000000 | 2400.000000/12797.171429 batches | lr 5.00 |  8.97 ms/batch | loss  5.22 |   185.56 ppl
| epoch 6.000000 | 2600.000000/12797.171429 batches | lr 5.00 |  8.97 ms/batch | loss  5.23 |   185.90 ppl
| epoch 6.000000 | 2800.000000/12797.171429 batches | lr 5.00 |  8.97 ms/batch | loss  5.27 |   194.03 ppl
| epoch 6.000000 | 3000.000000/12797.171429 batches | lr 5.00 |  8.97 ms/batch | loss  5.20 |   180.50 ppl
| epoch 6.000000 | 3200.000000/12797.171429 batches | lr 5.00 |  8.97 ms/batch | loss  5.23 |   187.45 ppl
| epoch 6.000000 | 3400.000000/12797.171429 batches | lr 5.00 |  8.97 ms/batch | loss  5.25 |   189.84 ppl
| epoch 6.000000 | 3600.000000/12797.171429 batches | lr 5.00 |  8.97 ms/batch | loss  5.23 |   185.94 ppl
| epoch 6.000000 | 3800.000000/12797.171429 batches | lr 5.00 |  8.97 ms/batch | loss  5.20 |   181.29 ppl
| epoch 6.000000 | 4000.000000/12797.171429 batches | lr 5.00 |  8.97 ms/batch | loss  5.21 |   183.44 ppl
| epoch 6.000000 | 4200.000000/12797.171429 batches | lr 5.00 |  8.97 ms/batch | loss  5.22 |   184.06 ppl
| epoch 6.000000 | 4400.000000/12797.171429 batches | lr 5.00 |  8.97 ms/batch | loss  5.24 |   188.10 ppl
| epoch 6.000000 | 4600.000000/12797.171429 batches | lr 5.00 |  8.97 ms/batch | loss  5.23 |   186.03 ppl
| epoch 6.000000 | 4800.000000/12797.171429 batches | lr 5.00 |  8.97 ms/batch | loss  5.20 |   181.66 ppl
| epoch 6.000000 | 5000.000000/12797.171429 batches | lr 5.00 |  8.97 ms/batch | loss  5.23 |   186.87 ppl
| epoch 6.000000 | 5200.000000/12797.171429 batches | lr 5.00 |  8.97 ms/batch | loss  5.24 |   189.35 ppl
| epoch 6.000000 | 5400.000000/12797.171429 batches | lr 5.00 |  8.97 ms/batch | loss  5.22 |   184.53 ppl
| epoch 6.000000 | 5600.000000/12797.171429 batches | lr 5.00 |  8.97 ms/batch | loss  5.19 |   178.81 ppl
| epoch 6.000000 | 5800.000000/12797.171429 batches | lr 5.00 |  8.97 ms/batch | loss  5.21 |   182.63 ppl
| epoch 6.000000 | 6000.000000/12797.171429 batches | lr 5.00 |  8.97 ms/batch | loss  5.19 |   179.42 ppl
| epoch 6.000000 | 6200.000000/12797.171429 batches | lr 5.00 |  8.97 ms/batch | loss  5.18 |   177.42 ppl
| epoch 6.000000 | 6400.000000/12797.171429 batches | lr 5.00 |  8.97 ms/batch | loss  5.20 |   182.09 ppl
| epoch 6.000000 | 6600.000000/12797.171429 batches | lr 5.00 |  8.97 ms/batch | loss  5.21 |   183.56 ppl
| epoch 6.000000 | 6800.000000/12797.171429 batches | lr 5.00 |  8.97 ms/batch | loss  5.21 |   183.02 ppl
| epoch 6.000000 | 7000.000000/12797.171429 batches | lr 5.00 |  8.97 ms/batch | loss  5.21 |   183.42 ppl
| epoch 6.000000 | 7200.000000/12797.171429 batches | lr 5.00 |  8.97 ms/batch | loss  5.25 |   190.72 ppl
| epoch 6.000000 | 7400.000000/12797.171429 batches | lr 5.00 |  8.97 ms/batch | loss  5.24 |   189.37 ppl
| epoch 6.000000 | 7600.000000/12797.171429 batches | lr 5.00 |  8.97 ms/batch | loss  5.25 |   190.68 ppl
| epoch 6.000000 | 7800.000000/12797.171429 batches | lr 5.00 |  8.97 ms/batch | loss  5.22 |   184.60 ppl
| epoch 6.000000 | 8000.000000/12797.171429 batches | lr 5.00 |  8.97 ms/batch | loss  5.24 |   188.85 ppl
| epoch 6.000000 | 8200.000000/12797.171429 batches | lr 5.00 |  8.97 ms/batch | loss  5.21 |   182.70 ppl
| epoch 6.000000 | 8400.000000/12797.171429 batches | lr 5.00 |  8.97 ms/batch | loss  5.19 |   179.77 ppl
| epoch 6.000000 | 8600.000000/12797.171429 batches | lr 5.00 |  8.97 ms/batch | loss  5.22 |   185.77 ppl
| epoch 6.000000 | 8800.000000/12797.171429 batches | lr 5.00 |  8.97 ms/batch | loss  5.21 |   183.94 ppl
| epoch 6.000000 | 9000.000000/12797.171429 batches | lr 5.00 |  8.97 ms/batch | loss  5.21 |   183.17 ppl
| epoch 6.000000 | 9200.000000/12797.171429 batches | lr 5.00 |  8.96 ms/batch | loss  5.21 |   183.45 ppl
| epoch 6.000000 | 9400.000000/12797.171429 batches | lr 5.00 |  8.97 ms/batch | loss  5.20 |   181.57 ppl
| epoch 6.000000 | 9600.000000/12797.171429 batches | lr 5.00 |  8.97 ms/batch | loss  5.22 |   185.57 ppl
| epoch 6.000000 | 9800.000000/12797.171429 batches | lr 5.00 |  8.97 ms/batch | loss  5.23 |   187.31 ppl
| epoch 6.000000 | 10000.000000/12797.171429 batches | lr 5.00 |  8.97 ms/batch | loss  5.24 |   187.79 ppl
| epoch 6.000000 | 10200.000000/12797.171429 batches | lr 5.00 |  8.97 ms/batch | loss  5.20 |   180.51 ppl
| epoch 6.000000 | 10400.000000/12797.171429 batches | lr 5.00 |  8.97 ms/batch | loss  5.20 |   181.43 ppl
| epoch 6.000000 | 10600.000000/12797.171429 batches | lr 5.00 |  8.97 ms/batch | loss  5.19 |   179.58 ppl
| epoch 6.000000 | 10800.000000/12797.171429 batches | lr 5.00 |  8.97 ms/batch | loss  5.19 |   179.88 ppl
| epoch 6.000000 | 11000.000000/12797.171429 batches | lr 5.00 |  8.97 ms/batch | loss  5.21 |   182.33 ppl
| epoch 6.000000 | 11200.000000/12797.171429 batches | lr 5.00 |  8.97 ms/batch | loss  5.17 |   175.57 ppl
| epoch 6.000000 | 11400.000000/12797.171429 batches | lr 5.00 |  8.97 ms/batch | loss  5.23 |   187.29 ppl
| epoch 6.000000 | 11600.000000/12797.171429 batches | lr 5.00 |  8.97 ms/batch | loss  5.20 |   180.75 ppl
| epoch 6.000000 | 11800.000000/12797.171429 batches | lr 5.00 |  8.96 ms/batch | loss  5.21 |   183.99 ppl
| epoch 6.000000 | 12000.000000/12797.171429 batches | lr 5.00 |  8.97 ms/batch | loss  5.20 |   181.04 ppl
| epoch 6.000000 | 12200.000000/12797.171429 batches | lr 5.00 |  8.96 ms/batch | loss  5.17 |   176.76 ppl
| epoch 6.000000 | 12400.000000/12797.171429 batches | lr 5.00 |  8.97 ms/batch | loss  5.21 |   183.84 ppl
| epoch 6.000000 | 12600.000000/12797.171429 batches | lr 5.00 |  8.97 ms/batch | loss  5.16 |   173.96 ppl
-----------------------------------------------------------------------------------------
| end of epoch   6 | time: 116.40s | valid loss  5.32 | valid ppl   205.00
-----------------------------------------------------------------------------------------

| epoch 7.000000 | 200.000000/12797.171429 batches | lr 5.00 |  9.01 ms/batch | loss  5.21 |   182.46 ppl
| epoch 7.000000 | 400.000000/12797.171429 batches | lr 5.00 |  8.97 ms/batch | loss  5.23 |   186.12 ppl
| epoch 7.000000 | 600.000000/12797.171429 batches | lr 5.00 |  8.96 ms/batch | loss  5.18 |   176.88 ppl
| epoch 7.000000 | 800.000000/12797.171429 batches | lr 5.00 |  8.96 ms/batch | loss  5.22 |   184.47 ppl
| epoch 7.000000 | 1000.000000/12797.171429 batches | lr 5.00 |  8.97 ms/batch | loss  5.20 |   180.61 ppl
| epoch 7.000000 | 1200.000000/12797.171429 batches | lr 5.00 |  8.97 ms/batch | loss  5.22 |   185.11 ppl
| epoch 7.000000 | 1400.000000/12797.171429 batches | lr 5.00 |  8.96 ms/batch | loss  5.25 |   189.85 ppl
| epoch 7.000000 | 1600.000000/12797.171429 batches | lr 5.00 |  8.97 ms/batch | loss  5.21 |   182.51 ppl
| epoch 7.000000 | 1800.000000/12797.171429 batches | lr 5.00 |  8.96 ms/batch | loss  5.22 |   184.97 ppl
| epoch 7.000000 | 2000.000000/12797.171429 batches | lr 5.00 |  8.97 ms/batch | loss  5.20 |   180.42 ppl
| epoch 7.000000 | 2200.000000/12797.171429 batches | lr 5.00 |  8.96 ms/batch | loss  5.20 |   180.83 ppl
| epoch 7.000000 | 2400.000000/12797.171429 batches | lr 5.00 |  8.96 ms/batch | loss  5.19 |   179.74 ppl
| epoch 7.000000 | 2600.000000/12797.171429 batches | lr 5.00 |  8.96 ms/batch | loss  5.20 |   180.52 ppl
| epoch 7.000000 | 2800.000000/12797.171429 batches | lr 5.00 |  8.96 ms/batch | loss  5.24 |   188.68 ppl
| epoch 7.000000 | 3000.000000/12797.171429 batches | lr 5.00 |  8.97 ms/batch | loss  5.17 |   175.75 ppl
| epoch 7.000000 | 3200.000000/12797.171429 batches | lr 5.00 |  8.96 ms/batch | loss  5.20 |   181.49 ppl
| epoch 7.000000 | 3400.000000/12797.171429 batches | lr 5.00 |  8.97 ms/batch | loss  5.22 |   184.40 ppl
| epoch 7.000000 | 3600.000000/12797.171429 batches | lr 5.00 |  8.97 ms/batch | loss  5.20 |   180.80 ppl
| epoch 7.000000 | 3800.000000/12797.171429 batches | lr 5.00 |  8.97 ms/batch | loss  5.17 |   176.21 ppl
| epoch 7.000000 | 4000.000000/12797.171429 batches | lr 5.00 |  8.96 ms/batch | loss  5.18 |   178.06 ppl
| epoch 7.000000 | 4200.000000/12797.171429 batches | lr 5.00 |  8.96 ms/batch | loss  5.19 |   178.76 ppl
| epoch 7.000000 | 4400.000000/12797.171429 batches | lr 5.00 |  8.97 ms/batch | loss  5.21 |   182.91 ppl
| epoch 7.000000 | 4600.000000/12797.171429 batches | lr 5.00 |  8.96 ms/batch | loss  5.20 |   180.42 ppl
| epoch 7.000000 | 4800.000000/12797.171429 batches | lr 5.00 |  8.97 ms/batch | loss  5.17 |   176.37 ppl
| epoch 7.000000 | 5000.000000/12797.171429 batches | lr 5.00 |  8.96 ms/batch | loss  5.20 |   181.35 ppl
| epoch 7.000000 | 5200.000000/12797.171429 batches | lr 5.00 |  8.96 ms/batch | loss  5.21 |   183.76 ppl
| epoch 7.000000 | 5400.000000/12797.171429 batches | lr 5.00 |  8.96 ms/batch | loss  5.19 |   179.34 ppl
| epoch 7.000000 | 5600.000000/12797.171429 batches | lr 5.00 |  8.97 ms/batch | loss  5.16 |   174.59 ppl
| epoch 7.000000 | 5800.000000/12797.171429 batches | lr 5.00 |  8.96 ms/batch | loss  5.18 |   177.48 ppl
| epoch 7.000000 | 6000.000000/12797.171429 batches | lr 5.00 |  8.96 ms/batch | loss  5.16 |   174.59 ppl
| epoch 7.000000 | 6200.000000/12797.171429 batches | lr 5.00 |  8.97 ms/batch | loss  5.15 |   173.08 ppl
| epoch 7.000000 | 6400.000000/12797.171429 batches | lr 5.00 |  8.97 ms/batch | loss  5.18 |   176.96 ppl
| epoch 7.000000 | 6600.000000/12797.171429 batches | lr 5.00 |  8.96 ms/batch | loss  5.18 |   178.50 ppl
| epoch 7.000000 | 6800.000000/12797.171429 batches | lr 5.00 |  8.96 ms/batch | loss  5.18 |   178.36 ppl
| epoch 7.000000 | 7000.000000/12797.171429 batches | lr 5.00 |  8.96 ms/batch | loss  5.18 |   178.51 ppl
| epoch 7.000000 | 7200.000000/12797.171429 batches | lr 5.00 |  8.96 ms/batch | loss  5.22 |   185.49 ppl
| epoch 7.000000 | 7400.000000/12797.171429 batches | lr 5.00 |  8.96 ms/batch | loss  5.22 |   184.64 ppl
| epoch 7.000000 | 7600.000000/12797.171429 batches | lr 5.00 |  8.97 ms/batch | loss  5.23 |   186.24 ppl
| epoch 7.000000 | 7800.000000/12797.171429 batches | lr 5.00 |  8.96 ms/batch | loss  5.19 |   179.60 ppl
| epoch 7.000000 | 8000.000000/12797.171429 batches | lr 5.00 |  8.97 ms/batch | loss  5.21 |   183.45 ppl
| epoch 7.000000 | 8200.000000/12797.171429 batches | lr 5.00 |  8.96 ms/batch | loss  5.18 |   178.19 ppl
| epoch 7.000000 | 8400.000000/12797.171429 batches | lr 5.00 |  8.96 ms/batch | loss  5.16 |   175.03 ppl
| epoch 7.000000 | 8600.000000/12797.171429 batches | lr 5.00 |  8.96 ms/batch | loss  5.20 |   180.90 ppl
| epoch 7.000000 | 8800.000000/12797.171429 batches | lr 5.00 |  8.96 ms/batch | loss  5.19 |   179.36 ppl
| epoch 7.000000 | 9000.000000/12797.171429 batches | lr 5.00 |  8.97 ms/batch | loss  5.18 |   178.42 ppl
| epoch 7.000000 | 9200.000000/12797.171429 batches | lr 5.00 |  8.96 ms/batch | loss  5.19 |   179.17 ppl
| epoch 7.000000 | 9400.000000/12797.171429 batches | lr 5.00 |  8.97 ms/batch | loss  5.18 |   177.01 ppl
| epoch 7.000000 | 9600.000000/12797.171429 batches | lr 5.00 |  8.96 ms/batch | loss  5.20 |   181.42 ppl
| epoch 7.000000 | 9800.000000/12797.171429 batches | lr 5.00 |  8.97 ms/batch | loss  5.21 |   182.45 ppl
| epoch 7.000000 | 10000.000000/12797.171429 batches | lr 5.00 |  8.96 ms/batch | loss  5.21 |   183.24 ppl
| epoch 7.000000 | 10200.000000/12797.171429 batches | lr 5.00 |  8.97 ms/batch | loss  5.17 |   175.27 ppl
| epoch 7.000000 | 10400.000000/12797.171429 batches | lr 5.00 |  8.97 ms/batch | loss  5.17 |   176.69 ppl
| epoch 7.000000 | 10600.000000/12797.171429 batches | lr 5.00 |  8.96 ms/batch | loss  5.17 |   175.34 ppl
| epoch 7.000000 | 10800.000000/12797.171429 batches | lr 5.00 |  8.97 ms/batch | loss  5.17 |   175.66 ppl
| epoch 7.000000 | 11000.000000/12797.171429 batches | lr 5.00 |  8.96 ms/batch | loss  5.18 |   177.66 ppl
| epoch 7.000000 | 11200.000000/12797.171429 batches | lr 5.00 |  8.96 ms/batch | loss  5.14 |   170.88 ppl
| epoch 7.000000 | 11400.000000/12797.171429 batches | lr 5.00 |  8.97 ms/batch | loss  5.21 |   182.62 ppl
| epoch 7.000000 | 11600.000000/12797.171429 batches | lr 5.00 |  8.96 ms/batch | loss  5.17 |   176.11 ppl
| epoch 7.000000 | 11800.000000/12797.171429 batches | lr 5.00 |  8.96 ms/batch | loss  5.19 |   179.24 ppl
| epoch 7.000000 | 12000.000000/12797.171429 batches | lr 5.00 |  8.96 ms/batch | loss  5.18 |   177.02 ppl
| epoch 7.000000 | 12200.000000/12797.171429 batches | lr 5.00 |  8.96 ms/batch | loss  5.15 |   172.59 ppl
| epoch 7.000000 | 12400.000000/12797.171429 batches | lr 5.00 |  8.96 ms/batch | loss  5.19 |   179.90 ppl
| epoch 7.000000 | 12600.000000/12797.171429 batches | lr 5.00 |  8.96 ms/batch | loss  5.13 |   169.69 ppl
-----------------------------------------------------------------------------------------
| end of epoch   7 | time: 116.34s | valid loss  5.30 | valid ppl   200.16
-----------------------------------------------------------------------------------------

| epoch 8.000000 | 200.000000/12797.171429 batches | lr 5.00 |  9.01 ms/batch | loss  5.18 |   177.58 ppl
| epoch 8.000000 | 400.000000/12797.171429 batches | lr 5.00 |  8.96 ms/batch | loss  5.20 |   181.76 ppl
| epoch 8.000000 | 600.000000/12797.171429 batches | lr 5.00 |  8.96 ms/batch | loss  5.15 |   172.44 ppl
| epoch 8.000000 | 800.000000/12797.171429 batches | lr 5.00 |  8.99 ms/batch | loss  5.19 |   179.32 ppl
| epoch 8.000000 | 1000.000000/12797.171429 batches | lr 5.00 |  8.97 ms/batch | loss  5.17 |   176.03 ppl
| epoch 8.000000 | 1200.000000/12797.171429 batches | lr 5.00 |  8.96 ms/batch | loss  5.20 |   180.65 ppl
| epoch 8.000000 | 1400.000000/12797.171429 batches | lr 5.00 |  8.96 ms/batch | loss  5.22 |   184.77 ppl
| epoch 8.000000 | 1600.000000/12797.171429 batches | lr 5.00 |  8.96 ms/batch | loss  5.18 |   178.07 ppl
| epoch 8.000000 | 1800.000000/12797.171429 batches | lr 5.00 |  8.96 ms/batch | loss  5.19 |   180.24 ppl
| epoch 8.000000 | 2000.000000/12797.171429 batches | lr 5.00 |  8.96 ms/batch | loss  5.17 |   175.64 ppl
| epoch 8.000000 | 2200.000000/12797.171429 batches | lr 5.00 |  8.96 ms/batch | loss  5.17 |   176.48 ppl
| epoch 8.000000 | 2400.000000/12797.171429 batches | lr 5.00 |  8.96 ms/batch | loss  5.17 |   176.07 ppl
| epoch 8.000000 | 2600.000000/12797.171429 batches | lr 5.00 |  8.96 ms/batch | loss  5.17 |   175.60 ppl
| epoch 8.000000 | 2800.000000/12797.171429 batches | lr 5.00 |  8.96 ms/batch | loss  5.21 |   183.75 ppl
| epoch 8.000000 | 3000.000000/12797.171429 batches | lr 5.00 |  8.96 ms/batch | loss  5.15 |   171.67 ppl
| epoch 8.000000 | 3200.000000/12797.171429 batches | lr 5.00 |  8.96 ms/batch | loss  5.18 |   177.09 ppl
| epoch 8.000000 | 3400.000000/12797.171429 batches | lr 5.00 |  8.97 ms/batch | loss  5.19 |   180.08 ppl
| epoch 8.000000 | 3600.000000/12797.171429 batches | lr 5.00 |  8.96 ms/batch | loss  5.17 |   176.32 ppl
| epoch 8.000000 | 3800.000000/12797.171429 batches | lr 5.00 |  8.96 ms/batch | loss  5.15 |   171.79 ppl
| epoch 8.000000 | 4000.000000/12797.171429 batches | lr 5.00 |  8.97 ms/batch | loss  5.16 |   173.91 ppl
| epoch 8.000000 | 4200.000000/12797.171429 batches | lr 5.00 |  8.97 ms/batch | loss  5.16 |   174.99 ppl
| epoch 8.000000 | 4400.000000/12797.171429 batches | lr 5.00 |  8.96 ms/batch | loss  5.19 |   178.60 ppl
| epoch 8.000000 | 4600.000000/12797.171429 batches | lr 5.00 |  8.96 ms/batch | loss  5.17 |   176.35 ppl
| epoch 8.000000 | 4800.000000/12797.171429 batches | lr 5.00 |  8.96 ms/batch | loss  5.15 |   172.97 ppl
| epoch 8.000000 | 5000.000000/12797.171429 batches | lr 5.00 |  8.96 ms/batch | loss  5.18 |   177.96 ppl
| epoch 8.000000 | 5200.000000/12797.171429 batches | lr 5.00 |  8.96 ms/batch | loss  5.19 |   179.54 ppl
| epoch 8.000000 | 5400.000000/12797.171429 batches | lr 5.00 |  8.97 ms/batch | loss  5.17 |   175.17 ppl
| epoch 8.000000 | 5600.000000/12797.171429 batches | lr 5.00 |  8.97 ms/batch | loss  5.14 |   170.54 ppl
| epoch 8.000000 | 5800.000000/12797.171429 batches | lr 5.00 |  8.96 ms/batch | loss  5.16 |   173.61 ppl
| epoch 8.000000 | 6000.000000/12797.171429 batches | lr 5.00 |  8.96 ms/batch | loss  5.14 |   170.35 ppl
| epoch 8.000000 | 6200.000000/12797.171429 batches | lr 5.00 |  8.97 ms/batch | loss  5.13 |   169.20 ppl
| epoch 8.000000 | 6400.000000/12797.171429 batches | lr 5.00 |  8.96 ms/batch | loss  5.15 |   173.29 ppl
| epoch 8.000000 | 6600.000000/12797.171429 batches | lr 5.00 |  8.96 ms/batch | loss  5.16 |   174.69 ppl
| epoch 8.000000 | 6800.000000/12797.171429 batches | lr 5.00 |  8.96 ms/batch | loss  5.16 |   174.34 ppl
| epoch 8.000000 | 7000.000000/12797.171429 batches | lr 5.00 |  8.96 ms/batch | loss  5.16 |   174.82 ppl
| epoch 8.000000 | 7200.000000/12797.171429 batches | lr 5.00 |  8.96 ms/batch | loss  5.20 |   181.50 ppl
| epoch 8.000000 | 7400.000000/12797.171429 batches | lr 5.00 |  8.96 ms/batch | loss  5.19 |   180.09 ppl
| epoch 8.000000 | 7600.000000/12797.171429 batches | lr 5.00 |  8.96 ms/batch | loss  5.21 |   182.40 ppl
| epoch 8.000000 | 7800.000000/12797.171429 batches | lr 5.00 |  8.96 ms/batch | loss  5.17 |   175.78 ppl
| epoch 8.000000 | 8000.000000/12797.171429 batches | lr 5.00 |  8.96 ms/batch | loss  5.19 |   179.45 ppl
| epoch 8.000000 | 8200.000000/12797.171429 batches | lr 5.00 |  8.97 ms/batch | loss  5.16 |   173.84 ppl
| epoch 8.000000 | 8400.000000/12797.171429 batches | lr 5.00 |  8.96 ms/batch | loss  5.14 |   170.79 ppl
| epoch 8.000000 | 8600.000000/12797.171429 batches | lr 5.00 |  8.96 ms/batch | loss  5.18 |   177.39 ppl
| epoch 8.000000 | 8800.000000/12797.171429 batches | lr 5.00 |  8.97 ms/batch | loss  5.16 |   175.01 ppl
| epoch 8.000000 | 9000.000000/12797.171429 batches | lr 5.00 |  8.96 ms/batch | loss  5.17 |   175.05 ppl
| epoch 8.000000 | 9200.000000/12797.171429 batches | lr 5.00 |  8.96 ms/batch | loss  5.17 |   175.30 ppl
| epoch 8.000000 | 9400.000000/12797.171429 batches | lr 5.00 |  8.97 ms/batch | loss  5.16 |   173.63 ppl
| epoch 8.000000 | 9600.000000/12797.171429 batches | lr 5.00 |  8.96 ms/batch | loss  5.18 |   177.47 ppl
| epoch 8.000000 | 9800.000000/12797.171429 batches | lr 5.00 |  8.96 ms/batch | loss  5.19 |   178.71 ppl
| epoch 8.000000 | 10000.000000/12797.171429 batches | lr 5.00 |  8.96 ms/batch | loss  5.19 |   179.14 ppl
| epoch 8.000000 | 10200.000000/12797.171429 batches | lr 5.00 |  8.96 ms/batch | loss  5.15 |   171.76 ppl
| epoch 8.000000 | 10400.000000/12797.171429 batches | lr 5.00 |  8.96 ms/batch | loss  5.16 |   173.49 ppl
| epoch 8.000000 | 10600.000000/12797.171429 batches | lr 5.00 |  8.96 ms/batch | loss  5.14 |   170.61 ppl
| epoch 8.000000 | 10800.000000/12797.171429 batches | lr 5.00 |  8.97 ms/batch | loss  5.15 |   172.10 ppl
| epoch 8.000000 | 11000.000000/12797.171429 batches | lr 5.00 |  8.96 ms/batch | loss  5.16 |   173.51 ppl
| epoch 8.000000 | 11200.000000/12797.171429 batches | lr 5.00 |  8.96 ms/batch | loss  5.12 |   167.51 ppl
| epoch 8.000000 | 11400.000000/12797.171429 batches | lr 5.00 |  8.97 ms/batch | loss  5.19 |   178.79 ppl
| epoch 8.000000 | 11600.000000/12797.171429 batches | lr 5.00 |  8.96 ms/batch | loss  5.15 |   172.57 ppl
| epoch 8.000000 | 11800.000000/12797.171429 batches | lr 5.00 |  8.96 ms/batch | loss  5.17 |   175.78 ppl
| epoch 8.000000 | 12000.000000/12797.171429 batches | lr 5.00 |  8.96 ms/batch | loss  5.15 |   173.10 ppl
| epoch 8.000000 | 12200.000000/12797.171429 batches | lr 5.00 |  8.96 ms/batch | loss  5.13 |   169.51 ppl
| epoch 8.000000 | 12400.000000/12797.171429 batches | lr 5.00 |  8.96 ms/batch | loss  5.17 |   175.87 ppl
| epoch 8.000000 | 12600.000000/12797.171429 batches | lr 5.00 |  8.96 ms/batch | loss  5.11 |   166.00 ppl
-----------------------------------------------------------------------------------------
| end of epoch   8 | time: 116.34s | valid loss  5.29 | valid ppl   198.53
-----------------------------------------------------------------------------------------

| epoch 9.000000 | 200.000000/12797.171429 batches | lr 5.00 |  9.01 ms/batch | loss  5.16 |   174.58 ppl
| epoch 9.000000 | 400.000000/12797.171429 batches | lr 5.00 |  8.97 ms/batch | loss  5.18 |   177.48 ppl
| epoch 9.000000 | 600.000000/12797.171429 batches | lr 5.00 |  8.96 ms/batch | loss  5.13 |   168.95 ppl
| epoch 9.000000 | 800.000000/12797.171429 batches | lr 5.00 |  8.96 ms/batch | loss  5.17 |   175.92 ppl
| epoch 9.000000 | 1000.000000/12797.171429 batches | lr 5.00 |  8.96 ms/batch | loss  5.15 |   172.58 ppl
| epoch 9.000000 | 1200.000000/12797.171429 batches | lr 5.00 |  8.96 ms/batch | loss  5.18 |   176.94 ppl
| epoch 9.000000 | 1400.000000/12797.171429 batches | lr 5.00 |  8.96 ms/batch | loss  5.20 |   180.91 ppl
| epoch 9.000000 | 1600.000000/12797.171429 batches | lr 5.00 |  8.96 ms/batch | loss  5.16 |   174.79 ppl
| epoch 9.000000 | 1800.000000/12797.171429 batches | lr 5.00 |  8.96 ms/batch | loss  5.18 |   176.84 ppl
| epoch 9.000000 | 2000.000000/12797.171429 batches | lr 5.00 |  8.96 ms/batch | loss  5.15 |   172.47 ppl
| epoch 9.000000 | 2200.000000/12797.171429 batches | lr 5.00 |  8.96 ms/batch | loss  5.15 |   172.97 ppl
| epoch 9.000000 | 2400.000000/12797.171429 batches | lr 5.00 |  8.96 ms/batch | loss  5.15 |   172.72 ppl
| epoch 9.000000 | 2600.000000/12797.171429 batches | lr 5.00 |  8.96 ms/batch | loss  5.15 |   173.05 ppl
| epoch 9.000000 | 2800.000000/12797.171429 batches | lr 5.00 |  8.96 ms/batch | loss  5.19 |   179.70 ppl
| epoch 9.000000 | 3000.000000/12797.171429 batches | lr 5.00 |  8.96 ms/batch | loss  5.13 |   168.29 ppl
| epoch 9.000000 | 3200.000000/12797.171429 batches | lr 5.00 |  8.97 ms/batch | loss  5.16 |   173.64 ppl
| epoch 9.000000 | 3400.000000/12797.171429 batches | lr 5.00 |  8.96 ms/batch | loss  5.17 |   176.22 ppl
| epoch 9.000000 | 3600.000000/12797.171429 batches | lr 5.00 |  8.96 ms/batch | loss  5.15 |   172.88 ppl
| epoch 9.000000 | 3800.000000/12797.171429 batches | lr 5.00 |  8.96 ms/batch | loss  5.13 |   168.90 ppl
| epoch 9.000000 | 4000.000000/12797.171429 batches | lr 5.00 |  8.96 ms/batch | loss  5.14 |   170.37 ppl
| epoch 9.000000 | 4200.000000/12797.171429 batches | lr 5.00 |  8.96 ms/batch | loss  5.15 |   171.97 ppl
| epoch 9.000000 | 4400.000000/12797.171429 batches | lr 5.00 |  8.96 ms/batch | loss  5.17 |   175.19 ppl
| epoch 9.000000 | 4600.000000/12797.171429 batches | lr 5.00 |  8.96 ms/batch | loss  5.16 |   173.66 ppl
| epoch 9.000000 | 4800.000000/12797.171429 batches | lr 5.00 |  8.96 ms/batch | loss  5.13 |   169.78 ppl
| epoch 9.000000 | 5000.000000/12797.171429 batches | lr 5.00 |  8.96 ms/batch | loss  5.16 |   174.71 ppl
| epoch 9.000000 | 5200.000000/12797.171429 batches | lr 5.00 |  8.96 ms/batch | loss  5.17 |   176.25 ppl
| epoch 9.000000 | 5400.000000/12797.171429 batches | lr 5.00 |  8.96 ms/batch | loss  5.14 |   171.37 ppl
| epoch 9.000000 | 5600.000000/12797.171429 batches | lr 5.00 |  8.97 ms/batch | loss  5.12 |   167.06 ppl
| epoch 9.000000 | 5800.000000/12797.171429 batches | lr 5.00 |  8.96 ms/batch | loss  5.14 |   170.96 ppl
| epoch 9.000000 | 6000.000000/12797.171429 batches | lr 5.00 |  8.96 ms/batch | loss  5.12 |   167.50 ppl
| epoch 9.000000 | 6200.000000/12797.171429 batches | lr 5.00 |  8.96 ms/batch | loss  5.11 |   165.99 ppl
| epoch 9.000000 | 6400.000000/12797.171429 batches | lr 5.00 |  8.96 ms/batch | loss  5.14 |   170.03 ppl
| epoch 9.000000 | 6600.000000/12797.171429 batches | lr 5.00 |  8.96 ms/batch | loss  5.15 |   171.65 ppl
| epoch 9.000000 | 6800.000000/12797.171429 batches | lr 5.00 |  8.96 ms/batch | loss  5.14 |   171.51 ppl
| epoch 9.000000 | 7000.000000/12797.171429 batches | lr 5.00 |  8.96 ms/batch | loss  5.15 |   171.91 ppl
| epoch 9.000000 | 7200.000000/12797.171429 batches | lr 5.00 |  8.97 ms/batch | loss  5.18 |   178.43 ppl
| epoch 9.000000 | 7400.000000/12797.171429 batches | lr 5.00 |  8.96 ms/batch | loss  5.18 |   177.03 ppl
| epoch 9.000000 | 7600.000000/12797.171429 batches | lr 5.00 |  8.96 ms/batch | loss  5.19 |   178.81 ppl
| epoch 9.000000 | 7800.000000/12797.171429 batches | lr 5.00 |  8.96 ms/batch | loss  5.15 |   172.11 ppl
| epoch 9.000000 | 8000.000000/12797.171429 batches | lr 5.00 |  8.96 ms/batch | loss  5.17 |   176.43 ppl
| epoch 9.000000 | 8200.000000/12797.171429 batches | lr 5.00 |  8.96 ms/batch | loss  5.14 |   171.02 ppl
| epoch 9.000000 | 8400.000000/12797.171429 batches | lr 5.00 |  8.96 ms/batch | loss  5.12 |   167.51 ppl
| epoch 9.000000 | 8600.000000/12797.171429 batches | lr 5.00 |  8.96 ms/batch | loss  5.16 |   174.22 ppl
| epoch 9.000000 | 8800.000000/12797.171429 batches | lr 5.00 |  8.97 ms/batch | loss  5.15 |   172.31 ppl
| epoch 9.000000 | 9000.000000/12797.171429 batches | lr 5.00 |  8.96 ms/batch | loss  5.15 |   171.86 ppl
| epoch 9.000000 | 9200.000000/12797.171429 batches | lr 5.00 |  8.96 ms/batch | loss  5.15 |   171.97 ppl
| epoch 9.000000 | 9400.000000/12797.171429 batches | lr 5.00 |  8.97 ms/batch | loss  5.14 |   170.77 ppl
| epoch 9.000000 | 9600.000000/12797.171429 batches | lr 5.00 |  8.96 ms/batch | loss  5.16 |   174.00 ppl
| epoch 9.000000 | 9800.000000/12797.171429 batches | lr 5.00 |  8.96 ms/batch | loss  5.17 |   175.29 ppl
| epoch 9.000000 | 10000.000000/12797.171429 batches | lr 5.00 |  8.96 ms/batch | loss  5.17 |   176.06 ppl
| epoch 9.000000 | 10200.000000/12797.171429 batches | lr 5.00 |  8.96 ms/batch | loss  5.13 |   168.54 ppl
| epoch 9.000000 | 10400.000000/12797.171429 batches | lr 5.00 |  8.96 ms/batch | loss  5.14 |   170.37 ppl
| epoch 9.000000 | 10600.000000/12797.171429 batches | lr 5.00 |  8.96 ms/batch | loss  5.12 |   167.93 ppl
| epoch 9.000000 | 10800.000000/12797.171429 batches | lr 5.00 |  8.96 ms/batch | loss  5.13 |   168.99 ppl
| epoch 9.000000 | 11000.000000/12797.171429 batches | lr 5.00 |  8.96 ms/batch | loss  5.14 |   170.84 ppl
| epoch 9.000000 | 11200.000000/12797.171429 batches | lr 5.00 |  8.96 ms/batch | loss  5.11 |   164.85 ppl
| epoch 9.000000 | 11400.000000/12797.171429 batches | lr 5.00 |  8.97 ms/batch | loss  5.17 |   175.59 ppl
| epoch 9.000000 | 11600.000000/12797.171429 batches | lr 5.00 |  8.96 ms/batch | loss  5.14 |   169.94 ppl
| epoch 9.000000 | 11800.000000/12797.171429 batches | lr 5.00 |  8.96 ms/batch | loss  5.15 |   172.50 ppl
| epoch 9.000000 | 12000.000000/12797.171429 batches | lr 5.00 |  8.97 ms/batch | loss  5.14 |   170.62 ppl
| epoch 9.000000 | 12200.000000/12797.171429 batches | lr 5.00 |  8.96 ms/batch | loss  5.12 |   166.98 ppl
| epoch 9.000000 | 12400.000000/12797.171429 batches | lr 5.00 |  8.96 ms/batch | loss  5.15 |   172.87 ppl
| epoch 9.000000 | 12600.000000/12797.171429 batches | lr 5.00 |  8.96 ms/batch | loss  5.10 |   163.84 ppl
-----------------------------------------------------------------------------------------
| end of epoch   9 | time: 116.33s | valid loss  5.28 | valid ppl   197.24
-----------------------------------------------------------------------------------------

| epoch 10.000000 | 200.000000/12797.171429 batches | lr 5.00 |  9.01 ms/batch | loss  5.14 |   171.25 ppl
| epoch 10.000000 | 400.000000/12797.171429 batches | lr 5.00 |  8.96 ms/batch | loss  5.17 |   175.26 ppl
| epoch 10.000000 | 600.000000/12797.171429 batches | lr 5.00 |  8.96 ms/batch | loss  5.11 |   166.37 ppl
| epoch 10.000000 | 800.000000/12797.171429 batches | lr 5.00 |  8.96 ms/batch | loss  5.16 |   173.36 ppl
| epoch 10.000000 | 1000.000000/12797.171429 batches | lr 5.00 |  8.96 ms/batch | loss  5.13 |   169.60 ppl
| epoch 10.000000 | 1200.000000/12797.171429 batches | lr 5.00 |  8.96 ms/batch | loss  5.16 |   174.01 ppl
| epoch 10.000000 | 1400.000000/12797.171429 batches | lr 5.00 |  8.96 ms/batch | loss  5.18 |   178.35 ppl
| epoch 10.000000 | 1600.000000/12797.171429 batches | lr 5.00 |  8.96 ms/batch | loss  5.15 |   171.68 ppl
| epoch 10.000000 | 1800.000000/12797.171429 batches | lr 5.00 |  8.96 ms/batch | loss  5.16 |   174.02 ppl
| epoch 10.000000 | 2000.000000/12797.171429 batches | lr 5.00 |  8.97 ms/batch | loss  5.14 |   170.04 ppl
| epoch 10.000000 | 2200.000000/12797.171429 batches | lr 5.00 |  8.96 ms/batch | loss  5.14 |   170.47 ppl
| epoch 10.000000 | 2400.000000/12797.171429 batches | lr 5.00 |  8.96 ms/batch | loss  5.13 |   169.73 ppl
| epoch 10.000000 | 2600.000000/12797.171429 batches | lr 5.00 |  8.97 ms/batch | loss  5.14 |   170.07 ppl
| epoch 10.000000 | 2800.000000/12797.171429 batches | lr 5.00 |  8.97 ms/batch | loss  5.18 |   177.16 ppl
| epoch 10.000000 | 3000.000000/12797.171429 batches | lr 5.00 |  8.96 ms/batch | loss  5.11 |   165.74 ppl
| epoch 10.000000 | 3200.000000/12797.171429 batches | lr 5.00 |  8.96 ms/batch | loss  5.14 |   171.40 ppl
| epoch 10.000000 | 3400.000000/12797.171429 batches | lr 5.00 |  8.97 ms/batch | loss  5.16 |   174.16 ppl
| epoch 10.000000 | 3600.000000/12797.171429 batches | lr 5.00 |  8.96 ms/batch | loss  5.14 |   169.99 ppl
| epoch 10.000000 | 3800.000000/12797.171429 batches | lr 5.00 |  8.96 ms/batch | loss  5.11 |   166.41 ppl
| epoch 10.000000 | 4000.000000/12797.171429 batches | lr 5.00 |  8.96 ms/batch | loss  5.12 |   168.00 ppl
| epoch 10.000000 | 4200.000000/12797.171429 batches | lr 5.00 |  8.96 ms/batch | loss  5.13 |   168.79 ppl
| epoch 10.000000 | 4400.000000/12797.171429 batches | lr 5.00 |  8.97 ms/batch | loss  5.15 |   172.54 ppl
| epoch 10.000000 | 4600.000000/12797.171429 batches | lr 5.00 |  8.96 ms/batch | loss  5.14 |   171.04 ppl
| epoch 10.000000 | 4800.000000/12797.171429 batches | lr 5.00 |  8.97 ms/batch | loss  5.12 |   167.21 ppl
| epoch 10.000000 | 5000.000000/12797.171429 batches | lr 5.00 |  8.96 ms/batch | loss  5.14 |   171.55 ppl
| epoch 10.000000 | 5200.000000/12797.171429 batches | lr 5.00 |  8.96 ms/batch | loss  5.16 |   173.80 ppl
| epoch 10.000000 | 5400.000000/12797.171429 batches | lr 5.00 |  8.99 ms/batch | loss  5.13 |   169.59 ppl
| epoch 10.000000 | 5600.000000/12797.171429 batches | lr 5.00 |  8.97 ms/batch | loss  5.10 |   164.56 ppl
| epoch 10.000000 | 5800.000000/12797.171429 batches | lr 5.00 |  8.96 ms/batch | loss  5.13 |   168.53 ppl
| epoch 10.000000 | 6000.000000/12797.171429 batches | lr 5.00 |  8.96 ms/batch | loss  5.11 |   165.09 ppl
| epoch 10.000000 | 6200.000000/12797.171429 batches | lr 5.00 |  8.96 ms/batch | loss  5.10 |   163.92 ppl
| epoch 10.000000 | 6400.000000/12797.171429 batches | lr 5.00 |  8.96 ms/batch | loss  5.12 |   166.87 ppl
| epoch 10.000000 | 6600.000000/12797.171429 batches | lr 5.00 |  8.96 ms/batch | loss  5.13 |   169.11 ppl
| epoch 10.000000 | 6800.000000/12797.171429 batches | lr 5.00 |  8.96 ms/batch | loss  5.13 |   168.60 ppl
| epoch 10.000000 | 7000.000000/12797.171429 batches | lr 5.00 |  8.96 ms/batch | loss  5.13 |   169.11 ppl
| epoch 10.000000 | 7200.000000/12797.171429 batches | lr 5.00 |  8.96 ms/batch | loss  5.17 |   175.85 ppl
| epoch 10.000000 | 7400.000000/12797.171429 batches | lr 5.00 |  8.96 ms/batch | loss  5.16 |   174.40 ppl
| epoch 10.000000 | 7600.000000/12797.171429 batches | lr 5.00 |  8.97 ms/batch | loss  5.17 |   176.40 ppl
| epoch 10.000000 | 7800.000000/12797.171429 batches | lr 5.00 |  8.96 ms/batch | loss  5.14 |   169.87 ppl
| epoch 10.000000 | 8000.000000/12797.171429 batches | lr 5.00 |  8.96 ms/batch | loss  5.16 |   173.50 ppl
| epoch 10.000000 | 8200.000000/12797.171429 batches | lr 5.00 |  8.97 ms/batch | loss  5.13 |   168.93 ppl
| epoch 10.000000 | 8400.000000/12797.171429 batches | lr 5.00 |  8.96 ms/batch | loss  5.11 |   165.11 ppl
| epoch 10.000000 | 8600.000000/12797.171429 batches | lr 5.00 |  8.96 ms/batch | loss  5.14 |   171.44 ppl
| epoch 10.000000 | 8800.000000/12797.171429 batches | lr 5.00 |  8.97 ms/batch | loss  5.14 |   169.90 ppl
| epoch 10.000000 | 9000.000000/12797.171429 batches | lr 5.00 |  8.96 ms/batch | loss  5.13 |   169.76 ppl
| epoch 10.000000 | 9200.000000/12797.171429 batches | lr 5.00 |  8.97 ms/batch | loss  5.14 |   170.38 ppl
| epoch 10.000000 | 9400.000000/12797.171429 batches | lr 5.00 |  8.96 ms/batch | loss  5.12 |   168.02 ppl
| epoch 10.000000 | 9600.000000/12797.171429 batches | lr 5.00 |  8.96 ms/batch | loss  5.15 |   171.84 ppl
| epoch 10.000000 | 9800.000000/12797.171429 batches | lr 5.00 |  8.96 ms/batch | loss  5.15 |   172.69 ppl
| epoch 10.000000 | 10000.000000/12797.171429 batches | lr 5.00 |  8.96 ms/batch | loss  5.16 |   173.78 ppl
| epoch 10.000000 | 10200.000000/12797.171429 batches | lr 5.00 |  8.96 ms/batch | loss  5.12 |   166.76 ppl
| epoch 10.000000 | 10400.000000/12797.171429 batches | lr 5.00 |  8.96 ms/batch | loss  5.12 |   168.00 ppl
| epoch 10.000000 | 10600.000000/12797.171429 batches | lr 5.00 |  8.96 ms/batch | loss  5.11 |   165.81 ppl
| epoch 10.000000 | 10800.000000/12797.171429 batches | lr 5.00 |  8.96 ms/batch | loss  5.12 |   166.52 ppl
| epoch 10.000000 | 11000.000000/12797.171429 batches | lr 5.00 |  8.96 ms/batch | loss  5.13 |   168.79 ppl
| epoch 10.000000 | 11200.000000/12797.171429 batches | lr 5.00 |  8.96 ms/batch | loss  5.09 |   162.55 ppl
| epoch 10.000000 | 11400.000000/12797.171429 batches | lr 5.00 |  8.96 ms/batch | loss  5.15 |   173.20 ppl
| epoch 10.000000 | 11600.000000/12797.171429 batches | lr 5.00 |  8.97 ms/batch | loss  5.12 |   167.75 ppl
| epoch 10.000000 | 11800.000000/12797.171429 batches | lr 5.00 |  8.97 ms/batch | loss  5.14 |   170.19 ppl
| epoch 10.000000 | 12000.000000/12797.171429 batches | lr 5.00 |  8.96 ms/batch | loss  5.13 |   168.75 ppl
| epoch 10.000000 | 12200.000000/12797.171429 batches | lr 5.00 |  8.96 ms/batch | loss  5.10 |   164.81 ppl
| epoch 10.000000 | 12400.000000/12797.171429 batches | lr 5.00 |  8.97 ms/batch | loss  5.14 |   170.46 ppl
| epoch 10.000000 | 12600.000000/12797.171429 batches | lr 5.00 |  8.96 ms/batch | loss  5.08 |   161.57 ppl
-----------------------------------------------------------------------------------------
| end of epoch  10 | time: 116.33s | valid loss  5.28 | valid ppl   196.01
-----------------------------------------------------------------------------------------

end: training and validation complete!

Sun Feb  3 23:01:15 EET 2019
